"velocity-plane-over-valves-rfile"
"Time Step" "velocity-plane-over-valves etc.."
("Time Step" "velocity-plane-over-valves" "flow-time")
1 0.1272424163401968 0.001924814705882353
2 0.04362442093987007 0.003849629411764706
3 0.03027754269481856 0.005774444117647059
4 0.02454576395720277 0.007699258823529412
5 0.0238509616981173 0.009624073529411765
6 0.02414724410690677 0.01154888823529412
7 0.02465328250940636 0.01347370294117647
8 0.02531864758732305 0.01539851764705882
9 0.0262228564174112 0.01732333235294118
10 0.0270618422627857 0.01924814705882353
11 0.02780210198816975 0.02117296176470588
12 0.02847451558106863 0.02309777647058824
13 0.02907127797893004 0.02502259117647059
14 0.02956669572660666 0.02694740588235294
15 0.0299540791966793 0.02887222058823529
16 0.03023171144388863 0.03079703529411765
17 0.0303989646888504 0.03272185
18 0.03045271820033505 0.03464666470588235
19 0.03038775212852776 0.0365714794117647
20 0.0302033321119971 0.03849629411764705
21 0.02990209693394984 0.04042110882352939
22 0.03003702720654552 0.04234592352941174
23 0.03101909205866597 0.04427073823529409
24 0.03245012880241656 0.04619555294117644
25 0.03388713768084899 0.04812036764705879
26 0.03520923510969629 0.05004518235294114
27 0.03653774364650718 0.05196999705882349
28 0.03801124219548704 0.05389481176470584
29 0.03961713507461262 0.05581962647058819
30 0.041224294556947 0.05774444117647054
31 0.04279286518387911 0.05966925588235289
32 0.04436371351290452 0.06159407058823524
33 0.04599210887916722 0.06351888529411759
34 0.04768544297009995 0.06544369999999994
35 0.04938589849963552 0.06736851470588229
36 0.05108195946516533 0.06929332941176464
37 0.05278468026132575 0.07121814411764699
38 0.05451439843916536 0.07314295882352934
39 0.05628162628594165 0.07506777352941169
40 0.05806669794163664 0.07699258823529403
41 0.05985698025851684 0.07891740294117638
42 0.06499133184122532 0.08084221764705873
43 0.07408576678467697 0.08276703235294108
44 0.08366156682059432 0.08469184705882343
45 0.09276011416391576 0.08661666176470578
46 0.1013468450206651 0.08854147647058813
47 0.1094504761228877 0.09046629117647048
48 0.1169693471924317 0.09239110588235283
49 0.1237964463948353 0.09431592058823518
50 0.1298880009671252 0.09624073529411753
51 0.1352559918147498 0.09816554999999988
52 0.1399102337071722 0.1000903647058822
53 0.143857553230325 0.1020151794117646
54 0.1470792508707808 0.1039399941176469
55 0.1495042914291482 0.1058648088235293
56 0.1510830442343068 0.1077896235294116
57 0.1518122728720306 0.109714438235294
58 0.1517370505238815 0.1116392529411763
59 0.1509103210942785 0.1135640676470587
60 0.1493355820890091 0.115488882352941
61 0.1469322272970601 0.1174136970588234
62 0.1476151675515059 0.1193385117647057
63 0.1540383536968472 0.1212633264705881
64 0.1625112038438701 0.1231881411764704
65 0.1696997431978356 0.1251129558823528
66 0.1752908531155077 0.1270377705882351
67 0.1801477728821929 0.1289625852941175
68 0.1848292294498135 0.1308873999999998
69 0.1894244689219485 0.1328122147058822
70 0.1935259822755992 0.1347370294117645
71 0.1965767986729459 0.1366618441176469
72 0.1978893969537701 0.1385866588235292
73 0.1977344977973206 0.1405114735294116
74 0.1971733464812023 0.1424362882352939
75 0.1964460720553537 0.1443611029411763
76 0.1952421537800205 0.1462859176470586
77 0.1925422879006948 0.148210732352941
78 0.1882253188473252 0.1501355470588233
79 0.1828968517901354 0.1520603617647057
80 0.1770870263194836 0.153985176470588
81 0.1707324912585466 0.1559099911764704
82 0.1660151334477521 0.1578348058823527
83 0.1657702506880583 0.1597596205882351
84 0.1677146516095359 0.1616844352941174
85 0.1682958917804637 0.1636092499999998
86 0.1675422925894582 0.1655340647058821
87 0.1667086470446097 0.1674588794117645
88 0.1661529863829732 0.1693836941176468
89 0.1657211129830576 0.1713085088235292
90 0.1647970678465329 0.1732333235294115
91 0.1630985158768298 0.1751581382352939
92 0.1606998499690909 0.1770829529411762
93 0.1579666567759908 0.1790077676470586
94 0.155104846937361 0.1809325823529409
95 0.1521656945245063 0.1828573970588233
96 0.1490208328922207 0.1847822117647056
97 0.1454455233820996 0.186707026470588
98 0.1412519151984032 0.1886318411764703
99 0.1365667062362831 0.1905566558823527
100 0.1317028736666019 0.192481470588235
101 0.1267996945003939 0.1944062852941174
102 0.1226941504970198 0.1963310999999997
103 0.1204723297135137 0.1982559147058821
104 0.1194274290011465 0.2001807294117644
105 0.1180847341133048 0.2021055441176468
106 0.1163126386548332 0.2040303588235291
107 0.1144031198065213 0.2059551735294115
108 0.1127785068006149 0.2078799882352938
109 0.1114763625589777 0.2098048029411761
110 0.1103369385004969 0.2117296176470585
111 0.1093406096424808 0.2136544323529408
112 0.1084551643940841 0.2155792470588232
113 0.1075458111867619 0.2175040617647055
114 0.1065413141764834 0.2194288764705879
115 0.105560045857708 0.2213536911764702
116 0.1047909338035405 0.2232785058823526
117 0.1043777389665925 0.2252033205882349
118 0.1042665315055937 0.2271281352941173
119 0.1042048814903903 0.2290529499999996
120 0.1040739314718781 0.230977764705882
121 0.103900965786179 0.2329025794117643
122 0.1037011820777783 0.2348273941176467
123 0.103423441370692 0.236752208823529
124 0.1030681462684 0.2386770235294114
125 0.1027170913934254 0.2406018382352937
126 0.1024634004248082 0.2425266529411761
127 0.1022667093205019 0.2444514676470584
128 0.1020687095376604 0.2463762823529408
129 0.1019061854464528 0.2483010970588231
130 0.1018993769478101 0.2502259117647055
131 0.1020526151660248 0.2521507264705878
132 0.1022685834035033 0.2540755411764702
133 0.1024051178145556 0.2560003558823525
134 0.1024530937783358 0.2579251705882349
135 0.1025246547491275 0.2598499852941172
136 0.1027883337374542 0.2617747999999996
137 0.1033200445032638 0.2636996147058819
138 0.1039222438789945 0.2656244294117643
139 0.1044453304404701 0.2675492441176466
140 0.1048676065400502 0.269474058823529
141 0.1053247018276479 0.2713988735294113
142 0.1068805277799768 0.2733236882352937
143 0.1103308544429392 0.275248502941176
144 0.1144976903163968 0.2771733176470584
145 0.1180012326323873 0.2790981323529407
146 0.120665218346672 0.2810229470588231
147 0.1227988377049729 0.2829477617647054
148 0.1246625010645994 0.2848725764705878
149 0.1262665291552841 0.2867973911764701
150 0.1273187059276615 0.2887222058823525
151 0.1274662064489785 0.2906470205882348
152 0.1266468918744084 0.2925718352941172
153 0.1251777735685999 0.2944966499999995
154 0.1232727594298166 0.2964214647058819
155 0.120971217735493 0.2983462794117642
156 0.1181385430858507 0.3002710941176466
157 0.1146251182146931 0.3021959088235289
158 0.1105519858344856 0.3041207235294113
159 0.106190756350079 0.3060455382352936
160 0.101734615276694 0.307970352941176
161 0.09738576955836817 0.3098951676470583
162 0.09448708771307972 0.3118199823529407
163 0.09333801764412636 0.313744797058823
164 0.09277352851287765 0.3156696117647054
165 0.09226461335162728 0.3175944264705877
166 0.09169850088545595 0.3195192411764701
167 0.0910625313111444 0.3214440558823524
168 0.09033383784571825 0.3233688705882348
169 0.08944619754887045 0.3252936852941171
170 0.08833296792083316 0.3272184999999995
171 0.08706090789686524 0.3291433147058818
172 0.08533134013436641 0.3310681294117642
173 0.08251513716247266 0.3329929441176465
174 0.08082384157224833 0.3349177588235289
175 0.08284926746423324 0.3368425735294112
176 0.08277061771368484 0.3387673882352936
177 0.08121176189816323 0.3406922029411759
178 0.07852274383930165 0.3426170176470583
179 0.07730156868344369 0.3445418323529406
180 0.07694394370730667 0.346466647058823
181 0.07660293635629013 0.3483914617647053
182 0.07765352120280562 0.3503162764705877
183 0.08136579361323924 0.35224109117647
184 0.08583475627841999 0.3541659058823524
185 0.08980946428405814 0.3560907205882347
186 0.09295895753508851 0.3580155352941171
187 0.09538251371001519 0.3599403499999994
188 0.0976806291042053 0.3618651647058818
189 0.100068095092938 0.3637899794117641
190 0.1025818504441317 0.3657147941176465
191 0.1051536324740837 0.3676396088235288
192 0.1071062137950358 0.3695644235294112
193 0.1080852395211331 0.3714892382352935
194 0.1080364499819235 0.3734140529411759
195 0.1071673785396601 0.3753388676470582
196 0.1061026854761368 0.3772636823529406
197 0.1053009999908865 0.3791884970588229
198 0.104756964985839 0.3811133117647053
199 0.1040945930513058 0.3830381264705876
200 0.1028391651108724 0.38496294117647
201 0.1000894336802006 0.3868877558823523
202 0.09594499437711167 0.3888125705882347
203 0.09137349606410637 0.390737385294117
204 0.08816191871741062 0.3926621999999994
205 0.08613666806772359 0.3945870147058817
206 0.08484311320205766 0.396511829411764
207 0.0835289852919 0.3984366441176464
208 0.08214951679489392 0.4003614588235287
209 0.08084865786485618 0.4022862735294111
210 0.08017576884318806 0.4042110882352934
211 0.08035387296272371 0.4061359029411758
212 0.08134322809194353 0.4080607176470581
213 0.0827197346594948 0.4099855323529405
214 0.08420614250740878 0.4119103470588228
215 0.08581568378104679 0.4138351617647052
216 0.08776016005339551 0.4157599764705875
217 0.09092021209494276 0.4176847911764699
218 0.09550354160178108 0.4196096058823522
219 0.1013851455282918 0.4215344205882346
220 0.1078710616375654 0.4234592352941169
221 0.1146753336335107 0.4253840499999993
222 0.1225187096607206 0.4273088647058816
223 0.1349489206486661 0.429233679411764
224 0.1516258922083249 0.4311584941176463
225 0.1675812201525274 0.4330833088235287
226 0.1801271724113007 0.435008123529411
227 0.1899768637229218 0.4369329382352934
228 0.2005373515227822 0.4388577529411757
229 0.2116013729859581 0.4407825676470581
230 0.2211728101508759 0.4427073823529404
231 0.2287700584196091 0.4446321970588228
232 0.2346022868610315 0.4465570117647051
233 0.2392319916652042 0.4484818264705875
234 0.2431220947044044 0.4504066411764698
235 0.2462084011898517 0.4523314558823522
236 0.2480966280166338 0.4542562705882345
237 0.2482962229743893 0.4561810852941169
238 0.2464416992660081 0.4581058999999992
239 0.2424073205538472 0.4600307147058816
240 0.2363351817981093 0.4619555294117639
241 0.2286144451197028 0.4638803441176463
242 0.2213846647665556 0.4658051588235286
243 0.2281538960694679 0.467729973529411
244 0.2391010326981108 0.4696547882352933
245 0.2442965029041059 0.4715796029411757
246 0.2452278921687408 0.473504417647058
247 0.2462828810860092 0.4754292323529404
248 0.2487422110936928 0.4773540470588227
249 0.2531071621484152 0.4792788617647051
250 0.2586194040013218 0.4812036764705874
251 0.2644506089496561 0.4831284911764698
252 0.2679661956845573 0.4850533058823521
253 0.2687714376571647 0.4869781205882345
254 0.2675547113827873 0.4889029352941168
255 0.2652985998505682 0.4908277499999992
256 0.2631823271302753 0.4927525647058815
257 0.2639219045249426 0.4946773794117639
258 0.2671008601320805 0.4966021941176462
259 0.2694416855857916 0.4985270088235286
260 0.2705299777299997 0.500451823529411
261 0.2693168223788915 0.5023766382352933
262 0.2649670720187466 0.5043014529411757
263 0.2591069323080117 0.506226267647058
264 0.2594650117240747 0.5081510823529404
265 0.2644759619432264 0.5100758970588227
266 0.26789461580839 0.5120007117647051
267 0.2693349602480569 0.5139255264705874
268 0.2685018043275404 0.5158503411764698
269 0.2650112816769478 0.5177751558823521
270 0.261241947299291 0.5196999705882345
271 0.2581616500173372 0.5216247852941168
272 0.2598141685850342 0.5235495999999992
273 0.2641372437655995 0.5254744147058815
274 0.2654527970276863 0.5273992294117639
275 0.263205498013029 0.5293240441176462
276 0.2585842115367514 0.5312488588235286
277 0.2539262808490632 0.5331736735294109
278 0.2502067821935173 0.5350984882352933
279 0.2513196019238352 0.5370233029411756
280 0.2557935216989319 0.538948117647058
281 0.2566051636813337 0.5408729323529403
282 0.2536938467213943 0.5427977470588227
283 0.2495982084187172 0.544722561764705
284 0.2497258134214067 0.5466473764705874
285 0.2533451454388876 0.5485721911764697
286 0.2565267647849344 0.5504970058823521
287 0.2585072310704782 0.5524218205882344
288 0.2569583755694811 0.5543466352941168
289 0.252054428776325 0.5562714499999991
290 0.2480869850035723 0.5581962647058815
291 0.246240184240327 0.5601210794117638
292 0.2468288590185825 0.5620458941176462
293 0.2486309851118692 0.5639707088235285
294 0.2475986791468882 0.5658955235294109
295 0.2434352140341456 0.5678203382352932
296 0.2372929693423211 0.5697451529411756
297 0.2312709136915263 0.5716699676470579
298 0.2260312468228813 0.5735947823529403
299 0.2239959315299561 0.5755195970588226
300 0.2246464678641473 0.577444411764705
301 0.2220776772909897 0.5793692264705873
302 0.216517575764637 0.5812940411764697
303 0.2114795299785738 0.583218855882352
304 0.2101057131824134 0.5851436705882344
305 0.2118249156776334 0.5870684852941167
306 0.2121614800177777 0.5889932999999991
307 0.2098573092912763 0.5909181147058814
308 0.2050765806778932 0.5928429294117638
309 0.1996649804744125 0.5947677441176461
310 0.1963614314132587 0.5966925588235285
311 0.1952289914869463 0.5986173735294108
312 0.1948044095208266 0.6005421882352932
313 0.192216180159604 0.6024670029411755
314 0.1871914947372979 0.6043918176470578
315 0.1806950998637988 0.6063166323529402
316 0.1750399747402495 0.6082414470588225
317 0.1708839492210427 0.6101662617647049
318 0.1680192113383351 0.6120910764705872
319 0.164728406768371 0.6140158911764696
320 0.1604511344680443 0.6159407058823519
321 0.1543634311682052 0.6178655205882343
322 0.1473190072265999 0.6197903352941166
323 0.1445453223907852 0.621715149999999
324 0.1452960295625568 0.6236399647058813
325 0.1442920643972342 0.6255647794117637
326 0.1414860798562775 0.627489594117646
327 0.1375977939458443 0.6294144088235284
328 0.133949202557474 0.6313392235294107
329 0.1309724954119601 0.6332640382352931
330 0.1288902992665565 0.6351888529411754
331 0.1274736041250997 0.6371136676470578
332 0.1253609594053958 0.6390384823529401
333 0.1216221712395786 0.6409632970588225
334 0.1164387468257951 0.6428881117647048
335 0.1113906440218718 0.6448129264705872
336 0.1073976058846837 0.6467377411764695
337 0.1038217501004793 0.6486625558823519
338 0.0993241984901813 0.6505873705882342
339 0.09397918539641692 0.6525121852941166
340 0.08886797992966215 0.6544369999999989
341 0.086211715822543 0.6563618147058813
342 0.08375282241065793 0.6582866294117636
343 0.0833165191880763 0.660211444117646
344 0.08261768553129274 0.6621362588235283
345 0.0820885378120559 0.6640610735294107
346 0.08220484887124235 0.665985888235293
347 0.08230158404843041 0.6679107029411754
348 0.08209161974762713 0.6698355176470577
349 0.08200531352111089 0.6717603323529401
350 0.08219233692817837 0.6736851470588224
351 0.08240358486977425 0.6756099617647048
352 0.08243023795262966 0.6775347764705871
353 0.08220377752839746 0.6794595911764695
354 0.08190164106672242 0.6813844058823518
355 0.08160774570175976 0.6833092205882342
356 0.08135006855949033 0.6852340352941165
357 0.08107805785343961 0.6871588499999989
358 0.08070277943265906 0.6890836647058812
359 0.08010815222609953 0.6910084794117636
360 0.07925973372506397 0.6929332941176459
361 0.07830151211584874 0.6948581088235283
362 0.07731429190912624 0.6967829235294106
363 0.07662911802900238 0.698707738235293
364 0.07701130254642548 0.7006325529411753
365 0.07801423391273288 0.7025573676470577
366 0.07869950055331494 0.70448218235294
367 0.07909270133839112 0.7064069970588224
368 0.07962935171800208 0.7083318117647047
369 0.08037807171259678 0.7102566264705871
370 0.0813099702893974 0.7121814411764694
371 0.0823527356539403 0.7141062558823518
372 0.08334764506028025 0.7160310705882341
373 0.0842465789383235 0.7179558852941165
374 0.08507262388782218 0.7198806999999988
375 0.08598236153362661 0.7218055147058812
376 0.08706284822535482 0.7237303294117635
377 0.08832456745238901 0.7256551441176459
378 0.08965332771136907 0.7275799588235282
379 0.09095831666663316 0.7295047735294106
380 0.0921799013333145 0.7314295882352929
381 0.09329516284499438 0.7333544029411753
382 0.09434999366842402 0.7352792176470576
383 0.09797325324599281 0.73720403235294
384 0.1070602094525965 0.7391288470588223
385 0.1172133394772597 0.7410536617647047
386 0.126049628104658 0.742978476470587
387 0.1333651848749676 0.7449032911764694
388 0.1399426771391464 0.7468281058823517
389 0.1465240783513085 0.7487529205882341
390 0.153313667395802 0.7506777352941164
391 0.159949946592343 0.7526025499999988
392 0.1653239475201455 0.7545273647058811
393 0.1690720163048768 0.7564521794117635
394 0.1716877819349485 0.7583769941176458
395 0.1739681926396351 0.7603018088235282
396 0.1762307927230728 0.7622266235294105
397 0.1783420379223541 0.7641514382352929
398 0.1799293682372521 0.7660762529411752
399 0.1800734633186358 0.7680010676470576
400 0.1781251472740806 0.7699258823529399
401 0.1748473899349083 0.7718506970588223
402 0.1715961205275539 0.7737755117647046
403 0.1729828561335482 0.775700326470587
404 0.1802852456249111 0.7776251411764693
405 0.1894282317207836 0.7795499558823517
406 0.19656251604559 0.781474770588234
407 0.2013399225142533 0.7833995852941164
408 0.2052422892070508 0.7853243999999987
409 0.2094592321523103 0.7872492147058811
410 0.2142561599949982 0.7891740294117634
411 0.2188179404390326 0.7910988441176457
412 0.2219845056951405 0.7930236588235281
413 0.2230016708306438 0.7949484735294104
414 0.222342404328065 0.7968732882352928
415 0.2211737166518264 0.7987981029411751
416 0.2201273512683178 0.8007229176470575
417 0.2190422936863321 0.8026477323529398
418 0.2173772957527889 0.8045725470588222
419 0.2135178045807044 0.8064973617647045
420 0.2073439190770683 0.8084221764705869
421 0.2003262258397365 0.8103469911764692
422 0.1934559586726143 0.8122718058823516
423 0.1892388973233728 0.8141966205882339
424 0.1894325628717868 0.8161214352941163
425 0.1917362700217764 0.8180462499999986
426 0.1923330790649007 0.819971064705881
427 0.1912234714772633 0.8218958794117633
428 0.1898636329064632 0.8238206941176457
429 0.1890196605669226 0.825745508823528
430 0.1886161876157621 0.8276703235294104
431 0.187843854776428 0.8295951382352927
432 0.1859052245997735 0.8315199529411751
433 0.1828897929836554 0.8334447676470574
434 0.1795661410199915 0.8353695823529398
435 0.1763727627584052 0.8372943970588221
436 0.1733108624482219 0.8392192117647045
437 0.1700777230297667 0.8411440264705868
438 0.1662289353524366 0.8430688411764692
439 0.1613449864618541 0.8449936558823515
440 0.1556793040827058 0.8469184705882339
441 0.1499454237285018 0.8488432852941162
442 0.1444854927311283 0.8507680999999986
443 0.1398848799852208 0.8526929147058809
444 0.1372857982604363 0.8546177294117633
445 0.1362024392192457 0.8565425441176456
446 0.1347698089667279 0.858467358823528
447 0.1327321761898798 0.8603921735294103
448 0.1304115451478233 0.8623169882352927
449 0.128417929672476 0.864241802941175
450 0.126914438810049 0.8661666176470574
451 0.125825899968967 0.8680914323529397
452 0.124934552247015 0.8700162470588221
453 0.1239946213977798 0.8719410617647044
454 0.1228977901700671 0.8738658764705868
455 0.121670418269063 0.8757906911764691
456 0.120562167424344 0.8777155058823515
457 0.1197896876648385 0.8796403205882338
458 0.1194676764589915 0.8815651352941162
459 0.1194536508032685 0.8834899499999985
460 0.1193935593322114 0.8854147647058809
461 0.1191654801444877 0.8873395794117632
462 0.1188255919863129 0.8892643941176456
463 0.1184734565536563 0.8911892088235279
464 0.1181284068210831 0.8931140235294103
465 0.1177977301562071 0.8950388382352926
466 0.1174935760916847 0.896963652941175
467 0.1172008505298361 0.8988884676470573
468 0.1168840766081971 0.9008132823529397
469 0.1165359128457373 0.902738097058822
470 0.1162011916982813 0.9046629117647044
471 0.1160043008733973 0.9065877264705867
472 0.1160581790995582 0.9085125411764691
473 0.1163172150578774 0.9104373558823514
474 0.1165405295437777 0.9123621705882338
475 0.116579177183784 0.9142869852941161
476 0.1164501228214059 0.9162117999999985
477 0.1163465374676721 0.9181366147058808
478 0.1164826794419325 0.9200614294117632
479 0.116967719759647 0.9219862441176455
480 0.1176533538740635 0.9239110588235279
481 0.1182138563531375 0.9258358735294102
482 0.118536655306452 0.9277606882352926
483 0.1196112846162107 0.9296855029411749
484 0.1230296095013009 0.9316103176470573
485 0.127605184726889 0.9335351323529396
486 0.1309963273506661 0.935459947058822
487 0.1331261685568985 0.9373847617647043
488 0.1349716119051364 0.9393095764705867
489 0.1368095142196513 0.941234391176469
490 0.138577388690639 0.9431592058823514
491 0.1395159044719446 0.9450840205882337
492 0.1393254689390436 0.9470088352941161
493 0.1381511763232352 0.9489336499999984
494 0.1364374528628218 0.9508584647058808
495 0.134418736664232 0.9527832794117631
496 0.1320981376272771 0.9547080941176455
497 0.1292366651104908 0.9566329088235278
498 0.1255232836391767 0.9585577235294102
499 0.1210640819864685 0.9604825382352925
500 0.1162476229152406 0.9624073529411749
501 0.1114688734543611 0.9643321676470572
502 0.1068862042780709 0.9662569823529396
503 0.1036525532869731 0.9681817970588219
504 0.1024422671855333 0.9701066117647043
505 0.1021494573862727 0.9720314264705866
506 0.101616124672886 0.973956241176469
507 0.1007833041695761 0.9758810558823513
508 0.09994944010360529 0.9778058705882336
509 0.09904228650165509 0.979730685294116
510 0.09791375363500962 0.9816554999999983
511 0.09654889027687329 0.9835803147058807
512 0.0947754096901568 0.985505129411763
513 0.09201284773523215 0.9874299441176454
514 0.09018620580798868 0.9893547588235277
515 0.08988924826201131 0.9912795735294101
516 0.08955059656750973 0.9932043882352924
517 0.08860906581138743 0.9951292029411748
518 0.0871782359098339 0.9970540176470571
519 0.08642965486570428 0.9989788323529395
520 0.08590250350425864 1.000903647058822
521 0.08539366965896185 1.002828461764704
522 0.08499831553320505 1.004753276470587
523 0.08551317043157663 1.006678091176469
524 0.08774922497948322 1.008602905882351
525 0.0915692538084614 1.010527720588234
526 0.09509293277079994 1.012452535294116
527 0.09785431394644117 1.014377349999998
528 0.1001532412797055 1.016302164705881
529 0.1026887836888122 1.018226979411763
530 0.105515087769611 1.020151794117645
531 0.1085225684170825 1.022076608823528
532 0.1114452113788431 1.02400142352941
533 0.1136182510801222 1.025926238235292
534 0.114107090023351 1.027851052941175
535 0.1130455451337208 1.029775867647057
536 0.1116884226754742 1.03170068235294
537 0.1109835780813674 1.033625497058822
538 0.1109957814812075 1.035550311764704
539 0.1113145473883478 1.037475126470587
540 0.1101584388806619 1.039399941176469
541 0.1074235246308458 1.041324755882351
542 0.1038032170051515 1.043249570588234
543 0.1003875759485134 1.045174385294116
544 0.09733918958240369 1.047099199999998
545 0.09465411704417705 1.049024014705881
546 0.09231865692517158 1.050948829411763
547 0.09040332785148021 1.052873644117645
548 0.08896777192362934 1.054798458823528
549 0.08800588652560114 1.05672327352941
550 0.08748132083021236 1.058648088235292
551 0.08735581645357887 1.060572902941175
552 0.08759308843921561 1.062497717647057
553 0.08816375184977583 1.064422532352939
554 0.08906221935571752 1.066347347058822
555 0.0903315409528116 1.068272161764704
556 0.0921449925059334 1.070196976470587
557 0.09467727739479365 1.072121791176469
558 0.09807845962426034 1.074046605882351
559 0.1024487991762144 1.075971420588234
560 0.1077423285555386 1.077896235294116
561 0.1138390181605697 1.079821049999998
562 0.1205079161739869 1.081745864705881
563 0.1284681517691334 1.083670679411763
564 0.1407739107123451 1.085595494117645
565 0.1573007301714497 1.087520308823528
566 0.173928531499327 1.08944512352941
567 0.1863402436169052 1.091369938235292
568 0.195081453297851 1.093294752941175
569 0.2026177836861164 1.095219567647057
570 0.2113454692615007 1.097144382352939
571 0.2221734860850755 1.099069197058822
572 0.2326260978267552 1.100994011764704
573 0.238681023938471 1.102918826470586
574 0.2418513049541243 1.104843641176469
575 0.2451654403936655 1.106768455882351
576 0.2483907832263781 1.108693270588234
577 0.2498902605873919 1.110618085294116
578 0.2494590371699602 1.112542899999998
579 0.2471557400773976 1.114467714705881
580 0.2432136100863192 1.116392529411763
581 0.2379393114290018 1.118317344117645
582 0.2315073342819014 1.120242158823528
583 0.2262145749163438 1.12216697352941
584 0.2311860851973623 1.124091788235292
585 0.2398320770338021 1.126016602941175
586 0.2456583259364028 1.127941417647057
587 0.2487293016937449 1.129866232352939
588 0.2508218836181215 1.131791047058822
589 0.2529456100074489 1.133715861764704
590 0.2565047420304266 1.135640676470586
591 0.2613448785531943 1.137565491176469
592 0.2661775486408831 1.139490305882351
593 0.2699341720456485 1.141415120588233
594 0.2720284196223755 1.143339935294116
595 0.2722272210867138 1.145264749999998
596 0.2707136301972287 1.147189564705881
597 0.2680659814908824 1.149114379411763
598 0.2652719843172447 1.151039194117645
599 0.2629329291276027 1.152964008823528
600 0.2620032853934204 1.15488882352941
601 0.2628835409482039 1.156813638235292
602 0.26474663877439 1.158738452941175
603 0.2665422288137719 1.160663267647057
604 0.2677336499110878 1.162588082352939
605 0.2675383727362749 1.164512897058822
606 0.2655168787565234 1.166437711764704
607 0.2622287577201826 1.168362526470586
608 0.259398572078177 1.170287341176469
609 0.2584113897366415 1.172212155882351
610 0.2599148443114345 1.174136970588233
611 0.263135487756765 1.176061785294116
612 0.2657003739060588 1.177986599999998
613 0.267192136517358 1.17991141470588
614 0.2648766700099178 1.181836229411763
615 0.2589182570511288 1.183761044117645
616 0.2545504271842099 1.185685858823528
617 0.2550442105326269 1.18761067352941
618 0.2590195046441786 1.189535488235292
619 0.2591791699335099 1.191460302941175
620 0.2558004235457371 1.193385117647057
621 0.2511460038961231 1.195309932352939
622 0.2485630936806 1.197234747058822
623 0.2492910531578445 1.199159561764704
624 0.2530840789323774 1.201084376470586
625 0.257732031440892 1.203009191176469
626 0.2581461902332761 1.204934005882351
627 0.2548081026826572 1.206858820588233
628 0.2511154113878222 1.208783635294116
629 0.2511893192543354 1.210708449999998
630 0.2542597303102219 1.21263326470588
631 0.2558390043830089 1.214558079411763
632 0.2542615247267056 1.216482894117645
633 0.2497045453721495 1.218407708823527
634 0.2444039061479762 1.22033252352941
635 0.2410600730307832 1.222257338235292
636 0.2400552066296863 1.224182152941174
637 0.2405355213371299 1.226106967647057
638 0.2395091739553386 1.228031782352939
639 0.2362757877003807 1.229956597058822
640 0.2307856960721702 1.231881411764704
641 0.2239612645348734 1.233806226470586
642 0.218144011510843 1.235731041176469
643 0.215548521850261 1.237655855882351
644 0.2162637891820479 1.239580670588233
645 0.2179813483902421 1.241505485294116
646 0.2172648774143892 1.243430299999998
647 0.213795749664464 1.24535511470588
648 0.2087215469614894 1.247279929411763
649 0.2055140165896309 1.249204744117645
650 0.2042246577000623 1.251129558823527
651 0.203886286835021 1.25305437352941
652 0.2023303827876834 1.254979188235292
653 0.1988946408006116 1.256904002941174
654 0.1936043827317744 1.258828817647057
655 0.1875286041018831 1.260753632352939
656 0.1828058311762944 1.262678447058821
657 0.179617650806643 1.264603261764704
658 0.1772650516894421 1.266528076470586
659 0.1740101409769412 1.268452891176469
660 0.1687656646948655 1.270377705882351
661 0.1616967670204312 1.272302520588233
662 0.154363573689146 1.274227335294116
663 0.1502831565675672 1.276152149999998
664 0.1495573624512931 1.27807696470588
665 0.1503911245025512 1.280001779411763
666 0.1488857717206601 1.281926594117645
667 0.1450703670728348 1.283851408823527
668 0.140902585490035 1.28577622352941
669 0.1380778033239869 1.287701038235292
670 0.136657660502977 1.289625852941174
671 0.1356290941375468 1.291550667647057
672 0.1329562303787738 1.293475482352939
673 0.1285496296282145 1.295400297058821
674 0.1233405518945069 1.297325111764704
675 0.1189951470605201 1.299249926470586
676 0.1154567256957475 1.301174741176468
677 0.1117112283566537 1.303099555882351
678 0.1064152338736838 1.305024370588233
679 0.1002507036792613 1.306949185294116
680 0.09484561724171771 1.308873999999998
681 0.0918527624651382 1.31079881470588
682 0.08870551938579753 1.312723629411763
683 0.08550677718869594 1.314648444117645
684 0.08542828636971375 1.316573258823527
685 0.08450250708977354 1.31849807352941
686 0.08348428984078327 1.320422888235292
687 0.08305246620352653 1.322347702941174
688 0.08276918084175262 1.324272517647057
689 0.08235176964522671 1.326197332352939
690 0.08195280548210448 1.328122147058821
691 0.0817213729330977 1.330046961764704
692 0.08163074576384814 1.331971776470586
693 0.08154529029195748 1.333896591176468
694 0.08124961738292846 1.335821405882351
695 0.08075943918870043 1.337746220588233
696 0.08026211446492242 1.339671035294115
697 0.07982649544603493 1.341595849999998
698 0.07945598917936439 1.34352066470588
699 0.07900451680549496 1.345445479411763
700 0.078371875375725 1.347370294117645
701 0.07753204255119493 1.349295108823527
702 0.07661323389280837 1.35121992352941
703 0.07568052236608561 1.353144738235292
704 0.07493529100978717 1.355069552941174
705 0.07493170837300241 1.356994367647057
706 0.07547196904056612 1.358919182352939
707 0.0759124482815422 1.360843997058821
708 0.07617364471995798 1.362768811764704
709 0.07645741233533285 1.364693626470586
710 0.07693395277398914 1.366618441176468
711 0.07765771297610612 1.368543255882351
712 0.07854046263318012 1.370468070588233
713 0.07939942660413733 1.372392885294115
714 0.08018728754791749 1.374317699999998
715 0.08093447342702695 1.37624251470588
716 0.08178135032403318 1.378167329411762
717 0.08279867449776876 1.380092144117645
718 0.08398935839709487 1.382016958823527
719 0.08524253946480445 1.38394177352941
720 0.08648726137630713 1.385866588235292
721 0.08768631285561092 1.387791402941174
722 0.08882097460938931 1.389716217647057
723 0.08991936287718895 1.391641032352939
724 0.09352275193904061 1.393565847058821
725 0.1021911960520618 1.395490661764704
726 0.1119525355966094 1.397415476470586
727 0.1205876824836205 1.399340291176468
728 0.1279354205988076 1.401265105882351
729 0.134637335360774 1.403189920588233
730 0.1413300407613491 1.405114735294115
731 0.1481723737885798 1.407039549999998
732 0.1548388107629008 1.40896436470588
733 0.1605811662429814 1.410889179411762
734 0.1648050170544487 1.412813994117645
735 0.1675589444757707 1.414738808823527
736 0.169579756820755 1.416663623529409
737 0.1715005885883907 1.418588438235292
738 0.1734425006190357 1.420513252941174
739 0.1751177014108599 1.422438067647056
740 0.1760043638787723 1.424362882352939
741 0.175072998049049 1.426287697058821
742 0.1721747217550919 1.428212511764704
743 0.1685604517946675 1.430137326470586
744 0.1697592420823948 1.432062141176468
745 0.1771672041867346 1.433986955882351
746 0.1862604084643544 1.435911770588233
747 0.1933100596131204 1.437836585294115
748 0.1982048369707084 1.439761399999998
749 0.2023621446309621 1.44168621470588
750 0.2068251883295161 1.443611029411762
751 0.211875427196883 1.445535844117645
752 0.216700230871032 1.447460658823527
753 0.219847675832317 1.449385473529409
754 0.2207077675220293 1.451310288235292
755 0.2201689996205066 1.453235102941174
756 0.219498740983349 1.455159917647056
757 0.2189607590886177 1.457084732352939
758 0.2181738214015162 1.459009547058821
759 0.2164897438421916 1.460934361764703
760 0.2123845343309997 1.462859176470586
761 0.206225064352039 1.464783991176468
762 0.1996632537507479 1.466708805882351
763 0.1932019833619179 1.468633620588233
764 0.1891002116515128 1.470558435294115
765 0.1892773857846229 1.472483249999998
766 0.1915805446837892 1.47440806470588
767 0.1923562705502985 1.476332879411762
768 0.1914812098684087 1.478257694117645
769 0.1901749948693429 1.480182508823527
770 0.1893439655185069 1.482107323529409
771 0.1889905311122728 1.484032138235292
772 0.1883485585961339 1.485956952941174
773 0.1866611352506115 1.487881767647056
774 0.1838490654310403 1.489806582352939
775 0.1805354489909625 1.491731397058821
776 0.1772780580737757 1.493656211764703
777 0.1741606506961808 1.495581026470586
778 0.1709695918602816 1.497505841176468
779 0.1673555715470135 1.49943065588235
780 0.1628979984770987 1.501355470588233
781 0.15755723024541 1.503280285294115
782 0.1517917859734469 1.505205099999998
783 0.1462301182662597 1.50712991470588
784 0.1419554226370403 1.509054729411762
785 0.1395045672836853 1.510979544117645
786 0.1383293064665604 1.512904358823527
787 0.1370725709921119 1.514829173529409
788 0.1350627473042225 1.516753988235292
789 0.1326175579378841 1.518678802941174
790 0.1306482448465613 1.520603617647056
791 0.1293435518118082 1.522528432352939
792 0.1285373979667152 1.524453247058821
793 0.1277458282148266 1.526378061764703
794 0.1266332260869826 1.528302876470586
795 0.1252526840247735 1.530227691176468
796 0.1240364966998888 1.53215250588235
797 0.1231770771481163 1.534077320588233
798 0.1227658757887275 1.536002135294115
799 0.1226673403929811 1.537926949999997
800 0.1225095233915277 1.53985176470588
801 0.1221600723105876 1.541776579411762
802 0.1216764197791275 1.543701394117645
803 0.1213814571514183 1.545626208823527
804 0.1213789212839541 1.547551023529409
805 0.1214223152966005 1.549475838235292
806 0.1211813839991266 1.551400652941174
807 0.1206445249876888 1.553325467647056
808 0.1200314835904421 1.555250282352939
809 0.1196641368083941 1.557175097058821
810 0.1196117494414486 1.559099911764703
811 0.1197615347590931 1.561024726470586
812 0.1198246507367925 1.562949541176468
813 0.1196946994473093 1.56487435588235
814 0.1194205077468838 1.566799170588233
815 0.1191901629902144 1.568723985294115
816 0.1191664504952188 1.570648799999997
817 0.1194275507534638 1.57257361470588
818 0.1198520470555718 1.574498429411762
819 0.1201680827298292 1.576423244117644
820 0.1202828662076863 1.578348058823527
821 0.120290181124828 1.580272873529409
822 0.1204005086410773 1.582197688235291
823 0.1207629935050399 1.584122502941174
824 0.1223042604762145 1.586047317647056
825 0.1256092122192333 1.587972132352939
826 0.129780141005627 1.589896947058821
827 0.1331182848296375 1.591821761764703
828 0.1353654631551608 1.593746576470586
829 0.1369483195839493 1.595671391176468
830 0.1383917501706837 1.59759620588235
831 0.1397525594453813 1.599521020588233
832 0.1407537821694107 1.601445835294115
833 0.1410694506093659 1.603370649999997
834 0.1401372425655545 1.60529546470588
835 0.138100017903481 1.607220279411762
836 0.1356999396615303 1.609145094117644
837 0.1331834271661887 1.611069908823527
838 0.1304989378466776 1.612994723529409
839 0.127332457802961 1.614919538235291
840 0.1232951764110849 1.616844352941174
841 0.1186469602641069 1.618769167647056
842 0.1139856765337834 1.620693982352938
843 0.1096118784490532 1.622618797058821
844 0.1066507818022604 1.624543611764703
845 0.1055843561440656 1.626468426470586
846 0.1051685233676924 1.628393241176468
847 0.1046061577428151 1.63031805588235
848 0.1037817425046342 1.632242870588233
849 0.1028172192875386 1.634167685294115
850 0.101731607987564 1.636092499999997
851 0.1004826275475296 1.63801731470588
852 0.0987498332536093 1.639942129411762
853 0.09601603991723633 1.641866944117644
854 0.09433479749807973 1.643791758823527
855 0.09402421299694956 1.645716573529409
856 0.09385473727969976 1.647641388235291
857 0.09294678710555365 1.649566202941174
858 0.09140911070278669 1.651491017647056
859 0.09056850044157987 1.653415832352938
860 0.08995093522430768 1.655340647058821
861 0.08937490513230555 1.657265461764703
862 0.08872481544012223 1.659190276470585
863 0.0884978981095568 1.661115091176468
864 0.08918678246076338 1.66303990588235
865 0.09105220517654802 1.664964720588233
866 0.09411653457017712 1.666889535294115
867 0.09768631739105209 1.668814349999997
868 0.1009583224058886 1.67073916470588
869 0.1036072450430969 1.672663979411762
870 0.105597640988531 1.674588794117644
871 0.1072679859010389 1.676513608823527
872 0.1090147554627067 1.678438423529409
873 0.1109053861585679 1.680363238235291
874 0.1129140212072973 1.682288052941174
875 0.1146813493881544 1.684212867647056
876 0.1155220371120523 1.686137682352938
877 0.1152518830996577 1.688062497058821
878 0.113961049515618 1.689987311764703
879 0.1121460048796448 1.691912126470585
880 0.1105734605317759 1.693836941176468
881 0.1093433201814443 1.69576175588235
882 0.1083605481916278 1.697686570588232
883 0.1068544655755354 1.699611385294115
884 0.1038523637013628 1.701536199999997
885 0.09950054770203984 1.70346101470588
886 0.09563012548102211 1.705385829411762
887 0.09317913944752575 1.707310644117644
888 0.09188361310066535 1.709235458823527
889 0.09096937370518506 1.711160273529409
890 0.08989152152624952 1.713085088235291
891 0.08867758273590251 1.715009902941174
892 0.08777173220912869 1.716934717647056
893 0.08770978888507151 1.718859532352938
894 0.08854141805232658 1.720784347058821
895 0.09006471718572405 1.722709161764703
896 0.09165463133798255 1.724633976470585
897 0.09326317210538548 1.726558791176468
898 0.09517757964119994 1.72848360588235
899 0.09819058440812309 1.730408420588232
900 0.1024960844049677 1.732333235294115
901 0.1080749794874603 1.734258049999997
902 0.1145586033701977 1.736182864705879
903 0.1215718894201017 1.738107679411762
904 0.1295078724635392 1.740032494117644
905 0.1414879713786783 1.741957308823527
906 0.1578284818050677 1.743882123529409
907 0.1756808175687441 1.745806938235291
908 0.1897241637148888 1.747731752941174
909 0.1996434404513761 1.749656567647056
910 0.2069168662161051 1.751581382352938
911 0.2149567781059263 1.753506197058821
912 0.2254292552196805 1.755431011764703
913 0.2346196996557058 1.757355826470585
914 0.2405872996518381 1.759280641176468
915 0.2449237625340974 1.76120545588235
916 0.2487611135359559 1.763130270588232
917 0.2517467344814379 1.765055085294115
918 0.2529701545492382 1.766979899999997
919 0.2523735577303604 1.768904714705879
920 0.2501268429514914 1.770829529411762
921 0.2464409393502683 1.772754344117644
922 0.2414822086858093 1.774679158823526
923 0.2352812715483588 1.776603973529409
924 0.2304581211076751 1.778528788235291
925 0.2346503137922825 1.780453602941173
926 0.2434978229926315 1.782378417647056
927 0.2497778200345607 1.784303232352938
928 0.2532989692051404 1.786228047058821
929 0.2553234485058195 1.788152861764703
930 0.2568424937315154 1.790077676470585
931 0.2591528912008947 1.792002491176468
932 0.2626702289350873 1.79392730588235
933 0.267056876108054 1.795852120588232
934 0.2715180681601409 1.797776935294115
935 0.2752001508995506 1.799701749999997
936 0.2773313017519901 1.801626564705879
937 0.2772800187935839 1.803551379411762
938 0.2750016117412896 1.805476194117644
939 0.2710757149280305 1.807401008823526
940 0.2668797208711572 1.809325823529409
941 0.2631548174618708 1.811250638235291
942 0.2614402563826462 1.813175452941173
943 0.262412466437234 1.815100267647056
944 0.2654133111690348 1.817025082352938
945 0.2688136972026072 1.81894989705882
946 0.2716408130133998 1.820874711764703
947 0.2720567313802537 1.822799526470585
948 0.2694082457311869 1.824724341176468
949 0.2652655443670109 1.82664915588235
950 0.2616616641123223 1.828573970588232
951 0.2601036551153677 1.830498785294115
952 0.2618154956985024 1.832423599999997
953 0.2660247982647381 1.834348414705879
954 0.267655327358669 1.836273229411762
955 0.2662578510270629 1.838198044117644
956 0.2626541102943097 1.840122858823526
957 0.2582660092883388 1.842047673529409
958 0.2563911462470581 1.843972488235291
959 0.2572698493425475 1.845897302941173
960 0.2598241339660151 1.847822117647056
961 0.2610362229440296 1.849746932352938
962 0.2603349060051726 1.85167174705882
963 0.2576033149414176 1.853596561764703
964 0.2538180120952966 1.855521376470585
965 0.2529619187772025 1.857446191176467
966 0.2552132968519934 1.85937100588235
967 0.2590870536116457 1.861295820588232
968 0.2612074857736459 1.863220635294115
969 0.2609200290472409 1.865145449999997
970 0.2584975468995098 1.867070264705879
971 0.2548522336914815 1.868995079411762
972 0.2524227376042482 1.870919894117644
973 0.2517213271573652 1.872844708823526
974 0.2524043762350806 1.874769523529409
975 0.2533362971578503 1.876694338235291
976 0.2516781361908503 1.878619152941173
977 0.2472301301956431 1.880543967647056
978 0.2412412783595622 1.882468782352938
979 0.2365607036804949 1.88439359705882
980 0.2337586198764186 1.886318411764703
981 0.2325497895101896 1.888243226470585
982 0.2317578378796191 1.890168041176467
983 0.2283628743748665 1.89209285588235
984 0.2226915092502803 1.894017670588232
985 0.2177064184857506 1.895942485294114
986 0.2173829388722864 1.897867299999997
987 0.2204139073592671 1.899792114705879
988 0.2202358067065305 1.901716929411762
989 0.2167373919185381 1.903641744117644
990 0.2114766293420844 1.905566558823526
991 0.2071938361442102 1.907491373529409
992 0.2052149711312748 1.909416188235291
993 0.2050306957991089 1.911341002941173
994 0.203787909344929 1.913265817647056
995 0.2002782786742273 1.915190632352938
996 0.1944667254620222 1.91711544705882
997 0.1875956716270729 1.919040261764703
998 0.1825761020811555 1.920965076470585
999 0.1794174053257751 1.922889891176467
1000 0.1769319793422562 1.92481470588235
1001 0.1723371869746127 1.926739520588232
1002 0.1656719302813484 1.928664335294114
1003 0.1581343200502255 1.930589149999997
1004 0.1534073194118952 1.932513964705879
1005 0.1518828731677738 1.934438779411761
1006 0.1525945228189121 1.936363594117644
1007 0.1517960274227395 1.938288408823526
1008 0.1490162628602581 1.940213223529409
1009 0.1448112470694362 1.942138038235291
1010 0.14088617313276 1.944062852941173
1011 0.1384152627544784 1.945987667647056
1012 0.1372840642861943 1.947912482352938
1013 0.1359901645123086 1.94983729705882
1014 0.1325035551455778 1.951762111764703
1015 0.1269853975681753 1.953686926470585
1016 0.1213781188907876 1.955611741176467
1017 0.1173192471556618 1.95753655588235
1018 0.1125391558050473 1.959461370588232
1019 0.1059825595387331 1.961386185294114
1020 0.1002251099756715 1.963310999999997
