"ven-vol-ave-pressure-rfile"
"Time Step" "report-ven-vol-ave-pressure etc.."
("Time Step" "report-ven-vol-ave-pressure" "flow-time")
1 -27755.21739392634 0.001924814705882353
2 -4409.382526144371 0.003849629411764706
3 2801.562731399415 0.005774444117647059
4 770.9273299286187 0.007699258823529412
5 1036.209171195541 0.009624073529411765
6 1198.908046748131 0.01154888823529412
7 1210.386961851748 0.01347370294117647
8 1195.123985985411 0.01539851764705882
9 1188.333943192456 0.01732333235294118
10 1230.837436098084 0.01924814705882353
11 1248.972386358241 0.02117296176470588
12 1256.798738699327 0.02309777647058824
13 1267.464636140529 0.02502259117647059
14 1280.691714297236 0.02694740588235294
15 1293.544862814309 0.02887222058823529
16 1305.801930287534 0.03079703529411765
17 1318.043251665714 0.03272185
18 1330.962621706447 0.03464666470588235
19 1345.124867107276 0.0365714794117647
20 1359.751656395285 0.03849629411764705
21 1374.119250865461 0.04042110882352939
22 1324.93766848539 0.04234592352941174
23 1231.038639829158 0.04427073823529409
24 1191.472595043761 0.04619555294117644
25 1205.938763487477 0.04812036764705879
26 1225.382925937398 0.05004518235294114
27 1221.027245218263 0.05196999705882349
28 1200.1889271009 0.05389481176470584
29 1185.789878983578 0.05581962647058819
30 1190.237741207295 0.05774444117647054
31 1196.449902456503 0.05966925588235289
32 1193.260947228266 0.06159407058823524
33 1183.229324003271 0.06351888529411759
34 1174.794949876255 0.06544369999999994
35 1175.331535446936 0.06736851470588229
36 1175.879256975094 0.06929332941176464
37 1172.886477853264 0.07121814411764699
38 1167.323701570275 0.07314295882352934
39 1161.54455012243 0.07506777352941169
40 1159.098363121753 0.07699258823529403
41 1157.990049992242 0.07891740294117638
42 840.3797482707021 0.08084221764705873
43 486.5066429361022 0.08276703235294108
44 474.2161815396332 0.08469184705882343
45 537.7147965552953 0.08661666176470578
46 583.0245054164216 0.08854147647058813
47 614.551779692537 0.09046629117647048
48 655.0676280988575 0.09239110588235283
49 709.5078705445202 0.09431592058823518
50 769.4990741755502 0.09624073529411753
51 828.6569003486479 0.09816554999999988
52 885.9759697897881 0.1000903647058822
53 941.133139592189 0.1020151794117646
54 999.1908369246052 0.1039399941176469
55 1067.986402000598 0.1058648088235293
56 1145.205393230822 0.1077896235294116
57 1225.581252279456 0.109714438235294
58 1301.115981937093 0.1116392529411763
59 1369.915621059112 0.1135640676470587
60 1438.330555552765 0.115488882352941
61 1518.73049544385 0.1174136970588234
62 1219.097173919249 0.1193385117647057
63 651.4434495133625 0.1212633264705881
64 456.6840820310347 0.1231881411764704
65 621.5308277089528 0.1251129558823528
66 791.6846225777347 0.1270377705882351
67 853.1512571495232 0.1289625852941175
68 836.3992168199965 0.1308873999999998
69 806.3949043826694 0.1328122147058822
70 829.6690591295027 0.1347370294117645
71 925.5917781993693 0.1366618441176469
72 1131.724286117883 0.1385866588235292
73 1311.031125297423 0.1405114735294116
74 1329.934557005388 0.1424362882352939
75 1302.007992111339 0.1443611029411763
76 1311.212580642742 0.1462859176470586
77 1474.036853784807 0.148210732352941
78 1676.154862459936 0.1501355470588233
79 1812.087722262815 0.1520603617647057
80 1847.767658327538 0.153985176470588
81 1882.996561140041 0.1559099911764704
82 1696.68551717937 0.1578348058823527
83 1226.605756313429 0.1597596205882351
84 1006.589414961078 0.1616844352941174
85 1194.628691089561 0.1636092499999998
86 1361.95221115895 0.1655340647058821
87 1366.256217622128 0.1674588794117645
88 1305.332240567586 0.1693836941176468
89 1263.240718667042 0.1713085088235292
90 1320.353687166412 0.1732333235294115
91 1438.103736752158 0.1751581382352939
92 1557.409323861114 0.1770829529411762
93 1594.429441321852 0.1790077676470586
94 1574.218499617664 0.1809325823529409
95 1553.509780621935 0.1828573970588233
96 1577.885306220874 0.1847822117647056
97 1671.56253633148 0.186707026470588
98 1806.803713327256 0.1886318411764703
99 1894.46546070196 0.1905566558823527
100 1887.383603568687 0.192481470588235
101 1862.607812076322 0.1944062852941174
102 1758.404413573687 0.1963310999999997
103 1526.512800885103 0.1982559147058821
104 1367.205883109064 0.2001807294117644
105 1405.46404985854 0.2021055441176468
106 1480.286743098896 0.2040303588235291
107 1528.941902685096 0.2059551735294115
108 1492.011043547933 0.2078799882352938
109 1427.006990410971 0.2098048029411761
110 1345.430203350902 0.2117296176470585
111 1303.772104622704 0.2136544323529408
112 1345.508942975464 0.2155792470588232
113 1399.901239684128 0.2175040617647055
114 1420.463072937864 0.2194288764705879
115 1377.107728458971 0.2213536911764702
116 1304.046592363473 0.2232785058823526
117 1235.181040717416 0.2252033205882349
118 1222.360243409 0.2271281352941173
119 1267.984815800028 0.2290529499999996
120 1311.815616352036 0.230977764705882
121 1303.408820837108 0.2329025794117643
122 1267.723698243634 0.2348273941176467
123 1240.048952142915 0.236752208823529
124 1267.44167578326 0.2386770235294114
125 1318.230029981327 0.2406018382352937
126 1356.491075679997 0.2425266529411761
127 1342.059373198273 0.2444514676470584
128 1296.826028912169 0.2463762823529408
129 1248.160699212374 0.2483010970588231
130 1234.95118643515 0.2502259117647055
131 1263.602505312172 0.2521507264705878
132 1301.862310563844 0.2540755411764702
133 1321.991135926341 0.2560003558823525
134 1297.485415081029 0.2579251705882349
135 1252.730198347191 0.2598499852941172
136 1208.091211560085 0.2617747999999996
137 1210.115564876761 0.2636996147058819
138 1251.461891912965 0.2656244294117643
139 1284.001962577881 0.2675492441176466
140 1269.319816483555 0.269474058823529
141 1221.671830416607 0.2713988735294113
142 1033.100025198137 0.2733236882352937
143 768.9977262893826 0.275248502941176
144 710.7657343331679 0.2771733176470584
145 866.7649435281148 0.2790981323529407
146 1009.630761724665 0.2810229470588231
147 1071.299405638541 0.2829477617647054
148 1077.361720394244 0.2848725764705878
149 1086.361514997272 0.2867973911764701
150 1156.649055823691 0.2887222058823525
151 1296.945861982757 0.2906470205882348
152 1444.965326542163 0.2925718352941172
153 1515.881374570362 0.2944966499999995
154 1537.687684346866 0.2964214647058819
155 1561.632812628478 0.2983462794117642
156 1638.108444113097 0.3002710941176466
157 1785.86168630741 0.3021959088235289
158 1924.661516049644 0.3041207235294113
159 1988.014594393557 0.3060455382352936
160 2023.921462485498 0.307970352941176
161 2066.82259510103 0.3098951676470583
162 1881.886758836954 0.3118199823529407
163 1427.092921046537 0.313744797058823
164 1251.836632758111 0.3156696117647054
165 1353.319338612381 0.3175944264705877
166 1441.715125515321 0.3195192411764701
167 1415.929176172721 0.3214440558823524
168 1355.611398103769 0.3233688705882348
169 1286.214891700211 0.3252936852941171
170 1225.287987805056 0.3272184999999995
171 1103.64841512749 0.3291433147058818
172 554.2322040718409 0.3310681294117642
173 -381.1795148557022 0.3329929441176465
174 -1182.835494030082 0.3349177588235289
175 -1697.264224870509 0.3368425735294112
176 -905.1258832520108 0.3387673882352936
177 -8.528642997415428 0.3406922029411759
178 457.6810682262452 0.3426170176470583
179 316.0621040204521 0.3445418323529406
180 171.8646382417119 0.346466647058823
181 95.28245412248384 0.3483914617647053
182 607.0448999660256 0.3503162764705877
183 1103.959995588331 0.35224109117647
184 1162.36894169104 0.3541659058823524
185 983.4962030331078 0.3560907205882347
186 776.0439400756215 0.3580155352941171
187 609.7040267289063 0.3599403499999994
188 583.7846998062821 0.3618651647058818
189 596.9108751102908 0.3637899794117641
190 619.9974747643963 0.3657147941176465
191 630.9369002529951 0.3676396088235288
192 503.8649671196557 0.3695644235294112
193 311.9271702086583 0.3714892382352935
194 106.5679285366397 0.3734140529411759
195 -59.59191735907663 0.3753388676470582
196 -95.1808907061242 0.3772636823529406
197 -44.90745094839498 0.3791884970588229
198 4.966226416673549 0.3811133117647053
199 -26.4891149019461 0.3830381264705876
200 -153.2228954468735 0.38496294117647
201 -458.9436715938937 0.3868877558823523
202 -795.1039417500527 0.3888125705882347
203 -964.291069350296 0.390737385294117
204 -706.8504275363496 0.3926621999999994
205 -456.2504870571126 0.3945870147058817
206 -297.7659832838487 0.396511829411764
207 -302.6199411048627 0.3984366441176464
208 -315.9577342484423 0.4003614588235287
209 -290.0095159881743 0.4022862735294111
210 -107.7100802815671 0.4042110882352934
211 136.0601422166712 0.4061359029411758
212 353.5453109919978 0.4080607176470581
213 428.3767830604635 0.4099855323529405
214 453.1687167955809 0.4119103470588228
215 484.0668150515278 0.4138351617647052
216 556.9417653269352 0.4157599764705875
217 811.0505974879441 0.4176847911764699
218 1091.81812785739 0.4196096058823522
219 1327.413465236823 0.4215344205882346
220 1420.302369631496 0.4234592352941169
221 1460.917293657242 0.4253840499999993
222 1603.444287644921 0.4273088647058816
223 2347.260975410616 0.429233679411764
224 3047.881741581215 0.4311584941176463
225 2946.529161038336 0.4330833088235287
226 2356.007354758089 0.435008123529411
227 1934.40502216351 0.4369329382352934
228 2050.980439277208 0.4388577529411757
229 2177.347706030357 0.4407825676470581
230 1992.827275818813 0.4427073823529404
231 1723.061650347014 0.4446321970588228
232 1482.312245134703 0.4465570117647051
233 1317.250546781036 0.4484818264705875
234 1209.429200035805 0.4504066411764698
235 1094.408381804818 0.4523314558823522
236 914.5904712066121 0.4542562705882345
237 657.6818783330915 0.4561810852941169
238 327.402533536162 0.4581058999999992
239 -47.32198175902489 0.4600307147058816
240 -426.3909592941997 0.4619555294117639
241 -755.3821410450386 0.4638803441176463
242 -768.9318112122082 0.4658051588235286
243 1464.795543776529 0.467729973529411
244 2200.850290960434 0.4696547882352933
245 1339.58805324942 0.4715796029411757
246 691.6582696407177 0.473504417647058
247 636.4974226645445 0.4754292323529404
248 852.3769327526397 0.4773540470588227
249 1185.156798530531 0.4792788617647051
250 1469.156450912242 0.4812036764705874
251 1574.208056574156 0.4831284911764698
252 1235.227825381616 0.4850533058823521
253 828.8114887308169 0.4869781205882345
254 459.1856693161718 0.4889029352941168
255 243.982392329883 0.4908277499999992
256 240.7091267499316 0.4927525647058815
257 732.492939565445 0.4946773794117639
258 1129.291728266468 0.4966021941176462
259 1069.858447732945 0.4985270088235286
260 914.3670060712373 0.500451823529411
261 458.2371166867297 0.5023766382352933
262 -85.90107866647003 0.5043014529411757
263 -377.7698393768712 0.506226267647058
264 575.6631239283548 0.5081510823529404
265 1320.098752465706 0.5100758970588227
266 1188.534297710564 0.5120007117647051
267 925.2335318629117 0.5139255264705874
268 449.4262141302462 0.5158503411764698
269 44.81123382655463 0.5177751558823521
270 9.193168510549169 0.5196999705882345
271 133.1715688981549 0.5216247852941168
272 947.9008158581322 0.5235495999999992
273 1369.421943659817 0.5254744147058815
274 942.5319101419886 0.5273992294117639
275 417.0005842450352 0.5293240441176462
276 -11.28882107381651 0.5312488588235286
277 -92.20663024900746 0.5331736735294109
278 27.01954269137021 0.5350984882352933
279 837.3200658410949 0.5370233029411756
280 1314.934800969209 0.538948117647058
281 759.9655466936462 0.5408729323529403
282 190.0761861267265 0.5427977470588227
283 -78.64763788090308 0.544722561764705
284 535.4122666076331 0.5466473764705874
285 1056.042713746717 0.5485721911764697
286 1067.009654487247 0.5504970058823521
287 909.2887642431739 0.5524218205882344
288 306.3566726344393 0.5543466352941168
289 -171.6218367171559 0.5562714499999991
290 -44.26471352351284 0.5581962647058815
291 289.1226189320228 0.5601210794117638
292 667.0775359664682 0.5620458941176462
293 884.9982591998171 0.5639707088235285
294 498.1387137441235 0.5658955235294109
295 63.55505966752073 0.5678203382352932
296 -264.9373425816713 0.5697451529411756
297 -286.5867609384084 0.5716699676470579
298 -192.6828133865776 0.5735947823529403
299 340.2835886067814 0.5755195970588226
300 719.5242868385892 0.577444411764705
301 252.5964705424553 0.5793692264705873
302 -198.6268601807517 0.5812940411764697
303 -209.6157969604317 0.583218855882352
304 342.7116003773804 0.5851436705882344
305 791.3183465899684 0.5870684852941167
306 634.7288706296388 0.5889932999999991
307 224.9635906167786 0.5909181147058814
308 -149.3898586098226 0.5928429294117638
309 -286.4972301841738 0.5947677441176461
310 18.92790589812734 0.5966925588235285
311 332.7064621086953 0.5986173735294108
312 473.8698682279162 0.6005421882352932
313 152.5915233554547 0.6024670029411755
314 -212.7787426067144 0.6043918176470578
315 -479.4182252340012 0.6063166323529402
316 -383.1044477552418 0.6082414470588225
317 -143.0063037233116 0.6101662617647049
318 64.01239619262576 0.6120910764705872
319 8.077963534174769 0.6140158911764696
320 -154.1310181085208 0.6159407058823519
321 -483.173576795675 0.6178655205882343
322 -689.3724247836285 0.6197903352941166
323 -9.221383084623254 0.621715149999999
324 566.0545336567683 0.6236399647058813
325 300.9771661840502 0.6255647794117637
326 -11.86305564207924 0.627489594117646
327 -248.6225239467639 0.6294144088235284
328 -234.4751986071988 0.6313392235294107
329 -131.0842648045119 0.6332640382352931
330 37.2786381676725 0.6351888529411754
331 151.507646033178 0.6371136676470578
332 8.65727446124893 0.6390384823529401
333 -294.3542619744051 0.6409632970588225
334 -566.6668303600894 0.6428881117647048
335 -554.8311533855516 0.6448129264705872
336 -272.066251508448 0.6467377411764695
337 47.0675264303886 0.6486625558823519
338 403.6714901578817 0.6505873705882342
339 1086.137762477022 0.6525121852941166
340 1827.160211213282 0.6544369999999989
341 1423.462696400395 0.6563618147058813
342 281.3711965926249 0.6582866294117636
343 1506.451595963592 0.660211444117646
344 1309.148659264726 0.6621362588235283
345 1043.770042301533 0.6640610735294107
346 962.2925741324893 0.665985888235293
347 1131.561525128839 0.6679107029411754
348 1257.802375770721 0.6698355176470577
349 1198.670021105887 0.6717603323529401
350 1139.61347729974 0.6736851470588224
351 1162.259306465215 0.6756099617647048
352 1215.412548142718 0.6775347764705871
353 1268.393857470643 0.6794595911764695
354 1276.410468943473 0.6813844058823518
355 1270.163477172114 0.6833092205882342
356 1260.54416225201 0.6852340352941165
357 1260.858258587598 0.6871588499999989
358 1279.650453074988 0.6890836647058812
359 1320.011850095222 0.6910084794117636
360 1361.309553989045 0.6929332941176459
361 1371.855195922588 0.6948581088235283
362 1372.425162288225 0.6967829235294106
363 1336.989545436368 0.698707738235293
364 1216.546194443291 0.7006325529411753
365 1145.264844504378 0.7025573676470577
366 1193.41738196725 0.70448218235294
367 1236.125547972707 0.7064069970588224
368 1228.679178388775 0.7083318117647047
369 1209.383875970382 0.7102566264705871
370 1178.989354443126 0.7121814411764694
371 1161.937453506978 0.7141062558823518
372 1178.131171755264 0.7160310705882341
373 1197.095336481627 0.7179558852941165
374 1207.986719334192 0.7198806999999988
375 1195.333607664892 0.7218055147058812
376 1175.253419435962 0.7237303294117635
377 1157.319590737769 0.7256551441176459
378 1155.031047815222 0.7275799588235282
379 1160.506833611206 0.7295047735294106
380 1170.215040504731 0.7314295882352929
381 1180.562253742859 0.7333544029411753
382 1184.886824443457 0.7352792176470576
383 949.3971151552391 0.73720403235294
384 452.5859083938886 0.7391288470588223
385 363.6932938980864 0.7410536617647047
386 499.5388392739026 0.742978476470587
387 638.0392131229708 0.7449032911764694
388 705.8024913198033 0.7468281058823517
389 699.1697113140442 0.7487529205882341
390 672.4171617628832 0.7506777352941164
391 677.1231358728465 0.7526025499999988
392 786.397402793542 0.7545273647058811
393 923.6247572533459 0.7564521794117635
394 1027.72326199385 0.7583769941176458
395 1059.308533639866 0.7603018088235282
396 1057.59849625021 0.7622266235294105
397 1066.114004592373 0.7641514382352929
398 1106.579722871804 0.7660762529411752
399 1238.989877251989 0.7680010676470576
400 1443.211622524429 0.7699258823529399
401 1579.431540385859 0.7718506970588223
402 1581.663187509421 0.7737755117647046
403 1143.854271982329 0.775700326470587
404 604.3852333701672 0.7776251411764693
405 426.2781576056402 0.7795499558823517
406 611.7543994713884 0.781474770588234
407 816.7014707042297 0.7833995852941164
408 898.3546391406612 0.7853243999999987
409 863.3534129932608 0.7872492147058811
410 800.2279606090594 0.7891740294117634
411 804.0628071378297 0.7910988441176457
412 915.2156622168429 0.7930236588235281
413 1117.619241910443 0.7949484735294104
414 1293.759432660061 0.7968732882352928
415 1345.744509226872 0.7987981029411751
416 1323.002591559722 0.8007229176470575
417 1320.354319659494 0.8026477323529398
418 1372.417445242144 0.8045725470588222
419 1602.131486560989 0.8064973617647045
420 1854.398583817284 0.8084221764705869
421 1955.787121602168 0.8103469911764692
422 1941.028895889605 0.8122718058823516
423 1659.916135727062 0.8141966205882339
424 1205.78856234346 0.8161214352941163
425 983.7466457553033 0.8180462499999986
426 1169.936854989831 0.819971064705881
427 1357.764639519298 0.8218958794117633
428 1398.29764523108 0.8238206941176457
429 1334.576860799434 0.825745508823528
430 1271.931242649751 0.8276703235294104
431 1295.149664621975 0.8295951382352927
432 1430.897275368398 0.8315199529411751
433 1561.725494346258 0.8334447676470574
434 1603.620493339597 0.8353695823529398
435 1581.902211085794 0.8372943970588221
436 1559.089181292266 0.8392192117647045
437 1570.838959311068 0.8411440264705868
438 1644.90071513589 0.8430688411764692
439 1790.116457002349 0.8449936558823515
440 1912.930915274418 0.8469184705882339
441 1932.708123907439 0.8488432852941162
442 1894.429579599965 0.8507680999999986
443 1783.39249948251 0.8526929147058809
444 1531.238238978025 0.8546177294117633
445 1332.67902043966 0.8565425441176456
446 1381.861591216227 0.858467358823528
447 1475.442480013702 0.8603921735294103
448 1545.543700183261 0.8623169882352927
449 1518.102996178392 0.864241802941175
450 1439.590957522022 0.8661666176470574
451 1342.855146056914 0.8680914323529397
452 1294.502497331986 0.8700162470588221
453 1333.812516859209 0.8719410617647044
454 1392.117742863408 0.8738658764705868
455 1432.516823262215 0.8757906911764691
456 1401.157447732678 0.8777155058823515
457 1327.544590960367 0.8796403205882338
458 1244.424698447728 0.8815651352941162
459 1205.288968485312 0.8834899499999985
460 1243.163958005632 0.8854147647058809
461 1290.276771239639 0.8873395794117632
462 1313.822268601212 0.8892643941176456
463 1303.25467981209 0.8911892088235279
464 1280.974919717428 0.8931140235294103
465 1264.454916836484 0.8950388382352926
466 1272.986091095168 0.896963652941175
467 1300.986728829183 0.8988884676470573
468 1329.262187247095 0.9008132823529397
469 1336.436859604668 0.902738097058822
470 1316.784499301831 0.9046629117647044
471 1274.514477663337 0.9065877264705867
472 1231.219492055143 0.9085125411764691
473 1222.231437940356 0.9104373558823514
474 1254.541193342033 0.9123621705882338
475 1291.908518438351 0.9142869852941161
476 1307.287764714002 0.9162117999999985
477 1287.238322000327 0.9181366147058808
478 1243.006727510178 0.9200614294117632
479 1195.04564522606 0.9219862441176455
480 1177.858177698552 0.9239110588235279
481 1208.210070827247 0.9258358735294102
482 1248.796481521061 0.9277606882352926
483 1140.473698521188 0.9296855029411749
484 788.5276442719917 0.9316103176470573
485 639.5882985420495 0.9335351323529396
486 858.9024816571111 0.935459947058822
487 1047.525221189943 0.9373847617647043
488 1076.912090592725 0.9393095764705867
489 1058.304999777218 0.941234391176469
490 1048.841036621833 0.9431592058823514
491 1155.371775902549 0.9450840205882337
492 1311.125487333744 0.9470088352941161
493 1448.480895677829 0.9489336499999984
494 1503.489265040984 0.9508584647058808
495 1520.675226231931 0.9527832794117631
496 1546.425465690548 0.9547080941176455
497 1628.799196783192 0.9566329088235278
498 1782.18011789447 0.9585577235294102
499 1923.35595701462 0.9604825382352925
500 2001.251420062466 0.9624073529411749
501 2024.467183115878 0.9643321676470572
502 2051.435531686698 0.9662569823529396
503 1889.321572622613 0.9681817970588219
504 1446.205789173161 0.9701066117647043
505 1199.775968211108 0.9720314264705866
506 1333.000902513508 0.973956241176469
507 1449.615579074837 0.9758810558823513
508 1413.327475738196 0.9778058705882336
509 1329.255346522271 0.979730685294116
510 1216.916444513037 0.9816554999999983
511 1039.591578149375 0.9835803147058807
512 442.7625467722692 0.985505129411763
513 -529.5253774385668 0.9874299441176454
514 -1378.954593976796 0.9893547588235277
515 -2001.913653473246 0.9912795735294101
516 -1353.611823998085 0.9932043882352924
517 -202.3863893823034 0.9951292029411748
518 458.3596525499463 0.9970540176470571
519 277.7576893820829 0.9989788323529395
520 110.0160994182954 1.000903647058822
521 65.39162362255318 1.002828461764704
522 361.1300249735822 1.004753276470587
523 693.6228570042293 1.006678091176469
524 1039.246002008175 1.008602905882351
525 1213.592385836719 1.010527720588234
526 959.7430802332343 1.012452535294116
527 725.3899328498226 1.014377349999998
528 611.0869827127414 1.016302164705881
529 649.8026820624905 1.018226979411763
530 700.8697880500288 1.020151794117645
531 731.2135771176933 1.022076608823528
532 708.3399679517985 1.02400142352941
533 547.1930461142272 1.025926238235292
534 208.8453831241368 1.027851052941175
535 -107.2362849824991 1.029775867647057
536 -159.5356561751632 1.03170068235294
537 -28.10901602320714 1.033625497058822
538 115.3612333227755 1.035550311764704
539 169.3675409763996 1.037475126470587
540 -146.284277322123 1.039399941176469
541 -476.9902732025463 1.041324755882351
542 -670.5819474340518 1.043249570588234
543 -679.6510378471501 1.045174385294116
544 -661.8622334290918 1.047099199999998
545 -614.7209717757129 1.049024014705881
546 -549.5158000026545 1.050948829411763
547 -462.1993387198646 1.052873644117645
548 -353.4700112608625 1.054798458823528
549 -230.3178687629025 1.05672327352941
550 -98.10002996828884 1.058648088235292
551 28.80540470278881 1.060572902941175
552 139.0194353505722 1.062497717647057
553 232.2169238746282 1.064422532352939
554 318.1146914286219 1.066347347058822
555 410.1468096686813 1.068272161764704
556 537.888491035778 1.070196976470587
557 697.4320561901703 1.072121791176469
558 876.9724906869531 1.074046605882351
559 1065.344020102549 1.075971420588234
560 1234.544003565819 1.077896235294116
561 1374.335100189308 1.079821049999998
562 1463.373094877065 1.081745864705881
563 1667.684781563494 1.083670679411763
564 2394.232417081335 1.085595494117645
565 3074.79675156691 1.087520308823528
566 3091.012891285277 1.08944512352941
567 2380.089701866424 1.091369938235292
568 1811.944726651286 1.093294752941175
569 1613.503127489351 1.095219567647057
570 1819.328613769227 1.097144382352939
571 2212.090663872869 1.099069197058822
572 2208.721188769312 1.100994011764704
573 1546.958265025018 1.102918826470586
574 1115.718230720068 1.104843641176469
575 1123.924300322649 1.106768455882351
576 1129.909875684055 1.108693270588234
577 864.7397328106979 1.110618085294116
578 555.6092807398011 1.112542899999998
579 235.7598500921473 1.114467714705881
580 -59.63193687846645 1.116392529411763
581 -318.3501664277912 1.118317344117645
582 -554.9858447410057 1.120242158823528
583 -434.3727247295457 1.12216697352941
584 1271.502880082413 1.124091788235292
585 1895.387693584372 1.126016602941175
586 1453.733936995647 1.127941417647057
587 1038.67001673304 1.129866232352939
588 850.1033250919349 1.131791047058822
589 857.4654047922777 1.133715861764704
590 1123.043083120932 1.135640676470586
591 1347.052206368306 1.137565491176469
592 1402.184395948468 1.139490305882351
593 1269.719418487513 1.141415120588233
594 1038.322678123744 1.143339935294116
595 719.5884642915069 1.145264749999998
596 406.1855333103967 1.147189564705881
597 196.5782686014942 1.149114379411763
598 157.4009540565825 1.151039194117645
599 233.6398346610752 1.152964008823528
600 497.7419613725587 1.15488882352941
601 803.4805613788527 1.156813638235292
602 978.6366489171755 1.158738452941175
603 955.1269913155519 1.160663267647057
604 851.238459390566 1.162588082352939
605 587.4351257865009 1.164512897058822
606 281.2219695524802 1.166437711764704
607 76.13896859754732 1.168362526470586
608 139.014548214509 1.170287341176469
609 435.9980341698125 1.172212155882351
610 842.2841032589694 1.174136970588233
611 1172.743328340472 1.176061785294116
612 1139.202290556346 1.177986599999998
613 1012.676183768659 1.17991141470588
614 296.7293169105958 1.181836229411763
615 -260.3220670829341 1.183761044117645
616 -60.27717661805429 1.185685858823528
617 736.3801832106109 1.18761067352941
618 1267.680120192483 1.189535488235292
619 681.0033245137931 1.191460302941175
620 119.9291562376619 1.193385117647057
621 -186.5516142155589 1.195309932352939
622 81.31559019856915 1.197234747058822
623 620.2003030111503 1.199159561764704
624 1104.727651057837 1.201084376470586
625 1271.806099960187 1.203009191176469
626 623.8812024745446 1.204934005882351
627 70.86325168172125 1.206858820588233
628 -44.37697971344668 1.208783635294116
629 537.0339072453417 1.210708449999998
630 1001.293832578782 1.21263326470588
631 868.4615922262435 1.214558079411763
632 386.9209272457273 1.216482894117645
633 -48.15674742702324 1.218407708823527
634 -200.3602034204726 1.22033252352941
635 81.63056254484643 1.222257338235292
636 435.4662001503607 1.224182152941174
637 685.354080369338 1.226106967647057
638 494.7718001310096 1.228031782352939
639 166.3095363838352 1.229956597058822
640 -209.4136598360069 1.231881411764704
641 -446.1409106442703 1.233806226470586
642 -314.7836679852201 1.235731041176469
643 167.9621055189108 1.237655855882351
644 641.2413704599154 1.239580670588233
645 813.5482109878091 1.241505485294116
646 444.0743947426396 1.243430299999998
647 42.97507206726259 1.24535511470588
648 -226.1794996339782 1.247279929411763
649 20.03561245005356 1.249204744117645
650 298.4858534193639 1.251129558823527
651 488.6095557891452 1.25305437352941
652 331.7969992612111 1.254979188235292
653 29.01178825901735 1.256904002941174
654 -267.7049431699186 1.258828817647057
655 -420.1284184860177 1.260753632352939
656 -225.8509725293894 1.262678447058821
657 3.628998271491324 1.264603261764704
658 150.6460649421875 1.266528076470586
659 19.41277033918118 1.268452891176469
660 -313.1202073871363 1.270377705882351
661 -624.5634678095319 1.272302520588233
662 -716.6006738554794 1.274227335294116
663 -210.0467711582535 1.276152149999998
664 317.0992760308169 1.27807696470588
665 590.176558632534 1.280001779411763
666 192.2758267203217 1.281926594117645
667 -196.3724718043898 1.283851408823527
668 -307.6474923776527 1.28577622352941
669 -89.51517941388434 1.287701038235292
670 136.7063220775276 1.289625852941174
671 214.1400654708227 1.291550667647057
672 -74.02164736760875 1.293475482352939
673 -374.8790843214958 1.295400297058821
674 -542.0357901760066 1.297325111764704
675 -365.5090490705921 1.299249926470586
676 -103.0755211189682 1.301174741176468
677 176.3726928772341 1.303099555882351
678 576.7317172989674 1.305024370588233
679 1483.82002071296 1.306949185294116
680 2951.222333352212 1.308873999999998
681 2410.525104402552 1.31079881470588
682 1284.948049659221 1.312723629411763
683 341.6000714740749 1.314648444117645
684 1592.341010064951 1.316573258823527
685 1298.189153701079 1.31849807352941
686 1047.967238314524 1.320422888235292
687 1048.09928521707 1.322347702941174
688 1160.310681040983 1.324272517647057
689 1247.012775278451 1.326197332352939
690 1206.206888138931 1.328122147058821
691 1160.277900592133 1.330046961764704
692 1165.022754281854 1.331971776470586
693 1193.027625190951 1.333896591176468
694 1251.991067409785 1.335821405882351
695 1292.096780308041 1.337746220588233
696 1281.920379114068 1.339671035294115
697 1264.885473604526 1.341595849999998
698 1256.194194581653 1.34352066470588
699 1282.192613996541 1.345445479411763
700 1321.51719826105 1.347370294117645
701 1359.232967963162 1.349295108823527
702 1367.297908742459 1.35121992352941
703 1367.810642539883 1.353144738235292
704 1337.529108663616 1.355069552941174
705 1220.902217853427 1.356994367647057
706 1146.282296809311 1.358919182352939
707 1186.482423182883 1.360843997058821
708 1228.117010648701 1.362768811764704
709 1234.216206298631 1.364693626470586
710 1210.211384294052 1.366618441176468
711 1178.741417388143 1.368543255882351
712 1162.675554036469 1.370468070588233
713 1178.190670140731 1.372392885294115
714 1196.691315142022 1.374317699999998
715 1207.828330232955 1.37624251470588
716 1196.472135681521 1.378167329411762
717 1177.20562851645 1.380092144117645
718 1157.883086134992 1.382016958823527
719 1154.647194942829 1.38394177352941
720 1159.70962545165 1.385866588235292
721 1168.439472546153 1.387791402941174
722 1178.484212686262 1.389716217647057
723 1182.508407082912 1.391641032352939
724 934.6722855592379 1.393565847058821
725 461.0769562849474 1.395490661764704
726 381.4965492265649 1.397415476470586
727 511.8288309578542 1.399340291176468
728 634.5037960701947 1.401265105882351
729 694.0356886402456 1.403189920588233
730 690.7553590251594 1.405114735294115
731 670.4523555195477 1.407039549999998
732 681.7469982146301 1.40896436470588
733 759.2752616632511 1.410889179411762
734 890.4278816957411 1.412813994117645
735 1028.321309435288 1.414738808823527
736 1097.027426878962 1.416663623529409
737 1101.316739644976 1.418588438235292
738 1094.038965970548 1.420513252941174
739 1114.182088171753 1.422438067647056
740 1183.796144722804 1.424362882352939
741 1363.966441583142 1.426287697058821
742 1563.274923433436 1.428212511764704
743 1638.207112409252 1.430137326470586
744 1171.267557862637 1.432062141176468
745 593.3700381793136 1.433986955882351
746 431.7097979945541 1.435911770588233
747 630.4604882273663 1.437836585294115
748 820.6012606008761 1.439761399999998
749 886.8157353938923 1.44168621470588
750 851.0829622967765 1.443611029411762
751 786.5479138115387 1.445535844117645
752 792.14636535764 1.447460658823527
753 940.3306431709996 1.449385473529409
754 1151.798783965637 1.451310288235292
755 1296.205218628243 1.453235102941174
756 1309.614875855749 1.455159917647056
757 1291.538341471123 1.457084732352939
758 1306.160090526342 1.459009547058821
759 1386.229106221733 1.460934361764703
760 1643.24886017099 1.462859176470586
761 1871.708181031263 1.464783991176468
762 1922.601330256693 1.466708805882351
763 1916.264594053975 1.468633620588233
764 1659.441324687268 1.470558435294115
765 1216.875166822568 1.472483249999998
766 993.6896159578272 1.47440806470588
767 1164.366384222887 1.476332879411762
768 1342.788915826913 1.478257694117645
769 1402.150732459415 1.480182508823527
770 1343.104996158573 1.482107323529409
771 1279.228544180107 1.484032138235292
772 1292.40975275017 1.485956952941174
773 1410.671487240638 1.487881767647056
774 1547.236513291288 1.489806582352939
775 1616.343568281907 1.491731397058821
776 1604.148694107975 1.493656211764703
777 1580.079391024532 1.495581026470586
778 1577.659666574526 1.497505841176468
779 1624.31707323825 1.49943065588235
780 1741.293587514541 1.501355470588233
781 1883.093827631143 1.503280285294115
782 1961.483615533772 1.505205099999998
783 1935.029855623546 1.50712991470588
784 1757.438936786187 1.509054729411762
785 1518.085284931307 1.510979544117645
786 1345.530471827924 1.512904358823527
787 1357.673331777453 1.514829173529409
788 1497.618843437993 1.516753988235292
789 1586.979650281471 1.518678802941174
790 1513.448015083282 1.520603617647056
791 1395.530363618509 1.522528432352939
792 1296.540415750266 1.524453247058821
793 1297.850157832769 1.526378061764703
794 1389.520058233978 1.528302876470586
795 1461.88741148198 1.530227691176468
796 1425.47230314262 1.53215250588235
797 1349.140484523713 1.534077320588233
798 1256.214281623339 1.536002135294115
799 1206.347146612647 1.537926949999997
800 1251.077795961957 1.53985176470588
801 1309.859709138846 1.541776579411762
802 1340.492565738687 1.543701394117645
803 1291.859895280366 1.545626208823527
804 1224.918958268863 1.547551023529409
805 1209.348223413795 1.549475838235292
806 1277.582817757714 1.551400652941174
807 1354.056667054182 1.553325467647056
808 1382.51290039343 1.555250282352939
809 1321.133608206126 1.557175097058821
810 1248.548365488261 1.559099911764703
811 1210.593565172765 1.561024726470586
812 1249.163155287838 1.562949541176468
813 1304.402086049667 1.56487435588235
814 1337.158605803664 1.566799170588233
815 1314.301453292884 1.568723985294115
816 1260.668129075292 1.570648799999997
817 1204.262614699659 1.57257361470588
818 1188.120901626949 1.574498429411762
819 1230.54488162972 1.576423244117644
820 1275.935492812089 1.578348058823527
821 1287.95979433853 1.580272873529409
822 1255.239376953765 1.582197688235291
823 1205.866046763706 1.584122502941174
824 1028.158696984434 1.586047317647056
825 780.8036124203809 1.587972132352939
826 676.1104554610398 1.589896947058821
827 829.2512806685519 1.591821761764703
828 998.3572052258941 1.593746576470586
829 1096.764046747999 1.595671391176468
830 1101.73365670274 1.59759620588235
831 1095.609589931636 1.599521020588233
832 1129.429868606304 1.601445835294115
833 1214.828897068024 1.603370649999997
834 1403.843975386659 1.60529546470588
835 1555.810760805614 1.607220279411762
836 1584.766343596345 1.609145094117644
837 1584.628184540244 1.611069908823527
838 1604.92469390065 1.612994723529409
839 1697.853167184509 1.614919538235291
840 1880.367964926762 1.616844352941174
841 2036.158360897613 1.618769167647056
842 2083.734001654666 1.620693982352938
843 2089.251056606844 1.622618797058821
844 1855.419725585654 1.624543611764703
845 1392.93717696729 1.626468426470586
846 1226.989766576658 1.628393241176468
847 1336.027964642486 1.63031805588235
848 1427.900193617704 1.632242870588233
849 1384.438262326891 1.634167685294115
850 1243.978646909047 1.636092499999997
851 992.1689315093986 1.63801731470588
852 343.2968834993691 1.639942129411762
853 -617.3167164502104 1.641866944117644
854 -1491.765129272029 1.643791758823527
855 -2240.212645325804 1.645716573529409
856 -1776.122800993832 1.647641388235291
857 -385.3762685382648 1.649566202941174
858 405.9629293991161 1.651491017647056
859 242.2528438460328 1.653415832352938
860 92.99258744217434 1.655340647058821
861 59.44845328740387 1.657265461764703
862 310.554115691276 1.659190276470585
863 541.8815645717704 1.661115091176468
864 742.045911213288 1.66303990588235
865 936.9941584567133 1.664964720588233
866 1070.084022623787 1.666889535294115
867 1023.258716001572 1.668814349999997
868 868.8462898650595 1.67073916470588
869 698.1124465442267 1.672663979411762
870 544.3651118509812 1.674588794117644
871 474.6795063172158 1.676513608823527
872 489.5599372026728 1.678438423529409
873 518.2342078971052 1.680363238235291
874 540.8738919902902 1.682288052941174
875 486.0096907917933 1.684212867647056
876 294.0196099621834 1.686137682352938
877 65.83701319936358 1.688062497058821
878 -146.4416996503797 1.689987311764703
879 -256.2544708814208 1.691912126470585
880 -209.074552023136 1.693836941176468
881 -142.6879579219957 1.69576175588235
882 -99.00505469801789 1.697686570588232
883 -228.8836563412335 1.699611385294115
884 -582.9125762826181 1.701536199999997
885 -937.8333744219603 1.70346101470588
886 -866.9388043082241 1.705385829411762
887 -566.3688683392219 1.707310644117644
888 -286.6890591679748 1.709235458823527
889 -203.5661408357869 1.711160273529409
890 -245.2104442663817 1.713085088235291
891 -282.3060322655275 1.715009902941174
892 -182.1986686748735 1.716934717647056
893 78.52906981423881 1.718859532352938
894 338.6990536765219 1.720784347058821
895 497.3792706319271 1.722709161764703
896 493.7824000211455 1.724633976470585
897 491.0330309634844 1.726558791176468
898 563.8321565345508 1.72848360588235
899 802.1024627540237 1.730408420588232
900 1060.923055784647 1.732333235294115
901 1291.775539488783 1.734258049999997
902 1437.877252815224 1.736182864705879
903 1496.641824606876 1.738107679411762
904 1622.920417758111 1.740032494117644
905 2294.265145066883 1.741957308823527
906 2988.993270661728 1.743882123529409
907 3250.780982554536 1.745806938235291
908 2623.745410528506 1.747731752941174
909 1982.955476684897 1.749656567647056
910 1557.461760632943 1.751581382352938
911 1683.679159318684 1.753506197058821
912 2135.744289283418 1.755431011764703
913 1986.29155025433 1.757355826470585
914 1514.295733668613 1.759280641176468
915 1281.044959076467 1.76120545588235
916 1212.49593516662 1.763130270588232
917 1090.104657877396 1.765055085294115
918 814.5481911337546 1.766979899999997
919 521.6668025033971 1.768904714705879
920 239.7425128009542 1.770829529411762
921 -21.22160405901619 1.772754344117644
922 -267.6195817122368 1.774679158823526
923 -517.7236710623132 1.776603973529409
924 -359.0571516324651 1.778528788235291
925 1139.361956443479 1.780453602941173
926 1918.277284760278 1.782378417647056
927 1533.312547809929 1.784303232352938
928 1116.994599704728 1.786228047058821
929 851.909675456592 1.788152861764703
930 768.5141945839205 1.790077676470585
931 913.6295004585261 1.792002491176468
932 1127.450338549878 1.79392730588235
933 1315.190009598769 1.795852120588232
934 1389.45657531373 1.797776935294115
935 1313.392714343364 1.799701749999997
936 1077.387423790831 1.801626564705879
937 722.9610933989219 1.803551379411762
938 321.9757333431252 1.805476194117644
939 23.62166076863399 1.807401008823526
940 -42.83729976343078 1.809325823529409
941 32.20218878102048 1.811250638235291
942 386.3227919153761 1.813175452941173
943 823.6677159852287 1.815100267647056
944 1142.965263092207 1.817025082352938
945 1200.498212951175 1.81894989705882
946 1106.294070906174 1.820874711764703
947 709.9332343669593 1.822799526470585
948 230.3027799055601 1.824724341176468
949 -67.34808573992279 1.82664915588235
950 -10.38736435674753 1.828573970588232
951 328.193275279439 1.830498785294115
952 947.5603896720017 1.832423599999997
953 1379.783032603143 1.834348414705879
954 1004.621711634985 1.836273229411762
955 544.6933519685625 1.838198044117644
956 134.477613851886 1.840122858823526
957 -61.47553280878837 1.842047673529409
958 331.0576528137375 1.843972488235291
959 750.0011317492882 1.845897302941173
960 1037.244179055868 1.847822117647056
961 844.6868103901859 1.849746932352938
962 514.5600860884296 1.85167174705882
963 122.6427358394408 1.853596561764703
964 -102.9398178419258 1.855521376470585
965 338.2670718071361 1.857446191176467
966 812.8943840218842 1.85937100588235
967 1131.152737234124 1.861295820588232
968 906.4639293248848 1.863220635294115
969 555.6142388896573 1.865145449999997
970 205.3272689168618 1.867070264705879
971 1.604568764604552 1.868995079411762
972 191.1224545429583 1.870919894117644
973 468.2103546698422 1.872844708823526
974 708.1292560423203 1.874769523529409
975 777.4254933816076 1.876694338235291
976 389.3309864466041 1.878619152941173
977 -18.25634417318551 1.880543967647056
978 -291.8708011048179 1.882468782352938
979 -140.8497319421058 1.88439359705882
980 140.3358375227635 1.886318411764703
981 401.4532856651277 1.888243226470585
982 487.1945900372544 1.890168041176467
983 83.89651257883058 1.89209285588235
984 -272.6382072880002 1.894017670588232
985 -234.1342503195382 1.895942485294114
986 474.3158859085207 1.897867299999997
987 976.7195258647445 1.899792114705879
988 546.7039398776401 1.901716929411762
989 55.30054799958723 1.903641744117644
990 -257.3317144185646 1.905566558823526
991 -132.0776320630178 1.907491373529409
992 229.9093572994372 1.909416188235291
993 505.6223348708488 1.911341002941173
994 374.529731516901 1.913265817647056
995 25.23548865256102 1.915190632352938
996 -327.6233215859237 1.91711544705882
997 -522.6550409400812 1.919040261764703
998 -255.8455696977989 1.920965076470585
999 22.34431826638732 1.922889891176467
1000 155.8011030272695 1.92481470588235
1001 -175.3432966250155 1.926739520588232
1002 -512.4672984249315 1.928664335294114
1003 -708.8125812086051 1.930589149999997
1004 -295.0453127996118 1.932513964705879
1005 201.20041965983 1.934438779411761
1006 571.5616787443735 1.936363594117644
1007 326.0529299705752 1.938288408823526
1008 -16.5709920192827 1.940213223529409
1009 -281.3928758852475 1.942138038235291
1010 -265.9341963367298 1.944062852941173
1011 -28.25280174235932 1.945987667647056
1012 186.401959499445 1.947912482352938
1013 169.8265854184876 1.94983729705882
1014 -191.3731112822206 1.951762111764703
1015 -499.900661769773 1.953686926470585
1016 -432.616306260983 1.955611741176467
1017 201.5922181812429 1.95753655588235
1018 934.701909755766 1.959461370588232
1019 1988.758446820641 1.961386185294114
1020 4157.45073894235 1.963310999999997
