"ven-kin-energy-rfile"
"Time Step" "report-ven-kin-energy etc.."
("Time Step" "report-ven-kin-energy" "flow-time")
20 0.6146485677464649 0.03849629411764705
40 3.040243043465801 0.07699258823529403
60 23.39824909010257 0.115488882352941
80 33.1344660000874 0.153985176470588
100 20.0916347373224 0.192481470588235
120 14.63677128519637 0.230977764705882
140 12.86303316753468 0.269474058823529
160 10.6377382248607 0.307970352941176
180 7.461951479293444 0.346466647058823
200 7.636273596909288 0.38496294117647
220 7.606082255461775 0.4234592352941169
240 29.57736369490072 0.4619555294117639
260 33.1564207479726 0.500451823529411
280 26.14154362743912 0.538948117647058
300 19.4039530509308 0.577444411764705
320 9.480073640914828 0.6159407058823519
340 1.686541646275312 0.6544369999999989
360 1.519795347918612 0.6929332941176459
380 3.533577327458846 0.7314295882352929
400 24.78895397640149 0.7699258823529399
420 36.16088033208558 0.8084221764705869
440 22.20514371937838 0.8469184705882339
460 15.94782249516207 0.8854147647058809
480 14.2551337754423 0.9239110588235279
500 12.51215654750789 0.9624073529411749
520 8.769512219922481 1.000903647058822
540 9.058839729192528 1.039399941176469
560 8.076246720497743 1.077896235294116
580 32.81509717760158 1.116392529411763
600 31.65105885544717 1.15488882352941
620 26.8159094446071 1.193385117647057
640 20.84342158577998 1.231881411764704
660 10.71354648466405 1.270377705882351
680 2.32631817240129 1.308873999999998
700 1.936144596662959 1.347370294117645
720 3.655027095929706 1.385866588235292
740 25.66469237923785 1.424362882352939
760 38.64781934908135 1.462859176470586
780 23.67197892802443 1.501355470588233
800 16.22446572644702 1.53985176470588
820 14.45345987900155 1.578348058823527
840 13.4142723381186 1.616844352941174
860 8.948036136051945 1.655340647058821
880 9.056859697072023 1.693836941176468
900 7.516147499623009 1.732333235294115
920 34.76041942942378 1.770829529411762
940 32.66050220762164 1.809325823529409
960 27.9041383918311 1.847822117647056
980 20.66375599515425 1.886318411764703
1000 11.51910693331526 1.92481470588235
1020 2.587259769509685 1.963310999999997