"avrg-wss-ventricle"
"Time Step" "flow-time etc.."
("Time Step" "flow-time" "report-avrg-wss-ventricle")
1 0.001924814705882353 3.076314116898842
2 0.003849629411764706 0.6722567313475297
3 0.005774444117647059 0.5265406721139121
4 0.007699258823529412 0.263355718723887
5 0.009624073529411765 0.2153670759525712
6 0.01154888823529412 0.1994054341228032
7 0.01347370294117647 0.2086466918861108
8 0.01539851764705882 0.2310805316880956
9 0.01732333235294118 0.2564506844831132
10 0.01924814705882353 0.2655909539867278
11 0.02117296176470588 0.2687421015068934
12 0.02309777647058824 0.2693095544555709
13 0.02502259117647059 0.2668209143285072
14 0.02694740588235294 0.2608009504338576
15 0.02887222058823529 0.2520207063800459
16 0.03079703529411765 0.2412858098148655
17 0.03272185 0.2290938766212863
18 0.03464666470588235 0.215905849039344
19 0.0365714794117647 0.2023085663413569
20 0.03849629411764705 0.1893952505899045
21 0.04042110882352939 0.1784377898734416
22 0.04234592352941174 0.1849795904730938
23 0.04427073823529409 0.2166908387437712
24 0.04619555294117644 0.2529040564146379
25 0.04812036764705879 0.2763170881154176
26 0.05004518235294114 0.2896100724869382
27 0.05196999705882349 0.3022409340847863
28 0.05389481176470584 0.3183325077202531
29 0.05581962647058819 0.3347251241432656
30 0.05774444117647054 0.3459648435061648
31 0.05966925588235289 0.3535085138299207
32 0.06159407058823524 0.3606845588840154
33 0.06351888529411759 0.3691177554693413
34 0.06544369999999994 0.3780249030705261
35 0.06736851470588229 0.3845629628263768
36 0.06929332941176464 0.3896079290183315
37 0.07121814411764699 0.3944965870706207
38 0.07314295882352934 0.3998656363019716
39 0.07506777352941169 0.4055714369543882
40 0.07699258823529403 0.4105534958508666
41 0.07891740294117638 0.4148872208456514
42 0.08084221764705873 0.5271986818803632
43 0.08276703235294108 0.7455581088078335
44 0.08469184705882343 0.9086127743658901
45 0.08661666176470578 1.010254292260871
46 0.08854147647058813 1.075541513660701
47 0.09046629117647048 1.119151411743297
48 0.09239110588235283 1.143607122162608
49 0.09431592058823518 1.148703920302858
50 0.09624073529411753 1.136902827612672
51 0.09816554999999988 1.11338720192251
52 0.1000903647058822 1.081817504194252
53 0.1020151794117646 1.044114532905553
54 0.1039399941176469 1.001328960298819
55 0.1058648088235293 0.9544970687634833
56 0.1077896235294116 0.9060432574422737
57 0.109714438235294 0.8605478890010724
58 0.1116392529411763 0.8192555961118161
59 0.1135640676470587 0.78472211703281
60 0.115488882352941 0.7588737376209146
61 0.1174136970588234 0.7417024389176547
62 0.1193385117647057 0.7507836817801515
63 0.1212633264705881 0.8295884224131047
64 0.1231881411764704 0.9273007787940769
65 0.1251129558823528 0.9669428973880196
66 0.1270377705882351 0.9642209637025232
67 0.1289625852941175 0.9646636999185055
68 0.1308873999999998 0.9823197947824746
69 0.1328122147058822 1.007114818552849
70 0.1347370294117645 1.021659687197685
71 0.1366618441176469 1.019496470932135
72 0.1385866588235292 0.9984832151499329
73 0.1405114735294116 0.9805913736877527
74 0.1424362882352939 0.9749247477508084
75 0.1443611029411763 0.9769852419025874
76 0.1462859176470586 0.9770516544916511
77 0.148210732352941 0.9686849782291901
78 0.1501355470588233 0.9618435977494089
79 0.1520603617647057 0.975245151740079
80 0.153985176470588 1.009495793871694
81 0.1559099911764704 1.063084103963916
82 0.1578348058823527 1.068345710514576
83 0.1597596205882351 0.9846855106573488
84 0.1616844352941174 0.942502213952511
85 0.1636092499999998 0.9284635928017758
86 0.1655340647058821 0.9230307572518577
87 0.1674588794117645 0.9181115543282943
88 0.1693836941176468 0.9145293521143979
89 0.1713085088235292 0.9073383670349805
90 0.1732333235294115 0.9020675844930238
91 0.1751581382352939 0.9077949537757369
92 0.1770829529411762 0.9267391892256563
93 0.1790077676470586 0.9490919386005187
94 0.1809325823529409 0.9692025825643115
95 0.1828573970588233 0.9866061710105634
96 0.1847822117647056 1.013146531991366
97 0.186707026470588 1.063652338663977
98 0.1886318411764703 1.137386281609982
99 0.1905566558823527 1.211594401219427
100 0.192481470588235 1.271659399459057
101 0.1944062852941174 1.315837466059194
102 0.1963310999999997 1.333357008919977
103 0.1982559147058821 1.276543722781752
104 0.2001807294117644 1.191143048022341
105 0.2021055441176468 1.161207969062861
106 0.2040303588235291 1.162953364267405
107 0.2059551735294115 1.158079215572007
108 0.2078799882352938 1.127911926806414
109 0.2098048029411761 1.079378463146453
110 0.2117296176470585 1.050480131344067
111 0.2136544323529408 1.030930364444867
112 0.2155792470588232 1.010376479019106
113 0.2175040617647055 0.9934145540278972
114 0.2194288764705879 0.9792826215576554
115 0.2213536911764702 0.9628545511203285
116 0.2232785058823526 0.9340576288572665
117 0.2252033205882349 0.9019147079877841
118 0.2271281352941173 0.87308838189581
119 0.2290529499999996 0.857247019643071
120 0.230977764705882 0.849076644514519
121 0.2329025794117643 0.8373460375440326
122 0.2348273941176467 0.8171338718017525
123 0.236752208823529 0.8023347464883718
124 0.2386770235294114 0.8002599423289327
125 0.2406018382352937 0.8054867246284968
126 0.2425266529411761 0.8015062722221044
127 0.2444514676470584 0.7901120634599037
128 0.2463762823529408 0.7749145054790556
129 0.2483010970588231 0.7634913178074175
130 0.2502259117647055 0.7544776105869978
131 0.2521507264705878 0.7464461758939668
132 0.2540755411764702 0.7395881021680437
133 0.2560003558823525 0.732776931060679
134 0.2579251705882349 0.7246519949311532
135 0.2598499852941172 0.7128021489669982
136 0.2617747999999996 0.7007761764123566
137 0.2636996147058819 0.6918222217100535
138 0.2656244294117643 0.6858375727879276
139 0.2675492441176466 0.6816497793157082
140 0.269474058823529 0.6765370949849395
141 0.2713988735294113 0.6700032856223573
142 0.2733236882352937 0.6622140360588999
143 0.275248502941176 0.669789665798346
144 0.2771733176470584 0.6904497171717743
145 0.2790981323529407 0.6943480299898527
146 0.2810229470588231 0.6861387082954261
147 0.2829477617647054 0.6779450105934995
148 0.2848725764705878 0.6722010480113196
149 0.2867973911764701 0.6673840761708297
150 0.2887222058823525 0.6581409072744854
151 0.2906470205882348 0.64111298026668
152 0.2925718352941172 0.6283244323454991
153 0.2944966499999995 0.6251334146017963
154 0.2964214647058819 0.6303496463069663
155 0.2983462794117642 0.64355420795748
156 0.3002710941176466 0.6676635456119374
157 0.3021959088235289 0.7132046900412649
158 0.3041207235294113 0.7797958796832845
159 0.3060455382352936 0.8524151030207686
160 0.307970352941176 0.9275484864115343
161 0.3098951676470583 1.009447002336723
162 0.3118199823529407 1.028062367299632
163 0.313744797058823 0.9420764388173758
164 0.3156696117647054 0.8565745284957696
165 0.3175944264705877 0.8186106846969332
166 0.3195192411764701 0.8042219734595084
167 0.3214440558823524 0.7827466289271341
168 0.3233688705882348 0.7563397107594899
169 0.3252936852941171 0.7320500403217689
170 0.3272184999999995 0.7174284167626438
171 0.3291433147058818 0.7158471861798775
172 0.3310681294117642 0.7155676109708594
173 0.3329929441176465 0.7342718320549678
174 0.3349177588235289 0.7728500113854995
175 0.3368425735294112 0.7854682522004724
176 0.3387673882352936 0.7615719481585769
177 0.3406922029411759 0.7227873522619993
178 0.3426170176470583 0.6859281257039492
179 0.3445418323529406 0.6592320510527019
180 0.346466647058823 0.6363855717643169
181 0.3483914617647053 0.6209772114132489
182 0.3503162764705877 0.6379635723684874
183 0.35224109117647 0.7165938780828648
184 0.3541659058823524 0.7902655317980081
185 0.3560907205882347 0.8390228289680752
186 0.3580155352941171 0.8636184392982914
187 0.3599403499999994 0.8721963667857311
188 0.3618651647058818 0.8826911041892495
189 0.3637899794117641 0.8982432405198244
190 0.3657147941176465 0.9176418454743228
191 0.3676396088235288 0.9345450862537503
192 0.3695644235294112 0.9337740418908702
193 0.3714892382352935 0.9129884148839935
194 0.3734140529411759 0.8797631421115083
195 0.3753388676470582 0.8393545827471068
196 0.3772636823529406 0.804883400641883
197 0.3791884970588229 0.7801941815222272
198 0.3811133117647053 0.7635714479466624
199 0.3830381264705876 0.7434525558531307
200 0.38496294117647 0.710506766650339
201 0.3868877558823523 0.6557341084296416
202 0.3888125705882347 0.5910295579806093
203 0.390737385294117 0.5564728923108442
204 0.3926621999999994 0.5545147925187535
205 0.3945870147058817 0.5567216247010122
206 0.396511829411764 0.5553736745256516
207 0.3984366441176464 0.5524592336952255
208 0.4003614588235287 0.5484134397066053
209 0.4022862735294111 0.5422335107181928
210 0.4042110882352934 0.5301051086042056
211 0.4061359029411758 0.5158317709361045
212 0.4080607176470581 0.5119791510685486
213 0.4099855323529405 0.5222774094363254
214 0.4119103470588228 0.541154849541069
215 0.4138351617647052 0.5673021618347805
216 0.4157599764705875 0.6017192005145394
217 0.4176847911764699 0.6613267132935299
218 0.4196096058823522 0.7577113033062239
219 0.4215344205882346 0.8784396080349474
220 0.4234592352941169 1.002574439680493
221 0.4253840499999993 1.132867581251423
222 0.4273088647058816 1.274313884780469
223 0.429233679411764 1.539870819150404
224 0.4311584941176463 1.87251190373216
225 0.4330833088235287 2.099638959873581
226 0.435008123529411 2.241937716469465
227 0.4369329382352934 2.316060378582696
228 0.4388577529411757 2.43282003256908
229 0.4407825676470581 2.55834365888344
230 0.4427073823529404 2.640229585160902
231 0.4446321970588228 2.678832804328357
232 0.4465570117647051 2.678151452867553
233 0.4484818264705875 2.658950933620355
234 0.4504066411764698 2.632646275500409
235 0.4523314558823522 2.595736157461736
236 0.4542562705882345 2.535671130957189
237 0.4561810852941169 2.437635109612563
238 0.4581058999999992 2.301211691793948
239 0.4600307147058816 2.129169295324892
240 0.4619555294117639 1.933262940342388
241 0.4638803441176463 1.724830742523754
242 0.4658051588235286 1.560900297693149
243 0.467729973529411 1.828627715353819
244 0.4696547882352933 2.129256619923113
245 0.4715796029411757 2.20110888573459
246 0.473504417647058 2.134478850415526
247 0.4754292323529404 2.133772799304944
248 0.4773540470588227 2.17645414352345
249 0.4792788617647051 2.276968575220929
250 0.4812036764705874 2.36599768671712
251 0.4831284911764698 2.451400895814912
252 0.4850533058823521 2.46155573352878
253 0.4869781205882345 2.377543152064824
254 0.4889029352941168 2.278768033779718
255 0.4908277499999992 2.180431281545473
256 0.4927525647058815 2.095200014043806
257 0.4946773794117639 2.102583429662041
258 0.4966021941176462 2.178848763779794
259 0.4985270088235286 2.186506150985444
260 0.500451823529411 2.132498715585988
261 0.5023766382352933 2.052419868244137
262 0.5043014529411757 1.902143064887772
263 0.506226267647058 1.748368645207908
264 0.5081510823529404 1.793527369876945
265 0.5100758970588227 1.962569521942545
266 0.5120007117647051 2.013127372101254
267 0.5139255264705874 1.976698527112709
268 0.5158503411764698 1.936632625377538
269 0.5177751558823521 1.832375590156252
270 0.5196999705882345 1.72914350266973
271 0.5216247852941168 1.659576020674074
272 0.5235495999999992 1.751096041284229
273 0.5254744147058815 1.911322112374238
274 0.5273992294117639 1.919642449884052
275 0.5293240441176462 1.813398088865044
276 0.5312488588235286 1.69522411929345
277 0.5331736735294109 1.603372491630504
278 0.5350984882352933 1.546298607277242
279 0.5370233029411756 1.615035606568975
280 0.538948117647058 1.776441862030377
281 0.5408729323529403 1.774489322242641
282 0.5427977470588227 1.647766279685677
283 0.544722561764705 1.546781342725021
284 0.5466473764705874 1.589522393376378
285 0.5485721911764697 1.728909045148327
286 0.5504970058823521 1.807612458749941
287 0.5524218205882344 1.809513052077692
288 0.5543466352941168 1.740999629489846
289 0.5562714499999991 1.589172370339882
290 0.5581962647058815 1.500567074636734
291 0.5601210794117638 1.489177360530741
292 0.5620458941176462 1.55710490134077
293 0.5639707088235285 1.632507843811881
294 0.5658955235294109 1.597421604439798
295 0.5678203382352932 1.476824414294819
296 0.5697451529411756 1.345294558641442
297 0.5716699676470579 1.245859477446981
298 0.5735947823529403 1.180583738182441
299 0.5755195970588226 1.195295704975865
300 0.577444411764705 1.289730024471563
301 0.5793692264705873 1.257684300233533
302 0.5812940411764697 1.133066749992991
303 0.583218855882352 1.070541496381672
304 0.5851436705882344 1.108132166877856
305 0.5870684852941167 1.233103143813651
306 0.5889932999999991 1.268113430771179
307 0.5909181147058814 1.217936926340081
308 0.5928429294117638 1.105562570027381
309 0.5947677441176461 1.005111449571259
310 0.5966925588235285 0.9808587964386775
311 0.5986173735294108 1.026598118832306
312 0.6005421882352932 1.06228328362064
313 0.6024670029411755 1.017926561742365
314 0.6043918176470578 0.9115331647400635
315 0.6063166323529402 0.8004571036393255
316 0.6082414470588225 0.7322605208986942
317 0.6101662617647049 0.7003811397038374
318 0.6120910764705872 0.7043550067292751
319 0.6140158911764696 0.6883751798406506
320 0.6159407058823519 0.6486177271866295
321 0.6178655205882343 0.5894878266342773
322 0.6197903352941166 0.520517290365025
323 0.621715149999999 0.5048885504917309
324 0.6236399647058813 0.5682597108657984
325 0.6255647794117637 0.5874082606151283
326 0.627489594117646 0.560879767652795
327 0.6294144088235284 0.5135640778666858
328 0.6313392235294107 0.4722974933857605
329 0.6332640382352931 0.4446396755111287
330 0.6351888529411754 0.4484346145867716
331 0.6371136676470578 0.4642587120794915
332 0.6390384823529401 0.4520864370140321
333 0.6409632970588225 0.4092268452295181
334 0.6428881117647048 0.362480866669042
335 0.6448129264705872 0.3339814442000461
336 0.6467377411764695 0.3119579200472099
337 0.6486625558823519 0.2952282991168777
338 0.6505873705882342 0.3036013292674031
339 0.6525121852941166 0.3822131062617414
340 0.6544369999999989 0.4799150732778383
341 0.6563618147058813 0.4739486682189277
342 0.6582866294117636 0.6706814109857386
343 0.660211444117646 0.3852662681750285
344 0.6621362588235283 0.3319163773303762
345 0.6640610735294107 0.4015215878369495
346 0.665985888235293 0.441024323040313
347 0.6679107029411754 0.4181380968124219
348 0.6698355176470577 0.3858667894030983
349 0.6717603323529401 0.3981641334854449
350 0.6736851470588224 0.4270959021473941
351 0.6756099617647048 0.4292349943093969
352 0.6775347764705871 0.4131459609208054
353 0.6794595911764695 0.3946192698874493
354 0.6813844058823518 0.3851170266582074
355 0.6833092205882342 0.3808340085126177
356 0.6852340352941165 0.3746262485235426
357 0.6871588499999989 0.3646131180495348
358 0.6890836647058812 0.3489543522690803
359 0.6910084794117636 0.331951793975175
360 0.6929332941176459 0.3132586352764275
361 0.6948581088235283 0.2960638045719291
362 0.6967829235294106 0.2834327516429737
363 0.698707738235293 0.278263443840832
364 0.7006325529411753 0.312803282375807
365 0.7025573676470577 0.3587334478449936
366 0.70448218235294 0.3732501803744901
367 0.7064069970588224 0.372641135152551
368 0.7083318117647047 0.3817086026143053
369 0.7102566264705871 0.3989174851714928
370 0.7121814411764694 0.4141762740057354
371 0.7141062558823518 0.4249984556000666
372 0.7160310705882341 0.43198931277244
373 0.7179558852941165 0.4341082573355732
374 0.7198806999999988 0.4345481562912676
375 0.7218055147058812 0.4368717820460629
376 0.7237303294117635 0.4441584491505927
377 0.7256551441176459 0.4532303541763077
378 0.7275799588235282 0.4620446199942535
379 0.7295047735294106 0.4661431151567293
380 0.7314295882352929 0.4667097541391891
381 0.7333544029411753 0.4640524719760223
382 0.7352792176470576 0.4602425595479804
383 0.73720403235294 0.5275679604768616
384 0.7391288470588223 0.7772329694604998
385 0.7410536617647047 0.9841413110206033
386 0.742978476470587 1.082555914977292
387 0.7449032911764694 1.106527344063043
388 0.7468281058823517 1.118795494857916
389 0.7487529205882341 1.142566147648758
390 0.7506777352941164 1.180012342156679
391 0.7526025499999988 1.201808435172699
392 0.7545273647058811 1.183747680166226
393 0.7564521794117635 1.1091581219109
394 0.7583769941176458 1.043590158877902
395 0.7603018088235282 1.000273195394484
396 0.7622266235294105 0.9751657770117211
397 0.7641514382352929 0.956236406746954
398 0.7660762529411752 0.9302408797774454
399 0.7680010676470576 0.8811364868982724
400 0.7699258823529399 0.814862552544293
401 0.7718506970588223 0.7699988428612308
402 0.7737755117647046 0.7601401001519896
403 0.775700326470587 0.7828185698658722
404 0.7776251411764693 0.8720007026725357
405 0.7795499558823517 0.9749501614803116
406 0.781474770588234 1.007939964652164
407 0.7833995852941164 0.9805716278398102
408 0.7853243999999987 0.971808616925405
409 0.7872492147058811 0.9903339081576492
410 0.7891740294117634 1.029322399170739
411 0.7910988441176457 1.053035552972764
412 0.7930236588235281 1.045844649595262
413 0.7949484735294104 1.011314921531483
414 0.7968732882352928 0.9884275968557873
415 0.7987981029411751 0.9848418408225528
416 0.8007229176470575 0.9910510770847203
417 0.8026477323529398 0.9971137874721541
418 0.8045725470588222 0.9971397538246759
419 0.8064973617647045 0.9871595990545617
420 0.8084221764705869 0.989839931249184
421 0.8103469911764692 1.032160883645345
422 0.8122718058823516 1.093574521984873
423 0.8141966205882339 1.087172439868027
424 0.8161214352941163 1.002492030832819
425 0.8180462499999986 0.9680494662923327
426 0.819971064705881 0.9540643722271045
427 0.8218958794117633 0.9445467337409953
428 0.8238206941176457 0.9405741595268736
429 0.825745508823528 0.9381431339665147
430 0.8276703235294104 0.9339017809206834
431 0.8295951382352927 0.9297144566109597
432 0.8315199529411751 0.930932848590947
433 0.8334447676470574 0.9543876896353185
434 0.8353695823529398 0.9799635531105041
435 0.8372943970588221 0.9989746273969331
436 0.8392192117647045 1.01099313837953
437 0.8411440264705868 1.032074018307072
438 0.8430688411764692 1.076192195764726
439 0.8449936558823515 1.156719626481181
440 0.8469184705882339 1.241730521662284
441 0.8488432852941162 1.303407176171818
442 0.8507680999999986 1.345290084670991
443 0.8526929147058809 1.365303897933221
444 0.8546177294117633 1.310313709567052
445 0.8565425441176456 1.2156997933695
446 0.858467358823528 1.176241177709566
447 0.8603921735294103 1.181045460174256
448 0.8623169882352927 1.182555862198313
449 0.864241802941175 1.157612755137294
450 0.8661666176470574 1.111051767665411
451 0.8680914323529397 1.073378866598552
452 0.8700162470588221 1.049154326472057
453 0.8719410617647044 1.032794832970214
454 0.8738658764705868 1.022567979706577
455 0.8757906911764691 1.009842580802795
456 0.8777155058823515 0.9897982892393731
457 0.8796403205882338 0.9600608042462927
458 0.8815651352941162 0.930176268458402
459 0.8834899499999985 0.9056386507805138
460 0.8854147647058809 0.8899995571947241
461 0.8873395794117632 0.8822021209847185
462 0.8892643941176456 0.8733624339838064
463 0.8911892088235279 0.8589402605712038
464 0.8931140235294103 0.8452207283315968
465 0.8950388382352926 0.8401225507608012
466 0.896963652941175 0.8385660055627104
467 0.8988884676470573 0.8366909877950501
468 0.9008132823529397 0.8289187438742359
469 0.902738097058822 0.8195874292708069
470 0.9046629117647044 0.8093993019554649
471 0.9065877264705867 0.7996359699082787
472 0.9085125411764691 0.7894564326333582
473 0.9104373558823514 0.7783484320875129
474 0.9123621705882338 0.768788024383161
475 0.9142869852941161 0.7631567499662093
476 0.9162117999999985 0.7581757586326129
477 0.9181366147058808 0.7515611668925767
478 0.9200614294117632 0.7414740800487509
479 0.9219862441176455 0.7316128824154334
480 0.9239110588235279 0.7253025285886154
481 0.9258358735294102 0.7210330035767727
482 0.9277606882352926 0.7176208864952466
483 0.9296855029411749 0.7121803813719801
484 0.9316103176470573 0.719780907253789
485 0.9335351323529396 0.7496769828450451
486 0.935459947058822 0.7536163382588323
487 0.9373847617647043 0.7408584409237223
488 0.9393095764705867 0.7328372923784759
489 0.941234391176469 0.730454681235996
490 0.9431592058823514 0.7280328874180559
491 0.9450840205882337 0.7145843367660217
492 0.9470088352941161 0.6956228665860784
493 0.9489336499999984 0.6829953716941636
494 0.9508584647058808 0.6782898909555177
495 0.9527832794117631 0.6792255725520935
496 0.9547080941176455 0.6864895126064791
497 0.9566329088235278 0.7053575774165748
498 0.9585577235294102 0.7457611533598472
499 0.9604825382352925 0.8057692290782533
500 0.9624073529411749 0.8746482860634857
501 0.9643321676470572 0.9447250048365269
502 0.9662569823529396 1.018844480589586
503 0.9681817970588219 1.041332808801589
504 0.9701066117647043 0.9592079279355818
505 0.9720314264705866 0.8652216370552416
506 0.973956241176469 0.8323716395836654
507 0.9758810558823513 0.8261082946102255
508 0.9778058705882336 0.803316046569743
509 0.979730685294116 0.7734093802494127
510 0.9816554999999983 0.7519251205841304
511 0.9835803147058807 0.7451416557979007
512 0.985505129411763 0.7426185587661868
513 0.9874299441176454 0.7697770398461251
514 0.9893547588235277 0.8152420260871243
515 0.9912795735294101 0.8308381781347539
516 0.9932043882352924 0.8092678794538084
517 0.9951292029411748 0.7674762698767419
518 0.9970540176470571 0.7239835787160716
519 0.9989788323529395 0.6936043488155934
520 1.000903647058822 0.6685083554288961
521 1.002828461764704 0.6533255753818159
522 1.004753276470587 0.6468607761401441
523 1.006678091176469 0.67026088759918
524 1.008602905882351 0.7406301443226223
525 1.010527720588234 0.8246589832696741
526 1.012452535294116 0.8667857113508819
527 1.014377349999998 0.881462201762069
528 1.016302164705881 0.892852280163948
529 1.018226979411763 0.9112574038038745
530 1.020151794117645 0.9367621868558476
531 1.022076608823528 0.9620207500823537
532 1.02400142352941 0.9833278637734105
533 1.025926238235292 0.987196095262582
534 1.027851052941175 0.9496115217308514
535 1.029775867647057 0.888916600829297
536 1.03170068235294 0.8457121578965002
537 1.033625497058822 0.8208688733757727
538 1.035550311764704 0.8169416493065385
539 1.037475126470587 0.8129542091732257
540 1.039399941176469 0.7735096941752843
541 1.041324755882351 0.7088647930095154
542 1.043249570588234 0.652878802514733
543 1.045174385294116 0.6117203596730937
544 1.047099199999998 0.5917741735969413
545 1.049024014705881 0.5874770606844157
546 1.050948829411763 0.588696625224716
547 1.052873644117645 0.5908120469394275
548 1.054798458823528 0.5903726536815848
549 1.05672327352941 0.5846439099748093
550 1.058648088235292 0.5740185533616241
551 1.060572902941175 0.561758604088476
552 1.062497717647057 0.5522840377758061
553 1.064422532352939 0.5493445086703882
554 1.066347347058822 0.5549766994308105
555 1.068272161764704 0.5705955831420091
556 1.070196976470587 0.5986663438344296
557 1.072121791176469 0.6435600157315836
558 1.074046605882351 0.7075682818289275
559 1.075971420588234 0.790155199213328
560 1.077896235294116 0.8908485479343001
561 1.079821049999998 1.008228276205663
562 1.081745864705881 1.134915918915721
563 1.083670679411763 1.281621501402501
564 1.085595494117645 1.537452903570681
565 1.087520308823528 1.86922914956199
566 1.08944512352941 2.128775844375977
567 1.091369938235292 2.258169004665228
568 1.093294752941175 2.298310765768735
569 1.095219567647057 2.348161542437123
570 1.097144382352939 2.447188877158202
571 1.099069197058822 2.593344368107393
572 1.100994011764704 2.714631712806745
573 1.102918826470586 2.709793030448739
574 1.104843641176469 2.639928777910387
575 1.106768455882351 2.615576827993777
576 1.108693270588234 2.595783163518139
577 1.110618085294116 2.53081855381402
578 1.112542899999998 2.425418660833287
579 1.114467714705881 2.290259063622973
580 1.116392529411763 2.133113631990109
581 1.118317344117645 1.96295236407749
582 1.120242158823528 1.78401262593305
583 1.12216697352941 1.66358941023095
584 1.124091788235292 1.854458804414706
585 1.126016602941175 2.099250153248713
586 1.127941417647057 2.207590037733453
587 1.129866232352939 2.213559299747409
588 1.131791047058822 2.225402557807409
589 1.133715861764704 2.243210271833681
590 1.135640676470586 2.296061404829298
591 1.137565491176469 2.389940220076805
592 1.139490305882351 2.46118731352013
593 1.141415120588233 2.487665802326254
594 1.143339935294116 2.442248379701034
595 1.145264749999998 2.373628221851067
596 1.147189564705881 2.282508622008772
597 1.149114379411763 2.17682410128268
598 1.151039194117645 2.077312526943334
599 1.152964008823528 1.997328718775103
600 1.15488882352941 1.965051182838812
601 1.156813638235292 1.992707915824439
602 1.158738452941175 2.025190615694202
603 1.160663267647057 2.045702100492872
604 1.162588082352939 2.027325534401079
605 1.164512897058822 1.996687798967959
606 1.166437711764704 1.926755098645145
607 1.168362526470586 1.830832699843328
608 1.170287341176469 1.755308303855522
609 1.172212155882351 1.744711239025257
610 1.174136970588233 1.826263218145503
611 1.176061785294116 1.922199323699754
612 1.177986599999998 1.972567541213134
613 1.17991141470588 1.975108435235653
614 1.181836229411763 1.902949288782611
615 1.183761044117645 1.722554852561632
616 1.185685858823528 1.627852717063837
617 1.18761067352941 1.690605528688196
618 1.189535488235292 1.844473813469215
619 1.191460302941175 1.807402661490804
620 1.193385117647057 1.672345286845414
621 1.195309932352939 1.551228343481358
622 1.197234747058822 1.516344939177634
623 1.199159561764704 1.575833064712874
624 1.201084376470586 1.705660132774842
625 1.203009191176469 1.824419378735563
626 1.204934005882351 1.782482766257661
627 1.206858820588233 1.646553042251705
628 1.208783635294116 1.552741658171605
629 1.210708449999998 1.5968842796735
630 1.21263326470588 1.721384206869076
631 1.214558079411763 1.74587670886201
632 1.216482894117645 1.684278969362263
633 1.218407708823527 1.554750681216467
634 1.22033252352941 1.442985885606063
635 1.222257338235292 1.40353891685725
636 1.224182152941174 1.439728983466245
637 1.226106967647057 1.497993439267993
638 1.228031782352939 1.487022072954584
639 1.229956597058822 1.402330840397062
640 1.231881411764704 1.290164225972514
641 1.233806226470586 1.165452457049056
642 1.235731041176469 1.081968656176848
643 1.237655855882351 1.087153623880345
644 1.239580670588233 1.188578953995577
645 1.241505485294116 1.285995938255928
646 1.243430299999998 1.280507320833689
647 1.24535511470588 1.193473486443535
648 1.247279929411763 1.093213225449684
649 1.249204744117645 1.06665327671307
650 1.251129558823527 1.104913558748179
651 1.25305437352941 1.140539893927814
652 1.254979188235292 1.121354517335308
653 1.256904002941174 1.056499495203339
654 1.258828817647057 0.9545609864807689
655 1.260753632352939 0.8547376113833648
656 1.262678447058821 0.8040663206301384
657 1.264603261764704 0.8003589468848811
658 1.266528076470586 0.8030733255561548
659 1.268452891176469 0.7785072428858179
660 1.270377705882351 0.7083769500951934
661 1.272302520588233 0.6217394108000563
662 1.274227335294116 0.5579245148666642
663 1.276152149999998 0.5313084938302765
664 1.27807696470588 0.5579720921701171
665 1.280001779411763 0.6249027046583615
666 1.281926594117645 0.6268418706123294
667 1.283851408823527 0.5701958516202553
668 1.28577622352941 0.5202077156221505
669 1.287701038235292 0.5004789811395731
670 1.289625852941174 0.513876398827914
671 1.291550667647057 0.5293194045065748
672 1.293475482352939 0.501285034114585
673 1.295400297058821 0.4454023222023268
674 1.297325111764704 0.398124032144371
675 1.299249926470586 0.3653526031435341
676 1.301174741176468 0.341282838607171
677 1.303099555882351 0.3191104793147619
678 1.305024370588233 0.3139814840611786
679 1.306949185294116 0.3575070347553267
680 1.308873999999998 0.448666138654591
681 1.31079881470588 0.4336063970653406
682 1.312723629411763 0.4687943081232124
683 1.314648444117645 0.7019998551640194
684 1.316573258823527 0.3825751938837592
685 1.31849807352941 0.3510803701961009
686 1.320422888235292 0.4279389395809879
687 1.322347702941174 0.4365204743788455
688 1.324272517647057 0.4162642532291129
689 1.326197332352939 0.4001243792859203
690 1.328122147058821 0.4073208040216807
691 1.330046961764704 0.4239462169945504
692 1.331971776470586 0.4276429222799055
693 1.333896591176468 0.4211865968962239
694 1.335821405882351 0.4073948486603117
695 1.337746220588233 0.3893898068108029
696 1.339671035294115 0.3751818609264168
697 1.341595849999998 0.367073960525434
698 1.34352066470588 0.3623283324579856
699 1.345445479411763 0.3537814565483071
700 1.347370294117645 0.3363663086271759
701 1.349295108823527 0.3137330586587934
702 1.35121992352941 0.2964345232048501
703 1.353144738235292 0.286542480526729
704 1.355069552941174 0.2834401893045601
705 1.356994367647057 0.3139216744751707
706 1.358919182352939 0.3564639380883539
707 1.360843997058821 0.3739312216393392
708 1.362768811764704 0.3755141314558417
709 1.364693626470586 0.3818388795330186
710 1.366618441176468 0.3951617028270407
711 1.368543255882351 0.412816104886102
712 1.370468070588233 0.4253280304810685
713 1.372392885294115 0.4310967655497164
714 1.374317699999998 0.4313082382064627
715 1.37624251470588 0.4314262948709303
716 1.378167329411762 0.4351551133091637
717 1.380092144117645 0.4440681400347659
718 1.382016958823527 0.4527076108341937
719 1.38394177352941 0.4585593398312094
720 1.385866588235292 0.4606197551328761
721 1.387791402941174 0.4615058682792441
722 1.389716217647057 0.4614120544191372
723 1.391641032352939 0.46099624096049
724 1.393565847058821 0.5313509689696966
725 1.395490661764704 0.7785634494214365
726 1.397415476470586 0.9795085498764741
727 1.399340291176468 1.077280310828407
728 1.401265105882351 1.106202785003684
729 1.403189920588233 1.122690418366101
730 1.405114735294115 1.150583159830254
731 1.407039549999998 1.189805527999559
732 1.40896436470588 1.211094740322388
733 1.410889179411762 1.200167199294577
734 1.412813994117645 1.133495192746134
735 1.414738808823527 1.06014657710589
736 1.416663623529409 1.002052333097456
737 1.418588438235292 0.964894814330396
738 1.420513252941174 0.9427626446573875
739 1.422438067647056 0.9209990298669237
740 1.424362882352939 0.8851792569502009
741 1.426287697058821 0.8290187744706949
742 1.428212511764704 0.7729465272967154
743 1.430137326470586 0.7486620943506657
744 1.432062141176468 0.7701658986623892
745 1.433986955882351 0.866817593740534
746 1.435911770588233 0.9676067545947432
747 1.437836585294115 0.9958633661963033
748 1.439761399999998 0.9741856999187729
749 1.44168621470588 0.9671931049958596
750 1.443611029411762 0.9871203336344169
751 1.445535844117645 1.027563002336974
752 1.447460658823527 1.052480208297671
753 1.449385473529409 1.043960819562394
754 1.451310288235292 1.001057194514679
755 1.453235102941174 0.9764275908764705
756 1.455159917647056 0.9770482215954125
757 1.457084732352939 0.9895029496273622
758 1.459009547058821 0.9953350207816631
759 1.460934361764703 0.9889590461738126
760 1.462859176470586 0.9703929293260884
761 1.464783991176468 0.9797182152268271
762 1.466708805882351 1.026617057851048
763 1.468633620588233 1.087131093888402
764 1.470558435294115 1.082918096547747
765 1.472483249999998 0.9953565853037297
766 1.47440806470588 0.9541925432365305
767 1.476332879411762 0.9418655143625208
768 1.478257694117645 0.9365929246547913
769 1.480182508823527 0.9341765498592788
770 1.482107323529409 0.9310554566601108
771 1.484032138235292 0.9251006246995589
772 1.485956952941174 0.922983349106981
773 1.487881767647056 0.9277978662945989
774 1.489806582352939 0.9563574225545464
775 1.491731397058821 0.9872595144692529
776 1.493656211764703 1.009987419576387
777 1.495581026470586 1.023338915190973
778 1.497505841176468 1.041370393128533
779 1.49943065588235 1.07588254234276
780 1.501355470588233 1.142895792048521
781 1.503280285294115 1.225504939989574
782 1.505205099999998 1.300548625538737
783 1.50712991470588 1.350225513802102
784 1.509054729411762 1.353738470850655
785 1.510979544117645 1.292081201220318
786 1.512904358823527 1.207384386715601
787 1.514829173529409 1.169142910652734
788 1.516753988235292 1.166764029334631
789 1.518678802941174 1.178935639477707
790 1.520603617647056 1.155443750914526
791 1.522528432352939 1.103324062565568
792 1.524453247058821 1.060706242690206
793 1.526378061764703 1.039540767069107
794 1.528302876470586 1.033091196724964
795 1.530227691176468 1.03122870964047
796 1.53215250588235 1.013393161524047
797 1.534077320588233 0.9790374873295875
798 1.536002135294115 0.9488296253500221
799 1.537926949999997 0.925354672765034
800 1.53985176470588 0.90992106492013
801 1.541776579411762 0.90177602111096
802 1.543701394117645 0.8933877413919087
803 1.545626208823527 0.8769208558260981
804 1.547551023529409 0.8553809613216676
805 1.549475838235292 0.8444822837107938
806 1.551400652941174 0.8450119562719876
807 1.553325467647056 0.8513054580461851
808 1.555250282352939 0.8481863211954728
809 1.557175097058821 0.8347769691170859
810 1.559099911764703 0.8181059361324708
811 1.561024726470586 0.8076754839233167
812 1.562949541176468 0.8030172599149065
813 1.56487435588235 0.8017773943228715
814 1.566799170588233 0.7975980166489997
815 1.568723985294115 0.7881984778741273
816 1.570648799999997 0.7751289172283115
817 1.57257361470588 0.7646336412734186
818 1.574498429411762 0.7568913824553291
819 1.576423244117644 0.7513319610001947
820 1.578348058823527 0.7476733782146542
821 1.580272873529409 0.7429781810221641
822 1.582197688235291 0.7366155650553687
823 1.584122502941174 0.7288944658576295
824 1.586047317647056 0.7219944964876208
825 1.587972132352939 0.7251701288867346
826 1.589896947058821 0.7451782485652978
827 1.591821761764703 0.7504340802269098
828 1.593746576470586 0.7421722796513416
829 1.595671391176468 0.7316715114709383
830 1.59759620588235 0.7247638838152577
831 1.599521020588233 0.7200418372861968
832 1.601445835294115 0.7128660944879944
833 1.603370649999997 0.7007155222219349
834 1.60529546470588 0.6902558734926441
835 1.607220279411762 0.6887914430061193
836 1.609145094117644 0.6958082210506716
837 1.611069908823527 0.7073612853301728
838 1.612994723529409 0.724367407430393
839 1.614919538235291 0.7538752956534005
840 1.616844352941174 0.8103709424586979
841 1.618769167647056 0.8873849760517244
842 1.620693982352938 0.9658515351529762
843 1.622618797058821 1.041030123223271
844 1.624543611764703 1.054732436065238
845 1.626468426470586 0.9634958630311754
846 1.628393241176468 0.8826710343943235
847 1.63031805588235 0.8478481313044118
848 1.632242870588233 0.8351097740103395
849 1.634167685294115 0.8149160433722222
850 1.636092499999997 0.7904533673597266
851 1.63801731470588 0.7756280673623484
852 1.639942129411762 0.7709576083332272
853 1.641866944117644 0.7999488847972515
854 1.643791758823527 0.8429069545021001
855 1.645716573529409 0.8557178188274045
856 1.647641388235291 0.8376191621928517
857 1.649566202941174 0.797072719579024
858 1.651491017647056 0.7530331786513037
859 1.653415832352938 0.7215661480540355
860 1.655340647058821 0.6963521061860227
861 1.657265461764703 0.6803473999651289
862 1.659190276470585 0.6689184096722539
863 1.661115091176468 0.6722549386130885
864 1.66303990588235 0.6969114667302875
865 1.664964720588233 0.7524135765198994
866 1.666889535294115 0.8226073794669049
867 1.668814349999997 0.8762328027742771
868 1.67073916470588 0.9060282318952813
869 1.672663979411762 0.9180858470714223
870 1.674588794117644 0.9192447730956496
871 1.676513608823527 0.9177270573535652
872 1.678438423529409 0.9225230085110994
873 1.680363238235291 0.9354104149737965
874 1.682288052941174 0.9467244636460216
875 1.684212867647056 0.9480971711745458
876 1.686137682352938 0.9303533506448065
877 1.688062497058821 0.8914124753763133
878 1.689987311764703 0.8430993683571939
879 1.691912126470585 0.797527153603883
880 1.693836941176468 0.7634945207049736
881 1.69576175588235 0.7416661065822463
882 1.697686570588232 0.7227991142844979
883 1.699611385294115 0.6929168662245013
884 1.701536199999997 0.6418226772433536
885 1.70346101470588 0.5970855077284215
886 1.705385829411762 0.5916461640644736
887 1.707310644117644 0.5946310919945181
888 1.709235458823527 0.5927143359611705
889 1.711160273529409 0.5876600657085954
890 1.713085088235291 0.5828906746890586
891 1.715009902941174 0.577841252831482
892 1.716934717647056 0.5690055939012929
893 1.718859532352938 0.5548820854023619
894 1.720784347058821 0.5478318020084411
895 1.722709161764703 0.5591505018059545
896 1.724633976470585 0.5775779273553755
897 1.726558791176468 0.5987221496184243
898 1.72848360588235 0.6285854252721307
899 1.730408420588232 0.6848813290352713
900 1.732333235294115 0.7734800305384023
901 1.734258049999997 0.8857581626770713
902 1.736182864705879 1.012643680294025
903 1.738107679411762 1.143443613310708
904 1.740032494117644 1.277573390257915
905 1.741957308823527 1.519245322368008
906 1.743882123529409 1.853816346051838
907 1.745806938235291 2.142366916815098
908 1.747731752941174 2.303667134961321
909 1.749656567647056 2.356074630734011
910 1.751581382352938 2.386339185893484
911 1.753506197058821 2.464007327830247
912 1.755431011764703 2.600639739839478
913 1.757355826470585 2.687765480355087
914 1.759280641176468 2.690444172288085
915 1.76120545588235 2.663477220622861
916 1.763130270588232 2.640307496025258
917 1.765055085294115 2.604708841573555
918 1.766979899999997 2.530650457665217
919 1.768904714705879 2.422660931989352
920 1.770829529411762 2.290220069531759
921 1.772754344117644 2.139889795836154
922 1.774679158823526 1.976605266608261
923 1.776603973529409 1.802249781358759
924 1.778528788235291 1.692841866453445
925 1.780453602941173 1.848337665699257
926 1.782378417647056 2.102306344451997
927 1.784303232352938 2.214750865624277
928 1.786228047058821 2.229240397817957
929 1.788152861764703 2.234179307657963
930 1.790077676470585 2.230166348428963
931 1.792002491176468 2.25092154874594
932 1.79392730588235 2.316976806315035
933 1.795852120588232 2.392100127456864
934 1.797776935294115 2.454034770762629
935 1.799701749999997 2.484267110818203
936 1.801626564705879 2.450613718439181
937 1.803551379411762 2.364385209278636
938 1.805476194117644 2.254018699453207
939 1.807401008823526 2.120407414920763
940 1.809325823529409 1.993801755533087
941 1.811250638235291 1.893821449370633
942 1.813175452941173 1.849570323270353
943 1.815100267647056 1.8995550623135
944 1.817025082352938 1.978145476997247
945 1.81894989705882 2.056050592335268
946 1.820874711764703 2.095976333058913
947 1.822799526470585 2.066793685057513
948 1.824724341176468 1.938003107611915
949 1.82664915588235 1.814818699799137
950 1.828573970588232 1.724113473481617
951 1.830498785294115 1.709476159992635
952 1.832423599999997 1.792259849967902
953 1.834348414705879 1.936640172804163
954 1.836273229411762 1.949945222954091
955 1.838198044117644 1.868025626117616
956 1.840122858823526 1.769578114306597
957 1.842047673529409 1.671969076474824
958 1.843972488235291 1.655574443538083
959 1.845897302941173 1.728256079208433
960 1.847822117647056 1.810575239603621
961 1.849746932352938 1.815372526984441
962 1.85167174705882 1.746627626424885
963 1.853596561764703 1.658685491617176
964 1.855521376470585 1.563189217223509
965 1.857446191176467 1.563285340352893
966 1.85937100588235 1.665951077829721
967 1.861295820588232 1.773337211720434
968 1.863220635294115 1.793365155484416
969 1.865145449999997 1.738993680226533
970 1.867070264705879 1.664378176527362
971 1.868995079411762 1.578974563669141
972 1.870919894117644 1.543066449684611
973 1.872844708823526 1.564715093823306
974 1.874769523529409 1.613611127957052
975 1.876694338235291 1.652942439338957
976 1.878619152941173 1.604688613120907
977 1.880543967647056 1.477624507945527
978 1.882468782352938 1.350052804338931
979 1.88439359705882 1.284718891266555
980 1.886318411764703 1.278509308356903
981 1.888243226470585 1.300142137382319
982 1.890168041176467 1.31702344280597
983 1.89209285588235 1.252686616926319
984 1.894017670588232 1.132370662691331
985 1.895942485294114 1.062665757130742
986 1.897867299999997 1.130530052670153
987 1.899792114705879 1.286768704914767
988 1.901716929411762 1.286268534462772
989 1.903641744117644 1.191622098523564
990 1.905566558823526 1.089419677588424
991 1.907491373529409 1.030941078592491
992 1.909416188235291 1.039999554262665
993 1.911341002941173 1.09712803587003
994 1.913265817647056 1.096858869179681
995 1.915190632352938 1.033190569532014
996 1.91711544705882 0.9187429047877218
997 1.919040261764703 0.8092969402834848
998 1.920965076470585 0.761899034764027
999 1.922889891176467 0.7631228323747903
1000 1.92481470588235 0.7660252560953816
1001 1.926739520588232 0.7149347879728436
1002 1.928664335294114 0.6374580128481344
1003 1.930589149999997 0.5702234498871134
1004 1.932513964705879 0.534747299195821
1005 1.934438779411761 0.5454283586650586
1006 1.936363594117644 0.6120991715496973
1007 1.938288408823526 0.6341616076895711
1008 1.940213223529409 0.6008172045666743
1009 1.942138038235291 0.543712471837636
1010 1.944062852941173 0.5031246045972985
1011 1.945987667647056 0.4921255725292495
1012 1.947912482352938 0.5116350319580131
1013 1.94983729705882 0.5209942183765146
1014 1.951762111764703 0.4767395982767482
1015 1.953686926470585 0.4157450895070907
1016 1.955611741176467 0.3730753408485201
1017 1.95753655588235 0.3446984376795423
1018 1.959461370588232 0.3137891332639131
1019 1.961386185294114 0.3374731256192646
1020 1.963310999999997 0.4249334035828073
