"ven-vol"
"Time Step" "flow-time etc.."
("Time Step" "flow-time" "report-ven-vol")
1 0.001924814705882353 4.257418539597868e-05
2 0.003849629411764706 4.255768836201542e-05
3 0.005774444117647059 4.254948366764705e-05
4 0.007699258823529412 4.254903737652721e-05
5 0.009624073529411765 4.255581846900559e-05
6 0.01154888823529412 4.256929710048028e-05
7 0.01347370294117647 4.258894306337341e-05
8 0.01539851764705882 4.261422445176312e-05
9 0.01732333235294118 4.264460652770286e-05
10 0.01924814705882353 4.26795507880979e-05
11 0.02117296176470588 4.271851423107984e-05
12 0.02309777647058824 4.276094882074794e-05
13 0.02502259117647059 4.280630114922444e-05
14 0.02694740588235294 4.285401229505162e-05
15 0.02887222058823529 4.290351787700575e-05
16 0.03079703529411765 4.295424830259008e-05
17 0.03272185 4.300562921060989e-05
18 0.03464666470588235 4.305708210743395e-05
19 0.0365714794117647 4.310802519675929e-05
20 0.03849629411764705 4.315787440300363e-05
21 0.04042110882352939 4.320604458866991e-05
22 0.04234592352941174 4.325537641193899e-05
23 0.04427073823529409 4.330914962580232e-05
24 0.04619555294117644 4.336744084096075e-05
25 0.04812036764705879 4.343033019234613e-05
26 0.05004518235294114 4.349790066760232e-05
27 0.05196999705882349 4.357023749139497e-05
28 0.05389481176470584 4.36474275642864e-05
29 0.05581962647058819 4.372955895541565e-05
30 0.05774444117647054 4.381672044860259e-05
31 0.05966925588235289 4.390900114185377e-05
32 0.06159407058823524 4.4006490100609e-05
33 0.06351888529411759 4.4109276065318e-05
34 0.06544369999999994 4.42174472141919e-05
35 0.06736851470588229 4.433109098214606e-05
36 0.06929332941176464 4.445029393712062e-05
37 0.07121814411764699 4.457514171507448e-05
38 0.07314295882352934 4.470571901497669e-05
39 0.07506777352941169 4.484210965520066e-05
40 0.07699258823529403 4.49843966926129e-05
41 0.07891740294117638 4.51326626056816e-05
42 0.08084221764705873 4.53015596055381e-05
43 0.08276703235294108 4.550417854812213e-05
44 0.08469184705882343 4.573828140919999e-05
45 0.08661666176470578 4.600164614439467e-05
46 0.08854147647058813 4.629205142145456e-05
47 0.09046629117647048 4.660726268276405e-05
48 0.09239110588235283 4.694501952124175e-05
49 0.09431592058823518 4.730302436161584e-05
50 0.09624073529411753 4.767893244704453e-05
51 0.09816554999999988 4.80703431382154e-05
52 0.1000903647058822 4.847479253814323e-05
53 0.1020151794117646 4.888974746128037e-05
54 0.1039399941176469 4.931260076991269e-05
55 0.1058648088235293 4.9740668104287e-05
56 0.1077896235294116 5.017118603563086e-05
57 0.109714438235294 5.060131167280508e-05
58 0.1116392529411763 5.10281237542365e-05
59 0.1135640676470587 5.144862525669261e-05
60 0.115488882352941 5.185974755140495e-05
61 0.1174136970588234 5.225835613629585e-05
62 0.1193385117647057 5.266312560381846e-05
63 0.1212633264705881 5.309332263590562e-05
64 0.1231881411764704 5.354662570583624e-05
65 0.1251129558823528 5.402066257809139e-05
66 0.1270377705882351 5.451299805839137e-05
67 0.1289625852941175 5.502112313711793e-05
68 0.1308873999999998 5.554244555190825e-05
69 0.1328122147058822 5.607428180329453e-05
70 0.1347370294117645 5.661385066389805e-05
71 0.1366618441176469 5.715826822700858e-05
72 0.1385866588235292 5.77045445444548e-05
73 0.1405114735294116 5.824958190618987e-05
74 0.1424362882352939 5.879017481543082e-05
75 0.1443611029411763 5.932301171309602e-05
76 0.1462859176470586 5.984467850388891e-05
77 0.148210732352941 6.035166393367971e-05
78 0.1501355470588233 6.084036686373574e-05
79 0.1520603617647057 6.130710548196065e-05
80 0.153985176470588 6.174812848447952e-05
81 0.1559099911764704 6.215962825290291e-05
82 0.1578348058823527 6.255626517544573e-05
83 0.1597596205882351 6.295447262802157e-05
84 0.1616844352941174 6.335304636333071e-05
85 0.1636092499999998 6.375075120217892e-05
86 0.1655340647058821 6.414632063929518e-05
87 0.1674588794117645 6.453845680782439e-05
88 0.1693836941176468 6.492583080950497e-05
89 0.1713085088235292 6.530708341743635e-05
90 0.1732333235294115 6.56808261580478e-05
91 0.1751581382352939 6.604564277849321e-05
92 0.1770829529411762 6.640009110516237e-05
93 0.1790077676470586 6.674270529847695e-05
94 0.1809325823529409 6.707199850823159e-05
95 0.1828573970588233 6.73864659329875e-05
96 0.1847822117647056 6.768458828599517e-05
97 0.186707026470588 6.796483566898837e-05
98 0.1886318411764703 6.822567185395335e-05
99 0.1905566558823527 6.84655589716728e-05
100 0.192481470588235 6.868296260426505e-05
101 0.1944062852941174 6.887635727743876e-05
102 0.1963310999999997 6.905313430147983e-05
103 0.1982559147058821 6.922205062981971e-05
104 0.2001807294117644 6.938364506597295e-05
105 0.2021055441176468 6.953846344683242e-05
106 0.2040303588235291 6.968705811138536e-05
107 0.2059551735294115 6.982998740785611e-05
108 0.2078799882352938 6.996781523982361e-05
109 0.2098048029411761 7.010111065188811e-05
110 0.2117296176470585 7.023044745533075e-05
111 0.2136544323529408 7.035640389419636e-05
112 0.2155792470588232 7.04795623521662e-05
113 0.2175040617647055 7.060050910056671e-05
114 0.2194288764705879 7.071983408779187e-05
115 0.2213536911764702 7.083813077046129e-05
116 0.2232785058823526 7.09559959865047e-05
117 0.2252033205882349 7.107402987054124e-05
118 0.2271281352941173 7.119283581166817e-05
119 0.2290529499999996 7.131302045405089e-05
120 0.230977764705882 7.143519374049454e-05
121 0.2329025794117643 7.155996899932556e-05
122 0.2348273941176467 7.168606311712981e-05
123 0.236752208823529 7.181190052924473e-05
124 0.2386770235294114 7.193765893729211e-05
125 0.2406018382352937 7.206351656340901e-05
126 0.2425266529411761 7.218965208245915e-05
127 0.2444514676470584 7.231624456687254e-05
128 0.2463762823529408 7.244347344367449e-05
129 0.2483010970588231 7.257151846488708e-05
130 0.2502259117647055 7.270055968643719e-05
131 0.2521507264705878 7.283077746963288e-05
132 0.2540755411764702 7.296235248179361e-05
133 0.2560003558823525 7.309546571944041e-05
134 0.2579251705882349 7.323029853988853e-05
135 0.2598499852941172 7.336703270592401e-05
136 0.2617747999999996 7.350585045116133e-05
137 0.2636996147058819 7.364693451448321e-05
138 0.2656244294117643 7.379046827136551e-05
139 0.2675492441176466 7.393663581152279e-05
140 0.269474058823529 7.408562201971436e-05
141 0.2713988735294113 7.423761268673341e-05
142 0.2733236882352937 7.440256540332466e-05
143 0.275248502941176 7.458852163717354e-05
144 0.2771733176470584 7.479278868987832e-05
145 0.2790981323529407 7.501266130158912e-05
146 0.2810229470588231 7.524541588081018e-05
147 0.2829477617647054 7.548830565445668e-05
148 0.2848725764705878 7.573855677513565e-05
149 0.2867973911764701 7.599336539249036e-05
150 0.2887222058823525 7.624989569689778e-05
151 0.2906470205882348 7.650527894524497e-05
152 0.2925718352941172 7.675661347895388e-05
153 0.2944966499999995 7.700096574476427e-05
154 0.2964214647058819 7.723537232836145e-05
155 0.2983462794117642 7.745684301002343e-05
156 0.3002710941176466 7.766236485017616e-05
157 0.3021959088235289 7.784890731078739e-05
158 0.3041207235294113 7.801342841610556e-05
159 0.3060455382352936 7.815288195336752e-05
160 0.307970352941176 7.82642257106443e-05
161 0.3098951676470583 7.834443074499368e-05
162 0.3118199823529407 7.840777406592973e-05
163 0.313744797058823 7.84703555616466e-05
164 0.3156696117647054 7.853189724979009e-05
165 0.3175944264705877 7.859212206123008e-05
166 0.3195192411764701 7.865075393235015e-05
167 0.3214440558823524 7.870751787667019e-05
168 0.3233688705882348 7.876214003563707e-05
169 0.3252936852941171 7.881434770788928e-05
170 0.3272184999999995 7.8863869356936e-05
171 0.3291433147058818 7.89104345966034e-05
172 0.3310681294117642 7.89537741538072e-05
173 0.3329929441176465 7.899361980863669e-05
174 0.3349177588235289 7.90297043106646e-05
175 0.3368425735294112 7.906176127199231e-05
176 0.3387673882352936 7.908952503624552e-05
177 0.3406922029411759 7.911273052375558e-05
178 0.3426170176470583 7.913111305218613e-05
179 0.3445418323529406 7.914440813662442e-05
180 0.346466647058823 7.915235124815876e-05
181 0.3483914617647053 7.915467762040179e-05
182 0.3503162764705877 7.914488067061991e-05
183 0.35224109117647 7.911758769961993e-05
184 0.3541659058823524 7.907424036409439e-05
185 0.3560907205882347 7.901628648986477e-05
186 0.3580155352941171 7.894517765242207e-05
187 0.3599403499999994 7.886236709004214e-05
188 0.3618651647058818 7.876930779801615e-05
189 0.3637899794117641 7.866745087294024e-05
190 0.3657147941176465 7.855824408859942e-05
191 0.3676396088235288 7.84431307060248e-05
192 0.3695644235294112 7.832354851721867e-05
193 0.3714892382352935 7.820092912400845e-05
194 0.3734140529411759 7.807669744941047e-05
195 0.3753388676470582 7.795227148391315e-05
196 0.3772636823529406 7.782906226364905e-05
197 0.3791884970588229 7.770847408082391e-05
198 0.3811133117647053 7.759190492587413e-05
199 0.3830381264705876 7.748074715987951e-05
200 0.38496294117647 7.737638841654533e-05
201 0.3868877558823523 7.728021273356228e-05
202 0.3888125705882347 7.719548734480666e-05
203 0.390737385294117 7.712336061405153e-05
204 0.3926621999999994 7.706205179816165e-05
205 0.3945870147058817 7.70097913806486e-05
206 0.396511829411764 7.69648105898285e-05
207 0.3984366441176464 7.692533235809015e-05
208 0.4003614588235287 7.688956371850784e-05
209 0.4022862735294111 7.685568963370669e-05
210 0.4042110882352934 7.682186825888776e-05
211 0.4061359029411758 7.678622763297544e-05
212 0.4080607176470581 7.674686379852355e-05
213 0.4099855323529405 7.670184034772843e-05
214 0.4119103470588228 7.664918939234156e-05
215 0.4138351617647052 7.658691395465018e-05
216 0.4157599764705875 7.651299177588915e-05
217 0.4176847911764699 7.642538053744339e-05
218 0.4196096058823522 7.632202448866598e-05
219 0.4215344205882346 7.620086247551071e-05
220 0.4234592352941169 7.60598373561565e-05
221 0.4253840499999993 7.58969068005856e-05
222 0.4273088647058816 7.570057241004875e-05
223 0.429233679411764 7.546320742956595e-05
224 0.4311584941176463 7.518861261052959e-05
225 0.4330833088235287 7.488059895667557e-05
226 0.435008123529411 7.454297290459133e-05
227 0.4369329382352934 7.41795230854208e-05
228 0.4388577529411757 7.379400864803263e-05
229 0.4407825676470581 7.339014916339755e-05
230 0.4427073823529404 7.297161609903308e-05
231 0.4446321970588228 7.254202585301588e-05
232 0.4465570117647051 7.210493433103374e-05
233 0.4484818264705875 7.166383304576835e-05
234 0.4504066411764698 7.12221467145646e-05
235 0.4523314558823522 7.078323232918477e-05
236 0.4542562705882345 7.035037967002653e-05
237 0.4561810852941169 6.99268132369109e-05
238 0.4581058999999992 6.951569556913995e-05
239 0.4600307147058816 6.912013192913732e-05
240 0.4619555294117639 6.874317632654706e-05
241 0.4638803441176463 6.838783886314059e-05
242 0.4658051588235286 6.803890311807089e-05
243 0.467729973529411 6.767993204485914e-05
244 0.4696547882352933 6.731207933936629e-05
245 0.4715796029411757 6.693649745449445e-05
246 0.473504417647058 6.655433247694422e-05
247 0.4754292323529404 6.61667195249732e-05
248 0.4773540470588227 6.577477866438552e-05
249 0.4792788617647051 6.537961133853456e-05
250 0.4812036764705874 6.498229730671065e-05
251 0.4831284911764698 6.458389208423495e-05
252 0.4850533058823521 6.41854248764178e-05
253 0.4869781205882345 6.378789699788206e-05
254 0.4889029352941168 6.339228076791482e-05
255 0.4908277499999992 6.299951887213964e-05
256 0.4927525647058815 6.261052418034352e-05
257 0.4946773794117639 6.222618001019692e-05
258 0.4966021941176462 6.184734082657129e-05
259 0.4985270088235286 6.147483336624431e-05
260 0.500451823529411 6.110945817823941e-05
261 0.5023766382352933 6.075199157035624e-05
262 0.5043014529411757 6.039925079164573e-05
263 0.506226267647058 6.004767203977441e-05
264 0.5081510823529404 5.969743962408045e-05
265 0.5100758970588227 5.934873291510551e-05
266 0.5120007117647051 5.900172621165844e-05
267 0.5139255264705874 5.865658864064723e-05
268 0.5158503411764698 5.831348408929148e-05
269 0.5177751558823521 5.797257116924975e-05
270 0.5196999705882345 5.763400321234255e-05
271 0.5216247852941168 5.729792829742755e-05
272 0.5235495999999992 5.696448930812789e-05
273 0.5254744147058815 5.663382402101733e-05
274 0.5273992294117639 5.630606522399724e-05
275 0.5293240441176462 5.598134086443671e-05
276 0.5312488588235286 5.565977422685284e-05
277 0.5331736735294109 5.534148413973188e-05
278 0.5350984882352933 5.502658521119754e-05
279 0.5370233029411756 5.471518809318374e-05
280 0.538948117647058 5.440739977378581e-05
281 0.5408729323529403 5.410332389740986e-05
282 0.5427977470588227 5.380062558762682e-05
283 0.544722561764705 5.349724640525574e-05
284 0.5466473764705874 5.319369629770229e-05
285 0.5485721911764697 5.289047708682977e-05
286 0.5504970058823521 5.2588082425971e-05
287 0.5524218205882344 5.228699779133891e-05
288 0.5543466352941168 5.198770050725443e-05
289 0.5562714499999991 5.169065980469431e-05
290 0.5581962647058815 5.13963369125527e-05
291 0.5601210794117638 5.110518518113809e-05
292 0.5620458941176462 5.081765023733984e-05
293 0.5639707088235285 5.053417017094344e-05
294 0.5658955235294109 5.025517575161564e-05
295 0.5678203382352932 4.998109067602734e-05
296 0.5697451529411756 4.97123318447027e-05
297 0.5716699676470579 4.944930966808978e-05
298 0.5735947823529403 4.919242840147734e-05
299 0.5755195970588226 4.894208650834405e-05
300 0.577444411764705 4.869867705180336e-05
301 0.5793692264705873 4.846258811380447e-05
302 0.5812940411764697 4.823027264397348e-05
303 0.583218855882352 4.799831118641007e-05
304 0.5851436705882344 4.776727312444143e-05
305 0.5870684852941167 4.753771895822726e-05
306 0.5889932999999991 4.731020029496495e-05
307 0.5909181147058814 4.708525991186206e-05
308 0.5928429294117638 4.686343189094352e-05
309 0.5947677441176461 4.664524182476149e-05
310 0.5966925588235285 4.643120709215014e-05
311 0.5986173735294108 4.622183720311739e-05
312 0.6005421882352932 4.601763421210773e-05
313 0.6024670029411755 4.581909319883213e-05
314 0.6043918176470578 4.562670281599458e-05
315 0.6063166323529402 4.54409459033158e-05
316 0.6082414470588225 4.526230016730266e-05
317 0.6101662617647049 4.509123892637298e-05
318 0.6120910764705872 4.49282319210175e-05
319 0.6140158911764696 4.477374618883339e-05
320 0.6159407058823519 4.46282470043655e-05
321 0.6178655205882343 4.449219888391249e-05
322 0.6197903352941166 4.436084371398564e-05
323 0.621715149999999 4.422953991415711e-05
324 0.6236399647058813 4.409892268753874e-05
325 0.6255647794117637 4.396962158431061e-05
326 0.627489594117646 4.384226046925905e-05
327 0.6294144088235284 4.371745757012312e-05
328 0.6313392235294107 4.35958256061379e-05
329 0.6332640382352931 4.34779719961918e-05
330 0.6351888529411754 4.336449914602018e-05
331 0.6371136676470578 4.325600481397649e-05
332 0.6390384823529401 4.315308255492976e-05
333 0.6409632970588225 4.305632224192498e-05
334 0.6428881117647048 4.296631066530429e-05
335 0.6448129264705872 4.288363220908637e-05
336 0.6467377411764695 4.280886960447564e-05
337 0.6486625558823519 4.274260476045828e-05
338 0.6505873705882342 4.268541967157783e-05
339 0.6525121852941166 4.263789740304897e-05
340 0.6544369999999989 4.260062315353465e-05
341 0.6563618147058813 4.257418539597886e-05
342 0.6582866294117636 4.257418539597886e-05
343 0.660211444117646 4.255768836201453e-05
344 0.6621362588235283 4.254948366764557e-05
345 0.6640610735294107 4.25490373765283e-05
346 0.665985888235293 4.255581846900517e-05
347 0.6679107029411754 4.256929710048062e-05
348 0.6698355176470577 4.258894306337191e-05
349 0.6717603323529401 4.26142244517634e-05
350 0.6736851470588224 4.264460652770155e-05
351 0.6756099617647048 4.267955078809789e-05
352 0.6775347764705871 4.271851423108013e-05
353 0.6794595911764695 4.276094882074732e-05
354 0.6813844058823518 4.280630114922468e-05
355 0.6833092205882342 4.285401229505107e-05
356 0.6852340352941165 4.290351787700709e-05
357 0.6871588499999989 4.295424830259012e-05
358 0.6890836647058812 4.300562921061059e-05
359 0.6910084794117636 4.305708210743319e-05
360 0.6929332941176459 4.310802519675887e-05
361 0.6948581088235283 4.315787440300415e-05
362 0.6967829235294106 4.320604458867006e-05
363 0.698707738235293 4.325537641193947e-05
364 0.7006325529411753 4.330914962580353e-05
365 0.7025573676470577 4.336744084096094e-05
366 0.70448218235294 4.343033019234564e-05
367 0.7064069970588224 4.34979006676029e-05
368 0.7083318117647047 4.357023749139337e-05
369 0.7102566264705871 4.364742756428585e-05
370 0.7121814411764694 4.372955895541681e-05
371 0.7141062558823518 4.381672044860412e-05
372 0.7160310705882341 4.390900114185355e-05
373 0.7179558852941165 4.400649010060843e-05
374 0.7198806999999988 4.410927606531708e-05
375 0.7218055147058812 4.421744721419277e-05
376 0.7237303294117635 4.433109098214664e-05
377 0.7256551441176459 4.445029393712126e-05
378 0.7275799588235282 4.45751417150744e-05
379 0.7295047735294106 4.470571901497686e-05
380 0.7314295882352929 4.484210965520004e-05
381 0.7333544029411753 4.498439669261154e-05
382 0.7352792176470576 4.513266260568079e-05
383 0.73720403235294 4.530155960553826e-05
384 0.7391288470588223 4.550417854812421e-05
385 0.7410536617647047 4.573828140920022e-05
386 0.742978476470587 4.600164614439598e-05
387 0.7449032911764694 4.629205142145502e-05
388 0.7468281058823517 4.660726268276525e-05
389 0.7487529205882341 4.694501952124403e-05
390 0.7506777352941164 4.730302436161591e-05
391 0.7526025499999988 4.767893244704509e-05
392 0.7545273647058811 4.807034313821499e-05
393 0.7564521794117635 4.847479253814274e-05
394 0.7583769941176458 4.888974746128141e-05
395 0.7603018088235282 4.931260076991356e-05
396 0.7622266235294105 4.974066810428618e-05
397 0.7641514382352929 5.017118603563186e-05
398 0.7660762529411752 5.060131167280449e-05
399 0.7680010676470576 5.102812375423752e-05
400 0.7699258823529399 5.14486252566908e-05
401 0.7718506970588223 5.185974755140502e-05
402 0.7737755117647046 5.22583561362959e-05
403 0.775700326470587 5.266312560381899e-05
404 0.7776251411764693 5.309332263590562e-05
405 0.7795499558823517 5.354662570583643e-05
406 0.781474770588234 5.402066257809257e-05
407 0.7833995852941164 5.451299805839154e-05
408 0.7853243999999987 5.502112313711665e-05
409 0.7872492147058811 5.55424455519073e-05
410 0.7891740294117634 5.607428180329492e-05
411 0.7910988441176457 5.661385066389812e-05
412 0.7930236588235281 5.715826822700815e-05
413 0.7949484735294104 5.770454454445662e-05
414 0.7968732882352928 5.824958190618988e-05
415 0.7987981029411751 5.87901748154302e-05
416 0.8007229176470575 5.932301171309775e-05
417 0.8026477323529398 5.984467850388959e-05
418 0.8045725470588222 6.035166393367965e-05
419 0.8064973617647045 6.084036686373783e-05
420 0.8084221764705869 6.130710548196198e-05
421 0.8103469911764692 6.174812848448029e-05
422 0.8122718058823516 6.215962825290344e-05
423 0.8141966205882339 6.255626517544682e-05
424 0.8161214352941163 6.295447262802346e-05
425 0.8180462499999986 6.335304636333139e-05
426 0.819971064705881 6.37507512021797e-05
427 0.8218958794117633 6.414632063929505e-05
428 0.8238206941176457 6.453845680782519e-05
429 0.825745508823528 6.492583080950371e-05
430 0.8276703235294104 6.530708341743488e-05
431 0.8295951382352927 6.568082615805036e-05
432 0.8315199529411751 6.604564277849157e-05
433 0.8334447676470574 6.640009110516095e-05
434 0.8353695823529398 6.674270529847784e-05
435 0.8372943970588221 6.707199850823086e-05
436 0.8392192117647045 6.738646593298662e-05
437 0.8411440264705868 6.768458828599636e-05
438 0.8430688411764692 6.796483566898926e-05
439 0.8449936558823515 6.822567185395445e-05
440 0.8469184705882339 6.846555897167368e-05
441 0.8488432852941162 6.868296260426421e-05
442 0.8507680999999986 6.887635727743978e-05
443 0.8526929147058809 6.905313430148393e-05
444 0.8546177294117633 6.922205062982043e-05
445 0.8565425441176456 6.938364506597242e-05
446 0.858467358823528 6.953846344683191e-05
447 0.8603921735294103 6.96870581113844e-05
448 0.8623169882352927 6.982998740785384e-05
449 0.864241802941175 6.996781523982156e-05
450 0.8661666176470574 7.010111065188841e-05
451 0.8680914323529397 7.023044745533321e-05
452 0.8700162470588221 7.035640389419526e-05
453 0.8719410617647044 7.047956235216469e-05
454 0.8738658764705868 7.060050910056618e-05
455 0.8757906911764691 7.071983408779408e-05
456 0.8777155058823515 7.083813077046129e-05
457 0.8796403205882338 7.095599598650611e-05
458 0.8815651352941162 7.107402987053919e-05
459 0.8834899499999985 7.119283581166842e-05
460 0.8854147647058809 7.131302045405231e-05
461 0.8873395794117632 7.143519374049511e-05
462 0.8892643941176456 7.155996899932353e-05
463 0.8911892088235279 7.16860631171311e-05
464 0.8931140235294103 7.181190052924524e-05
465 0.8950388382352926 7.193765893729214e-05
466 0.896963652941175 7.206351656339314e-05
467 0.8988884676470573 7.218965208245785e-05
468 0.9008132823529397 7.231624456687453e-05
469 0.902738097058822 7.24434734436751e-05
470 0.9046629117647044 7.257151846421928e-05
471 0.9065877264705867 7.270055968643711e-05
472 0.9085125411764691 7.283077746963081e-05
473 0.9104373558823514 7.296235248179136e-05
474 0.9123621705882338 7.309546571944163e-05
475 0.9142869852941161 7.323029853988986e-05
476 0.9162117999999985 7.336703270592276e-05
477 0.9181366147058808 7.350585044284372e-05
478 0.9200614294117632 7.364693450778763e-05
479 0.9219862441176455 7.379046827136486e-05
480 0.9239110588235279 7.393663581152353e-05
481 0.9258358735294102 7.408562201971287e-05
482 0.9277606882352926 7.423761271933733e-05
483 0.9296855029411749 7.440256540332344e-05
484 0.9316103176470573 7.458852163717359e-05
485 0.9335351323529396 7.479278868987977e-05
486 0.935459947058822 7.501266130158873e-05
487 0.9373847617647043 7.524541588081137e-05
488 0.9393095764705867 7.548830565445725e-05
489 0.941234391176469 7.57385567751382e-05
490 0.9431592058823514 7.599336539248893e-05
491 0.9450840205882337 7.624989569689779e-05
492 0.9470088352941161 7.650527894524542e-05
493 0.9489336499999984 7.675661347879163e-05
494 0.9508584647058808 7.700096574476389e-05
495 0.9527832794117631 7.723537232836404e-05
496 0.9547080941176455 7.745684301002291e-05
497 0.9566329088235278 7.766236485017458e-05
498 0.9585577235294102 7.784890731078619e-05
499 0.9604825382352925 7.801342841610327e-05
500 0.9624073529411749 7.815288195336629e-05
501 0.9643321676470572 7.826422571064324e-05
502 0.9662569823529396 7.834443074499278e-05
503 0.9681817970588219 7.8407774065929e-05
504 0.9701066117647043 7.847035556164993e-05
505 0.9720314264705866 7.853189723733422e-05
506 0.973956241176469 7.859212206122961e-05
507 0.9758810558823513 7.865075393233987e-05
508 0.9778058705882336 7.870751787667003e-05
509 0.979730685294116 7.876214003563835e-05
510 0.9816554999999983 7.881434770788962e-05
511 0.9835803147058807 7.886386935693469e-05
512 0.985505129411763 7.891043459658085e-05
513 0.9874299441176454 7.895377415380854e-05
514 0.9893547588235277 7.899361980863692e-05
515 0.9912795735294101 7.902970431066715e-05
516 0.9932043882352924 7.906176127199024e-05
517 0.9951292029411748 7.908952503624639e-05
518 0.9970540176470571 7.911273052385966e-05
519 0.9989788323529395 7.913111305264227e-05
520 1.000903647058822 7.914440813660637e-05
521 1.002828461764704 7.915235125817534e-05
522 1.004753276470587 7.915467762040078e-05
523 1.006678091176469 7.914488067759422e-05
524 1.008602905882351 7.911758769961958e-05
525 1.010527720588234 7.907424036390696e-05
526 1.012452535294116 7.901628649004754e-05
527 1.014377349999998 7.89451776524436e-05
528 1.016302164705881 7.886236709016296e-05
529 1.018226979411763 7.876930779805139e-05
530 1.020151794117645 7.866745087294294e-05
531 1.022076608823528 7.855824408862253e-05
532 1.02400142352941 7.844313070606471e-05
533 1.025926238235292 7.832354849819064e-05
534 1.027851052941175 7.820092912400797e-05
535 1.029775867647057 7.807669744954261e-05
536 1.03170068235294 7.795227148393643e-05
537 1.033625497058822 7.782906226364886e-05
538 1.035550311764704 7.770847408082383e-05
539 1.037475126470587 7.75919049258741e-05
540 1.039399941176469 7.748074715984021e-05
541 1.041324755882351 7.737638841654459e-05
542 1.043249570588234 7.728021273356111e-05
543 1.045174385294116 7.719548734494769e-05
544 1.047099199999998 7.712336061404946e-05
545 1.049024014705881 7.706205179815889e-05
546 1.050948829411763 7.700979138064708e-05
547 1.052873644117645 7.69648105898305e-05
548 1.054798458823528 7.692533235820816e-05
549 1.05672327352941 7.688956371850772e-05
550 1.058648088235292 7.685568963370542e-05
551 1.060572902941175 7.682186825889018e-05
552 1.062497717647057 7.678622763291379e-05
553 1.064422532352939 7.674686379852179e-05
554 1.066347347058822 7.670184034772485e-05
555 1.068272161764704 7.664918939316736e-05
556 1.070196976470587 7.65869139546514e-05
557 1.072121791176469 7.651299177589027e-05
558 1.074046605882351 7.642538053744395e-05
559 1.075971420588234 7.63220244888919e-05
560 1.077896235294116 7.62008624755107e-05
561 1.079821049999998 7.605983735616016e-05
562 1.081745864705881 7.589690680045839e-05
563 1.083670679411763 7.570057241004215e-05
564 1.085595494117645 7.546320742956706e-05
565 1.087520308823528 7.518861261137718e-05
566 1.08944512352941 7.488059895667447e-05
567 1.091369938235292 7.454297290459286e-05
568 1.093294752941175 7.417952308542034e-05
569 1.095219567647057 7.379400864803229e-05
570 1.097144382352939 7.339014916339659e-05
571 1.099069197058822 7.297161609903273e-05
572 1.100994011764704 7.25420258530152e-05
573 1.102918826470586 7.210493433103355e-05
574 1.104843641176469 7.166383304576687e-05
575 1.106768455882351 7.122214671456369e-05
576 1.108693270588234 7.078323232918595e-05
577 1.110618085294116 7.035037967002605e-05
578 1.112542899999998 6.992681323691155e-05
579 1.114467714705881 6.951569556913993e-05
580 1.116392529411763 6.912013192913999e-05
581 1.118317344117645 6.874317632654632e-05
582 1.120242158823528 6.838783886314084e-05
583 1.12216697352941 6.803890311807104e-05
584 1.124091788235292 6.767993204486085e-05
585 1.126016602941175 6.731207933936641e-05
586 1.127941417647057 6.693649745449464e-05
587 1.129866232352939 6.655433247694444e-05
588 1.131791047058822 6.616671952497242e-05
589 1.133715861764704 6.577477866438371e-05
590 1.135640676470586 6.537961133853246e-05
591 1.137565491176469 6.498229730671059e-05
592 1.139490305882351 6.458389208423468e-05
593 1.141415120588233 6.418542487641896e-05
594 1.143339935294116 6.378789699788202e-05
595 1.145264749999998 6.339228076791523e-05
596 1.147189564705881 6.299951887213902e-05
597 1.149114379411763 6.261052418034298e-05
598 1.151039194117645 6.222618001019716e-05
599 1.152964008823528 6.184734082657061e-05
600 1.15488882352941 6.14748333662464e-05
601 1.156813638235292 6.110945817823988e-05
602 1.158738452941175 6.075199157035484e-05
603 1.160663267647057 6.039925079164598e-05
604 1.162588082352939 6.00476720397748e-05
605 1.164512897058822 5.969743962408068e-05
606 1.166437711764704 5.934873291510691e-05
607 1.168362526470586 5.900172621165792e-05
608 1.170287341176469 5.86565886406479e-05
609 1.172212155882351 5.831348408928974e-05
610 1.174136970588233 5.79725711692494e-05
611 1.176061785294116 5.763400321234331e-05
612 1.177986599999998 5.729792829742954e-05
613 1.17991141470588 5.69644893081257e-05
614 1.181836229411763 5.663382402101787e-05
615 1.183761044117645 5.630606522399626e-05
616 1.185685858823528 5.598134086443519e-05
617 1.18761067352941 5.565977422685281e-05
618 1.189535488235292 5.534148413973126e-05
619 1.191460302941175 5.502658521119695e-05
620 1.193385117647057 5.4715188093184e-05
621 1.195309932352939 5.440739977378536e-05
622 1.197234747058822 5.41033238974082e-05
623 1.199159561764704 5.380062558762704e-05
624 1.201084376470586 5.349724640525463e-05
625 1.203009191176469 5.319369629770237e-05
626 1.204934005882351 5.289047708682932e-05
627 1.206858820588233 5.258808242597312e-05
628 1.208783635294116 5.228699779133934e-05
629 1.210708449999998 5.198770050725599e-05
630 1.21263326470588 5.169065980469506e-05
631 1.214558079411763 5.13963369125511e-05
632 1.216482894117645 5.1105185181138e-05
633 1.218407708823527 5.081765023734152e-05
634 1.22033252352941 5.053417017094331e-05
635 1.222257338235292 5.025517575161523e-05
636 1.224182152941174 4.998109067602586e-05
637 1.226106967647057 4.971233184470138e-05
638 1.228031782352939 4.944930966809018e-05
639 1.229956597058822 4.919242840147684e-05
640 1.231881411764704 4.894208650834475e-05
641 1.233806226470586 4.869867705180461e-05
642 1.235731041176469 4.846258811380373e-05
643 1.237655855882351 4.823027264397358e-05
644 1.239580670588233 4.799831118641112e-05
645 1.241505485294116 4.776727312444185e-05
646 1.243430299999998 4.753771895822653e-05
647 1.24535511470588 4.731020029496444e-05
648 1.247279929411763 4.708525991186222e-05
649 1.249204744117645 4.686343189094566e-05
650 1.251129558823527 4.664524182476197e-05
651 1.25305437352941 4.64312070921506e-05
652 1.254979188235292 4.622183720311912e-05
653 1.256904002941174 4.601763421210962e-05
654 1.258828817647057 4.581909319883257e-05
655 1.260753632352939 4.562670281599526e-05
656 1.262678447058821 4.544094590331639e-05
657 1.264603261764704 4.526230016730333e-05
658 1.266528076470586 4.509123892637244e-05
659 1.268452891176469 4.492823192101928e-05
660 1.270377705882351 4.477374618883241e-05
661 1.272302520588233 4.462824700436459e-05
662 1.274227335294116 4.44921988839119e-05
663 1.276152149999998 4.436084371398494e-05
664 1.27807696470588 4.422953991415796e-05
665 1.280001779411763 4.409892268753899e-05
666 1.281926594117645 4.396962158431189e-05
667 1.283851408823527 4.384226046925867e-05
668 1.28577622352941 4.371745757012247e-05
669 1.287701038235292 4.359582560613797e-05
670 1.289625852941174 4.347797199619304e-05
671 1.291550667647057 4.33644991460209e-05
672 1.293475482352939 4.325600481397473e-05
673 1.295400297058821 4.315308255492974e-05
674 1.297325111764704 4.30563222419255e-05
675 1.299249926470586 4.296631066530377e-05
676 1.301174741176468 4.288363220908618e-05
677 1.303099555882351 4.280886960447529e-05
678 1.305024370588233 4.274260476045878e-05
679 1.306949185294116 4.268541967157595e-05
680 1.308873999999998 4.263789740304749e-05
681 1.31079881470588 4.260062315353458e-05
682 1.312723629411763 4.257418539597912e-05
683 1.314648444117645 4.257418539597912e-05
684 1.316573258823527 4.255768836201454e-05
685 1.31849807352941 4.254948366764725e-05
686 1.320422888235292 4.2549037376528e-05
687 1.322347702941174 4.255581846900521e-05
688 1.324272517647057 4.25692971004801e-05
689 1.326197332352939 4.258894306337242e-05
690 1.328122147058821 4.261422445176389e-05
691 1.330046961764704 4.264460652770285e-05
692 1.331971776470586 4.26795507880978e-05
693 1.333896591176468 4.271851423107964e-05
694 1.335821405882351 4.276094882074605e-05
695 1.337746220588233 4.280630114922433e-05
696 1.339671035294115 4.285401229505042e-05
697 1.341595849999998 4.290351787700603e-05
698 1.34352066470588 4.295424830259053e-05
699 1.345445479411763 4.300562921061098e-05
700 1.347370294117645 4.305708210743231e-05
701 1.349295108823527 4.310802519675868e-05
702 1.35121992352941 4.315787440300387e-05
703 1.353144738235292 4.320604458866812e-05
704 1.355069552941174 4.325537641193848e-05
705 1.356994367647057 4.330914962580204e-05
706 1.358919182352939 4.336744084096141e-05
707 1.360843997058821 4.343033019234402e-05
708 1.362768811764704 4.349790066760353e-05
709 1.364693626470586 4.357023749139397e-05
710 1.366618441176468 4.3647427564286e-05
711 1.368543255882351 4.37295589554167e-05
712 1.370468070588233 4.381672044860426e-05
713 1.372392885294115 4.390900114185414e-05
714 1.374317699999998 4.400649010060838e-05
715 1.37624251470588 4.410927606531721e-05
716 1.378167329411762 4.421744721419226e-05
717 1.380092144117645 4.433109098214609e-05
718 1.382016958823527 4.445029393712146e-05
719 1.38394177352941 4.45751417150742e-05
720 1.385866588235292 4.470571901497741e-05
721 1.387791402941174 4.484210965520126e-05
722 1.389716217647057 4.498439669261206e-05
723 1.391641032352939 4.513266260568098e-05
724 1.393565847058821 4.530155960553779e-05
725 1.395490661764704 4.550417854812201e-05
726 1.397415476470586 4.573828140920009e-05
727 1.399340291176468 4.60016461443951e-05
728 1.401265105882351 4.62920514214539e-05
729 1.403189920588233 4.660726268276454e-05
730 1.405114735294115 4.694501952124452e-05
731 1.407039549999998 4.730302436161683e-05
732 1.40896436470588 4.767893244704451e-05
733 1.410889179411762 4.807034313821668e-05
734 1.412813994117645 4.847479253814312e-05
735 1.414738808823527 4.888974746128265e-05
736 1.416663623529409 4.931260076991455e-05
737 1.418588438235292 4.974066810428547e-05
738 1.420513252941174 5.017118603562964e-05
739 1.422438067647056 5.060131167280344e-05
740 1.424362882352939 5.10281237542384e-05
741 1.426287697058821 5.144862525669185e-05
742 1.428212511764704 5.185974755140512e-05
743 1.430137326470586 5.225835613629637e-05
744 1.432062141176468 5.2663125603818e-05
745 1.433986955882351 5.309332263590546e-05
746 1.435911770588233 5.354662570583821e-05
747 1.437836585294115 5.402066257809017e-05
748 1.439761399999998 5.451299805839011e-05
749 1.44168621470588 5.502112313711592e-05
750 1.443611029411762 5.554244555190677e-05
751 1.445535844117645 5.607428180329514e-05
752 1.447460658823527 5.661385066389945e-05
753 1.449385473529409 5.715826822701008e-05
754 1.451310288235292 5.770454454445537e-05
755 1.453235102941174 5.8249581906189e-05
756 1.455159917647056 5.879017481543129e-05
757 1.457084732352939 5.932301171309453e-05
758 1.459009547058821 5.984467850388895e-05
759 1.460934361764703 6.035166393367919e-05
760 1.462859176470586 6.084036686373798e-05
761 1.464783991176468 6.130710548196047e-05
762 1.466708805882351 6.174812848448121e-05
763 1.468633620588233 6.215962825290386e-05
764 1.470558435294115 6.255626517544568e-05
765 1.472483249999998 6.295447262802365e-05
766 1.47440806470588 6.335304636333001e-05
767 1.476332879411762 6.375075120217832e-05
768 1.478257694117645 6.414632063929646e-05
769 1.480182508823527 6.453845680782534e-05
770 1.482107323529409 6.492583080950293e-05
771 1.484032138235292 6.530708341743555e-05
772 1.485956952941174 6.568082615804723e-05
773 1.487881767647056 6.604564277849105e-05
774 1.489806582352939 6.64000911051624e-05
775 1.491731397058821 6.674270529847829e-05
776 1.493656211764703 6.70719985082307e-05
777 1.495581026470586 6.738646593298654e-05
778 1.497505841176468 6.768458828599537e-05
779 1.49943065588235 6.79648356689886e-05
780 1.501355470588233 6.822567185395454e-05
781 1.503280285294115 6.846555897167369e-05
782 1.505205099999998 6.868296260426456e-05
783 1.50712991470588 6.88763572774384e-05
784 1.509054729411762 6.905313430148324e-05
785 1.510979544117645 6.922205062981936e-05
786 1.512904358823527 6.938364506597421e-05
787 1.514829173529409 6.953846344683074e-05
788 1.516753988235292 6.968705811138179e-05
789 1.518678802941174 6.982998740785565e-05
790 1.520603617647056 6.996781523982426e-05
791 1.522528432352939 7.010111065188716e-05
792 1.524453247058821 7.023044745533277e-05
793 1.526378061764703 7.035640389419615e-05
794 1.528302876470586 7.047956235216661e-05
795 1.530227691176468 7.060050910056435e-05
796 1.53215250588235 7.071983408779231e-05
797 1.534077320588233 7.083813077045762e-05
798 1.536002135294115 7.095599598650687e-05
799 1.537926949999997 7.107402987054066e-05
800 1.53985176470588 7.119283581166678e-05
801 1.541776579411762 7.131302045405372e-05
802 1.543701394117645 7.143519374049492e-05
803 1.545626208823527 7.155996899932349e-05
804 1.547551023529409 7.16860631171297e-05
805 1.549475838235292 7.181190052924572e-05
806 1.551400652941174 7.193765893729354e-05
807 1.553325467647056 7.206351656339345e-05
808 1.555250282352939 7.218965208245786e-05
809 1.557175097058821 7.231624456687382e-05
810 1.559099911764703 7.244347344367478e-05
811 1.561024726470586 7.257151846421808e-05
812 1.562949541176468 7.270055968643764e-05
813 1.56487435588235 7.283077746963043e-05
814 1.566799170588233 7.296235248179315e-05
815 1.568723985294115 7.309546571944026e-05
816 1.570648799999997 7.323029853988876e-05
817 1.57257361470588 7.336703270591991e-05
818 1.574498429411762 7.350585044283971e-05
819 1.576423244117644 7.364693450778843e-05
820 1.578348058823527 7.379046827136245e-05
821 1.580272873529409 7.393663581152415e-05
822 1.582197688235291 7.408562201971325e-05
823 1.584122502941174 7.423761271933683e-05
824 1.586047317647056 7.440256540332412e-05
825 1.587972132352939 7.458852163717394e-05
826 1.589896947058821 7.479278868988151e-05
827 1.591821761764703 7.501266130158687e-05
828 1.593746576470586 7.524541588081097e-05
829 1.595671391176468 7.54883056544568e-05
830 1.59759620588235 7.573855677513652e-05
831 1.599521020588233 7.599336539249026e-05
832 1.601445835294115 7.624989569689719e-05
833 1.603370649999997 7.650527894524497e-05
834 1.60529546470588 7.675661347894017e-05
835 1.607220279411762 7.700096574476682e-05
836 1.609145094117644 7.723537232836318e-05
837 1.611069908823527 7.745684300992785e-05
838 1.612994723529409 7.766236485017666e-05
839 1.614919538235291 7.784890731078475e-05
840 1.616844352941174 7.801342841610392e-05
841 1.618769167647056 7.815288195336678e-05
842 1.620693982352938 7.826422571064338e-05
843 1.622618797058821 7.834443074521496e-05
844 1.624543611764703 7.84077736113515e-05
845 1.626468426470586 7.847035556164745e-05
846 1.628393241176468 7.853189724979238e-05
847 1.63031805588235 7.859212162157582e-05
848 1.632242870588233 7.865075393233596e-05
849 1.634167685294115 7.870751745610854e-05
850 1.636092499999997 7.876214003563711e-05
851 1.63801731470588 7.881434752887015e-05
852 1.639942129411762 7.886386925976037e-05
853 1.641866944117644 7.891043459657918e-05
854 1.643791758823527 7.89537741538068e-05
855 1.645716573529409 7.89936198086368e-05
856 1.647641388235291 7.90297043106683e-05
857 1.649566202941174 7.906176127199074e-05
858 1.651491017647056 7.908952494604844e-05
859 1.653415832352938 7.911273052503113e-05
860 1.655340647058821 7.91311130527188e-05
861 1.657265461764703 7.914440813660656e-05
862 1.659190276470585 7.915235121658898e-05
863 1.661115091176468 7.91546775533295e-05
864 1.66303990588235 7.914488065582809e-05
865 1.664964720588233 7.911758769962033e-05
866 1.666889535294115 7.90742403670931e-05
867 1.668814349999997 7.901628648772725e-05
868 1.67073916470588 7.894517764715478e-05
869 1.672663979411762 7.886236708793543e-05
870 1.674588794117644 7.876930781364411e-05
871 1.676513608823527 7.866745086833901e-05
872 1.678438423529409 7.855824408653281e-05
873 1.680363238235291 7.844313070602456e-05
874 1.682288052941174 7.832354851728883e-05
875 1.684212867647056 7.820092912400805e-05
876 1.686137682352938 7.807669744941267e-05
877 1.688062497058821 7.795227148402305e-05
878 1.689987311764703 7.78290622636486e-05
879 1.691912126470585 7.770847408087329e-05
880 1.693836941176468 7.75919049258732e-05
881 1.69576175588235 7.748074715984144e-05
882 1.697686570588232 7.737638841654464e-05
883 1.699611385294115 7.728021273356296e-05
884 1.701536199999997 7.719548734494616e-05
885 1.70346101470588 7.712336061405079e-05
886 1.705385829411762 7.706205179816232e-05
887 1.707310644117644 7.700979138064498e-05
888 1.709235458823527 7.696481058982874e-05
889 1.711160273529409 7.692533235821004e-05
890 1.713085088235291 7.688956371850698e-05
891 1.715009902941174 7.685568963370525e-05
892 1.716934717647056 7.682186825888878e-05
893 1.718859532352938 7.678622763297523e-05
894 1.720784347058821 7.674686379852083e-05
895 1.722709161764703 7.67018403477257e-05
896 1.724633976470585 7.664918939234148e-05
897 1.726558791176468 7.65869139546507e-05
898 1.72848360588235 7.651299177589184e-05
899 1.730408420588232 7.642538053744276e-05
900 1.732333235294115 7.632202448889048e-05
901 1.734258049999997 7.620086247551203e-05
902 1.736182864705879 7.605983735615846e-05
903 1.738107679411762 7.589690680045849e-05
904 1.740032494117644 7.570057241004045e-05
905 1.741957308823527 7.546320742956757e-05
906 1.743882123529409 7.518861261137568e-05
907 1.745806938235291 7.48805989566724e-05
908 1.747731752941174 7.454297290459131e-05
909 1.749656567647056 7.417952308542374e-05
910 1.751581382352938 7.379400864803164e-05
911 1.753506197058821 7.339014916339682e-05
912 1.755431011764703 7.297161609903308e-05
913 1.757355826470585 7.254202585301402e-05
914 1.759280641176468 7.210493433103287e-05
915 1.76120545588235 7.166383304576779e-05
916 1.763130270588232 7.122214671456398e-05
917 1.765055085294115 7.078323232918427e-05
918 1.766979899999997 7.035037967002689e-05
919 1.768904714705879 6.99268132369106e-05
920 1.770829529411762 6.951569556914063e-05
921 1.772754344117644 6.912013192913804e-05
922 1.774679158823526 6.874317632654451e-05
923 1.776603973529409 6.838783886314004e-05
924 1.778528788235291 6.803890311806974e-05
925 1.780453602941173 6.767993204486081e-05
926 1.782378417647056 6.731207933936609e-05
927 1.784303232352938 6.693649745449312e-05
928 1.786228047058821 6.655433247694352e-05
929 1.788152861764703 6.616671952497244e-05
930 1.790077676470585 6.577477866438552e-05
931 1.792002491176468 6.53796113385322e-05
932 1.79392730588235 6.498229730671169e-05
933 1.795852120588232 6.458389208423457e-05
934 1.797776935294115 6.418542487641848e-05
935 1.799701749999997 6.378789699788416e-05
936 1.801626564705879 6.339228076791413e-05
937 1.803551379411762 6.299951887214074e-05
938 1.805476194117644 6.261052418034336e-05
939 1.807401008823526 6.222618001019724e-05
940 1.809325823529409 6.18473408265704e-05
941 1.811250638235291 6.147483336624441e-05
942 1.813175452941173 6.110945817823893e-05
943 1.815100267647056 6.075199157035588e-05
944 1.817025082352938 6.039925079164483e-05
945 1.81894989705882 6.00476720397727e-05
946 1.820874711764703 5.969743962408111e-05
947 1.822799526470585 5.934873291510571e-05
948 1.824724341176468 5.900172621165794e-05
949 1.82664915588235 5.865658864064728e-05
950 1.828573970588232 5.831348408929113e-05
951 1.830498785294115 5.79725711692484e-05
952 1.832423599999997 5.763400321234199e-05
953 1.834348414705879 5.729792829742918e-05
954 1.836273229411762 5.696448930812693e-05
955 1.838198044117644 5.663382402101978e-05
956 1.840122858823526 5.630606522399744e-05
957 1.842047673529409 5.598134086443536e-05
958 1.843972488235291 5.565977422685424e-05
959 1.845897302941173 5.534148413973198e-05
960 1.847822117647056 5.502658521119636e-05
961 1.849746932352938 5.471518809318403e-05
962 1.85167174705882 5.440739977378663e-05
963 1.853596561764703 5.410332389740961e-05
964 1.855521376470585 5.380062558762724e-05
965 1.857446191176467 5.349724640525539e-05
966 1.85937100588235 5.31936962977019e-05
967 1.861295820588232 5.289047708682841e-05
968 1.863220635294115 5.258808242597232e-05
969 1.865145449999997 5.228699779133889e-05
970 1.867070264705879 5.19877005072557e-05
971 1.868995079411762 5.169065980469365e-05
972 1.870919894117644 5.139633691255331e-05
973 1.872844708823526 5.110518518113942e-05
974 1.874769523529409 5.081765023733922e-05
975 1.876694338235291 5.053417017094501e-05
976 1.878619152941173 5.025517575161449e-05
977 1.880543967647056 4.99810906760266e-05
978 1.882468782352938 4.97123318447035e-05
979 1.88439359705882 4.944930966808991e-05
980 1.886318411764703 4.919242840147834e-05
981 1.888243226470585 4.894208650834391e-05
982 1.890168041176467 4.869867705180444e-05
983 1.89209285588235 4.846258811380314e-05
984 1.894017670588232 4.823027264397422e-05
985 1.895942485294114 4.799831118641036e-05
986 1.897867299999997 4.776727312444198e-05
987 1.899792114705879 4.75377189582268e-05
988 1.901716929411762 4.731020029496392e-05
989 1.903641744117644 4.708525991186119e-05
990 1.905566558823526 4.68634318909433e-05
991 1.907491373529409 4.66452418247625e-05
992 1.909416188235291 4.643120709214843e-05
993 1.911341002941173 4.622183720311909e-05
994 1.913265817647056 4.601763421210832e-05
995 1.915190632352938 4.58190931988317e-05
996 1.91711544705882 4.562670281599355e-05
997 1.919040261764703 4.544094590331597e-05
998 1.920965076470585 4.526230016730144e-05
999 1.922889891176467 4.509123892637289e-05
1000 1.92481470588235 4.492823192101848e-05
1001 1.926739520588232 4.477374618883231e-05
1002 1.928664335294114 4.462824700436564e-05
1003 1.930589149999997 4.449219888391158e-05
1004 1.932513964705879 4.436084371398419e-05
1005 1.934438779411761 4.422953991415731e-05
1006 1.936363594117644 4.409892268753938e-05
1007 1.938288408823526 4.396962158431294e-05
1008 1.940213223529409 4.384226046925954e-05
1009 1.942138038235291 4.371745757012293e-05
1010 1.944062852941173 4.359582560613864e-05
1011 1.945987667647056 4.347797199619302e-05
1012 1.947912482352938 4.336449914602086e-05
1013 1.94983729705882 4.325600481397597e-05
1014 1.951762111764703 4.315308255492973e-05
1015 1.953686926470585 4.30563222419257e-05
1016 1.955611741176467 4.296631066530385e-05
1017 1.95753655588235 4.288363220908516e-05
1018 1.959461370588232 4.280886960447603e-05
1019 1.961386185294114 4.274260476045836e-05
1020 1.963310999999997 4.268541967157661e-05
