"energy-loss"
"Time Step" "flow-time etc.."
("Time Step" "flow-time" "report-energy-loss")
1 0.001924814705882353 0.0001007360974941865
2 0.003849629411764706 7.790300202606477e-06
3 0.005774444117647059 1.268643568655556e-06
4 0.007699258823529412 2.901859369770122e-07
5 0.009624073529411765 1.179280667559965e-07
6 0.01154888823529412 7.52847387640791e-08
7 0.01347370294117647 6.637317585208717e-08
8 0.01539851764705882 6.881502572177531e-08
9 0.01732333235294118 7.577064177958834e-08
10 0.01924814705882353 8.072909829080982e-08
11 0.02117296176470588 8.475829201807776e-08
12 0.02309777647058824 8.824689972206664e-08
13 0.02502259117647059 9.071007107532044e-08
14 0.02694740588235294 9.184967054109579e-08
15 0.02887222058823529 9.180158489700836e-08
16 0.03079703529411765 9.075706492480149e-08
17 0.03272185 8.885578525836957e-08
18 0.03464666470588235 8.621422942575409e-08
19 0.0365714794117647 8.296391352681429e-08
20 0.03849629411764705 7.932075573575977e-08
21 0.04042110882352939 7.554908949907385e-08
22 0.04234592352941174 7.503348553236391e-08
23 0.04427073823529409 8.262099314280348e-08
24 0.04619555294117644 9.526942033801955e-08
25 0.04812036764705879 1.066296910862762e-07
26 0.05004518235294114 1.15668650122808e-07
27 0.05196999705882349 1.259117718101657e-07
28 0.05389481176470584 1.382637641797836e-07
29 0.05581962647058819 1.522160311576829e-07
30 0.05774444117647054 1.651554690794479e-07
31 0.05966925588235289 1.771106017583141e-07
32 0.06159407058823524 1.89619090077681e-07
33 0.06351888529411759 2.033270063687011e-07
34 0.06544369999999994 2.180516035693926e-07
35 0.06736851470588229 2.323972188186734e-07
36 0.06929332941176464 2.466035142738565e-07
37 0.07121814411764699 2.612810196141783e-07
38 0.07314295882352934 2.767802216770793e-07
39 0.07506777352941169 2.930985575499939e-07
40 0.07699258823529403 3.097134626554828e-07
41 0.07891740294117638 3.265912756301897e-07
42 0.08084221764705873 4.277723347293497e-07
43 0.08276703235294108 6.748619481089305e-07
44 0.08469184705882343 9.264086308171028e-07
45 0.08661666176470578 1.154252299501155e-06
46 0.08854147647058813 1.367528176030007e-06
47 0.09046629117647048 1.570311230931115e-06
48 0.09239110588235283 1.755994984937578e-06
49 0.09431592058823518 1.917655043256075e-06
50 0.09624073529411753 2.053006958911829e-06
51 0.09816554999999988 2.16453874046417e-06
52 0.1000903647058822 2.254160692927572e-06
53 0.1020151794117646 2.323726535010488e-06
54 0.1039399941176469 2.374203068921013e-06
55 0.1058648088235293 2.405018208241397e-06
56 0.1077896235294116 2.418177456386179e-06
57 0.109714438235294 2.415666316733699e-06
58 0.1116392529411763 2.403844752670967e-06
59 0.1135640676470587 2.386364428818318e-06
60 0.115488882352941 2.366898282816086e-06
61 0.1174136970588234 2.347800853621552e-06
62 0.1193385117647057 2.315357254658322e-06
63 0.1212633264705881 2.365286847477054e-06
64 0.1231881411764704 2.510836615752943e-06
65 0.1251129558823528 2.650218019513644e-06
66 0.1270377705882351 2.766381849568782e-06
67 0.1289625852941175 2.898926755735195e-06
68 0.1308873999999998 3.043907652573599e-06
69 0.1328122147058822 3.201694112766123e-06
70 0.1347370294117645 3.363616315441266e-06
71 0.1366618441176469 3.50472840202408e-06
72 0.1385866588235292 3.633322214162306e-06
73 0.1405114735294116 3.755813311165953e-06
74 0.1424362882352939 3.867020138333674e-06
75 0.1443611029411763 3.962931182157718e-06
76 0.1462859176470586 4.06081096530966e-06
77 0.148210732352941 4.175502686191079e-06
78 0.1501355470588233 4.325960219675975e-06
79 0.1520603617647057 4.472763642398251e-06
80 0.153985176470588 4.600885069193983e-06
81 0.1559099911764704 4.727921116150592e-06
82 0.1578348058823527 4.721116106711244e-06
83 0.1597596205882351 4.525136693209943e-06
84 0.1616844352941174 4.374805378035507e-06
85 0.1636092499999998 4.329190538673762e-06
86 0.1655340647058821 4.343331261055692e-06
87 0.1674588794117645 4.341206234260715e-06
88 0.1693836941176468 4.320916336709778e-06
89 0.1713085088235292 4.300130593286279e-06
90 0.1732333235294115 4.304240555101502e-06
91 0.1751581382352939 4.333588531044769e-06
92 0.1770829529411762 4.373978331446095e-06
93 0.1790077676470586 4.40251938915006e-06
94 0.1809325823529409 4.414759002277065e-06
95 0.1828573970588233 4.415219919656342e-06
96 0.1847822117647056 4.429288426731586e-06
97 0.186707026470588 4.472822358366769e-06
98 0.1886318411764703 4.555481315788074e-06
99 0.1905566558823527 4.646647408403499e-06
100 0.192481470588235 4.723772292698622e-06
101 0.1944062852941174 4.781322037099368e-06
102 0.1963310999999997 4.778262376616367e-06
103 0.1982559147058821 4.641707406698145e-06
104 0.2001807294117644 4.472318943660956e-06
105 0.2021055441176468 4.373248209300147e-06
106 0.2040303588235291 4.31733022411031e-06
107 0.2059551735294115 4.262183835465505e-06
108 0.2078799882352938 4.174410905199197e-06
109 0.2098048029411761 4.068510920699777e-06
110 0.2117296176470585 3.975374164208516e-06
111 0.2136544323529408 3.887811667992128e-06
112 0.2155792470588232 3.807121631624986e-06
113 0.2175040617647055 3.740655431274686e-06
114 0.2194288764705879 3.679320950010399e-06
115 0.2213536911764702 3.61150856878219e-06
116 0.2232785058823526 3.530803309741734e-06
117 0.2252033205882349 3.450199220238866e-06
118 0.2271281352941173 3.376011929569812e-06
119 0.2290529499999996 3.309697869851131e-06
120 0.230977764705882 3.25592497537765e-06
121 0.2329025794117643 3.200604787006392e-06
122 0.2348273941176467 3.13992257609058e-06
123 0.236752208823529 3.085432889652671e-06
124 0.2386770235294114 3.042109150591322e-06
125 0.2406018382352937 3.006366560611191e-06
126 0.2425266529411761 2.970302366201722e-06
127 0.2444514676470584 2.929866087735414e-06
128 0.2463762823529408 2.885232627563632e-06
129 0.2483010970588231 2.844087609840205e-06
130 0.2502259117647055 2.805096069646362e-06
131 0.2521507264705878 2.767489011779204e-06
132 0.2540755411764702 2.733258505712502e-06
133 0.2560003558823525 2.700592853669036e-06
134 0.2579251705882349 2.666667394962851e-06
135 0.2598499852941172 2.629116147261037e-06
136 0.2617747999999996 2.593037117839935e-06
137 0.2636996147058819 2.55751073446212e-06
138 0.2656244294117643 2.523415602468619e-06
139 0.2675492441176466 2.494188467122799e-06
140 0.269474058823529 2.464410945534102e-06
141 0.2713988735294113 2.430995434014827e-06
142 0.2733236882352937 2.397983041941385e-06
143 0.275248502941176 2.391577605406836e-06
144 0.2771733176470584 2.399301854658089e-06
145 0.2790981323529407 2.382653510707304e-06
146 0.2810229470588231 2.357129086593207e-06
147 0.2829477617647054 2.333009163177525e-06
148 0.2848725764705878 2.313365001686536e-06
149 0.2867973911764701 2.294348481769861e-06
150 0.2887222058823525 2.272623265074557e-06
151 0.2906470205882348 2.248945224670927e-06
152 0.2925718352941172 2.229147293988653e-06
153 0.2944966499999995 2.216977026464306e-06
154 0.2964214647058819 2.209353186064383e-06
155 0.2983462794117642 2.209903968023377e-06
156 0.3002710941176466 2.227581828149157e-06
157 0.3021959088235289 2.279875045247057e-06
158 0.3041207235294113 2.373230908454834e-06
159 0.3060455382352936 2.487716073226775e-06
160 0.307970352941176 2.628073096403464e-06
161 0.3098951676470583 2.809609321733893e-06
162 0.3118199823529407 2.855051613419039e-06
163 0.313744797058823 2.678692012576964e-06
164 0.3156696117647054 2.519948722492489e-06
165 0.3175944264705877 2.432537898067563e-06
166 0.3195192411764701 2.384426775151695e-06
167 0.3214440558823524 2.331839676742975e-06
168 0.3233688705882348 2.270533413080943e-06
169 0.3252936852941171 2.207799427728946e-06
170 0.3272184999999995 2.157222271876798e-06
171 0.3291433147058818 2.135486730600693e-06
172 0.3310681294117642 2.108503782785583e-06
173 0.3329929441176465 2.106901828161122e-06
174 0.3349177588235289 2.175431237314355e-06
175 0.3368425735294112 2.19570352766614e-06
176 0.3387673882352936 2.131595550149346e-06
177 0.3406922029411759 2.044831315411951e-06
178 0.3426170176470583 1.967870577124542e-06
179 0.3445418323529406 1.90636679311958e-06
180 0.346466647058823 1.855334138092509e-06
181 0.3483914617647053 1.814226687626775e-06
182 0.3503162764705877 1.809089417459083e-06
183 0.35224109117647 1.906877345405864e-06
184 0.3541659058823524 2.045102694634679e-06
185 0.3560907205882347 2.178564237290723e-06
186 0.3580155352941171 2.280316747401237e-06
187 0.3599403499999994 2.350785958395648e-06
188 0.3618651647058818 2.428261776598333e-06
189 0.3637899794117641 2.518510955444142e-06
190 0.3657147941176465 2.622197326553915e-06
191 0.3676396088235288 2.733648925050835e-06
192 0.3695644235294112 2.787937219999946e-06
193 0.3714892382352935 2.782156334692353e-06
194 0.3734140529411759 2.718796943471964e-06
195 0.3753388676470582 2.616004652037763e-06
196 0.3772636823529406 2.51735538308169e-06
197 0.3791884970588229 2.438310555631958e-06
198 0.3811133117647053 2.379790908231543e-06
199 0.3830381264705876 2.312269681050575e-06
200 0.38496294117647 2.214209420890221e-06
201 0.3868877558823523 2.069574544043087e-06
202 0.3888125705882347 1.896100186007979e-06
203 0.390737385294117 1.754010215945747e-06
204 0.3926621999999994 1.650791661137408e-06
205 0.3945870147058817 1.570560974106338e-06
206 0.396511829411764 1.50631805018303e-06
207 0.3984366441176464 1.45244318515826e-06
208 0.4003614588235287 1.405222403223629e-06
209 0.4022862735294111 1.361957052413783e-06
210 0.4042110882352934 1.31826241987112e-06
211 0.4061359029411758 1.282802333667648e-06
212 0.4080607176470581 1.269199291866122e-06
213 0.4099855323529405 1.276434343439988e-06
214 0.4119103470588228 1.304506085301051e-06
215 0.4138351617647052 1.356342651539905e-06
216 0.4157599764705875 1.440565948798783e-06
217 0.4176847911764699 1.601579439824417e-06
218 0.4196096058823522 1.889674998637681e-06
219 0.4215344205882346 2.308591585778194e-06
220 0.4234592352941169 2.812029826966633e-06
221 0.4253840499999993 3.403545049826793e-06
222 0.4273088647058816 4.159870489784376e-06
223 0.429233679411764 5.532661245578007e-06
224 0.4311584941176463 7.529121170667742e-06
225 0.4330833088235287 9.4023330088126e-06
226 0.435008123529411 1.083908312783465e-05
227 0.4369329382352934 1.190849751925723e-05
228 0.4388577529411757 1.317657352067865e-05
229 0.4407825676470581 1.455428320353809e-05
230 0.4427073823529404 1.570510175462771e-05
231 0.4446321970588228 1.652251636022854e-05
232 0.4465570117647051 1.704056741909902e-05
233 0.4484818264705875 1.735916531566247e-05
234 0.4504066411764698 1.753259159181208e-05
235 0.4523314558823522 1.755369404117778e-05
236 0.4542562705882345 1.736772410372779e-05
237 0.4561810852941169 1.691741041910739e-05
238 0.4581058999999992 1.61686154926054e-05
239 0.4600307147058816 1.51156308189829e-05
240 0.4619555294117639 1.380838352831996e-05
241 0.4638803441176463 1.233252533763893e-05
242 0.4658051588235286 1.103469747336072e-05
243 0.467729973529411 1.166663748297473e-05
244 0.4696547882352933 1.313143837408215e-05
245 0.4715796029411757 1.375184968565934e-05
246 0.473504417647058 1.367828642836496e-05
247 0.4754292323529404 1.363915155384001e-05
248 0.4773540470588227 1.380423393467361e-05
249 0.4792788617647051 1.426798080750416e-05
250 0.4812036764705874 1.493918619995088e-05
251 0.4831284911764698 1.569454755100474e-05
252 0.4850533058823521 1.603898861301161e-05
253 0.4869781205882345 1.591915412169186e-05
254 0.4889029352941168 1.547797241801645e-05
255 0.4908277499999992 1.486195354462368e-05
256 0.4927525647058815 1.427750213095624e-05
257 0.4946773794117639 1.410682863644519e-05
258 0.4966021941176462 1.445504134063013e-05
259 0.4985270088235286 1.461832938710153e-05
260 0.500451823529411 1.455156605648361e-05
261 0.5023766382352933 1.414572604892255e-05
262 0.5043014529411757 1.328896013358022e-05
263 0.506226267647058 1.223620143402514e-05
264 0.5081510823529404 1.203451580791702e-05
265 0.5100758970588227 1.263904977047292e-05
266 0.5120007117647051 1.298350541308565e-05
267 0.5139255264705874 1.304564369355068e-05
268 0.5158503411764698 1.277387860312536e-05
269 0.5177751558823521 1.211332146617994e-05
270 0.5196999705882345 1.144956370856383e-05
271 0.5216247852941168 1.094790535344837e-05
272 0.5235495999999992 1.109474489359975e-05
273 0.5254744147058815 1.175117947988808e-05
274 0.5273992294117639 1.194046614855093e-05
275 0.5293240441176462 1.160011446885679e-05
276 0.5312488588235286 1.094679500104531e-05
277 0.5331736735294109 1.028335779732203e-05
278 0.5350984882352933 9.764876711397717e-06
279 0.5370233029411756 9.875698214293453e-06
280 0.538948117647058 1.053344730707594e-05
281 0.5408729323529403 1.060484028178639e-05
282 0.5427977470588227 1.016593269385313e-05
283 0.544722561764705 9.603351697842354e-06
284 0.5466473764705874 9.538116161539689e-06
285 0.5485721911764697 1.000012114781419e-05
286 0.5504970058823521 1.039873043899426e-05
287 0.5524218205882344 1.063742695390552e-05
288 0.5543466352941168 1.037251631347573e-05
289 0.5562714499999991 9.691100922581272e-06
290 0.5581962647058815 9.176985126478505e-06
291 0.5601210794117638 8.950064414537212e-06
292 0.5620458941176462 9.070113527833752e-06
293 0.5639707088235285 9.366504575826377e-06
294 0.5658955235294109 9.286279085311284e-06
295 0.5678203382352932 8.845123062992592e-06
296 0.5697451529411756 8.211238594048261e-06
297 0.5716699676470579 7.616204939081628e-06
298 0.5735947823529403 7.123412509244951e-06
299 0.5755195970588226 6.985482470417044e-06
300 0.577444411764705 7.213742057893198e-06
301 0.5793692264705873 7.04007861278402e-06
302 0.5812940411764697 6.561297504993904e-06
303 0.583218855882352 6.156268866435438e-06
304 0.5851436705882344 6.104288835456782e-06
305 0.5870684852941167 6.430131758241624e-06
306 0.5889932999999991 6.583056844204509e-06
307 0.5909181147058814 6.44560387127769e-06
308 0.5928429294117638 6.065782188724417e-06
309 0.5947677441176461 5.633657098450488e-06
310 0.5966925588235285 5.397217240017285e-06
311 0.5986173735294108 5.391180165286204e-06
312 0.6005421882352932 5.454161394885584e-06
313 0.6024670029411755 5.303330063418912e-06
314 0.6043918176470578 4.933418308769551e-06
315 0.6063166323529402 4.466320711564562e-06
316 0.6082414470588225 4.082620513133838e-06
317 0.6101662617647049 3.823026368259629e-06
318 0.6120910764705872 3.69329762665484e-06
319 0.6140158911764696 3.529662575527329e-06
320 0.6159407058823519 3.301020206212862e-06
321 0.6178655205882343 2.980738748410551e-06
322 0.6197903352941166 2.625326025021659e-06
323 0.621715149999999 2.491982035236305e-06
324 0.6236399647058813 2.602700281733941e-06
325 0.6255647794117637 2.60292797124118e-06
326 0.627489594117646 2.499013259755512e-06
327 0.6294144088235284 2.326607268400567e-06
328 0.6313392235294107 2.164258797064809e-06
329 0.6332640382352931 2.036527346743444e-06
330 0.6351888529411754 1.969057865095875e-06
331 0.6371136676470578 1.947416854166034e-06
332 0.6390384823529401 1.874927944274881e-06
333 0.6409632970588225 1.716957728015088e-06
334 0.6428881117647048 1.508303606831264e-06
335 0.6448129264705872 1.305725641385561e-06
336 0.6467377411764695 1.134684642642481e-06
337 0.6486625558823519 9.93884730864618e-07
338 0.6505873705882342 8.497559279966379e-07
339 0.6525121852941166 7.294142338134684e-07
340 0.6544369999999989 6.758586308105902e-07
341 0.6563618147058813 5.799961741591401e-07
342 0.6582866294117636 6.570788885429598e-07
343 0.660211444117646 4.385052451861306e-07
344 0.6621362588235283 3.906359348538608e-07
345 0.6640610735294107 3.87485785474937e-07
346 0.665985888235293 3.903339230541667e-07
347 0.6679107029411754 3.707338811723144e-07
348 0.6698355176470577 3.504742160504017e-07
349 0.6717603323529401 3.475724745153576e-07
350 0.6736851470588224 3.54338614778906e-07
351 0.6756099617647048 3.532045059286885e-07
352 0.6775347764705871 3.450277994166386e-07
353 0.6794595911764695 3.359332628350054e-07
354 0.6813844058823518 3.295238506115856e-07
355 0.6833092205882342 3.242942017593466e-07
356 0.6852340352941165 3.195050833686392e-07
357 0.6871588499999989 3.135295142720721e-07
358 0.6890836647058812 3.060677808725446e-07
359 0.6910084794117636 2.972755835897425e-07
360 0.6929332941176459 2.872500668547031e-07
361 0.6948581088235283 2.77304313343686e-07
362 0.6967829235294106 2.680827405593776e-07
363 0.698707738235293 2.619965966555092e-07
364 0.7006325529411753 2.691437971409821e-07
365 0.7025573676470577 2.86489628648415e-07
366 0.70448218235294 2.94499650611726e-07
367 0.7064069970588224 2.973292038759979e-07
368 0.7083318117647047 3.049313583783142e-07
369 0.7102566264705871 3.158585182556029e-07
370 0.7121814411764694 3.27845196903305e-07
371 0.7141062558823518 3.400598758919584e-07
372 0.7160310705882341 3.510157426379936e-07
373 0.7179558852941165 3.599977872379947e-07
374 0.7198806999999988 3.682828717195741e-07
375 0.7218055147058812 3.777316206731875e-07
376 0.7237303294117635 3.899938073622691e-07
377 0.7256551441176459 4.047135280810836e-07
378 0.7275799588235282 4.198835355277625e-07
379 0.7295047735294106 4.339574687308772e-07
380 0.7314295882352929 4.463725671800017e-07
381 0.7333544029411753 4.574902914777328e-07
382 0.7352792176470576 4.680148172969605e-07
383 0.73720403235294 5.441513147608668e-07
384 0.7391288470588223 8.238724202016955e-07
385 0.7410536617647047 1.133162711873179e-06
386 0.742978476470587 1.364188060861156e-06
387 0.7449032911764694 1.532087673899562e-06
388 0.7468281058823517 1.693529012553757e-06
389 0.7487529205882341 1.868845736423637e-06
390 0.7506777352941164 2.05399959118286e-06
391 0.7526025499999988 2.235452375497727e-06
392 0.7545273647058811 2.348069867600401e-06
393 0.7564521794117635 2.404474880944261e-06
394 0.7583769941176458 2.442634869987396e-06
395 0.7603018088235282 2.480181233573765e-06
396 0.7622266235294105 2.518803612541822e-06
397 0.7641514382352929 2.553864549544307e-06
398 0.7660762529411752 2.578793487204006e-06
399 0.7680010676470576 2.572238950008234e-06
400 0.7699258823529399 2.547371474818321e-06
401 0.7718506970588223 2.524464385079121e-06
402 0.7737755117647046 2.50201864783401e-06
403 0.775700326470587 2.455063230548151e-06
404 0.7776251411764693 2.516225910645555e-06
405 0.7795499558823517 2.679601114421053e-06
406 0.781474770588234 2.809946421174613e-06
407 0.7833995852941164 2.903785041137923e-06
408 0.7853243999999987 3.022035859436697e-06
409 0.7872492147058811 3.164502395848211e-06
410 0.7891740294117634 3.327704398514192e-06
411 0.7910988441176457 3.499975257411893e-06
412 0.7930236588235281 3.634746048122863e-06
413 0.7949484735294104 3.754686413655065e-06
414 0.7968732882352928 3.882282084282736e-06
415 0.7987981029411751 4.00234481284068e-06
416 0.8007229176470575 4.104774166971541e-06
417 0.8026477323529398 4.20178781032308e-06
418 0.8045725470588222 4.308225379432356e-06
419 0.8064973617647045 4.454386040445175e-06
420 0.8084221764705869 4.655711788740482e-06
421 0.8103469911764692 4.836276242493699e-06
422 0.8122718058823516 4.971587602446785e-06
423 0.8141966205882339 4.928569744565092e-06
424 0.8161214352941163 4.721946006758658e-06
425 0.8180462499999986 4.572599844065758e-06
426 0.819971064705881 4.532576370459904e-06
427 0.8218958794117633 4.558884928517748e-06
428 0.8238206941176457 4.573990755793053e-06
429 0.825745508823528 4.565304573659565e-06
430 0.8276703235294104 4.54562023943418e-06
431 0.8295951382352927 4.550661043200092e-06
432 0.8315199529411751 4.584661058791708e-06
433 0.8334447676470574 4.650520053908653e-06
434 0.8353695823529398 4.691251281822196e-06
435 0.8372943970588221 4.707564545691334e-06
436 0.8392192117647045 4.70873913859212e-06
437 0.8411440264705868 4.723497004610067e-06
438 0.8430688411764692 4.768996654063826e-06
439 0.8449936558823515 4.867876430680056e-06
440 0.8469184705882339 4.987981705088843e-06
441 0.8488432852941162 5.078131190486557e-06
442 0.8507680999999986 5.141521540992311e-06
443 0.8526929147058809 5.141644752503258e-06
444 0.8546177294117633 5.004171028399895e-06
445 0.8565425441176456 4.811406934306835e-06
446 0.858467358823528 4.708143751769012e-06
447 0.8603921735294103 4.658620980466953e-06
448 0.8623169882352927 4.613546808401026e-06
449 0.864241802941175 4.533877728264111e-06
450 0.8661666176470574 4.429528181193558e-06
451 0.8680914323529397 4.330738259996478e-06
452 0.8700162470588221 4.241358967136161e-06
453 0.8719410617647044 4.166388462326471e-06
454 0.8738658764705868 4.107558187984253e-06
455 0.8757906911764691 4.052915511700978e-06
456 0.8777155058823515 3.986967344667189e-06
457 0.8796403205882338 3.90643751752146e-06
458 0.8815651352941162 3.828462944887474e-06
459 0.8834899499999985 3.75590805663713e-06
460 0.8854147647058809 3.691263716259173e-06
461 0.8873395794117632 3.638361305287744e-06
462 0.8892643941176456 3.587175589713514e-06
463 0.8911892088235279 3.531083953768569e-06
464 0.8931140235294103 3.47547654683042e-06
465 0.8950388382352926 3.430444529073214e-06
466 0.896963652941175 3.390728947739292e-06
467 0.8988884676470573 3.352029382517273e-06
468 0.9008132823529397 3.314983611471353e-06
469 0.902738097058822 3.275464757932809e-06
470 0.9046629117647044 3.233373865767421e-06
471 0.9065877264705867 3.189770710713374e-06
472 0.9085125411764691 3.148156519217005e-06
473 0.9104373558823514 3.106256361188084e-06
474 0.9123621705882338 3.066163138093465e-06
475 0.9142869852941161 3.031288181743277e-06
476 0.9162117999999985 2.996622814331424e-06
477 0.9181366147058808 2.959439565190955e-06
478 0.9200614294117632 2.9191160583055e-06
479 0.9219862441176455 2.88079721133649e-06
480 0.9239110588235279 2.843480829579722e-06
481 0.9258358735294102 2.808054669486535e-06
482 0.9277606882352926 2.775481835509805e-06
483 0.9296855029411749 2.742651128226935e-06
484 0.9316103176470573 2.738172156846274e-06
485 0.9335351323529396 2.767118876860131e-06
486 0.935459947058822 2.744692534550981e-06
487 0.9373847617647043 2.705778845032972e-06
488 0.9393095764705867 2.679679993718279e-06
489 0.941234391176469 2.659844442737237e-06
490 0.9431592058823514 2.640807907593755e-06
491 0.9450840205882337 2.611572826994743e-06
492 0.9470088352941161 2.580600377789798e-06
493 0.9489336499999984 2.554952332606817e-06
494 0.9508584647058808 2.535217942032073e-06
495 0.9527832794117631 2.518894256667655e-06
496 0.9547080941176455 2.510083608893685e-06
497 0.9566329088235278 2.520854856331964e-06
498 0.9585577235294102 2.566055541608103e-06
499 0.9604825382352925 2.651748776899055e-06
500 0.9624073529411749 2.7637978247088e-06
501 0.9643321676470572 2.891415372383753e-06
502 0.9662569823529396 3.051450070990004e-06
503 0.9681817970588219 3.095982146430529e-06
504 0.9701066117647043 2.916904995967976e-06
505 0.9720314264705866 2.738273046283187e-06
506 0.973956241176469 2.651794747927102e-06
507 0.9758810558823513 2.611157392113253e-06
508 0.9778058705882336 2.55392043269456e-06
509 0.979730685294116 2.484486675365408e-06
510 0.9816554999999983 2.425108810684604e-06
511 0.9835803147058807 2.393483118960963e-06
512 0.985505129411763 2.357678495045637e-06
513 0.9874299441176454 2.365012401981909e-06
514 0.9893547588235277 2.440688482836249e-06
515 0.9912795735294101 2.461061845715554e-06
516 0.9932043882352924 2.4033563031591e-06
517 0.9951292029411748 2.309717633993193e-06
518 0.9970540176470571 2.22518008433109e-06
519 0.9989788323529395 2.157968080916628e-06
520 1.000903647058822 2.103541735178298e-06
521 1.002828461764704 2.059943771822132e-06
522 1.004753276470587 2.022629682760067e-06
523 1.006678091176469 2.031373571095446e-06
524 1.008602905882351 2.121828910279804e-06
525 1.010527720588234 2.283749889043581e-06
526 1.012452535294116 2.402573483134495e-06
527 1.014377349999998 2.479691198805696e-06
528 1.016302164705881 2.550512502914277e-06
529 1.018226979411763 2.64353312250626e-06
530 1.020151794117645 2.767277924875356e-06
531 1.022076608823528 2.908234263343774e-06
532 1.02400142352941 3.04216503165482e-06
533 1.025926238235292 3.106625671434083e-06
534 1.027851052941175 3.057315057633029e-06
535 1.029775867647057 2.9100845864169e-06
536 1.03170068235294 2.782649487147731e-06
537 1.033625497058822 2.706568540133842e-06
538 1.035550311764704 2.681146397945671e-06
539 1.037475126470587 2.667702595132641e-06
540 1.039399941176469 2.556969870365612e-06
541 1.041324755882351 2.387771296402036e-06
542 1.043249570588234 2.218253410077509e-06
543 1.045174385294116 2.071131445627859e-06
544 1.047099199999998 1.949522675531622e-06
545 1.049024014705881 1.856959597519629e-06
546 1.050948829411763 1.781077421813012e-06
547 1.052873644117645 1.717742072000908e-06
548 1.054798458823528 1.662262856195726e-06
549 1.05672327352941 1.61082260876368e-06
550 1.058648088235292 1.56275398989709e-06
551 1.060572902941175 1.521669936284203e-06
552 1.062497717647057 1.490993961469554e-06
553 1.064422532352939 1.47349710362731e-06
554 1.066347347058822 1.472536515577093e-06
555 1.068272161764704 1.493694822343082e-06
556 1.070196976470587 1.549288054702948e-06
557 1.072121791176469 1.659595374785793e-06
558 1.074046605882351 1.842838994946915e-06
559 1.075971420588234 2.11661186332417e-06
560 1.077896235294116 2.494512266627587e-06
561 1.079821049999998 2.985424498717385e-06
562 1.081745864705881 3.565011213531032e-06
563 1.083670679411763 4.34044487406484e-06
564 1.085595494117645 5.711631906019142e-06
565 1.087520308823528 7.71687817697579e-06
566 1.08944512352941 9.706501468329077e-06
567 1.091369938235292 1.110647197792737e-05
568 1.093294752941175 1.197066867125671e-05
569 1.095219567647057 1.278810742478472e-05
570 1.097144382352939 1.382944339353683e-05
571 1.099069197058822 1.522234698083302e-05
572 1.100994011764704 1.65805687404606e-05
573 1.102918826470586 1.716392024704699e-05
574 1.104843641176469 1.725090216491189e-05
575 1.106768455882351 1.737790169079396e-05
576 1.108693270588234 1.74857184252747e-05
577 1.110618085294116 1.730537949364941e-05
578 1.112542899999998 1.680052888394388e-05
579 1.114467714705881 1.601123873844117e-05
580 1.116392529411763 1.499459890804032e-05
581 1.118317344117645 1.382244973487156e-05
582 1.120242158823528 1.254039328428917e-05
583 1.12216697352941 1.15220063974524e-05
584 1.124091788235292 1.202310360967004e-05
585 1.126016602941175 1.320069046977885e-05
586 1.127941417647057 1.395337551031931e-05
587 1.129866232352939 1.422434880385881e-05
588 1.131791047058822 1.435357635907303e-05
589 1.133715861764704 1.447384251524038e-05
590 1.135640676470586 1.480911148824111e-05
591 1.137565491176469 1.541605231731822e-05
592 1.139490305882351 1.598649172804789e-05
593 1.141415120588233 1.635048641515921e-05
594 1.143339935294116 1.643171492529888e-05
595 1.145264749999998 1.622859248574918e-05
596 1.147189564705881 1.572650396639668e-05
597 1.149114379411763 1.503521142751293e-05
598 1.151039194117645 1.433662646475319e-05
599 1.152964008823528 1.375925370106783e-05
600 1.15488882352941 1.341060715054365e-05
601 1.156813638235292 1.341542380519119e-05
602 1.158738452941175 1.356476641369678e-05
603 1.160663267647057 1.367685747982923e-05
604 1.162588082352939 1.364403779141726e-05
605 1.164512897058822 1.343938987071025e-05
606 1.166437711764704 1.298098776758721e-05
607 1.168362526470586 1.235358096934267e-05
608 1.170287341176469 1.181258105308398e-05
609 1.172212155882351 1.154637925892577e-05
610 1.174136970588233 1.169018473199912e-05
611 1.176061785294116 1.209632875303594e-05
612 1.177986599999998 1.241965688183929e-05
613 1.17991141470588 1.258632842310666e-05
614 1.181836229411763 1.218670381950037e-05
615 1.183761044117645 1.127344550473308e-05
616 1.185685858823528 1.062325399900562e-05
617 1.18761067352941 1.061976478067778e-05
618 1.189535488235292 1.120205965012456e-05
619 1.191460302941175 1.115210707554395e-05
620 1.193385117647057 1.060930021485885e-05
621 1.195309932352939 9.905856194055588e-06
622 1.197234747058822 9.448740502401512e-06
623 1.199159561764704 9.459454863279975e-06
624 1.201084376470586 9.956100901234683e-06
625 1.203009191176469 1.054990767901661e-05
626 1.204934005882351 1.051500649341259e-05
627 1.206858820588233 9.999836955914263e-06
628 1.208783635294116 9.487684598372296e-06
629 1.210708449999998 9.436242649814737e-06
630 1.21263326470588 9.865144382318475e-06
631 1.214558079411763 1.009329733276114e-05
632 1.216482894117645 9.904738119428399e-06
633 1.218407708823527 9.365587144237776e-06
634 1.22033252352941 8.754959624590292e-06
635 1.222257338235292 8.3835334718745e-06
636 1.224182152941174 8.326526327582864e-06
637 1.226106967647057 8.488485175072402e-06
638 1.228031782352939 8.44611925709025e-06
639 1.229956597058822 8.146064792491674e-06
640 1.231881411764704 7.60998308816287e-06
641 1.233806226470586 6.938960773693476e-06
642 1.235731041176469 6.403593667105611e-06
643 1.237655855882351 6.203271728002767e-06
644 1.239580670588233 6.393356318764539e-06
645 1.241505485294116 6.676238952742818e-06
646 1.243430299999998 6.697653627332806e-06
647 1.24535511470588 6.414197558540237e-06
648 1.247279929411763 5.992333088906728e-06
649 1.249204744117645 5.75680834416338e-06
650 1.251129558823527 5.725147049528204e-06
651 1.25305437352941 5.796526398239258e-06
652 1.254979188235292 5.737717997146936e-06
653 1.256904002941174 5.503230944315578e-06
654 1.258828817647057 5.106317136263415e-06
655 1.260753632352939 4.658787371033106e-06
656 1.262678447058821 4.338462063690825e-06
657 1.264603261764704 4.155259205669815e-06
658 1.266528076470586 4.054990482815058e-06
659 1.268452891176469 3.883410312663404e-06
660 1.270377705882351 3.573591345830296e-06
661 1.272302520588233 3.175520549822522e-06
662 1.274227335294116 2.793357044774832e-06
663 1.276152149999998 2.581326676300114e-06
664 1.27807696470588 2.585393563747511e-06
665 1.280001779411763 2.704275069239663e-06
666 1.281926594117645 2.670456795710759e-06
667 1.283851408823527 2.501957504703509e-06
668 1.28577622352941 2.317003181430696e-06
669 1.287701038235292 2.19881756602929e-06
670 1.289625852941174 2.169603463866814e-06
671 1.291550667647057 2.163892670778161e-06
672 1.293475482352939 2.059730211750224e-06
673 1.295400297058821 1.877361173815761e-06
674 1.297325111764704 1.666869974562265e-06
675 1.299249926470586 1.486567234314975e-06
676 1.301174741176468 1.346920944946241e-06
677 1.303099555882351 1.211438872725904e-06
678 1.305024370588233 1.041322039360301e-06
679 1.306949185294116 8.845990795193345e-07
680 1.308873999999998 7.868648304680172e-07
681 1.31079881470588 6.689177740047984e-07
682 1.312723629411763 6.117084940466744e-07
683 1.314648444117645 7.275081738864282e-07
684 1.316573258823527 4.881632411042223e-07
685 1.31849807352941 4.462929036642463e-07
686 1.320422888235292 4.534605726942948e-07
687 1.322347702941174 4.452687361122092e-07
688 1.324272517647057 4.288257823562977e-07
689 1.326197332352939 4.153023778692531e-07
690 1.328122147058821 4.118669598863143e-07
691 1.330046961764704 4.144045428664029e-07
692 1.331971776470586 4.142116344605403e-07
693 1.333896591176468 4.100005186971403e-07
694 1.335821405882351 4.023059048955973e-07
695 1.337746220588233 3.923814819884663e-07
696 1.339671035294115 3.836543528765186e-07
697 1.341595849999998 3.769535436828791e-07
698 1.34352066470588 3.720747538868787e-07
699 1.345445479411763 3.651762557763372e-07
700 1.347370294117645 3.551181841046222e-07
701 1.349295108823527 3.432826318357781e-07
702 1.35121992352941 3.323173399061985e-07
703 1.353144738235292 3.224814688786868e-07
704 1.355069552941174 3.157500875967445e-07
705 1.356994367647057 3.218545654592075e-07
706 1.358919182352939 3.386920449783354e-07
707 1.360843997058821 3.47808327623538e-07
708 1.362768811764704 3.511857813880641e-07
709 1.364693626470586 3.57627885429508e-07
710 1.366618441176468 3.674394857438513e-07
711 1.368543255882351 3.803783384996199e-07
712 1.370468070588233 3.932933962528481e-07
713 1.372392885294115 4.037283228222937e-07
714 1.374317699999998 4.118435836295024e-07
715 1.37624251470588 4.200540971671546e-07
716 1.378167329411762 4.301486960280037e-07
717 1.380092144117645 4.430860679326714e-07
718 1.382016958823527 4.575841267503047e-07
719 1.38394177352941 4.71736381107919e-07
720 1.385866588235292 4.851436253728517e-07
721 1.387791402941174 4.976654678232229e-07
722 1.389716217647057 5.098257758376578e-07
723 1.391641032352939 5.217884904238905e-07
724 1.393565847058821 6.033904665434288e-07
725 1.395490661764704 8.843333214037639e-07
726 1.397415476470586 1.188817857770084e-06
727 1.399340291176468 1.418839924967981e-06
728 1.401265105882351 1.595214678424733e-06
729 1.403189920588233 1.763423771504273e-06
730 1.405114735294115 1.943065545614032e-06
731 1.407039549999998 2.133510612071545e-06
732 1.40896436470588 2.31515294567182e-06
733 1.410889179411762 2.4441170970014e-06
734 1.412813994117645 2.513503237830338e-06
735 1.414738808823527 2.546558366536329e-06
736 1.416663623529409 2.571726418099591e-06
737 1.418588438235292 2.598477410652151e-06
738 1.420513252941174 2.625593672913305e-06
739 1.422438067647056 2.647970025812265e-06
740 1.424362882352939 2.651880128671394e-06
741 1.426287697058821 2.633845728804039e-06
742 1.428212511764704 2.611880738978641e-06
743 1.430137326470586 2.588806070669178e-06
744 1.432062141176468 2.538758772257012e-06
745 1.433986955882351 2.603448383462577e-06
746 1.435911770588233 2.762458709974412e-06
747 1.437836585294115 2.885991374505048e-06
748 1.439761399999998 2.983353986065091e-06
749 1.44168621470588 3.103299217813873e-06
750 1.443611029411762 3.244046851848757e-06
751 1.445535844117645 3.407323754315515e-06
752 1.447460658823527 3.581974183158332e-06
753 1.449385473529409 3.708266694599838e-06
754 1.451310288235292 3.821446393411215e-06
755 1.453235102941174 3.940036966224305e-06
756 1.455159917647056 4.046383667638037e-06
757 1.457084732352939 4.143382431261393e-06
758 1.459009547058821 4.24110124586512e-06
759 1.460934361764703 4.345825045691186e-06
760 1.462859176470586 4.496045299585985e-06
761 1.464783991176468 4.689300743848281e-06
762 1.466708805882351 4.845758439176764e-06
763 1.468633620588233 4.968518280602597e-06
764 1.470558435294115 4.931449871630766e-06
765 1.472483249999998 4.729456699856776e-06
766 1.47440806470588 4.581968155281894e-06
767 1.476332879411762 4.540594807394219e-06
768 1.478257694117645 4.566215091322819e-06
769 1.480182508823527 4.582166044698613e-06
770 1.482107323529409 4.577449802187441e-06
771 1.484032138235292 4.560232929700176e-06
772 1.485956952941174 4.565063030298104e-06
773 1.487881767647056 4.597378339307903e-06
774 1.489806582352939 4.665544278511956e-06
775 1.491731397058821 4.714623717310235e-06
776 1.493656211764703 4.738940900144836e-06
777 1.495581026470586 4.74334197366925e-06
778 1.497505841176468 4.757262744332842e-06
779 1.49943065588235 4.794766477183721e-06
780 1.501355470588233 4.879635887792005e-06
781 1.503280285294115 5.001357332822088e-06
782 1.505205099999998 5.119064863110284e-06
783 1.50712991470588 5.199562962657484e-06
784 1.509054729411762 5.169275324691554e-06
785 1.510979544117645 5.020898076610097e-06
786 1.512904358823527 4.847652949897478e-06
787 1.514829173529409 4.73833128500584e-06
788 1.516753988235292 4.684651514533446e-06
789 1.518678802941174 4.664103899585521e-06
790 1.520603617647056 4.588652616207049e-06
791 1.522528432352939 4.473481272597701e-06
792 1.524453247058821 4.367774158648993e-06
793 1.526378061764703 4.287571291684337e-06
794 1.528302876470586 4.227148447600778e-06
795 1.530227691176468 4.188642211998075e-06
796 1.53215250588235 4.126594801891607e-06
797 1.534077320588233 4.042907122761042e-06
798 1.536002135294115 3.964340273116476e-06
799 1.537926949999997 3.890958849596444e-06
800 1.53985176470588 3.826594428854638e-06
801 1.541776579411762 3.775177365993763e-06
802 1.543701394117645 3.727011369854061e-06
803 1.545626208823527 3.667586192425736e-06
804 1.547551023529409 3.602094666648148e-06
805 1.549475838235292 3.550591995010398e-06
806 1.551400652941174 3.511495187079135e-06
807 1.553325467647056 3.483300243501818e-06
808 1.555250282352939 3.449341844812569e-06
809 1.557175097058821 3.401957021637182e-06
810 1.559099911764703 3.351376164227155e-06
811 1.561024726470586 3.308162334539192e-06
812 1.562949541176468 3.269487647015394e-06
813 1.56487435588235 3.235236092358932e-06
814 1.566799170588233 3.202368342491241e-06
815 1.568723985294115 3.162887831535737e-06
816 1.570648799999997 3.118737711018378e-06
817 1.57257361470588 3.077958091237969e-06
818 1.574498429411762 3.039374577310009e-06
819 1.576423244117644 3.002167498580816e-06
820 1.578348058823527 2.969033679898054e-06
821 1.580272873529409 2.934764411747449e-06
822 1.582197688235291 2.897998751551808e-06
823 1.584122502941174 2.8604662717741e-06
824 1.586047317647056 2.828429473281184e-06
825 1.587972132352939 2.828676920550485e-06
826 1.589896947058821 2.847629625030913e-06
827 1.591821761764703 2.832631941847176e-06
828 1.593746576470586 2.799463928730106e-06
829 1.595671391176468 2.767831444749187e-06
830 1.59759620588235 2.743699154636863e-06
831 1.599521020588233 2.721392972049795e-06
832 1.601445835294115 2.698207107609446e-06
833 1.603370649999997 2.674580312874819e-06
834 1.60529546470588 2.649990091668355e-06
835 1.607220279411762 2.637065618681411e-06
836 1.609145094117644 2.628825426004085e-06
837 1.611069908823527 2.622392086942364e-06
838 1.612994723529409 2.624871161030427e-06
839 1.614919538235291 2.654621156460688e-06
840 1.616844352941174 2.735745824111659e-06
841 1.618769167647056 2.869135811060869e-06
842 1.620693982352938 3.019030876306018e-06
843 1.622618797058821 3.185207941670151e-06
844 1.624543611764703 3.202053420950605e-06
845 1.626468426470586 3.001293792317406e-06
846 1.628393241176468 2.836738114507405e-06
847 1.63031805588235 2.748584487203014e-06
848 1.632242870588233 2.700750847129933e-06
849 1.634167685294115 2.642857990455061e-06
850 1.636092499999997 2.57780968881583e-06
851 1.63801731470588 2.534416699825517e-06
852 1.639942129411762 2.495535977839573e-06
853 1.641866944117644 2.510225197305169e-06
854 1.643791758823527 2.588305546007561e-06
855 1.645716573529409 2.606238551052529e-06
856 1.647641388235291 2.55378152510535e-06
857 1.649566202941174 2.455733170919963e-06
858 1.651491017647056 2.361013214580801e-06
859 1.653415832352938 2.287196774371126e-06
860 1.655340647058821 2.227560202146956e-06
861 1.657265461764703 2.181494002928599e-06
862 1.659190276470585 2.13781219381591e-06
863 1.661115091176468 2.121442275161781e-06
864 1.66303990588235 2.135699182157139e-06
865 1.664964720588233 2.219349305769146e-06
866 1.666889535294115 2.361799528177293e-06
867 1.668814349999997 2.507023504354477e-06
868 1.67073916470588 2.627860068848483e-06
869 1.672663979411762 2.716668986593292e-06
870 1.674588794117644 2.769530149654313e-06
871 1.676513608823527 2.81204355785834e-06
872 1.678438423529409 2.86847366015159e-06
873 1.680363238235291 2.942054820513778e-06
874 1.682288052941174 3.026761109403133e-06
875 1.684212867647056 3.078858970721976e-06
876 1.686137682352938 3.066544844664137e-06
877 1.688062497058821 2.985888732160183e-06
878 1.689987311764703 2.851220734623401e-06
879 1.691912126470585 2.709341595345278e-06
880 1.693836941176468 2.593440554399395e-06
881 1.69576175588235 2.500186802722959e-06
882 1.697686570588232 2.42458551501025e-06
883 1.699611385294115 2.320749764873721e-06
884 1.701536199999997 2.169403906865419e-06
885 1.70346101470588 2.026518821614771e-06
886 1.705385829411762 1.920797849041005e-06
887 1.707310644117644 1.834195499294935e-06
888 1.709235458823527 1.764018210879213e-06
889 1.711160273529409 1.707059731159629e-06
890 1.713085088235291 1.658744629295569e-06
891 1.715009902941174 1.615889699068709e-06
892 1.716934717647056 1.573139204060659e-06
893 1.718859532352938 1.531272827888281e-06
894 1.720784347058821 1.510381210580043e-06
895 1.722709161764703 1.517643470907287e-06
896 1.724633976470585 1.542644664113413e-06
897 1.726558791176468 1.585248850783651e-06
898 1.72848360588235 1.661291587515544e-06
899 1.730408420588232 1.813716545044485e-06
900 1.732333235294115 2.083930099983791e-06
901 1.734258049999997 2.476877390108716e-06
902 1.736182864705879 2.978456587578479e-06
903 1.738107679411762 3.563154595066764e-06
904 1.740032494117644 4.291643993959486e-06
905 1.741957308823527 5.578027595065444e-06
906 1.743882123529409 7.531470693392051e-06
907 1.745806938235291 9.656612094927416e-06
908 1.747731752941174 1.126833782585417e-05
909 1.749656567647056 1.22790464955382e-05
910 1.751581382352938 1.303126813189374e-05
911 1.753506197058821 1.397503216504308e-05
912 1.755431011764703 1.533616506488182e-05
913 1.757355826470585 1.650167143857703e-05
914 1.759280641176468 1.709385040420456e-05
915 1.76120545588235 1.740296362916007e-05
916 1.763130270588232 1.761543353302394e-05
917 1.765055085294115 1.767374912554349e-05
918 1.766979899999997 1.742679137700461e-05
919 1.768904714705879 1.687889203148347e-05
920 1.770829529411762 1.60852007873805e-05
921 1.772754344117644 1.50984351549121e-05
922 1.774679158823526 1.396195388325436e-05
923 1.776603973529409 1.270150097092403e-05
924 1.778528788235291 1.172905807192064e-05
925 1.780453602941173 1.210306320847382e-05
926 1.782378417647056 1.328185336938756e-05
927 1.784303232352938 1.408510954169447e-05
928 1.786228047058821 1.441195115473131e-05
929 1.788152861764703 1.451530283319351e-05
930 1.790077676470585 1.453004921732729e-05
931 1.792002491176468 1.465893978707119e-05
932 1.79392730588235 1.501096103583602e-05
933 1.795852120588232 1.55441750634972e-05
934 1.797776935294115 1.606189178645155e-05
935 1.799701749999997 1.642348069226267e-05
936 1.801626564705879 1.650026679852141e-05
937 1.803551379411762 1.628384962315103e-05
938 1.805476194117644 1.56620094510751e-05
939 1.807401008823526 1.480132407487943e-05
940 1.809325823529409 1.393068161183397e-05
941 1.811250638235291 1.319077787198492e-05
942 1.813175452941173 1.27604176162466e-05
943 1.815100267647056 1.279810143820098e-05
944 1.817025082352938 1.314768084521412e-05
945 1.81894989705882 1.352188051639777e-05
946 1.820874711764703 1.377987464199259e-05
947 1.822799526470585 1.363624624748429e-05
948 1.824724341176468 1.310686484378929e-05
949 1.82664915588235 1.235135351333327e-05
950 1.828573970588232 1.168145879114544e-05
951 1.830498785294115 1.131573831574514e-05
952 1.832423599999997 1.150304875527994e-05
953 1.834348414705879 1.213902431995462e-05
954 1.836273229411762 1.233698212581627e-05
955 1.838198044117644 1.209385404153835e-05
956 1.840122858823526 1.155711815592012e-05
957 1.842047673529409 1.089947900586351e-05
958 1.843972488235291 1.057215569063218e-05
959 1.845897302941173 1.068341215378416e-05
960 1.847822117647056 1.10297991215406e-05
961 1.849746932352938 1.112126813178712e-05
962 1.85167174705882 1.092426480914459e-05
963 1.853596561764703 1.046085917002324e-05
964 1.855521376470585 9.845850612012658e-06
965 1.857446191176467 9.612221619881852e-06
966 1.85937100588235 9.860046214648472e-06
967 1.861295820588232 1.032675341319682e-05
968 1.863220635294115 1.054699624361114e-05
969 1.865145449999997 1.045816608337248e-05
970 1.867070264705879 1.011230653806786e-05
971 1.868995079411762 9.617642898912549e-06
972 1.870919894117644 9.29519572535297e-06
973 1.872844708823526 9.232737379424196e-06
974 1.874769523529409 9.376786473398335e-06
975 1.876694338235291 9.548503473644317e-06
976 1.878619152941173 9.37256084503712e-06
977 1.880543967647056 8.869772388968782e-06
978 1.882468782352938 8.223560178366795e-06
979 1.88439359705882 7.72632286055487e-06
980 1.886318411764703 7.454111070884028e-06
981 1.888243226470585 7.397479080591799e-06
982 1.890168041176467 7.392437122044758e-06
983 1.89209285588235 7.086639947857613e-06
984 1.894017670588232 6.559521904056458e-06
985 1.895942485294114 6.131956382101779e-06
986 1.897867299999997 6.147751197344358e-06
987 1.899792114705879 6.597152476690727e-06
988 1.901716929411762 6.663395662953017e-06
989 1.903641744117644 6.382772973510454e-06
990 1.905566558823526 5.942921526455733e-06
991 1.907491373529409 5.599443752698773e-06
992 1.909416188235291 5.484154196274508e-06
993 1.911341002941173 5.586513998393061e-06
994 1.913265817647056 5.560268826433078e-06
995 1.915190632352938 5.319329498313545e-06
996 1.91711544705882 4.893540535377402e-06
997 1.919040261764703 4.40791364206012e-06
998 1.920965076470585 4.082770454290148e-06
999 1.922889891176467 3.918123510841297e-06
1000 1.92481470588235 3.816058014712319e-06
1001 1.926739520588232 3.56031915307072e-06
1002 1.928664335294114 3.198257424692698e-06
1003 1.930589149999997 2.816809182435235e-06
1004 1.932513964705879 2.579418656600872e-06
1005 1.934438779411761 2.533790078717504e-06
1006 1.936363594117644 2.646375043585962e-06
1007 1.938288408823526 2.655964373413188e-06
1008 1.940213223529409 2.549359628755601e-06
1009 1.942138038235291 2.364492782500788e-06
1010 1.944062852941173 2.195205266137829e-06
1011 1.945987667647056 2.096502038159525e-06
1012 1.947912482352938 2.086853414768427e-06
1013 1.94983729705882 2.062371920102358e-06
1014 1.951762111764703 1.918662654124087e-06
1015 1.953686926470585 1.697796162154299e-06
1016 1.955611741176467 1.478828645439545e-06
1017 1.95753655588235 1.309630971751586e-06
1018 1.959461370588232 1.13297994489716e-06
1019 1.961386185294114 9.571533184306135e-07
1020 1.963310999999997 8.415265253215463e-07
