"ven-ave-vel-inlet-rfile"
"Time Step" "report-ven-ave-vel-inlet etc.."
("Time Step" "report-ven-ave-vel-inlet" "flow-time")
20 0.08510885644469612 0.03849629411764705
40 0.1935697072516312 0.07699258823529403
60 0.5153239598448857 0.115488882352941
80 0.5508938268136406 0.153985176470588
100 0.2866990187675049 0.192481470588235
120 0.1712538564246083 0.230977764705882
140 0.2003517777061968 0.269474058823529
160 0.1709449376783519 0.307970352941176
180 0.009428216826876577 0.346466647058823
200 0.01037813383135142 0.38496294117647
220 0.002856609110599127 0.4234592352941169
240 0.01095643554243032 0.4619555294117639
260 0.007524875688394069 0.500451823529411
280 0.004797300175565374 0.538948117647058
300 0.007224475358879003 0.577444411764705
320 0.01024954339122465 0.6159407058823519
340 0.00717260853160136 0.6544369999999989
360 0.08619479504994254 0.6929332941176459
380 0.187411392163225 0.7314295882352929
400 0.5289279699910938 0.7699258823529399
420 0.5842564204043498 0.8084221764705869
440 0.3145588765602217 0.8469184705882339
460 0.1715851666650957 0.8854147647058809
480 0.2000215403715602 0.9239110588235279
500 0.19735504352043 0.9624073529411749
520 0.009599974961433532 1.000903647058822
540 0.01033261036314871 1.039399941176469
560 0.004436463550638437 1.077896235294116
580 0.01077557573510311 1.116392529411763
600 0.007444646364238571 1.15488882352941
620 0.009923315528659975 1.195309932352939
640 0.01066399810731476 1.231881411764704
660 0.01109362717902445 1.270377705882351
680 0.01195109947994869 1.308873999999998
700 0.08725528022280994 1.347370294117645
720 0.1803355796500715 1.385866588235292
740 0.5379943664686417 1.424362882352939
760 0.613379290901782 1.462859176470586
780 0.3431895728374241 1.501355470588233
800 0.1703811577649084 1.53985176470588
820 0.196116384039899 1.578348058823527
840 0.2287476105767654 1.616844352941174
860 0.009619752758172716 1.655340647058821
880 0.009872032822625906 1.693836941176468
900 0.005248225769343889 1.732333235294115
920 0.01017045427179533 1.770829529411762
940 0.009481573125066247 1.809325823529409
960 0.006549561366359514 1.847822117647056
980 0.009097473014433421 1.886318411764703
1000 0.009571151773537755 1.92481470588235
1020 0.01530771141802182 1.963310999999997