"ven-integral-turb-kin-ener-rfile"
"Time Step" "ven-integral-turb-kin-ener etc.."
("Time Step" "ven-integral-turb-kin-ener" "flow-time")
1 4.424504533710695e-07 0.001924814705882353
2 4.168851802871021e-07 0.003849629411764706
3 3.840711608785737e-07 0.005774444117647059
4 3.555343776595238e-07 0.007699258823529412
5 3.313681542285031e-07 0.009624073529411765
6 3.105755967898275e-07 0.01154888823529412
7 2.925387789055726e-07 0.01347370294117647
8 2.76666222009785e-07 0.01539851764705882
9 2.625519826289986e-07 0.01732333235294118
10 2.499124010220598e-07 0.01924814705882353
11 2.385083320365988e-07 0.02117296176470588
12 2.281476390564387e-07 0.02309777647058824
13 2.186813295540977e-07 0.02502259117647059
14 2.099890616667793e-07 0.02694740588235294
15 2.01972295900747e-07 0.02887222058823529
16 1.945493985396815e-07 0.03079703529411765
17 1.876534674584136e-07 0.03272185
18 1.812253475331277e-07 0.03464666470588235
19 1.752137123342545e-07 0.0365714794117647
20 1.695772198835097e-07 0.03849629411764705
21 1.642773921371471e-07 0.04042110882352939
22 1.59293749644475e-07 0.04234592352941174
23 1.546143203474438e-07 0.04427073823529409
24 1.502211655171987e-07 0.04619555294117644
25 1.460791866766972e-07 0.04812036764705879
26 1.421664572022333e-07 0.05004518235294114
27 1.38470507380244e-07 0.05196999705882349
28 1.349777145496703e-07 0.05389481176470584
29 1.316768621396008e-07 0.05581962647058819
30 1.285531562329984e-07 0.05774444117647054
31 1.2559457628043e-07 0.05966925588235289
32 1.227924726025933e-07 0.06159407058823524
33 1.201387224299449e-07 0.06351888529411759
34 1.176260932693796e-07 0.06544369999999994
35 1.152465567680333e-07 0.06736851470588229
36 1.129925669315187e-07 0.06929332941176464
37 1.108584147341421e-07 0.07121814411764699
38 1.088388901605718e-07 0.07314295882352934
39 1.069286172573644e-07 0.07506777352941169
40 1.051223704494625e-07 0.07699258823529403
41 1.034150688725155e-07 0.07891740294117638
42 1.018745606937828e-07 0.08084221764705873
43 1.005951160471265e-07 0.08276703235294108
44 9.950923942558375e-08 0.08469184705882343
45 9.857421452940498e-08 0.08661666176470578
46 9.77872312155829e-08 0.08854147647058813
47 9.714193723900932e-08 0.09046629117647048
48 9.662823294374836e-08 0.09239110588235283
49 9.623673370364126e-08 0.09431592058823518
50 9.595302156651587e-08 0.09624073529411753
51 9.57718876024934e-08 0.09816554999999988
52 9.56820848765618e-08 0.1000903647058822
53 9.567474242486417e-08 0.1020151794117646
54 9.574073784674115e-08 0.1039399941176469
55 9.586440301843255e-08 0.1058648088235293
56 9.603554133079392e-08 0.1077896235294116
57 9.622959265396456e-08 0.109714438235294
58 9.644067031651928e-08 0.1116392529411763
59 9.665254485653147e-08 0.1135640676470587
60 9.685234723803841e-08 0.115488882352941
61 9.702251966035907e-08 0.1174136970588234
62 9.719164484169145e-08 0.1193385117647057
63 9.749014355236516e-08 0.1212633264705881
64 9.790972201706865e-08 0.1231881411764704
65 9.842105375213869e-08 0.1251129558823528
66 9.899939385513379e-08 0.1270377705882351
67 9.965566566466042e-08 0.1289625852941175
68 1.003874812086561e-07 0.1308873999999998
69 1.012032767412846e-07 0.1328122147058822
70 1.020998686160781e-07 0.1347370294117645
71 1.030712535999792e-07 0.1366618441176469
72 1.040964487367497e-07 0.1385866588235292
73 1.051514700785876e-07 0.1405114735294116
74 1.06230796643403e-07 0.1424362882352939
75 1.073218844828646e-07 0.1443611029411763
76 1.084497633840052e-07 0.1462859176470586
77 1.095851829161271e-07 0.148210732352941
78 1.107423084237135e-07 0.1501355470588233
79 1.118836836839665e-07 0.1520603617647057
80 1.129949925859651e-07 0.153985176470588
81 1.140679536781515e-07 0.1559099911764704
82 1.151022103492545e-07 0.1578348058823527
83 1.161371986454174e-07 0.1597596205882351
84 1.172282583611806e-07 0.1616844352941174
85 1.183417219699547e-07 0.1636092499999998
86 1.194866153640312e-07 0.1655340647058821
87 1.20653463876085e-07 0.1674588794117645
88 1.218338339880875e-07 0.1693836941176468
89 1.230409749385372e-07 0.1713085088235292
90 1.24259820854792e-07 0.1732333235294115
91 1.254870550138511e-07 0.1751581382352939
92 1.267118477880276e-07 0.1770829529411762
93 1.279306979550305e-07 0.1790077676470586
94 1.291278387994992e-07 0.1809325823529409
95 1.303113744792779e-07 0.1828573970588233
96 1.314817388503009e-07 0.1847822117647056
97 1.326358821700122e-07 0.186707026470588
98 1.337715565984038e-07 0.1886318411764703
99 1.348789837462142e-07 0.1905566558823527
100 1.359527222474905e-07 0.192481470588235
101 1.369698196132457e-07 0.1944062852941174
102 1.379454812533997e-07 0.1963310999999997
103 1.388854995525018e-07 0.1982559147058821
104 1.398292917081239e-07 0.2001807294117644
105 1.407556731986705e-07 0.2021055441176468
106 1.41668362187561e-07 0.2040303588235291
107 1.42581320543834e-07 0.2059551735294115
108 1.434775445439355e-07 0.2078799882352938
109 1.44368625314728e-07 0.2098048029411761
110 1.452557468279785e-07 0.2117296176470585
111 1.461479644546505e-07 0.2136544323529408
112 1.470207554160586e-07 0.2155792470588232
113 1.478909691191855e-07 0.2175040617647055
114 1.487609700600577e-07 0.2194288764705879
115 1.496256287855149e-07 0.2213536911764702
116 1.504981858112486e-07 0.2232785058823526
117 1.513825771471307e-07 0.2252033205882349
118 1.522692812898773e-07 0.2271281352941173
119 1.531387080964152e-07 0.2290529499999996
120 1.540193583496442e-07 0.230977764705882
121 1.549055356701555e-07 0.2329025794117643
122 1.557856235582628e-07 0.2348273941176467
123 1.566797734231409e-07 0.236752208823529
124 1.5756682700368e-07 0.2386770235294114
125 1.58449086228497e-07 0.2406018382352937
126 1.593332340541163e-07 0.2425266529411761
127 1.602175326778776e-07 0.2444514676470584
128 1.610891505039851e-07 0.2463762823529408
129 1.619719622976548e-07 0.2483010970588231
130 1.628511133846775e-07 0.2502259117647055
131 1.637189545670812e-07 0.2521507264705878
132 1.645861214441067e-07 0.2540755411764702
133 1.654527176431594e-07 0.2560003558823525
134 1.663132836006386e-07 0.2579251705882349
135 1.671709639820987e-07 0.2598499852941172
136 1.68034222180727e-07 0.2617747999999996
137 1.688911706951138e-07 0.2636996147058819
138 1.697335027687064e-07 0.2656244294117643
139 1.705811570947571e-07 0.2675492441176466
140 1.714254751248583e-07 0.269474058823529
141 1.722588743430746e-07 0.2713988735294113
142 1.731191898041736e-07 0.2733236882352937
143 1.740437388238865e-07 0.275248502941176
144 1.750079171940542e-07 0.2771733176470584
145 1.759680219299673e-07 0.2790981323529407
146 1.769473801773476e-07 0.2810229470588231
147 1.779190684507795e-07 0.2829477617647054
148 1.788894235312098e-07 0.2848725764705878
149 1.798498840660108e-07 0.2867973911764701
150 1.8080566606151e-07 0.2887222058823525
151 1.817578923853384e-07 0.2906470205882348
152 1.826799785626874e-07 0.2925718352941172
153 1.835734965572093e-07 0.2944966499999995
154 1.844232595469944e-07 0.2964214647058819
155 1.852324923237731e-07 0.2983462794117642
156 1.860000069770724e-07 0.3002710941176466
157 1.867241957278449e-07 0.3021959088235289
158 1.874088638510403e-07 0.3041207235294113
159 1.880396348332419e-07 0.3060455382352936
160 1.886050152222243e-07 0.307970352941176
161 1.891106704710519e-07 0.3098951676470583
162 1.895389635928039e-07 0.3118199823529407
163 1.899145379665582e-07 0.313744797058823
164 1.902686963273865e-07 0.3156696117647054
165 1.906020608074318e-07 0.3175944264705877
166 1.909179667446965e-07 0.3195192411764701
167 1.912128243954185e-07 0.3214440558823524
168 1.914795028239393e-07 0.3233688705882348
169 1.917196716782524e-07 0.3252936852941171
170 1.919258555604435e-07 0.3272184999999995
171 1.921022576663016e-07 0.3291433147058818
172 1.92251503728622e-07 0.3310681294117642
173 1.923993394774851e-07 0.3329929441176465
174 1.925680812192704e-07 0.3349177588235289
175 1.926912165062022e-07 0.3368425735294112
176 1.927242180706031e-07 0.3387673882352936
177 1.927416688164304e-07 0.3406922029411759
178 1.927212212108975e-07 0.3426170176470583
179 1.926399008066563e-07 0.3445418323529406
180 1.925496457321255e-07 0.346466647058823
181 1.924358096623641e-07 0.3483914617647053
182 1.922646849072966e-07 0.3503162764705877
183 1.921149658788439e-07 0.35224109117647
184 1.919403668468768e-07 0.3541659058823524
185 1.917261766883556e-07 0.3560907205882347
186 1.914883607474758e-07 0.3580155352941171
187 1.912265496785403e-07 0.3599403499999994
188 1.909468740672291e-07 0.3618651647058818
189 1.906578780393148e-07 0.3637899794117641
190 1.903672271025335e-07 0.3657147941176465
191 1.900757516878598e-07 0.3676396088235288
192 1.897731909148755e-07 0.3695644235294112
193 1.894741496579564e-07 0.3714892382352935
194 1.891689955050211e-07 0.3734140529411759
195 1.888566734783265e-07 0.3753388676470582
196 1.885326880652886e-07 0.3772636823529406
197 1.881947293620692e-07 0.3791884970588229
198 1.8785665975606e-07 0.3811133117647053
199 1.875118426726608e-07 0.3830381264705876
200 1.871557129109907e-07 0.38496294117647
201 1.867981566393681e-07 0.3868877558823523
202 1.864329442878246e-07 0.3888125705882347
203 1.860616734881203e-07 0.390737385294117
204 1.856722116138667e-07 0.3926621999999994
205 1.852782142726926e-07 0.3945870147058817
206 1.848721453778924e-07 0.396511829411764
207 1.844540666971025e-07 0.3984366441176464
208 1.840189930026078e-07 0.4003614588235287
209 1.835729544186958e-07 0.4022862735294111
210 1.83115208545512e-07 0.4042110882352934
211 1.826581148081326e-07 0.4061359029411758
212 1.821995611311775e-07 0.4080607176470581
213 1.817293921400609e-07 0.4099855323529405
214 1.812472635087098e-07 0.4119103470588228
215 1.807533440192447e-07 0.4138351617647052
216 1.802525045824536e-07 0.4157599764705875
217 1.797508618798079e-07 0.4176847911764699
218 1.792727450581558e-07 0.4196096058823522
219 1.788063742951175e-07 0.4215344205882346
220 1.783384431064095e-07 0.4234592352941169
221 1.77868229278404e-07 0.4253840499999993
222 1.773818089793695e-07 0.4273088647058816
223 1.769501004325488e-07 0.429233679411764
224 1.76601286794952e-07 0.4311584941176463
225 1.762371193796086e-07 0.4330833088235287
226 1.758064913298971e-07 0.435008123529411
227 1.753206525580824e-07 0.4369329382352934
228 1.747951791700439e-07 0.4388577529411757
229 1.742275791559207e-07 0.4407825676470581
230 1.735944797721848e-07 0.4427073823529404
231 1.728750254905788e-07 0.4446321970588228
232 1.720671211416613e-07 0.4465570117647051
233 1.711703434722851e-07 0.4484818264705875
234 1.701868601360459e-07 0.4504066411764698
235 1.691213140127766e-07 0.4523314558823522
236 1.679869006888061e-07 0.4542562705882345
237 1.668104622690972e-07 0.4561810852941169
238 1.656269774566236e-07 0.4581058999999992
239 1.644429779382995e-07 0.4600307147058816
240 1.632541023898359e-07 0.4619555294117639
241 1.620546898343052e-07 0.4638803441176463
242 1.608319882918696e-07 0.4658051588235286
243 1.594665724650242e-07 0.467729973529411
244 1.581790854441948e-07 0.4696547882352933
245 1.56819597095216e-07 0.4715796029411757
246 1.554620265878721e-07 0.473504417647058
247 1.540842662558943e-07 0.4754292323529404
248 1.526529421450322e-07 0.4773540470588227
249 1.513119396412132e-07 0.4792788617647051
250 1.499497960455455e-07 0.4812036764705874
251 1.486025933638056e-07 0.4831284911764698
252 1.471610266695105e-07 0.4850533058823521
253 1.457996661265842e-07 0.4869781205882345
254 1.44432415097314e-07 0.4889029352941168
255 1.430457991656843e-07 0.4908277499999992
256 1.416383891509847e-07 0.4927525647058815
257 1.400889143028513e-07 0.4946773794117639
258 1.387070439377603e-07 0.4966021941176462
259 1.372807002501649e-07 0.4985270088235286
260 1.357964399368889e-07 0.500451823529411
261 1.343701336283e-07 0.5023766382352933
262 1.329866209023515e-07 0.5043014529411757
263 1.316387952183869e-07 0.506226267647058
264 1.301217459754835e-07 0.5081510823529404
265 1.287369470998654e-07 0.5100758970588227
266 1.272994456329371e-07 0.5120007117647051
267 1.258695083954973e-07 0.5139255264705874
268 1.244460970418694e-07 0.5158503411764698
269 1.230858201913679e-07 0.5177751558823521
270 1.217047843678554e-07 0.5196999705882345
271 1.202861065075338e-07 0.5216247852941168
272 1.188214755090064e-07 0.5235495999999992
273 1.174760453210662e-07 0.5254744147058815
274 1.160946095237859e-07 0.5273992294117639
275 1.147479236551264e-07 0.5293240441176462
276 1.134138407107594e-07 0.5312488588235286
277 1.120683339249045e-07 0.5331736735294109
278 1.107265204082493e-07 0.5350984882352933
279 1.093372253643207e-07 0.5370233029411756
280 1.080569207465418e-07 0.538948117647058
281 1.067373651935059e-07 0.5408729323529403
282 1.054587544208551e-07 0.5427977470588227
283 1.041987643516469e-07 0.544722561764705
284 1.028620525413279e-07 0.5466473764705874
285 1.016062004622425e-07 0.5485721911764697
286 1.003386855871428e-07 0.5504970058823521
287 9.906127843357901e-08 0.5524218205882344
288 9.776002756735359e-08 0.5543466352941168
289 9.65249580384573e-08 0.5562714499999991
290 9.52896994449607e-08 0.5581962647058815
291 9.406490610962619e-08 0.5601210794117638
292 9.287767063908645e-08 0.5620458941176462
293 9.17211938640795e-08 0.5639707088235285
294 9.051983579768902e-08 0.5658955235294109
295 8.937153589722428e-08 0.5678203382352932
296 8.824135466455812e-08 0.5697451529411756
297 8.713364369792606e-08 0.5716699676470579
298 8.604034560039817e-08 0.5735947823529403
299 8.493002760181638e-08 0.5755195970588226
300 8.388473538313394e-08 0.577444411764705
301 8.28269764657233e-08 0.5793692264705873
302 8.181867881259703e-08 0.5812940411764697
303 8.080862105272201e-08 0.583218855882352
304 7.979141835872597e-08 0.5851436705882344
305 7.88328677165996e-08 0.5870684852941167
306 7.785907309348272e-08 0.5889932999999991
307 7.68881974340874e-08 0.5909181147058814
308 7.595938255229588e-08 0.5928429294117638
309 7.505030120142787e-08 0.5947677441176461
310 7.413770988779282e-08 0.5966925588235285
311 7.326480819693502e-08 0.5986173735294108
312 7.240073656264351e-08 0.6005421882352932
313 7.153409933829261e-08 0.6024670029411755
314 7.071262145582868e-08 0.6043918176470578
315 6.991823854416297e-08 0.6063166323529402
316 6.913263915844772e-08 0.6082414470588225
317 6.8359077329057e-08 0.6101662617647049
318 6.762089270524445e-08 0.6120910764705872
319 6.68918088583664e-08 0.6140158911764696
320 6.6191400573236e-08 0.6159407058823519
321 6.551724075483763e-08 0.6178655205882343
322 6.488025909486051e-08 0.6197903352941166
323 6.4228337101228e-08 0.621715149999999
324 6.359542776852896e-08 0.6236399647058813
325 6.294355417316141e-08 0.6255647794117637
326 6.231846993821646e-08 0.627489594117646
327 6.170414853149549e-08 0.6294144088235284
328 6.110017359635501e-08 0.6313392235294107
329 6.050486517452309e-08 0.6332640382352931
330 5.991697086584191e-08 0.6351888529411754
331 5.934262679115235e-08 0.6371136676470578
332 5.877564800626338e-08 0.6390384823529401
333 5.822662370953141e-08 0.6409632970588225
334 5.771771274760088e-08 0.6428881117647048
335 5.72331502774861e-08 0.6448129264705872
336 5.67557281728282e-08 0.6467377411764695
337 5.631036075959758e-08 0.6486625558823519
338 5.590165163621493e-08 0.6505873705882342
339 5.55303081698651e-08 0.6525121852941166
340 5.522315473645061e-08 0.6544369999999989
341 5.490116001100588e-08 0.6563618147058813
342 5.467644777505492e-08 0.6582866294117636
343 5.435943754399438e-08 0.660211444117646
344 5.402811070066183e-08 0.6621362588235283
345 5.369001997557931e-08 0.6640610735294107
346 5.338799310013463e-08 0.665985888235293
347 5.305878655312471e-08 0.6679107029411754
348 5.273117876765034e-08 0.6698355176470577
349 5.240393641518812e-08 0.6717603323529401
350 5.20794060077506e-08 0.6736851470588224
351 5.175815185069373e-08 0.6756099617647048
352 5.143658039616795e-08 0.6775347764705871
353 5.111706325511735e-08 0.6794595911764695
354 5.079925659014305e-08 0.6813844058823518
355 5.048470717727741e-08 0.6833092205882342
356 5.017505108615946e-08 0.6852340352941165
357 4.98646889271815e-08 0.6871588499999989
358 4.955520711338035e-08 0.6890836647058812
359 4.924495120087798e-08 0.6910084794117636
360 4.893320989935478e-08 0.6929332941176459
361 4.862104753190532e-08 0.6948581088235283
362 4.830924917398717e-08 0.6967829235294106
363 4.800077395810373e-08 0.698707738235293
364 4.769867415931147e-08 0.7006325529411753
365 4.741302940597491e-08 0.7025573676470577
366 4.712886019550063e-08 0.70448218235294
367 4.684704069862818e-08 0.7064069970588224
368 4.657186521229235e-08 0.7083318117647047
369 4.630551544199808e-08 0.7102566264705871
370 4.604651026076186e-08 0.7121814411764694
371 4.579568449561446e-08 0.7141062558823518
372 4.555164740704189e-08 0.7160310705882341
373 4.531521575459105e-08 0.7179558852941165
374 4.508560715276675e-08 0.7198806999999988
375 4.486364518730323e-08 0.7218055147058812
376 4.46506156818735e-08 0.7237303294117635
377 4.44460745760009e-08 0.7256551441176459
378 4.425102638702138e-08 0.7275799588235282
379 4.406535222511112e-08 0.7295047735294106
380 4.388875516721026e-08 0.7314295882352929
381 4.371992574816164e-08 0.7333544029411753
382 4.355921477758074e-08 0.7352792176470576
383 4.343043103357084e-08 0.73720403235294
384 4.340220969048584e-08 0.7391288470588223
385 4.34412558039051e-08 0.7410536617647047
386 4.349984641870461e-08 0.742978476470587
387 4.357378188371625e-08 0.7449032911764694
388 4.367491679574297e-08 0.7468281058823517
389 4.381068699980754e-08 0.7487529205882341
390 4.397803768543066e-08 0.7506777352941164
391 4.41817216992196e-08 0.7526025499999988
392 4.440869534752359e-08 0.7545273647058811
393 4.466011381827747e-08 0.7564521794117635
394 4.493242918140499e-08 0.7583769941176458
395 4.521929899414033e-08 0.7603018088235282
396 4.551979397865642e-08 0.7622266235294105
397 4.583375175924213e-08 0.7641514382352929
398 4.616460665856492e-08 0.7660762529411752
399 4.649810226123004e-08 0.7680010676470576
400 4.682869173115341e-08 0.7699258823529399
401 4.715325290462171e-08 0.7718506970588223
402 4.746197262617642e-08 0.7737755117647046
403 4.775949076847749e-08 0.775700326470587
404 4.813289529368841e-08 0.7776251411764693
405 4.85754014884756e-08 0.7795499558823517
406 4.904612330247731e-08 0.781474770588234
407 4.953454455288345e-08 0.7833995852941164
408 5.006181917265405e-08 0.7853243999999987
409 5.062221622354757e-08 0.7872492147058811
410 5.121795025997862e-08 0.7891740294117634
411 5.186368258958359e-08 0.7910988441176457
412 5.252745172232957e-08 0.7930236588235281
413 5.323664276892245e-08 0.7949484735294104
414 5.398990971446546e-08 0.7968732882352928
415 5.477455113967642e-08 0.7987981029411751
416 5.557309342143552e-08 0.8007229176470575
417 5.63894116211469e-08 0.8026477323529398
418 5.722042074217558e-08 0.8045725470588222
419 5.809580905424414e-08 0.8064973617647045
420 5.902372619858257e-08 0.8084221764705869
421 5.996712400457547e-08 0.8103469911764692
422 6.089743428231572e-08 0.8122718058823516
423 6.179890188161838e-08 0.8141966205882339
424 6.271846482600306e-08 0.8161214352941163
425 6.36742791352309e-08 0.8180462499999986
426 6.464558216121576e-08 0.819971064705881
427 6.56372348125008e-08 0.8218958794117633
428 6.664734996431642e-08 0.8238206941176457
429 6.766237102158655e-08 0.825745508823528
430 6.869660628189154e-08 0.8276703235294104
431 6.974669623101284e-08 0.8295951382352927
432 7.07980647372022e-08 0.8315199529411751
433 7.187662940848161e-08 0.8334447676470574
434 7.29564035560888e-08 0.8353695823529398
435 7.402816458340988e-08 0.8372943970588221
436 7.509613177456453e-08 0.8392192117647045
437 7.617087408344478e-08 0.8411440264705868
438 7.723984698870588e-08 0.8430688411764692
439 7.832647765824094e-08 0.8449936558823515
440 7.941998883512543e-08 0.8469184705882339
441 8.050219904138936e-08 0.8488432852941162
442 8.156032569905204e-08 0.8507680999999986
443 8.260725987222514e-08 0.8526929147058809
444 8.364076843787738e-08 0.8546177294117633
445 8.46723996954019e-08 0.8565425441176456
446 8.570207945744175e-08 0.858467358823528
447 8.672723857819805e-08 0.8603921735294103
448 8.776282896137968e-08 0.8623169882352927
449 8.879562892883242e-08 0.864241802941175
450 8.981934813668087e-08 0.8661666176470574
451 9.086088874109358e-08 0.8680914323529397
452 9.190369574505986e-08 0.8700162470588221
453 9.29452130752279e-08 0.8719410617647044
454 9.398862867488435e-08 0.8738658764705868
455 9.503858983176655e-08 0.8757906911764691
456 9.609407530337703e-08 0.8777155058823515
457 9.715324579674632e-08 0.8796403205882338
458 9.823377711176376e-08 0.8815651352941162
459 9.932288640727457e-08 0.8834899499999985
460 1.00408231643555e-07 0.8854147647058809
461 1.015026511413499e-07 0.8873395794117632
462 1.026079109796895e-07 0.8892643941176456
463 1.037156926053855e-07 0.8911892088235279
464 1.048243594873316e-07 0.8931140235294103
465 1.059454972407816e-07 0.8950388382352926
466 1.070705053477439e-07 0.896963652941175
467 1.081941888720284e-07 0.8988884676470573
468 1.093301824309032e-07 0.9008132823529397
469 1.104714985024447e-07 0.902738097058822
470 1.116081422525644e-07 0.9046629117647044
471 1.127486954005306e-07 0.9065877264705867
472 1.138982933516229e-07 0.9085125411764691
473 1.150452914631203e-07 0.9104373558823514
474 1.161843172613009e-07 0.9123621705882338
475 1.17328800976069e-07 0.9142869852941161
476 1.184717635875553e-07 0.9162117999999985
477 1.196085807424146e-07 0.9181366147058808
478 1.207449039473448e-07 0.9200614294117632
479 1.218890059946261e-07 0.9219862441176455
480 1.230311884887172e-07 0.9239110588235279
481 1.241654950229587e-07 0.9258358735294102
482 1.25298580745135e-07 0.9277606882352926
483 1.264448874538386e-07 0.9296855029411749
484 1.276293951246806e-07 0.9316103176470573
485 1.288597049467896e-07 0.9335351323529396
486 1.300706995461387e-07 0.935459947058822
487 1.312785024115588e-07 0.9373847617647043
488 1.324826504530346e-07 0.9393095764705867
489 1.336772138562535e-07 0.941234391176469
490 1.348623165921262e-07 0.9431592058823514
491 1.360324095522008e-07 0.9450840205882337
492 1.372013639043497e-07 0.9470088352941161
493 1.383492999782958e-07 0.9489336499999984
494 1.394808864719358e-07 0.9508584647058808
495 1.405832161538684e-07 0.9527832794117631
496 1.416545941148386e-07 0.9547080941176455
497 1.427027429620728e-07 0.9566329088235278
498 1.43726532087233e-07 0.9585577235294102
499 1.447310473616736e-07 0.9604825382352925
500 1.457105133720747e-07 0.9624073529411749
501 1.466468545208928e-07 0.9643321676470572
502 1.47542772620599e-07 0.9662569823529396
503 1.48385091672153e-07 0.9681817970588219
504 1.491814512261971e-07 0.9701066117647043
505 1.499524868291313e-07 0.9720314264705866
506 1.506983889008952e-07 0.973956241176469
507 1.514264746925023e-07 0.9758810558823513
508 1.521317721937941e-07 0.9778058705882336
509 1.528107046042123e-07 0.979730685294116
510 1.534670912403619e-07 0.9816554999999983
511 1.541037059674919e-07 0.9835803147058807
512 1.547093491465108e-07 0.985505129411763
513 1.553115048550006e-07 0.9874299441176454
514 1.559379870568661e-07 0.9893547588235277
515 1.565329768782568e-07 0.9912795735294101
516 1.570733926092107e-07 0.9932043882352924
517 1.575755234185603e-07 0.9951292029411748
518 1.58056319885652e-07 0.9970540176470571
519 1.584896672790294e-07 0.9989788323529395
520 1.589145389387169e-07 1.000903647058822
521 1.593131994410669e-07 1.002828461764704
522 1.596609110104874e-07 1.004753276470587
523 1.600139878317168e-07 1.006678091176469
524 1.603494320571497e-07 1.008602905882351
525 1.606704254111139e-07 1.010527720588234
526 1.609434819623907e-07 1.012452535294116
527 1.611849848953133e-07 1.014377349999998
528 1.613934226957726e-07 1.016302164705881
529 1.615756938935377e-07 1.018226979411763
530 1.617479750744786e-07 1.020151794117645
531 1.619101881471196e-07 1.022076608823528
532 1.620636450982146e-07 1.02400142352941
533 1.62195396320673e-07 1.025926238235292
534 1.623140567698123e-07 1.027851052941175
535 1.624142181852656e-07 1.029775867647057
536 1.624944305928861e-07 1.03170068235294
537 1.625641784366943e-07 1.033625497058822
538 1.626355757468651e-07 1.035550311764704
539 1.62700377051866e-07 1.037475126470587
540 1.627435978124407e-07 1.039399941176469
541 1.627790474072514e-07 1.041324755882351
542 1.627934182436945e-07 1.043249570588234
543 1.627960649614939e-07 1.045174385294116
544 1.627869571151097e-07 1.047099199999998
545 1.627680429704181e-07 1.049024014705881
546 1.627369472243025e-07 1.050948829411763
547 1.626925043005622e-07 1.052873644117645
548 1.626337322062825e-07 1.054798458823528
549 1.625594585734253e-07 1.05672327352941
550 1.624682783939806e-07 1.058648088235292
551 1.623618395734125e-07 1.060572902941175
552 1.622394037997107e-07 1.062497717647057
553 1.621021405634945e-07 1.064422532352939
554 1.619502651446292e-07 1.066347347058822
555 1.617829957319557e-07 1.068272161764704
556 1.616015958061241e-07 1.070196976470587
557 1.614139915065744e-07 1.072121791176469
558 1.612232309356083e-07 1.074046605882351
559 1.610301035670114e-07 1.075971420588234
560 1.608340614267678e-07 1.077896235294116
561 1.606357615483353e-07 1.079821049999998
562 1.604263727230067e-07 1.081745864705881
563 1.602033452153663e-07 1.083670679411763
564 1.600131909158758e-07 1.085595494117645
565 1.59880602645121e-07 1.087520308823528
566 1.597358501643578e-07 1.08944512352941
567 1.595058634746364e-07 1.091369938235292
568 1.592339987715604e-07 1.093294752941175
569 1.589233208287475e-07 1.095219567647057
570 1.585727795097474e-07 1.097144382352939
571 1.582174288104411e-07 1.099069197058822
572 1.578561012152312e-07 1.100994011764704
573 1.574204697268731e-07 1.102918826470586
574 1.569439531465715e-07 1.104843641176469
575 1.564143677363483e-07 1.106768455882351
576 1.558356027576763e-07 1.108693270588234
577 1.552084729866023e-07 1.110618085294116
578 1.545361583282348e-07 1.112542899999998
579 1.538140185316719e-07 1.114467714705881
580 1.530462648459189e-07 1.116392529411763
581 1.522401797154183e-07 1.118317344117645
582 1.514090043776496e-07 1.120242158823528
583 1.505534315871475e-07 1.12216697352941
584 1.496598244348365e-07 1.124091788235292
585 1.487978764990642e-07 1.126016602941175
586 1.478807027571642e-07 1.127941417647057
587 1.469053931714613e-07 1.129866232352939
588 1.458864560458167e-07 1.131791047058822
589 1.448285222672138e-07 1.133715861764704
590 1.436928787783772e-07 1.135640676470586
591 1.426422055130841e-07 1.137565491176469
592 1.415564077296214e-07 1.139490305882351
593 1.403777994302598e-07 1.141415120588233
594 1.39193437453173e-07 1.143339935294116
595 1.380509947601959e-07 1.145264749999998
596 1.369065181576905e-07 1.147189564705881
597 1.357375868216985e-07 1.149114379411763
598 1.345211686576032e-07 1.151039194117645
599 1.332038433024177e-07 1.152964008823528
600 1.318832767932805e-07 1.15488882352941
601 1.306306168388975e-07 1.156813638235292
602 1.294027984440604e-07 1.158738452941175
603 1.281662829113532e-07 1.160663267647057
604 1.268135644297339e-07 1.162588082352939
605 1.254965972360994e-07 1.164512897058822
606 1.242342989758038e-07 1.166437711764704
607 1.229888712676876e-07 1.168362526470586
608 1.217133248293563e-07 1.170287341176469
609 1.203692967631204e-07 1.172212155882351
610 1.190913081332104e-07 1.174136970588233
611 1.178351144516055e-07 1.176061785294116
612 1.165353372616784e-07 1.177986599999998
613 1.151850549715645e-07 1.17991141470588
614 1.138129522138365e-07 1.181836229411763
615 1.125339195077571e-07 1.183761044117645
616 1.11240874876624e-07 1.185685858823528
617 1.098899699841458e-07 1.18761067352941
618 1.08636568808219e-07 1.189535488235292
619 1.073127128024564e-07 1.191460302941175
620 1.060698506572814e-07 1.193385117647057
621 1.048414528158007e-07 1.195309932352939
622 1.035740875982518e-07 1.197234747058822
623 1.023219391539405e-07 1.199159561764704
624 1.011319294202847e-07 1.201084376470586
625 9.994270568916125e-08 1.203009191176469
626 9.866463094870338e-08 1.204934005882351
627 9.745592439600257e-08 1.206858820588233
628 9.625248792521437e-08 1.208783635294116
629 9.499879532119587e-08 1.210708449999998
630 9.383101611466846e-08 1.21263326470588
631 9.263595372706849e-08 1.214558079411763
632 9.142782449252834e-08 1.216482894117645
633 9.029298357056685e-08 1.218407708823527
634 8.917651783255424e-08 1.22033252352941
635 8.804407934287416e-08 1.222257338235292
636 8.69487269695449e-08 1.224182152941174
637 8.589671925414496e-08 1.226106967647057
638 8.482345500579052e-08 1.228031782352939
639 8.379424446253507e-08 1.229956597058822
640 8.278297101853523e-08 1.231881411764704
641 8.179509435640475e-08 1.233806226470586
642 8.081916803258203e-08 1.235731041176469
643 7.983353154119128e-08 1.237655855882351
644 7.890427777174529e-08 1.239580670588233
645 7.797396275372642e-08 1.241505485294116
646 7.702047800032767e-08 1.243430299999998
647 7.610775242914653e-08 1.24535511470588
648 7.522453605595587e-08 1.247279929411763
649 7.431857656519723e-08 1.249204744117645
650 7.345947417159197e-08 1.251129558823527
651 7.261461896182662e-08 1.25305437352941
652 7.1748835847761e-08 1.254979188235292
653 7.090317957971947e-08 1.256904002941174
654 7.011041462813469e-08 1.258828817647057
655 6.934375264102053e-08 1.260753632352939
656 6.856575016797293e-08 1.262678447058821
657 6.781742241137517e-08 1.264603261764704
658 6.708737053697346e-08 1.266528076470586
659 6.636025536275675e-08 1.268452891176469
660 6.565364705776083e-08 1.270377705882351
661 6.501026490507549e-08 1.272302520588233
662 6.439150363119052e-08 1.274227335294116
663 6.374972264577585e-08 1.276152149999998
664 6.314056121222816e-08 1.27807696470588
665 6.252695748252631e-08 1.280001779411763
666 6.188945613227533e-08 1.281926594117645
667 6.129109213702607e-08 1.283851408823527
668 6.069468091855456e-08 1.28577622352941
669 6.009296065857509e-08 1.287701038235292
670 5.951783864740697e-08 1.289625852941174
671 5.894420401311069e-08 1.291550667647057
672 5.836268541912481e-08 1.293475482352939
673 5.783206286583172e-08 1.295400297058821
674 5.732629638657849e-08 1.297325111764704
675 5.682483301040037e-08 1.299249926470586
676 5.634270618933474e-08 1.301174741176468
677 5.588706738731548e-08 1.303099555882351
678 5.545695219988357e-08 1.305024370588233
679 5.505889735519891e-08 1.306949185294116
680 5.471554153997573e-08 1.308873999999998
681 5.437604304788328e-08 1.31079881470588
682 5.40549419477985e-08 1.312723629411763
683 5.387554394729008e-08 1.314648444117645
684 5.353886524769198e-08 1.316573258823527
685 5.318135485746604e-08 1.31849807352941
686 5.284714380347954e-08 1.320422888235292
687 5.25258032449401e-08 1.322347702941174
688 5.217324329943527e-08 1.324272517647057
689 5.182945823389876e-08 1.326197332352939
690 5.149044990481132e-08 1.328122147058821
691 5.115329734400454e-08 1.330046961764704
692 5.082010133645325e-08 1.331971776470586
693 5.049415947059216e-08 1.333896591176468
694 5.016523792963099e-08 1.335821405882351
695 4.983767696665341e-08 1.337746220588233
696 4.951067578992769e-08 1.339671035294115
697 4.918667102671494e-08 1.341595849999998
698 4.886341191191757e-08 1.34352066470588
699 4.854149122166335e-08 1.345445479411763
700 4.821919581803403e-08 1.347370294117645
701 4.789516685741795e-08 1.349295108823527
702 4.757089411445749e-08 1.35121992352941
703 4.72487459217792e-08 1.353144738235292
704 4.693126121716443e-08 1.355069552941174
705 4.661753893938547e-08 1.356994367647057
706 4.63152481977586e-08 1.358919182352939
707 4.601572268433096e-08 1.360843997058821
708 4.571888777447085e-08 1.362768811764704
709 4.542663045236524e-08 1.364693626470586
710 4.514125444016213e-08 1.366618441176468
711 4.486315424276466e-08 1.368543255882351
712 4.459089288309494e-08 1.370468070588233
713 4.432412451039279e-08 1.372392885294115
714 4.406397934631509e-08 1.374317699999998
715 4.380955846470327e-08 1.37624251470588
716 4.356237786032865e-08 1.378167329411762
717 4.332358893768272e-08 1.380092144117645
718 4.309104830835462e-08 1.382016958823527
719 4.286606069832792e-08 1.38394177352941
720 4.264939978756651e-08 1.385866588235292
721 4.244174099789609e-08 1.387791402941174
722 4.224122321753749e-08 1.389716217647057
723 4.20476388203923e-08 1.391641032352939
724 4.188262541257338e-08 1.393565847058821
725 4.180459528546589e-08 1.395490661764704
726 4.177868854202504e-08 1.397415476470586
727 4.176479564721209e-08 1.399340291176468
728 4.176570525550952e-08 1.401265105882351
729 4.178747689606325e-08 1.403189920588233
730 4.183412076629637e-08 1.405114735294115
731 4.190726341017631e-08 1.407039549999998
732 4.200722140491756e-08 1.40896436470588
733 4.212839784924219e-08 1.410889179411762
734 4.227396778106393e-08 1.412813994117645
735 4.243463426965035e-08 1.414738808823527
736 4.261176715945361e-08 1.416663623529409
737 4.280358308327246e-08 1.418588438235292
738 4.300708199252109e-08 1.420513252941174
739 4.322453608785701e-08 1.422438067647056
740 4.345545339777474e-08 1.424362882352939
741 4.369968830276737e-08 1.426287697058821
742 4.396018444708183e-08 1.428212511764704
743 4.422312247994826e-08 1.430137326470586
744 4.448454237335857e-08 1.432062141176468
745 4.482216547820004e-08 1.433986955882351
746 4.521839388341131e-08 1.435911770588233
747 4.563182147966902e-08 1.437836585294115
748 4.606446207575098e-08 1.439761399999998
749 4.652800451736964e-08 1.44168621470588
750 4.701469826834162e-08 1.443611029411762
751 4.752910040648054e-08 1.445535844117645
752 4.808543913570728e-08 1.447460658823527
753 4.865153884672788e-08 1.449385473529409
754 4.925864111918882e-08 1.451310288235292
755 4.989751879371489e-08 1.453235102941174
756 5.055158235775004e-08 1.455159917647056
757 5.121079985329549e-08 1.457084732352939
758 5.18913631437591e-08 1.459009547058821
759 5.258790304782095e-08 1.460934361764703
760 5.332812302280411e-08 1.462859176470586
761 5.410900426450005e-08 1.464783991176468
762 5.489879731034847e-08 1.466708805882351
763 5.567497740301555e-08 1.468633620588233
764 5.643283474304898e-08 1.470558435294115
765 5.720098094409855e-08 1.472483249999998
766 5.79948880713308e-08 1.47440806470588
767 5.880470571530903e-08 1.476332879411762
768 5.963502107047473e-08 1.478257694117645
769 6.047758038592952e-08 1.480182508823527
770 6.13268233376208e-08 1.482107323529409
771 6.219466977225996e-08 1.484032138235292
772 6.307269889556778e-08 1.485956952941174
773 6.395348745220804e-08 1.487881767647056
774 6.485887676391335e-08 1.489806582352939
775 6.576677445881367e-08 1.491731397058821
776 6.667045627458168e-08 1.493656211764703
777 6.756588867244665e-08 1.495581026470586
778 6.846897447442552e-08 1.497505841176468
779 6.936993657395547e-08 1.49943065588235
780 7.027915686421312e-08 1.501355470588233
781 7.11990140428657e-08 1.503280285294115
782 7.211900353831184e-08 1.505205099999998
783 7.302282447876028e-08 1.50712991470588
784 7.389814567941393e-08 1.509054729411762
785 7.477044468404678e-08 1.510979544117645
786 7.563308692425905e-08 1.512904358823527
787 7.649757675156059e-08 1.514829173529409
788 7.735009806963057e-08 1.516753988235292
789 7.822208402469388e-08 1.518678802941174
790 7.909286811283174e-08 1.520603617647056
791 7.996854197850248e-08 1.522528432352939
792 8.085080110167522e-08 1.524453247058821
793 8.173874895214202e-08 1.526378061764703
794 8.26162132050184e-08 1.528302876470586
795 8.351567848430566e-08 1.530227691176468
796 8.442040826702945e-08 1.53215250588235
797 8.532919493678333e-08 1.534077320588233
798 8.6251648755277e-08 1.536002135294115
799 8.718820331777605e-08 1.537926949999997
800 8.812786763106795e-08 1.53985176470588
801 8.907873778375755e-08 1.541776579411762
802 9.00458367346413e-08 1.543701394117645
803 9.102145418931817e-08 1.545626208823527
804 9.201353203422175e-08 1.547551023529409
805 9.302092571638051e-08 1.549475838235292
806 9.403201167256969e-08 1.551400652941174
807 9.506246141240826e-08 1.553325467647056
808 9.610784284992961e-08 1.555250282352939
809 9.71576740346565e-08 1.557175097058821
810 9.82260046986616e-08 1.559099911764703
811 9.931027737041098e-08 1.561024726470586
812 1.003997335031716e-07 1.562949541176468
813 1.014965203501418e-07 1.56487435588235
814 1.026086493178662e-07 1.566799170588233
815 1.03728002648506e-07 1.568723985294115
816 1.048526900072516e-07 1.570648799999997
817 1.05994292961871e-07 1.57257361470588
818 1.071424971142581e-07 1.574498429411762
819 1.082894118977148e-07 1.576423244117644
820 1.0944655940876e-07 1.578348058823527
821 1.106077783541499e-07 1.580272873529409
822 1.117670547820579e-07 1.582197688235291
823 1.129343268135823e-07 1.584122502941174
824 1.141175630639828e-07 1.586047317647056
825 1.153494661629723e-07 1.587972132352939
826 1.166078741169794e-07 1.589896947058821
827 1.178550537965942e-07 1.591821761764703
828 1.191027680364567e-07 1.593746576470586
829 1.203392833068663e-07 1.595671391176468
830 1.215729729648949e-07 1.59759620588235
831 1.227891093193413e-07 1.599521020588233
832 1.239974470302197e-07 1.601445835294115
833 1.252058122318433e-07 1.603370649999997
834 1.264034583705822e-07 1.60529546470588
835 1.275896042303915e-07 1.607220279411762
836 1.287589408434979e-07 1.609145094117644
837 1.298973078795589e-07 1.611069908823527
838 1.310078262800609e-07 1.612994723529409
839 1.321016642811395e-07 1.614919538235291
840 1.331848297568117e-07 1.616844352941174
841 1.342556627943293e-07 1.618769167647056
842 1.353039262146e-07 1.620693982352938
843 1.363119682764646e-07 1.622618797058821
844 1.372630201362894e-07 1.624543611764703
845 1.381699147976929e-07 1.626468426470586
846 1.390560540474063e-07 1.628393241176468
847 1.399225149379552e-07 1.63031805588235
848 1.407729685022152e-07 1.632242870588233
849 1.416032750409417e-07 1.634167685294115
850 1.424066384676193e-07 1.636092499999997
851 1.431939435525287e-07 1.63801731470588
852 1.43958683141758e-07 1.639942129411762
853 1.447276592032875e-07 1.641866944117644
854 1.455225387783975e-07 1.643791758823527
855 1.462930891112969e-07 1.645716573529409
856 1.470027462480868e-07 1.647641388235291
857 1.476656715047494e-07 1.649566202941174
858 1.483093678926416e-07 1.651491017647056
859 1.489062875608595e-07 1.653415832352938
860 1.494837075075228e-07 1.655340647058821
861 1.50038023218749e-07 1.657265461764703
862 1.505450415513991e-07 1.659190276470585
863 1.510590592610188e-07 1.661115091176468
864 1.515449834778587e-07 1.66303990588235
865 1.520114738602256e-07 1.664964720588233
866 1.52456024361494e-07 1.666889535294115
867 1.528636261364421e-07 1.668814349999997
868 1.532295999843471e-07 1.67073916470588
869 1.535705985418756e-07 1.672663979411762
870 1.538833295804867e-07 1.674588794117644
871 1.541704690718725e-07 1.676513608823527
872 1.54440341395489e-07 1.678438423529409
873 1.547014525698151e-07 1.680363238235291
874 1.549545118374718e-07 1.682288052941174
875 1.551887850870433e-07 1.684212867647056
876 1.554089370157129e-07 1.686137682352938
877 1.556229592404007e-07 1.688062497058821
878 1.55819400211194e-07 1.689987311764703
879 1.559941350197716e-07 1.691912126470585
880 1.561502663147684e-07 1.693836941176468
881 1.562898537861794e-07 1.69576175588235
882 1.564179463859533e-07 1.697686570588232
883 1.565291243469484e-07 1.699611385294115
884 1.566299388489627e-07 1.701536199999997
885 1.567267355685376e-07 1.70346101470588
886 1.568012608306872e-07 1.705385829411762
887 1.568502247671378e-07 1.707310644117644
888 1.568834514138424e-07 1.709235458823527
889 1.568982539098989e-07 1.711160273529409
890 1.568923989750295e-07 1.713085088235291
891 1.568666861835349e-07 1.715009902941174
892 1.568193254527226e-07 1.716934717647056
893 1.567533783445913e-07 1.718859532352938
894 1.566767954904965e-07 1.720784347058821
895 1.565859510107565e-07 1.722709161764703
896 1.564737348466755e-07 1.724633976470585
897 1.563387477717535e-07 1.726558791176468
898 1.561861667684533e-07 1.72848360588235
899 1.56027134402772e-07 1.730408420588232
900 1.558767004924929e-07 1.732333235294115
901 1.557258292407919e-07 1.734258049999997
902 1.555723624934141e-07 1.736182864705879
903 1.554076276184989e-07 1.738107679411762
904 1.552166754387081e-07 1.740032494117644
905 1.550522804126978e-07 1.741957308823527
906 1.549588231471979e-07 1.743882123529409
907 1.548716896303098e-07 1.745806938235291
908 1.547241176323736e-07 1.747731752941174
909 1.545051580033983e-07 1.749656567647056
910 1.542368912810395e-07 1.751581382352938
911 1.539285577423234e-07 1.753506197058821
912 1.536071870069628e-07 1.755431011764703
913 1.532627341632219e-07 1.757355826470585
914 1.528489432870748e-07 1.759280641176468
915 1.523731134802073e-07 1.76120545588235
916 1.518361256072542e-07 1.763130270588232
917 1.512358715382992e-07 1.765055085294115
918 1.505690625610922e-07 1.766979899999997
919 1.498360748152207e-07 1.768904714705879
920 1.490415615199316e-07 1.770829529411762
921 1.48194403791373e-07 1.772754344117644
922 1.473060947656064e-07 1.774679158823526
923 1.463907879937392e-07 1.776603973529409
924 1.454463410072386e-07 1.778528788235291
925 1.444674337508142e-07 1.780453602941173
926 1.435214649185215e-07 1.782378417647056
927 1.425214572187903e-07 1.784303232352938
928 1.414618266209054e-07 1.786228047058821
929 1.403680269680591e-07 1.788152861764703
930 1.392519785938124e-07 1.790077676470585
931 1.380742094036133e-07 1.792002491176468
932 1.369238101302699e-07 1.79392730588235
933 1.358249417727544e-07 1.795852120588232
934 1.346971778912369e-07 1.797776935294115
935 1.334865976232587e-07 1.799701749999997
936 1.322043040115725e-07 1.801626564705879
937 1.310065369566795e-07 1.803551379411762
938 1.297924275997669e-07 1.805476194117644
939 1.285844696755205e-07 1.807401008823526
940 1.27359901776747e-07 1.809325823529409
941 1.260562664360068e-07 1.811250638235291
942 1.247215754324226e-07 1.813175452941173
943 1.234590070183836e-07 1.815100267647056
944 1.222354313028856e-07 1.817025082352938
945 1.21006002100011e-07 1.81894989705882
946 1.197112398970929e-07 1.820874711764703
947 1.183736973792059e-07 1.822799526470585
948 1.171253532174962e-07 1.824724341176468
949 1.158775695264688e-07 1.82664915588235
950 1.146052500297754e-07 1.828573970588232
951 1.132728918030159e-07 1.830498785294115
952 1.119736353584858e-07 1.832423599999997
953 1.107237024234378e-07 1.834348414705879
954 1.094101031230779e-07 1.836273229411762
955 1.08167154597979e-07 1.838198044117644
956 1.06937627854581e-07 1.840122858823526
957 1.057048972833804e-07 1.842047673529409
958 1.044043767894631e-07 1.843972488235291
959 1.031859270559933e-07 1.845897302941173
960 1.019955701001853e-07 1.847822117647056
961 1.007587600039736e-07 1.849746932352938
962 9.954972796510015e-08 1.85167174705882
963 9.837329902640101e-08 1.853596561764703
964 9.72050890358711e-08 1.855521376470585
965 9.597756064317588e-08 1.857446191176467
966 9.484396840725624e-08 1.85937100588235
967 9.371240339626881e-08 1.861295820588232
968 9.252729542454972e-08 1.863220635294115
969 9.138256889555687e-08 1.865145449999997
970 9.025712872112395e-08 1.867070264705879
971 8.915363118658115e-08 1.868995079411762
972 8.802525564733718e-08 1.870919894117644
973 8.694132414298076e-08 1.872844708823526
974 8.589608589276686e-08 1.874769523529409
975 8.485617671625681e-08 1.876694338235291
976 8.377159549463806e-08 1.878619152941173
977 8.276817243159372e-08 1.880543967647056
978 8.180680614938835e-08 1.882468782352938
979 8.081850349560634e-08 1.88439359705882
980 7.984678909941324e-08 1.886318411764703
981 7.891653778326007e-08 1.888243226470585
982 7.800433869033893e-08 1.890168041176467
983 7.706681935916577e-08 1.89209285588235
984 7.62036288313147e-08 1.894017670588232
985 7.535717126648e-08 1.895942485294114
986 7.446110947488876e-08 1.897867299999997
987 7.365440656568251e-08 1.899792114705879
988 7.280130667689275e-08 1.901716929411762
989 7.199359660111637e-08 1.903641744117644
990 7.12082693142504e-08 1.905566558823526
991 7.041328418501792e-08 1.907491373529409
992 6.960421717210962e-08 1.909416188235291
993 6.885446751803339e-08 1.911341002941173
994 6.809196617830563e-08 1.913265817647056
995 6.733597738644548e-08 1.915190632352938
996 6.663293766001101e-08 1.91711544705882
997 6.596326700527867e-08 1.919040261764703
998 6.527210263256928e-08 1.920965076470585
999 6.461957282845012e-08 1.922889891176467
1000 6.397650462175461e-08 1.92481470588235
1001 6.332063910193616e-08 1.926739520588232
1002 6.273741053319246e-08 1.928664335294114
1003 6.218364567647543e-08 1.930589149999997
1004 6.160715635972837e-08 1.932513964705879
1005 6.105977626387148e-08 1.934438779411761
1006 6.051189565561111e-08 1.936363594117644
1007 5.99298441599391e-08 1.938288408823526
1008 5.936598484755956e-08 1.940213223529409
1009 5.882894847680798e-08 1.942138038235291
1010 5.829553972695969e-08 1.944062852941173
1011 5.774554751429714e-08 1.945987667647056
1012 5.722380662305751e-08 1.947912482352938
1013 5.670725625469411e-08 1.94983729705882
1014 5.618593571540267e-08 1.951762111764703
1015 5.572039004000043e-08 1.953686926470585
1016 5.527269720241798e-08 1.955611741176467
1017 5.481082193254354e-08 1.95753655588235
1018 5.440337740247508e-08 1.959461370588232
1019 5.402019831409772e-08 1.961386185294114
1020 5.367248253014616e-08 1.963310999999997
