"ventricle-wss-average-rfile"
"Time Step" "ventricle-wss-average"
("Time Step" "ventricle-wss-average" "flow-time")
20 2.234637668916676 0.048489266
40 2.412539834801801 0.096978532
60 3.947726519370979 0.145467798
80 4.913102212491529 0.193957064
100 4.473641995853766 0.24244633
120 3.303595884100726 0.290935596
140 2.644143185244456 0.339424862
160 2.735426839333413 0.387914128
180 2.655611965179295 0.436403394
200 2.823978309617237 0.48489266
220 2.740444822395784 0.533381926
240 2.515912768599899 0.581871192
260 2.334649095530248 0.630360458
280 2.12251369886726 0.678849724
300 1.803950759852337 0.72733899
320 2.162099494993869 0.775828256
340 2.265596889440412 0.824317522
360 3.878053458933681 0.872806788
380 5.038800396162296 0.921296054
400 4.770885009227217 0.96978532
420 3.129629010691391 1.018274586
440 2.612606812287832 1.066763852
460 2.500491899279036 1.115253118
480 2.227583108463958 1.163742384
500 2.826941143249536 1.21223165
520 2.798274502164249 1.260720916
540 2.676741699994563 1.309210182
560 2.482912257023066 1.357699448
580 2.292363492614096 1.406188714
600 1.825524509314127 1.45467798
620 2.186837747243493 1.503167246
640 2.334110777571289 1.551656512
660 3.749380007564913 1.600145778
680 4.847319329162604 1.648635044
700 4.489823932273051 1.69712431
720 3.217366954209573 1.745613576
740 2.610595790833594 1.794102842
760 2.908948812240332 1.842592108
780 2.462603113357873 1.891081374
800 2.585977067002602 1.93957064
820 2.581672255365724 1.988059906
840 2.594667832101009 2.036549172
860 2.388543613045085 2.085038438
880 2.178749253456495 2.133527704
900 1.73712798123601 2.18201697