"energy-loss-rfile"
"Time Step" "energy-loss"
("Time Step" "energy-loss" "flow-time")
20 9.707225636886169e-06 0.048489266
40 1.265401139759521e-05 0.096978532
60 3.220445878662499e-05 0.145467798
80 4.598492730934617e-05 0.193957064
100 3.888118521061637e-05 0.24244633
120 2.538158914119709e-05 0.290935596
140 2.012902378296089e-05 0.339424862
160 2.083058308706575e-05 0.387914128
180 2.053481360821107e-05 0.436403394
200 2.228315632906477e-05 0.48489266
220 2.15856500451828e-05 0.533381926
240 2.034033040205003e-05 0.581871192
260 1.798155854905857e-05 0.630360458
280 1.697195350188662e-05 0.678849724
300 1.409748905387699e-05 0.72733899
320 9.608411857470786e-06 0.775828256
340 1.201254843514487e-05 0.824317522
360 3.259746949271174e-05 0.872806788
380 4.885254265522611e-05 0.921296054
400 4.322125342474762e-05 0.96978532
420 2.299904623486108e-05 1.018274586
440 1.889071340133137e-05 1.066763852
460 1.871350003768299e-05 1.115253118
480 1.808342522098571e-05 1.163742384
500 2.135569831139557e-05 1.21223165
520 2.008441125763942e-05 1.260720916
540 1.979277766307158e-05 1.309210182
560 1.861658659668654e-05 1.357699448
580 1.787755813582473e-05 1.406188714
600 1.439983863448823e-05 1.45467798
620 1.015560467785947e-05 1.503167246
640 1.283660608591577e-05 1.551656512
660 3.271590733067939e-05 1.600145778
680 4.774021927910249e-05 1.648635044
700 4.106124023607294e-05 1.69712431
720 2.45215042916689e-05 1.745613576
740 2.037058717791014e-05 1.794102842
760 2.24385044662394e-05 1.842592108
780 1.867611993534448e-05 1.891081374
800 1.907146643436944e-05 1.93957064
820 1.871151864215342e-05 1.988059906
840 1.884135848535514e-05 2.036549172
860 1.741919896596689e-05 2.085038438
880 1.684013925085793e-05 2.133527704
900 1.34977927670251e-05 2.18201697