"ventricle-kin-energy-average-rfile"
"Time Step" "ventricle-kin-energy-average"
("Time Step" "ventricle-kin-energy-average" "flow-time")
20 54.08149105771351 0.048489266
40 72.50299970796478 0.096978532
60 154.9936721306265 0.145467798
80 156.2121974787129 0.193957064
100 108.4128749551508 0.24244633
120 71.57575584734575 0.290935596
140 67.92873665441282 0.339424862
160 64.80112611871996 0.387914128
180 50.57586485652338 0.436403394
200 52.77122090887654 0.48489266
220 57.55685670967787 0.533381926
240 59.59561442508189 0.581871192
260 52.58654026483494 0.630360458
280 47.7285507583073 0.678849724
300 41.62428987731623 0.72733899
320 41.10262927677395 0.775828256
340 60.33422484572297 0.824317522
360 146.2860035800002 0.872806788
380 157.8465172863613 0.921296054
400 103.3199876773799 0.96978532
420 63.86371977332236 1.018274586
440 61.58831064137799 1.066763852
460 63.13056148955408 1.115253118
480 48.49889077701366 1.163742384
500 48.35681060079883 1.21223165
520 52.54304778587074 1.260720916
540 55.62292225325869 1.309210182
560 53.6310296924535 1.357699448
580 50.80012428253417 1.406188714
600 44.61362235355339 1.45467798
620 44.49659780721453 1.503167246
640 62.23681672615208 1.551656512
660 143.2717509285464 1.600145778
680 154.6544223424197 1.648635044
700 103.4582053344056 1.69712431
720 64.16918599295458 1.745613576
740 61.5879218393089 1.794102842
760 58.04501299650191 1.842592108
780 42.24582258770267 1.891081374
800 44.55944275903344 1.93957064
820 49.57545217746204 1.988059906
840 52.66799063459092 2.036549172
860 50.66618055149596 2.085038438
880 50.08798210511546 2.133527704
900 45.83697805984912 2.18201697