"plane-over-valves-velocities-rfile"
"Time Step" "plane-over-valves-velocities"
("Time Step" "plane-over-valves-velocities" "flow-time")
30 0.07435472847356212 0.067721032
60 0.1759462620470578 0.135442065
90 0.1787879854824819 0.203163097
120 0.1312142325887682 0.270884129
150 0.1809655489722114 0.338605161
180 0.09709848266879395 0.406326193
210 0.2543927100092935 0.474047225
240 0.2339632623518106 0.541768257
270 0.2104207802235085 0.609489289
300 0.1609924593097137 0.677210321
330 0.1046970594315195 0.744931353
360 0.1439443578901255 0.812652385
390 0.2350603678311421 0.880373417
420 0.1730146405583106 0.948094449
450 0.1629050198042439 1.015815481
480 0.1592550439256701 1.083536513
510 0.2219445616673562 1.151257545
540 0.2452251115114956 1.218978577
570 0.230117046149818 1.286699609
600 0.1955967168194329 1.354420641
630 0.1551736341962342 1.422141673
660 0.1054362092053753 1.489862705
690 0.1873034786452921 1.557583737
720 0.2220969347304815 1.625304769
750 0.1471343548703843 1.693025801
780 0.1662803039474682 1.760746833
810 0.1348148589729657 1.828467865
840 0.2500600751107849 1.896188897
870 0.2505705487912834 1.963909929
900 0.2212294861346998 2.031630961
930 0.1868589736274165 2.099351993
960 0.1124051254946882 2.167073025