"volume-ave-ven-kin-energy-rfile"
"Time Step" "volume-ave-ven-kin-energy"
("Time Step" "volume-ave-ven-kin-energy" "flow-time")
20 4.559331512176364 0.0451546875
40 24.91307608701574 0.090309375
60 45.4680403950895 0.13546406249999998
80 47.327272353711344 0.18061875
100 35.368412679542836 0.22577343749999998
120 21.67887057614383 0.27092812499999996
140 29.363096798978123 0.3160828125
160 25.11443220208978 0.3612375
180 13.03408402975389 0.40639218749999995
200 35.3570934435274 0.45154687499999996
220 45.30529192173939 0.49670156249999997
240 33.57283306476658 0.5418562499999999
260 25.95924331755776 0.5870109374999999
280 18.113112610453488 0.632165625
300 9.376577954526985 0.6773203124999999
320 3.7642008584568414 0.722475
340 3.3711002747847805 0.7676296874999999
360 14.70976048406466 0.8127843749999999
380 49.411856880040155 0.8579390625
400 55.94898051592108 0.9030937499999999
420 32.44113383602019 0.9482484374999999
440 25.748744486450857 0.9934031249999999
460 22.437750613792907 1.0385578125
480 21.06952791955202 1.0837124999999999
500 32.902536133474484 1.1288671874999998
520 40.4192715744852 1.1740218749999998
540 38.72298058627424 1.2191765625
560 33.91973490321495 1.26433125
580 26.492018190087965 1.3094859374999999
600 17.93883229160226 1.3546406249999998
620 11.602953679577011 1.3997953124999998
640 5.087601292119991 1.44495
660 3.710504398407526 1.4901046875
680 22.20160298083105 1.5352593749999999
700 43.16281270609184 1.5804140624999998
720 52.19615822236891 1.6255687499999998
740 33.84438481397958 1.6707234374999997
760 23.25143730200081 1.715878125
780 25.12505883976553 1.7610328124999999
800 16.336668945488114 1.8061874999999998
820 24.032655237059448 1.8513421874999998
840 44.84916421780298 1.8964968749999997
860 43.098214418664824 1.9416515624999997
880 34.520125917486624 1.9868062499999999
900 26.43661982277974 2.0319609374999996
920 19.275834494417133 2.077115625
940 11.49947087439621 2.1222703125
960 2.468944162047474 2.1674249999999997