"ventricle-volume-average-tke-rfile"
"Time Step" "ventricle-volume-average-tke"
("Time Step" "ventricle-volume-average-tke" "flow-time")
20 0.00318366784908984 0.0451546875
40 0.0022422608715241136 0.090309375
60 0.0018408066485358 0.13546406249999998
80 0.0019713339076323343 0.18061875
100 0.002458474653977305 0.22577343749999998
120 0.003056332750983 0.27092812499999996
140 0.0033435251869792237 0.3160828125
160 0.0033959270881870124 0.3612375
180 0.0033414435835966 0.40639218749999995
200 0.0033856823635243505 0.45154687499999996
220 0.0032784064809873977 0.49670156249999997
240 0.0029421405329816 0.5418562499999999
260 0.0024554172021757233 0.5870109374999999
280 0.0019929816112320663 0.632165625
300 0.0016198980893345 0.6773203124999999
320 0.0013224645550990964 0.722475
340 0.0010733095677802572 0.7676296874999999
360 0.0009140149931129 0.8127843749999999
380 0.0009733271326566302 0.8579390625
400 0.0012636348779296203 0.9030937499999999
420 0.001790177341637 0.9482484374999999
440 0.002537204835603659 0.9934031249999999
460 0.003020867816642023 1.0385578125
480 0.0031342195286657 1.0837124999999999
500 0.003103200803524255 1.1288671874999998
520 0.0030090455899263076 1.1740218749999998
540 0.0028474802088524 1.2191765625
560 0.0025397856882065943 1.26433125
580 0.002144704788995884 1.3094859374999999
600 0.0017306019631421 1.3546406249999998
620 0.0014015193472743978 1.3997953124999998
640 0.0011485514083458056 1.44495
660 0.0009598895473691 1.4901046875
680 0.0008247090773485473 1.5352593749999999
700 0.0008386311663631221 1.5804140624999998
720 0.0010811258127766 1.6255687499999998
740 0.0016413045132353205 1.6707234374999997
760 0.0023292206665026603 1.715878125
780 0.0029202606527132 1.7610328124999999
800 0.003073701659028933 1.8061874999999998
820 0.003079969345272437 1.8513421874999998
840 0.0030357764155047 1.8964968749999997
860 0.0028692669324256446 1.9416515624999997
880 0.0025394491530953134 1.9868062499999999
900 0.0020968171309077 2.0319609374999996
920 0.0017029549707588154 2.077115625
940 0.0013729030408376587 2.1222703125
960 0.0011098160739752 2.1674249999999997