"energy-loss-rfile"
"Time Step" "energy-loss"
("Time Step" "energy-loss" "flow-time")
20 1.7292061571711456e-06 0.0451546875
40 4.175767519163145e-06 0.090309375
60 8.770177477754812e-06 0.13546406249999998
80 1.1926227436221914e-05 0.18061875
100 1.0832399182161864e-05 0.22577343749999998
120 6.928794631169225e-06 0.27092812499999996
140 6.348261310037074e-06 0.3160828125
160 5.0023709474963074e-06 0.3612375
180 4.987839320173746e-06 0.40639218749999995
200 1.5001480114611031e-05 0.45154687499999996
220 1.7771178261038143e-05 0.49670156249999997
240 1.116895837919853e-05 0.5418562499999999
260 7.575564038795259e-06 0.5870109374999999
280 4.885353958915389e-06 0.632165625
300 2.489458523301288e-06 0.6773203124999999
320 1.543651237589484e-06 0.722475
340 1.4461002151555615e-06 0.7676296874999999
360 3.142996752196948e-06 0.8127843749999999
380 9.281140687067303e-06 0.8579390625
400 1.2915120556244811e-05 0.9030937499999999
420 1.185066211125132e-05 0.9482484374999999
440 7.978501136124657e-06 0.9934031249999999
460 5.208357512190883e-06 1.0385578125
480 6.852841096478102e-06 1.0837124999999999
500 1.6513649852675865e-05 1.1288671874999998
520 1.9774511593248305e-05 1.1740218749999998
540 1.468697610760108e-05 1.2191765625
560 1.1031904441796903e-05 1.26433125
580 7.79538148830024e-06 1.3094859374999999
600 4.756515155115291e-06 1.3546406249999998
620 2.8089329487229507e-06 1.3997953124999998
640 1.379988870299756e-06 1.44495
660 1.227531812545074e-06 1.4901046875
680 4.708451073362589e-06 1.5352593749999999
700 9.511247817836938e-06 1.5804140624999998
720 1.308826088591395e-05 1.6255687499999998
740 1.1787385940438986e-05 1.6707234374999997
760 8.776946154208521e-06 1.715878125
780 5.857974377163176e-06 1.7610328124999999
800 4.359210373300033e-06 1.8061874999999998
820 1.0212713475752267e-05 1.8513421874999998
840 1.936446889520873e-05 1.8964968749999997
860 1.6493435359203067e-05 1.9416515624999997
880 1.1278730798106738e-05 1.9868062499999999
900 7.697449418727655e-06 2.0319609374999996
920 5.057145477126164e-06 2.077115625
940 2.948259248577374e-06 2.1222703125
960 1.215799400161884e-06 2.1674249999999997