"plane-over-valves-velocities-rfile"
"Time Step" "plane-over-valves-velocities"
("Time Step" "plane-over-valves-velocities")
20 0.0400680941828609
40 0.06578110569454514
60 0.1048993271283255
80 0.1488548715804922
100 0.1438457384679926
120 0.113920689686291
140 0.09469975741247592
160 0.08754795986906289
180 0.08066672708379069
200 0.07818470796442549
220 0.07335156868158867
240 0.06854128434371108
260 0.06524384531404157
280 0.06661895131641903
300 0.06870003884772442
320 0.06330052536184329
340 0.06032034834885522
360 0.1157761206202988
380 0.1481075037798121
400 0.1633469228258199
420 0.1687252133479668
440 0.1496895265076346
460 0.1207475523304906
480 0.07928295017541571
500 0.08706261326637184
520 0.1013482900839253
540 0.1320453563277676
560 0.1773668365272159
580 0.1678488004188997
600 0.1287301386173683
620 0.1041952254615788
640 0.09650627160075899
660 0.09028100018082377
680 0.08689498861915659
700 0.08105157353482469
720 0.07567275849478933
740 0.07184827953405415
760 0.07179990808870233
780 0.07317931731433756
800 0.06635673680693117
820 0.05723553874583844
840 0.1126485788816253
860 0.1488609452956369
880 0.1604598560188143
900 0.1701387949948498
920 0.1512017418564228
940 0.1252535842336621
960 0.08334225330043371
980 0.08559377849843917
1000 0.09901532272639101
1020 0.1283016828149146
1040 0.1776520778713244
1060 0.1727949873218461
1080 0.1297457138266891
1100 0.1041377564826946
1120 0.0970920858274672
1140 0.09051086252970733
1160 0.0872576498127642
1180 0.08175000557765895
1200 0.07628112634866287
1220 0.07197098137203074
1240 0.07200176125831825
1260 0.07484936992579662
1280 0.06850235932165498
1300 0.05822800850230007
1320 0.113925953520389
1340 0.1491513360923069
1360 0.1621869413045783
1380 0.1732766318264462
1400 0.1551303532923694
1420 0.129680272091909
1440 0.08815932520071702
