"energy-loss"
"Time Step" "flow-time etc.."
("Time Step" "flow-time" "report-energy-loss")
20 0.04647291666666665 2.440730651977248e-07
40 0.0929458333333333 6.69278677771201e-07
60 0.13941875 1.809285924979291e-06
80 0.1858916666666666 4.175271109388241e-06
100 0.2323645833333332 5.477733711464367e-06
120 0.2788374999999999 5.118575081573429e-06
140 0.3253104166666665 4.393147283825285e-06
160 0.3717833333333332 3.199087118855608e-06
180 0.4182562499999998 2.360682916786109e-06
200 0.4647291666666665 1.756772955957757e-06
220 0.5112020833333332 1.360729699790829e-06
240 0.5576749999999998 1.088204953017612e-06
260 0.6041479166666665 8.561436526956676e-07
280 0.6506208333333331 6.80094372410613e-07
300 0.6970937499999997 6.44171674697385e-07
320 0.7435666666666664 6.07347200401299e-07
340 0.790039583333333 8.042086158187592e-07
360 0.8365124999999997 3.161949263127889e-06
380 0.8829854166666663 4.475438604910585e-06
400 0.9294583333333329 4.466320477961523e-06
420 0.9759312499999996 3.963632317526115e-06
440 1.022404166666666 2.294071512778236e-06
460 1.068877083333333 1.10427170131095e-06
480 1.11535 6.401507758506545e-07
500 1.161822916666666 5.538026241524841e-07
520 1.208295833333333 9.324802686904827e-07
540 1.25476875 2.051500438593777e-06
560 1.301241666666666 4.56415226693121e-06
580 1.347714583333333 5.774982088076533e-06
600 1.394187499999999 5.555056380051944e-06
620 1.440660416666666 4.983799020031122e-06
640 1.487133333333333 3.834046961664771e-06
660 1.533606249999999 2.865556650984877e-06
680 1.580079166666666 2.175444350667216e-06
700 1.626552083333333 1.667507616203326e-06
720 1.673024999999999 1.269396721242496e-06
740 1.719497916666666 9.422036699879568e-07
760 1.765970833333333 7.717715380429211e-07
780 1.812443749999999 7.442066594131843e-07
800 1.858916666666666 6.879163006270105e-07
820 1.905389583333333 8.427874972202022e-07
840 1.951862499999999 3.350045194037407e-06
860 1.998335416666666 5.125908333856754e-06
880 2.044808333333337 4.584956734105043e-06
900 2.091281250000008 4.259267229972499e-06
920 2.137754166666679 2.442641758047614e-06
940 2.18422708333335 1.249434804630972e-06
960 2.230700000000021 6.616544047351823e-07
980 2.277172916666692 6.019488280069539e-07
1000 2.323645833333363 9.571639201012726e-07
1020 2.370118750000034 1.991689268966503e-06
1040 2.416591666666705 4.665064354926578e-06
1060 2.463064583333376 5.783940787132648e-06
1080 2.509537500000047 5.674226181225232e-06
1100 2.556010416666719 5.154763165174513e-06
1120 2.60248333333339 4.00161142381656e-06
1140 2.648956250000061 3.007995356360974e-06
1160 2.695429166666732 2.260673032934358e-06
1180 2.741902083333403 1.716798511359657e-06
1200 2.788375000000074 1.282352841334626e-06
1220 2.834847916666745 9.423905264823009e-07
1240 2.881320833333416 7.791354137501208e-07
1260 2.927793750000087 7.542268499956259e-07
1280 2.974266666666758 6.868592404168682e-07
1300 3.020739583333429 8.346738367258665e-07
1320 3.0672125000001 3.372529114068217e-06
1340 3.113685416666772 5.152148804141958e-06
1360 3.160158333333443 4.775235782122372e-06
1380 3.206631250000114 4.546023198668084e-06
1400 3.253104166666785 2.664504683571289e-06
1420 3.299577083333456 1.372430980814145e-06
1440 3.346050000000127 6.670082766864407e-07
