"avrg-wss"
"Time Step" "flow-time etc.."
("Time Step" "ven-avrg-wss" "flow-time")
20 0.1935825633199458 0.04647291666666665
40 0.4063580404505903 0.0929458333333333
60 0.5907525885906169 0.13941875
80 0.7362088558223844 0.1858916666666666
100 1.061332660576512 0.2323645833333332
120 1.012948804065998 0.2788374999999999
140 0.8538242905281684 0.3253104166666665
160 0.6438763829359923 0.3717833333333332
180 0.5291597777700459 0.4182562499999998
200 0.4388586058326037 0.4647291666666665
220 0.3866259677352727 0.5112020833333332
240 0.3492821752924141 0.5576749999999998
260 0.2942681914225262 0.6041479166666665
280 0.2426070521990838 0.6506208333333331
300 0.2591781668662458 0.6970937499999997
320 0.3288838013041323 0.7435666666666664
340 0.3892625766399874 0.790039583333333
360 0.8179360892843697 0.8365124999999997
380 0.8929108809194447 0.8829854166666663
400 0.929205165331512 0.9294583333333329
420 0.7923411152722977 0.9759312499999996
440 0.5070219810721808 1.022404166666666
460 0.3236955922780553 1.068877083333333
480 0.5716636089680763 1.11535
500 0.3713286883238334 1.161822916666666
520 0.5058995585845851 1.208295833333333
540 0.6658613877868119 1.25476875
560 0.7739959101600121 1.301241666666666
580 0.9851725415425283 1.347714583333333
600 0.9634500710850555 1.394187499999999
620 0.8287781597797952 1.440660416666666
640 0.6378150679721654 1.487133333333333
660 0.5343001387825046 1.533606249999999
680 0.4516803387480976 1.580079166666666
700 0.3978247685325443 1.626552083333333
720 0.3513685397912633 1.673024999999999
740 0.2962271697105562 1.719497916666666
760 0.2571302231267936 1.765970833333333
780 0.250221911586566 1.812443749999999
800 0.2799286449471336 1.858916666666666
820 0.3745245193234259 1.905389583333333
840 0.8529762912272022 1.951862499999999
860 1.044548767899338 1.998335416666666
880 0.9375257027203865 2.044808333333337
900 0.8626059515881643 2.091281250000008
920 0.533658054906491 2.137754166666679
940 0.3355039448152911 2.18422708333335
960 0.5045230963800067 2.230700000000021
980 0.4032408987212511 2.277172916666692
1000 0.5385807598181644 2.323645833333363
1020 0.6620408482973986 2.370118750000034
1040 0.8063361401101449 2.416591666666705
1060 0.9230035853795429 2.463064583333376
1080 0.9415515917517701 2.509537500000047
1100 0.8378119637250129 2.556010416666719
1120 0.6527712626820225 2.60248333333339
1140 0.5444147054055806 2.648956250000061
1160 0.4551125416982598 2.695429166666732
1180 0.3976614636960859 2.741902083333403
1200 0.3491742386110356 2.788375000000074
1220 0.2962475964205791 2.834847916666745
1240 0.2596504260652186 2.881320833333416
1260 0.2423368822922582 2.927793750000087
1280 0.2463478668161439 2.974266666666758
1300 0.3755828418437175 3.020739583333429
1320 0.8598229165019051 3.0672125000001
1340 1.071055870032358 3.113685416666772
1360 1.014922912518202 3.160158333333443
1380 0.9486713741100452 3.206631250000114
1400 0.6265713915462549 3.253104166666785
1420 0.3610205926503192 3.299577083333456
1440 0.4506812416784963 3.346050000000127