"report-ven-kin-energy-rfile"
"Time Step" "volume-ave-ven-kin-energy etc.."
("Time Step" "volume-ave-ven-kin-energy" "flow-time")
20 1.4262734050995 0.04647291666666665
40 4.594562162260776 0.0929458333333333
60 12.33177599045291 0.13941875
80 24.79777838486859 0.1858916666666666
100 23.06887714022678 0.2323645833333332
120 15.93286603091604 0.2788374999999999
140 11.89148274365414 0.3253104166666665
160 9.668341398311648 0.3717833333333332
180 7.825410915813545 0.4182562499999998
200 6.45448591862931 0.4647291666666665
220 5.200748809478448 0.5112020833333332
240 4.217728836770599 0.5576749999999998
260 3.541674601871924 0.6041479166666665
280 3.291808007457247 0.6506208333333331
300 3.188569020645791 0.6970937499999997
320 2.655400538675584 0.7435666666666664
340 2.477506548332828 0.790039583333333
360 8.890981778124122 0.8365124999999997
380 14.24160093428808 0.8829854166666663
400 15.70238793226171 0.9294583333333329
420 15.55073730121623 0.9759312499999996
440 10.38869911438156 1.022404166666666
460 5.233103575621382 1.068877083333333
480 0.8905906111780266 1.11535
500 1.965657791444842 1.161822916666666
520 4.827583063174863 1.208295833333333
540 12.13403034913904 1.25476875
560 26.42663195074451 1.301241666666666
580 25.15580303452808 1.347714583333333
600 17.37369327719649 1.394187499999999
620 12.99279660694941 1.440660416666666
640 10.56939336932277 1.487133333333333
660 8.455438681327752 1.533606249999999
680 6.900198674181289 1.580079166666666
700 5.503219902542921 1.626552083333333
720 4.441180214939035 1.673024999999999
740 3.741588964622287 1.719497916666666
760 3.5030847412593 1.765970833333333
780 3.483074934489998 1.812443749999999
800 2.934640398317792 1.858916666666666
820 2.563493076652374 1.905389583333333
840 9.147314840749313 1.951862499999999
860 15.71160982267832 1.998335416666666
880 16.03686789412972 2.044808333333337
900 16.55303703683938 2.091281250000008
920 11.0221767879648 2.137754166666679
940 6.107658904417644 2.18422708333335
960 1.307591160442424 2.230700000000021
980 2.159493643280408 2.277172916666692
1000 4.894556660412958 2.323645833333363
1020 11.6854385212384 2.370118750000034
1040 27.08259058176704 2.416591666666705
1060 26.84631265386798 2.463064583333376
1080 17.73639026322429 2.509537500000047
1100 13.10777345009623 2.556010416666719
1120 10.71952262226518 2.60248333333339
1140 8.607211961357191 2.648956250000061
1160 7.065975124423916 2.695429166666732
1180 5.650239609556873 2.741902083333403
1200 4.567635846794643 2.788375000000074
1220 3.854053486215953 2.834847916666745
1240 3.608389406925948 2.881320833333416
1260 3.669915427002546 2.927793750000087
1280 3.124724194948689 2.974266666666758
1300 2.580027016892946 3.020739583333429
1320 9.148424539682722 3.0672125000001
1340 15.77214018413039 3.113685416666772
1360 16.43895773305819 3.160158333333443
1380 17.30040753285751 3.206631250000114
1400 11.82670307207147 3.253104166666785
1420 6.701773857546026 3.299577083333456
1440 1.59713206448967 3.346050000000127
