"ven-vol"
"Time Step" "flow-time etc.."
("Time Step" "flow-time" "ven-vol")
20 0.04647291666666665 5.180114762113594e-05
40 0.0929458333333333 5.449809570177804e-05
60 0.13941875 5.968118330923563e-05
80 0.1858916666666666 6.885297275030519e-05
100 0.2323645833333332 7.801188447930446e-05
120 0.2788374999999999 8.310595347118922e-05
140 0.3253104166666665 8.498516623634652e-05
160 0.3717833333333332 8.619553780589487e-05
180 0.4182562499999998 8.750450851636787e-05
200 0.4647291666666665 8.904184432818223e-05
220 0.5112020833333332 9.031556365794148e-05
240 0.5576749999999998 9.136503964790656e-05
260 0.6041479166666665 9.229150562362679e-05
280 0.6506208333333331 9.377516821098938e-05
300 0.6970937499999997 9.631425208502913e-05
320 0.7435666666666664 9.822305823582221e-05
340 0.790039583333333 9.768146660199077e-05
360 0.8365124999999997 9.159644908886139e-05
380 0.8829854166666663 8.260258500520054e-05
400 0.9294583333333329 7.385581090485031e-05
420 0.9759312499999996 6.533613569767137e-05
440 1.022404166666666 5.849230358239868e-05
460 1.068877083333333 5.35152075392586e-05
480 1.11535 5.043848956058579e-05
500 1.161822916666666 5.171393145405398e-05
520 1.208295833333333 5.431483607028196e-05
540 1.25476875 5.935029709558504e-05
560 1.301241666666666 6.839988132102177e-05
580 1.347714583333333 7.7667759898754e-05
600 1.394187499999999 8.293651617307014e-05
620 1.440660416666666 8.492100248230184e-05
640 1.487133333333333 8.613272465087438e-05
660 1.533606249999999 8.744135799108722e-05
680 1.580079166666666 8.897359866119354e-05
700 1.626552083333333 9.026046262944012e-05
720 1.673024999999999 9.131768064234341e-05
740 1.719497916666666 9.223920052404734e-05
760 1.765970833333333 9.368897735147243e-05
780 1.812443749999999 9.621252797821247e-05
800 1.858916666666666 9.816042876824141e-05
820 1.905389583333333 9.778821402481773e-05
840 1.951862499999999 9.197425329552262e-05
860 1.998335416666666 8.304913887985668e-05
880 2.044808333333337 7.427894533657781e-05
900 2.091281250000008 6.572432800909709e-05
920 2.137754166666679 5.878335919626638e-05
940 2.18422708333335 5.370276193336129e-05
960 2.230700000000021 5.048338574593915e-05
980 2.277172916666692 5.162134707659265e-05
1000 2.323645833333363 5.413518976229486e-05
1020 2.370118750000034 5.902620697679406e-05
1040 2.416591666666705 6.793069692208484e-05
1060 2.463064583333376 7.729353919800621e-05
1080 2.509537500000047 8.275316908989215e-05
1100 2.556010416666719 8.48564891448687e-05
1120 2.60248333333339 8.607064858623728e-05
1140 2.648956250000061 8.737751499536963e-05
1160 2.695429166666732 8.890172036018106e-05
1180 2.741902083333403 9.020330693421715e-05
1200 2.788375000000074 9.126912021225098e-05
1220 2.834847916666745 9.218808344437602e-05
1240 2.881320833333416 9.360304475002858e-05
1260 2.927793750000087 9.610045644221121e-05
1280 2.974266666666758 9.808731223063765e-05
1300 3.020739583333429 9.788425310701857e-05
1320 3.0672125000001 9.235678765453121e-05
1340 3.113685416666772 8.350542492173373e-05
1360 3.160158333333443 7.470567896937356e-05
1380 3.206631250000114 6.61213046265448e-05
1400 3.253104166666785 5.908137172015144e-05
1420 3.299577083333456 5.389965680572367e-05
1440 3.346050000000127 5.054935398990132e-05
