"vol-integral-ven-tke-rfile"
"Time Step" "vol-integral-ven-tke"
("Time Step" "vol-integral-ven-tke")
20 1.808300007304443e-07
40 1.130888531765494e-07
60 9.285481756858174e-08
80 1.016554028213789e-07
100 1.215027714797453e-07
120 1.369362019912357e-07
140 1.508423025409158e-07
160 1.664754634992951e-07
180 1.763105515569749e-07
200 1.769177768427066e-07
220 1.702142300915796e-07
240 1.597577406748705e-07
260 1.478236319539322e-07
280 1.362683312347947e-07
300 1.264406351652992e-07
320 1.171756903065743e-07
340 1.070070777917282e-07
360 9.532234039301102e-08
380 7.973476302056661e-08
400 6.494521393451211e-08
420 5.245112933332656e-08
440 4.264178399698159e-08
460 3.493602421770463e-08
480 2.925961283026845e-08
500 2.648809916415352e-08
520 2.484597985795779e-08
540 2.605904337447704e-08
560 3.357971009175308e-08
580 4.6387184933562e-08
600 6.002058436991151e-08
620 7.792865313837482e-08
640 1.040754369967507e-07
660 1.264881941336226e-07
680 1.359376819234766e-07
700 1.36032590964553e-07
720 1.304124995157566e-07
740 1.221166340192541e-07
760 1.137219825398943e-07
780 1.07009376016131e-07
800 1.007074745690768e-07
820 9.298110154043017e-08
840 8.234671418784542e-08
860 6.875029159207737e-08
880 5.537854384755735e-08
900 4.330040457669324e-08
920 3.361080855118912e-08
940 2.65146027281028e-08
960 2.188937367642554e-08
980 2.015720522939776e-08
1000 1.910589930822308e-08
1020 1.98649240698459e-08
1040 2.553779073548349e-08
1060 3.664531546976485e-08
1080 4.888568350481977e-08
1100 6.513128005834573e-08
1120 8.922669590595488e-08
1140 1.134897031724809e-07
1160 1.250378458241881e-07
1180 1.261897433151434e-07
1200 1.217827459580354e-07
1220 1.146986854316929e-07
1240 1.075533413634688e-07
1260 1.016703004613826e-07
1280 9.580175001853902e-08
1300 8.856549039325493e-08
1320 7.856478954919757e-08
1340 6.530981289444792e-08
1360 5.271787806601991e-08
1380 4.162884889162141e-08
1400 3.239193864735122e-08
1420 2.565947500296166e-08
1440 2.125094947730672e-08
