"avrg-wss"
"Time Step" "flow-time etc.."
("Time Step" "flow-time" "report-avrg-wss")
1 0.0021978024 2.372861601488727
2 0.0043956048 0.6020215576077764
3 0.0065934072 0.5111438495945131
4 0.008791209600000001 0.1769259424573449
5 0.010989012 0.2149278703984976
6 0.0131868144 0.2265325657904682
7 0.0153846168 0.242732221796845
8 0.0175824192 0.2534720641008152
9 0.0197802216 0.2587390723253095
10 0.021978024 0.259204418799775
11 0.0241758264 0.2569002358170573
12 0.0263736288 0.2535504805151182
13 0.0285714312 0.2499611550039463
14 0.0307692336 0.2448745446027263
15 0.03296703600000001 0.2367760858233864
16 0.0351648384 0.2241709356455142
17 0.0373626408 0.2084284200421414
18 0.0395604432 0.1914383243698137
19 0.04175824559999999 0.1755243781940907
20 0.04395604799999999 0.1642088036141618
21 0.04615385039999999 0.1581200426822478
22 0.04835165279999998 0.162076818966164
23 0.05054945519999998 0.2000987518208395
24 0.05274725759999998 0.2628477807694575
25 0.05494505999999998 0.3111897379538721
26 0.05714286239999997 0.3217969909967869
27 0.05934066479999997 0.3149092425674203
28 0.06153846719999997 0.3145822246958254
29 0.06373626959999996 0.3319894916731833
30 0.06593407199999997 0.3566737763857178
31 0.06813187439999997 0.376407616708208
32 0.07032967679999998 0.3792511269929029
33 0.07252747919999998 0.3684376255031565
34 0.07472528159999998 0.3591739953836427
35 0.07692308399999999 0.3577659198078758
36 0.07912088639999999 0.3706881368933878
37 0.0813186888 0.3856593388689076
38 0.0835164912 0.3865758962785492
39 0.0857142936 0.3746705749591657
40 0.08791209600000001 0.3607808817516651
41 0.09010989840000001 0.3527210190983881
42 0.09230770080000002 0.3991902693529287
43 0.09450550320000002 0.5812018679345733
44 0.09670330560000003 0.7365699336254847
45 0.09890110800000003 0.8058344273090605
46 0.1010989104 0.8191514441821574
47 0.1032967128 0.8300198668307813
48 0.1054945152 0.8456966346557421
49 0.1076923176 0.8642494184834213
50 0.10989012 0.8685871404866653
51 0.1120879224000001 0.8417374765191096
52 0.1142857248000001 0.7992873924612425
53 0.1164835272000001 0.7531705676956428
54 0.1186813296000001 0.7100087172435167
55 0.1208791320000001 0.6777390635062983
56 0.1230769344000001 0.6535652654626183
57 0.1252747368000001 0.6332479722514445
58 0.1274725392000001 0.6017867886597471
59 0.1296703416000001 0.5660477525261506
60 0.1318681440000001 0.546778659294151
61 0.1340659464000001 0.5419026163405826
62 0.1362637488000001 0.5552531674209382
63 0.1384615512000001 0.6140184499177358
64 0.1406593536000001 0.6892187666980902
65 0.1428571560000001 0.7252070869332492
66 0.1450549584000001 0.720315115878807
67 0.1472527608000001 0.7154688369817335
68 0.1494505632000001 0.7180256657902339
69 0.1516483656000001 0.7307638553585907
70 0.1538461680000001 0.736513303467159
71 0.1560439704000001 0.7304555889152263
72 0.1582417728000001 0.7123284051551503
73 0.1604395752000001 0.6993374967040661
74 0.1626373776000001 0.6914258619284346
75 0.1648351800000001 0.6873428987979229
76 0.1670329824000001 0.6864453111614716
77 0.1692307848000001 0.6905928223074473
78 0.1714285872000001 0.7181231935523525
79 0.1736263896000002 0.7663740478894254
80 0.1758241920000002 0.8221299625386822
81 0.1780219944000002 0.8894397472066763
82 0.1802197968000002 0.8906642519692506
83 0.1824175992000002 0.7964579456366623
84 0.1846154016000002 0.713391748668745
85 0.1868132040000002 0.6947530566532601
86 0.1890110064000002 0.6996724574090918
87 0.1912088088000002 0.7063224225219914
88 0.1934066112000002 0.7040300873352415
89 0.1956044136000002 0.6935523994381924
90 0.1978022160000002 0.6888886276980258
91 0.2000000184000002 0.6945100261299005
92 0.2021978208000002 0.7233322419080624
93 0.2043956232000002 0.7592655341984981
94 0.2065934256000002 0.7841781347208229
95 0.2087912280000002 0.7953966894856345
96 0.2109890304000002 0.811472529358467
97 0.2131868328000002 0.8441963885985406
98 0.2153846352000002 0.9029393693356856
99 0.2175824376000002 0.9782017390852721
100 0.2197802400000002 1.045127850947387
101 0.2219780424000002 1.096919821708102
102 0.2241758448000002 1.089579670181752
103 0.2263736472000002 0.9925431762387158
104 0.2285714496000003 0.8869920339200208
105 0.2307692520000003 0.8522750473738455
106 0.2329670544000003 0.8557526200439244
107 0.2351648568000003 0.8530993481148738
108 0.2373626592000003 0.8273263704880295
109 0.2395604616000003 0.7923283222339843
110 0.2417582640000003 0.772689824913895
111 0.2439560664000003 0.7651629423819201
112 0.2461538688000003 0.7705041389368511
113 0.2483516712000003 0.7854508384906198
114 0.2505494736000003 0.7891623089141441
115 0.2527472760000003 0.7773778652947416
116 0.2549450784000003 0.7635691290525719
117 0.2571428808000003 0.7573547847419952
118 0.2593406832000003 0.7631982493769232
119 0.2615384856000003 0.7773554712912092
120 0.2637362880000003 0.7907919927206378
121 0.2659340904000003 0.7978838823324108
122 0.2681318928000003 0.7859940580191448
123 0.2703296952000003 0.7461332953792619
124 0.2725274976000003 0.7024085140975926
125 0.2747253000000003 0.6833204581316691
126 0.2769231024000003 0.6798166744520576
127 0.2791209048000003 0.678633162262123
128 0.2813187072000004 0.669285685704987
129 0.2835165096000004 0.651644449054064
130 0.2857143120000004 0.6342129597065778
131 0.2879121144000004 0.6164995089699455
132 0.2901099168000004 0.6044678798153487
133 0.2923077192000004 0.6016030369859318
134 0.2945055216000004 0.603101622488702
135 0.2967033240000004 0.6013383325198242
136 0.2989011264000004 0.592912181177279
137 0.3010989288000004 0.5785953622070462
138 0.3032967312000004 0.5594468933696609
139 0.3054945336000004 0.5491187023482844
140 0.3076923360000004 0.5495375299207459
141 0.3098901384000004 0.5531499641559294
142 0.3120879408000004 0.5527692045377756
143 0.3142857432000004 0.5459674775183505
144 0.3164835456000004 0.535098535053572
145 0.3186813480000004 0.5211081127599058
146 0.3208791504000004 0.5126988484398599
147 0.3230769528000004 0.5111464685457969
148 0.3252747552000004 0.512997179036206
149 0.3274725576000004 0.5101374071826978
150 0.3296703600000004 0.501436784116075
151 0.3318681624000004 0.4873552682064015
152 0.3340659648000004 0.4721048565930417
153 0.3362637672000005 0.4640356190560564
154 0.3384615696000005 0.4619011243493473
155 0.3406593720000005 0.4614171972636504
156 0.3428571744000005 0.4577353259483149
157 0.3450549768000005 0.4483813609631114
158 0.3472527792000005 0.4354880626203946
159 0.3494505816000005 0.4252798227959033
160 0.3516483840000005 0.4191488034828916
161 0.3538461864000005 0.417990933156068
162 0.3560439888000005 0.4175653155670254
163 0.3582417912000005 0.4169221771273286
164 0.3604395936000005 0.4093099906122827
165 0.3626373960000005 0.3990471208557214
166 0.3648351984000005 0.3927538694408952
167 0.3670330008000005 0.3910414654140674
168 0.3692308032000005 0.392905702740601
169 0.3714286056000005 0.3933413475691188
170 0.3736264080000005 0.388260046457723
171 0.3758242104000005 0.379507366331205
172 0.3780220128000005 0.3737266798596172
173 0.3802198152000005 0.3707094888009527
174 0.3824176176000005 0.3717530442443314
175 0.3846154200000005 0.3730360917088236
176 0.3868132224000005 0.3706944001714277
177 0.3890110248000005 0.363799450525299
178 0.3912088272000006 0.3570146396436843
179 0.3934066296000006 0.3540042017386015
180 0.3956044320000006 0.3548872727717669
181 0.3978022344000006 0.3563892371329121
182 0.4000000368000006 0.3548913748286065
183 0.4021978392000006 0.3480391382699352
184 0.4043956416000006 0.3411771239053021
185 0.4065934440000006 0.338016914495323
186 0.4087912464000006 0.3370786285851382
187 0.4109890488000006 0.3369574092468862
188 0.4131868512000006 0.3360133467423154
189 0.4153846536000006 0.3323111341745266
190 0.4175824560000006 0.3277952973074885
191 0.4197802584000006 0.3242481736654951
192 0.4219780608000006 0.3223337616573398
193 0.4241758632000006 0.3222207977325873
194 0.4263736656000006 0.3224297639905897
195 0.4285714680000006 0.3204810387568222
196 0.4307692704000006 0.3155653516111322
197 0.4329670728000006 0.3114068504388917
198 0.4351648752000006 0.3095851171006951
199 0.4373626776000006 0.3098630532895493
200 0.4395604800000006 0.3106919966222124
201 0.4417582824000006 0.3099647298554938
202 0.4439560848000006 0.3061271689496871
203 0.4461538872000007 0.3013674741812636
204 0.4483516896000007 0.3020528585711028
205 0.4505494920000007 0.3048847242856341
206 0.4527472944000007 0.3048264229062391
207 0.4549450968000007 0.3025909951017419
208 0.4571428992000007 0.2991297351405779
209 0.4593407016000007 0.2960160603633312
210 0.4615385040000007 0.293182340227707
211 0.4637363064000007 0.2901332252090336
212 0.4659341088000007 0.2887168362541272
213 0.4681319112000007 0.2885677309504829
214 0.4703297136000007 0.2881405871566322
215 0.4725275160000007 0.2861051751735662
216 0.4747253184000007 0.2839455914355732
217 0.4769231208000007 0.2851609771764391
218 0.4791209232000007 0.2926824855872621
219 0.4813187256000007 0.3059946340446558
220 0.4835165280000007 0.3196810496694686
221 0.4857143304000007 0.3289410741120839
222 0.4879121328000007 0.3283146263655697
223 0.4901099352000007 0.3119766027767432
224 0.4923077376000007 0.2918051684801573
225 0.4945055400000007 0.2854571112587769
226 0.4967033424000007 0.2865920092585208
227 0.4989011448000008 0.2894307024168331
228 0.5010989472000007 0.2878249392945048
229 0.5032967496000007 0.2808497253206136
230 0.5054945520000007 0.2734412184472039
231 0.5076923544000007 0.2689359944944419
232 0.5098901568000007 0.2684777485238187
233 0.5120879592000007 0.2714013935619615
234 0.5142857616000007 0.274357995832716
235 0.5164835640000007 0.274360338388698
236 0.5186813664000007 0.2704207099353504
237 0.5208791688000007 0.2651374672872923
238 0.5230769712000007 0.2623462533929314
239 0.5252747736000007 0.2638537896309709
240 0.5274725760000007 0.2680543280630542
241 0.5296703784000008 0.2717145698123705
242 0.5318681808000008 0.276750202211327
243 0.5340659832000008 0.2869885850669895
244 0.5362637856000008 0.296070146754676
245 0.5384615880000008 0.3031221633163597
246 0.5406593904000008 0.3083523225141735
247 0.5428571928000008 0.3129974951585098
248 0.5450549952000008 0.314807262376152
249 0.5472527976000008 0.3121762038799836
250 0.5494506000000008 0.3063307964887977
251 0.5516484024000008 0.3004370774247531
252 0.5538462048000008 0.2980872439865822
253 0.5560440072000008 0.2976362223880851
254 0.5582418096000008 0.2949792749279777
255 0.5604396120000008 0.2894266714700398
256 0.5626374144000008 0.2811632964262465
257 0.5648352168000008 0.2727564044508883
258 0.5670330192000008 0.2674164864812714
259 0.5692308216000008 0.2665827737779136
260 0.5714286240000008 0.2674493851833933
261 0.5736264264000008 0.2675307540844873
262 0.5758242288000008 0.3035463532872891
263 0.5780220312000008 0.3904236653793591
264 0.5802198336000008 0.4607061728542828
265 0.5824176360000008 0.5116604163808742
266 0.5846154384000009 0.5420278376985426
267 0.5868132408000009 0.5518883142776494
268 0.5890110432000009 0.5484438364366453
269 0.5912088456000009 0.5406346138024163
270 0.5934066480000009 0.5307277790323116
271 0.5956044504000009 0.5105932502021867
272 0.5978022528000009 0.4889480325143423
273 0.6000000552000009 0.4858794906316964
274 0.6021978576000009 0.4745140937478536
275 0.6043956600000009 0.4529802044154097
276 0.6065934624000009 0.4408583684991559
277 0.6087912648000009 0.4461202428335233
278 0.6109890672000009 0.4778254995216157
279 0.6131868696000009 0.5470411473048925
280 0.6153846720000009 0.6418312535979853
281 0.6175824744000009 0.7544374555180904
282 0.6197802768000009 0.8437519514697713
283 0.6219780792000009 0.9067688128035456
284 0.6241758816000009 0.9779657412543661
285 0.6263736840000009 1.057231982496774
286 0.6285714864000009 1.126788444466158
287 0.6307692888000009 1.151820309514255
288 0.6329670912000009 1.138017708353364
289 0.6351648936000009 1.111944071953245
290 0.637362696000001 1.087818011947788
291 0.639560498400001 1.074804493334313
292 0.641758300800001 1.107442116095861
293 0.643956103200001 1.141294849904897
294 0.646153905600001 1.171975432066987
295 0.648351708000001 1.18136987137526
296 0.650549510400001 1.137699065545938
297 0.652747312800001 1.045684048346015
298 0.654945115200001 0.9331155133437221
299 0.657142917600001 0.8566052178794209
300 0.659340720000001 0.8240357693474724
301 0.661538522400001 0.8301930710121294
302 0.663736324800001 0.8623418536029317
303 0.665934127200001 0.9535305647334417
304 0.668131929600001 1.087260415120259
305 0.670329732000001 1.215631783509482
306 0.672527534400001 1.281352106724493
307 0.674725336800001 1.291744108002136
308 0.676923139200001 1.264666833854233
309 0.679120941600001 1.241961775045676
310 0.681318744000001 1.238878994925818
311 0.683516546400001 1.267202850159989
312 0.685714348800001 1.34354767122224
313 0.687912151200001 1.438938683879007
314 0.690109953600001 1.458431189792231
315 0.6923077560000011 1.416145308529505
316 0.6945055584000011 1.331294510566633
317 0.6967033608000011 1.239185094650413
318 0.6989011632000011 1.192786005066381
319 0.7010989656000011 1.201568177760196
320 0.7032967680000011 1.257515844617248
321 0.7054945704000011 1.298115637709206
322 0.7076923728000011 1.311712164681664
323 0.7098901752000011 1.295608106713691
324 0.7120879776000011 1.29485414581909
325 0.7142857800000011 1.286483431251336
326 0.7164835824000011 1.291632939243325
327 0.7186813848000011 1.344960009113409
328 0.7208791872000011 1.448261295470218
329 0.7230769896000011 1.551346221866061
330 0.7252747920000011 1.582419144118092
331 0.7274725944000011 1.515682188734483
332 0.7296703968000011 1.417617773668693
333 0.7318681992000011 1.31597867076149
334 0.7340660016000011 1.291231056319108
335 0.7362638040000011 1.41760513530729
336 0.7384616064000011 1.504585911685267
337 0.7406594088000011 1.528013738027393
338 0.7428572112000011 1.459812003810491
339 0.7450550136000011 1.313152312834804
340 0.7472528160000012 1.195925353463861
341 0.7494506184000012 1.196677675964758
342 0.7516484208000012 1.305946334801303
343 0.7538462232000012 1.423715511478499
344 0.7560440256000012 1.499307400467077
345 0.7582418280000012 1.495785526171698
346 0.7604396304000012 1.389223193979629
347 0.7626374328000012 1.281868630453017
348 0.7648352352000012 1.233659198339961
349 0.7670330376000012 1.271404091316385
350 0.7692308400000012 1.380698245942201
351 0.7714286424000012 1.473902869145211
352 0.7736264448000012 1.463335759629216
353 0.7758242472000012 1.321071569412085
354 0.7780220496000012 1.20671009215458
355 0.7802198520000012 1.154164219222274
356 0.7824176544000012 1.207792888254922
357 0.7846154568000012 1.283620212339862
358 0.7868132592000012 1.331216126327416
359 0.7890110616000012 1.317401507799707
360 0.7912088640000012 1.224334613264598
361 0.7934066664000012 1.057007125725752
362 0.7956044688000012 0.9583889771430494
363 0.7978022712000012 1.02442685184457
364 0.8000000736000012 1.184886968048769
365 0.8021978760000013 1.235605799959693
366 0.8043956784000013 1.164706780657271
367 0.8065934808000013 1.041504140344282
368 0.8087912832000013 0.9654930455733406
369 0.8109890856000013 0.9290085142324794
370 0.8131868880000013 0.9936120100527849
371 0.8153846904000013 1.104754686343285
372 0.8175824928000013 1.128961273873421
373 0.8197802952000013 1.072056963290676
374 0.8219780976000013 0.9308258405665446
375 0.8241759000000013 0.8287914479123016
376 0.8263737024000013 0.7976703597555731
377 0.8285715048000013 0.8517861924616488
378 0.8307693072000013 0.9314732160714614
379 0.8329671096000013 0.9386111027209944
380 0.8351649120000013 0.8596313674946895
381 0.8373627144000013 0.7245910615837403
382 0.8395605168000013 0.6714241880750419
383 0.8417583192000013 0.6935269401133285
384 0.8439561216000013 0.8014752498401511
385 0.8461539240000013 0.8591060008020611
386 0.8483517264000013 0.8719575885958587
387 0.8505495288000013 0.7947306858921759
388 0.8527473312000013 0.6886400004543118
389 0.8549451336000014 0.6468977864343565
390 0.8571429360000014 0.6637015421800269
391 0.8593407384000014 0.7243743092140796
392 0.8615385408000014 0.7579662299302762
393 0.8637363432000014 0.717871551049851
394 0.8659341456000014 0.605867132590922
395 0.8681319480000014 0.5212119741301208
396 0.8703297504000014 0.4949280892557216
397 0.8725275528000014 0.5275402263289418
398 0.8747253552000014 0.5564276211659711
399 0.8769231576000014 0.5281910795096609
400 0.8791209600000014 0.4459738785334995
401 0.8813187624000014 0.3777766612573922
402 0.8835165648000014 0.3524938575546117
403 0.8857143672000014 0.3986107170644312
404 0.8879121696000014 0.5271298866149615
405 0.8901099720000014 0.5780088248474832
406 0.8923077744000014 0.5258618803135383
407 0.8945055768000014 0.441681568514456
408 0.8967033792000014 0.3937432502437875
409 0.8989011816000014 0.3977809886588046
410 0.9010989840000014 0.4338167281717116
411 0.9032967864000014 0.4397645764448785
412 0.9054945888000014 0.380541265451216
413 0.9076923912000014 0.3023555377311017
414 0.9098901936000015 0.2687425238516175
415 0.9120879960000015 0.2512894684656357
416 0.9142857984000015 0.2388196535408805
417 0.9164836008000015 0.2322737590213591
418 0.9186814032000015 0.2602070117639707
419 0.9208792056000015 0.3953589739062954
420 0.9230770080000015 0.5131236837813555
421 0.9252748104000015 0.4626787435301432
422 0.9274726128000015 0.4811483973808101
423 0.9296704152000015 0.4471813261519453
424 0.9318682176000015 0.383889378540942
425 0.9340660200000015 0.3452680724887446
426 0.9362638224000015 0.3346906493580112
427 0.9384616248000015 0.35956549777353
428 0.9406594272000015 0.3926309818922133
429 0.9428572296000015 0.4121047184576618
430 0.9450550320000015 0.3947913124373844
431 0.9472528344000015 0.3561873703381756
432 0.9494506368000015 0.3266919669832267
433 0.9516484392000015 0.3188430297476415
434 0.9538462416000015 0.3275926130072657
435 0.9560440440000015 0.335465148510503
436 0.9582418464000015 0.3293546452684345
437 0.9604396488000015 0.3057707896540185
438 0.9626374512000015 0.2690810571310172
439 0.9648352536000016 0.2398932621466686
440 0.9670330560000016 0.2242431826188807
441 0.9692308584000016 0.2213130524367519
442 0.9714286608000016 0.223749799427343
443 0.9736264632000016 0.2269521458641572
444 0.9758242656000016 0.2503686194125534
445 0.9780220680000016 0.2975633289464077
446 0.9802198704000016 0.3469861317591834
447 0.9824176728000016 0.3711831241350222
448 0.9846154752000016 0.3744516773389859
449 0.9868132776000016 0.3692936076624327
450 0.9890110800000016 0.372005366157912
451 0.9912088824000016 0.3827070042015804
452 0.9934066848000016 0.3991088494157901
453 0.9956044872000016 0.4132738910655945
454 0.9978022896000016 0.4190064634552035
455 1.000000092000002 0.4144763471415725
456 1.002197894400002 0.4043647283544704
457 1.004395696800002 0.3957748214912881
458 1.006593499200002 0.3947580069469004
459 1.008791301600002 0.4009322105057667
460 1.010989104000002 0.4115755308208094
461 1.013186906400002 0.4182432678048941
462 1.015384708800002 0.414961380729947
463 1.017582511200002 0.4363855691879504
464 1.019780313600002 0.5835257332404168
465 1.021978116000002 0.7758900367685709
466 1.024175918400002 0.8454488979120053
467 1.026373720800002 0.8430458744182537
468 1.028571523200002 0.8413781079733594
469 1.030769325600002 0.854274858183218
470 1.032967128000002 0.8839554374143643
471 1.035164930400002 0.9014042124221681
472 1.037362732800002 0.893529446749482
473 1.039560535200002 0.8420716784117102
474 1.041758337600002 0.7712552825051571
475 1.043956140000002 0.7176233781288677
476 1.046153942400002 0.6842321753907623
477 1.048351744800002 0.6675652481749288
478 1.050549547200002 0.6578917820996524
479 1.052747349600002 0.6416670026532444
480 1.054945152000002 0.6099058624508198
481 1.057142954400002 0.5745382033553706
482 1.059340756800002 0.5584862352237804
483 1.061538559200002 0.5769840514171791
484 1.063736361600002 0.6435185612963311
485 1.065934164000002 0.7262782106387107
486 1.068131966400002 0.7542920852983878
487 1.070329768800002 0.7432820118186286
488 1.072527571200002 0.7351219424868182
489 1.074725373600002 0.7405568028916585
490 1.076923176000002 0.7581953683967703
491 1.079120978400002 0.7683057488089337
492 1.081318780800002 0.7643583299724478
493 1.083516583200002 0.744522873319887
494 1.085714385600002 0.7273806545743284
495 1.087912188000002 0.7174527270246015
496 1.090109990400002 0.7145182881842864
497 1.092307792800002 0.7158044992768576
498 1.094505595200002 0.7177657479039646
499 1.096703397600002 0.7257108053016672
500 1.098901200000002 0.7663825157570495
501 1.101099002400002 0.8341999709182213
502 1.103296804800002 0.9178271063298573
503 1.105494607200002 0.90406474499711
504 1.107692409600002 0.7935401446805356
505 1.109890212000002 0.7202573842665143
506 1.112088014400002 0.7057926754742614
507 1.114285816800002 0.7155112658759113
508 1.116483619200002 0.7189343827798126
509 1.118681421600002 0.7117742797379392
510 1.120879224000002 0.6991104443244779
511 1.123077026400002 0.696000237226547
512 1.125274828800002 0.7063201294940876
513 1.127472631200002 0.7351555491978577
514 1.129670433600002 0.7703200127656483
515 1.131868236000002 0.7935333622281734
516 1.134066038400002 0.8027021724198815
517 1.136263840800002 0.8148388387014118
518 1.138461643200002 0.8415638565066568
519 1.140659445600002 0.9064037547020467
520 1.142857248000002 0.9896066656635052
521 1.145055050400002 1.060039773704359
522 1.147252852800002 1.104262718958544
523 1.149450655200002 1.097821624409064
524 1.151648457600002 1.003232199819673
525 1.153846260000002 0.8963952528046633
526 1.156044062400002 0.8644473987802216
527 1.158241864800002 0.8744618920072124
528 1.160439667200002 0.8724452210262389
529 1.162637469600002 0.8512731275293905
530 1.164835272000002 0.8155399020245903
531 1.167033074400002 0.7927864935284925
532 1.169230876800002 0.7884072402506542
533 1.171428679200002 0.8007040865716628
534 1.173626481600002 0.8123813685868585
535 1.175824284000002 0.811517989555932
536 1.178022086400002 0.7966207975194685
537 1.180219888800002 0.7826292981115025
538 1.182417691200002 0.7787733995765911
539 1.184615493600002 0.7876928512588361
540 1.186813296000002 0.8045214058016846
541 1.189011098400002 0.8184753957076616
542 1.191208900800002 0.8238464459869732
543 1.193406703200002 0.8077670195611787
544 1.195604505600002 0.7691136295541116
545 1.197802308000002 0.7295071488385926
546 1.200000110400002 0.7102527197660597
547 1.202197912800002 0.7062109959086114
548 1.204395715200002 0.7060917035138459
549 1.206593517600002 0.6990256584406409
550 1.208791320000002 0.6824747789178103
551 1.210989122400002 0.6641779573480977
552 1.213186924800002 0.646579821435227
553 1.215384727200002 0.6356573001547298
554 1.217582529600002 0.6316836163073903
555 1.219780332000002 0.6316510489263797
556 1.221978134400002 0.6290369340491212
557 1.224175936800002 0.6226859100980628
558 1.226373739200002 0.6134525694970181
559 1.228571541600002 0.5965721636141842
560 1.230769344000002 0.5806804230515756
561 1.232967146400002 0.5735613572477561
562 1.235164948800002 0.5752883989226962
563 1.237362751200002 0.5788749543341699
564 1.239560553600002 0.5773001397043861
565 1.241758356000002 0.5662399612763883
566 1.243956158400002 0.5508154642446774
567 1.246153960800002 0.5404566918410788
568 1.248351763200002 0.5347239637186593
569 1.250549565600002 0.5324098472241222
570 1.252747368000002 0.5351156506804141
571 1.254945170400002 0.5322465258791117
572 1.257142972800002 0.5210413187197728
573 1.259340775200002 0.5065146934708847
574 1.261538577600002 0.4947660470484688
575 1.263736380000002 0.4871471545984024
576 1.265934182400002 0.4844515151217219
577 1.268131984800002 0.4842127739090987
578 1.270329787200002 0.4810438112499285
579 1.272527589600002 0.4726593163814184
580 1.274725392000002 0.4621718861382926
581 1.276923194400002 0.4510460391939181
582 1.279120996800002 0.4442776453679563
583 1.281318799200002 0.4406056804109383
584 1.283516601600002 0.4396503660162488
585 1.285714404000002 0.4415536691046439
586 1.287912206400002 0.4373718530809624
587 1.290110008800002 0.4280275452071419
588 1.292307811200002 0.4195694124894779
589 1.294505613600002 0.41523954254837
590 1.296703416000002 0.4138390413190176
591 1.298901218400002 0.4142523603343357
592 1.301099020800002 0.4141782484497961
593 1.303296823200002 0.4104752708730652
594 1.305494625600002 0.4036520296485985
595 1.307692428000002 0.3962338306055087
596 1.309890230400002 0.3924946501257767
597 1.312088032800002 0.3917137069624396
598 1.314285835200002 0.3919599885031176
599 1.316483637600002 0.3926424949825401
600 1.318681440000002 0.3897694337654753
601 1.320879242400002 0.3834059829542075
602 1.323077044800002 0.3776034550488001
603 1.325274847200002 0.3746878521126555
604 1.327472649600002 0.3736245847377777
605 1.329670452000002 0.372106092322311
606 1.331868254400002 0.3698681962920185
607 1.334066056800002 0.3674395603508119
608 1.336263859200002 0.3628801656185164
609 1.338461661600002 0.3580190002929178
610 1.340659464000002 0.3544065500834699
611 1.342857266400002 0.3531701165788778
612 1.345055068800002 0.3526800142840841
613 1.347252871200002 0.3517826631154202
614 1.349450673600002 0.349621584903298
615 1.351648476000002 0.3449846468255146
616 1.353846278400002 0.3401582577064811
617 1.356044080800002 0.3371615450424222
618 1.358241883200002 0.3359194184092953
619 1.360439685600002 0.3354423710142043
620 1.362637488000002 0.334860842583598
621 1.364835290400002 0.3328088775762491
622 1.367033092800002 0.3293565025702461
623 1.369230895200002 0.3250540208437545
624 1.371428697600002 0.3225531108695942
625 1.373626500000002 0.3241668988240563
626 1.375824302400002 0.3266185329230611
627 1.378022104800002 0.3258374443782163
628 1.380219907200002 0.3226140212624031
629 1.382417709600002 0.3188071761603687
630 1.384615512000002 0.3150264257352407
631 1.386813314400002 0.3124493115546432
632 1.389011116800002 0.3101412358747483
633 1.391208919200002 0.3077373422486463
634 1.393406721600002 0.3055884612850183
635 1.395604524000002 0.304935733363533
636 1.397802326400002 0.3044147848281106
637 1.400000128800002 0.3032018953667457
638 1.402197931200002 0.3030491094242013
639 1.404395733600002 0.3061399819976491
640 1.406593536000002 0.3152697395550635
641 1.408791338400002 0.3302141120089723
642 1.410989140800002 0.3459758639136688
643 1.413186943200002 0.3502527316046117
644 1.415384745600002 0.33161252641254
645 1.417582548000002 0.3073105698307075
646 1.419780350400002 0.3007058949818079
647 1.421978152800002 0.3047685663608938
648 1.424175955200002 0.308155634329531
649 1.426373757600002 0.3051678888349456
650 1.428571560000002 0.2966471210029
651 1.430769362400002 0.2891136777930169
652 1.432967164800002 0.28599655108074
653 1.435164967200002 0.2887531524748507
654 1.437362769600002 0.2931788157049189
655 1.439560572000002 0.2943413489174309
656 1.441758374400002 0.2903106178708174
657 1.443956176800002 0.283927843878648
658 1.446153979200002 0.2797612107494695
659 1.448351781600002 0.2800705026990101
660 1.450549584000002 0.2837999143756964
661 1.452747386400002 0.2878240890419832
662 1.454945188800002 0.2878515585070626
663 1.457142991200002 0.2891695543285105
664 1.459340793600002 0.2991200508348199
665 1.461538596000002 0.3112692246828988
666 1.463736398400002 0.3196279391339103
667 1.465934200800002 0.3273695284606878
668 1.468132003200002 0.3307757934768936
669 1.470329805600002 0.3283985925438762
670 1.472527608000002 0.3226433394918601
671 1.474725410400002 0.317910537955176
672 1.476923212800002 0.3166900465108023
673 1.479121015200002 0.317572722167423
674 1.481318817600003 0.3169366367978636
675 1.483516620000003 0.3117978934217358
676 1.485714422400003 0.3033422361822652
677 1.487912224800003 0.2940684988704424
678 1.490110027200003 0.287347238360885
679 1.492307829600003 0.2851487615809654
680 1.494505632000003 0.2857848061959546
681 1.496703434400003 0.2856735400495364
682 1.498901236800003 0.2830988738708423
683 1.501099039200003 0.3155308159539454
684 1.503296841600003 0.3997868927859633
685 1.505494644000003 0.4689328299345867
686 1.507692446400003 0.5191291177902249
687 1.509890248800003 0.5492906369129218
688 1.512088051200003 0.5589077369396472
689 1.514285853600003 0.5563060898870756
690 1.516483656000003 0.5488193052354672
691 1.518681458400003 0.5377076667816857
692 1.520879260800003 0.5180652182613601
693 1.523077063200003 0.5116098685414789
694 1.525274865600003 0.5049800493648626
695 1.527472668000003 0.4862481850455803
696 1.529670470400003 0.4567340505993082
697 1.531868272800003 0.4412501728561136
698 1.534066075200003 0.447558675056337
699 1.536263877600003 0.4849743532570825
700 1.538461680000003 0.5609186556005573
701 1.540659482400003 0.6642736233108532
702 1.542857284800003 0.7752595231161363
703 1.545055087200003 0.852349026789632
704 1.547252889600003 0.8999930406984048
705 1.549450692000003 0.9507428092256687
706 1.551648494400003 1.012092771975938
707 1.553846296800003 1.083271649677619
708 1.556044099200003 1.150359896156576
709 1.558241901600003 1.180249259095425
710 1.560439704000003 1.177319894963202
711 1.562637506400003 1.128753410951846
712 1.564835308800003 1.081078362068134
713 1.567033111200003 1.066044905357006
714 1.569230913600003 1.083769547818539
715 1.571428716000003 1.117878183263816
716 1.573626518400003 1.148917053017097
717 1.575824320800003 1.167906184562781
718 1.578022123200003 1.127047228981509
719 1.580219925600003 1.025444170688886
720 1.582417728000003 0.8839023235368727
721 1.584615530400003 0.7942387217073978
722 1.586813332800003 0.7509121486819864
723 1.589011135200003 0.8006246873051636
724 1.591208937600003 0.9992079711813955
725 1.593406740000003 1.180440182818893
726 1.595604542400003 1.225427241491935
727 1.597802344800003 1.138760664149807
728 1.600000147200003 1.143321627487818
729 1.602197949600003 1.192064944435902
730 1.604395752000003 1.273080044335477
731 1.606593554400003 1.391441211128905
732 1.608791356800003 1.475204862603207
733 1.610989159200003 1.469251703706476
734 1.613186961600003 1.377140477723436
735 1.615384764000003 1.271085372386928
736 1.617582566400003 1.233182314964773
737 1.619780368800003 1.254869284400507
738 1.621978171200003 1.32032559641551
739 1.624175973600003 1.396047164976001
740 1.626373776000003 1.403186206327521
741 1.628571578400003 1.316444159091017
742 1.630769380800003 1.186080020257299
743 1.632967183200003 1.114173078447598
744 1.635164985600003 1.209252561295755
745 1.637362788000003 1.41421609680178
746 1.639560590400003 1.493971205061307
747 1.641758392800003 1.444755469793365
748 1.643956195200003 1.351601856687999
749 1.646153997600003 1.297591759787667
750 1.648351800000003 1.281990880293437
751 1.650549602400003 1.359325872456706
752 1.652747404800003 1.502442382877144
753 1.654945207200003 1.584010622914295
754 1.657143009600003 1.503132122616466
755 1.659340812000003 1.332420483360172
756 1.661538614400003 1.282119394362279
757 1.663736416800003 1.327314912268482
758 1.665934219200003 1.425149248915656
759 1.668132021600003 1.515616975471729
760 1.670329824000003 1.462992823838489
761 1.672527626400003 1.310152727296036
762 1.674725428800003 1.191586258280259
763 1.676923231200003 1.175059339638268
764 1.679121033600003 1.292532775048533
765 1.681318836000003 1.441881621376885
766 1.683516638400003 1.515688110729402
767 1.685714440800003 1.449689146233881
768 1.687912243200003 1.302764059920362
769 1.690110045600003 1.234005486659248
770 1.692307848000003 1.223398259129476
771 1.694505650400003 1.296179747643036
772 1.696703452800003 1.404195550398276
773 1.698901255200003 1.47379476913423
774 1.701099057600003 1.445925546337716
775 1.703296860000003 1.320663257562702
776 1.705494662400003 1.189880067161063
777 1.707692464800003 1.125109214671026
778 1.709890267200003 1.137395889820344
779 1.712088069600003 1.21686142612406
780 1.714285872000003 1.28107045097189
781 1.716483674400003 1.277649057690087
782 1.718681476800003 1.139287430757839
783 1.720879279200003 1.004588913923269
784 1.723077081600003 0.978127312702429
785 1.725274884000003 1.065292230239089
786 1.727472686400003 1.175320096833415
787 1.729670488800003 1.225355907447859
788 1.731868291200003 1.136732742075815
789 1.734066093600003 1.015637675959316
790 1.736263896000003 0.9362878811698154
791 1.738461698400003 0.9481590418370808
792 1.740659500800003 1.020753676455171
793 1.742857303200003 1.096782472262771
794 1.745055105600003 1.088390901184452
795 1.747252908000003 1.002182959549674
796 1.749450710400003 0.8710183356972995
797 1.751648512800003 0.8006845125235612
798 1.753846315200003 0.8029842062847603
799 1.756044117600003 0.8803957293170172
800 1.758241920000003 0.9147969860559
801 1.760439722400003 0.9049993176653717
802 1.762637524800003 0.8110237142784176
803 1.764835327200003 0.6862006941621162
804 1.767033129600003 0.6702525129925908
805 1.769230932000003 0.749672336212389
806 1.771428734400003 0.8504303782230784
807 1.773626536800003 0.8761516785606717
808 1.775824339200003 0.8076822725275857
809 1.778022141600003 0.6951632855416424
810 1.780219944000003 0.6270648679715835
811 1.782417746400003 0.6342166310584839
812 1.784615548800003 0.7054579109415728
813 1.786813351200003 0.7518735842822689
814 1.789011153600003 0.715656712967034
815 1.791208956000003 0.6223860278635276
816 1.793406758400003 0.538305229485504
817 1.795604560800003 0.4990460874821687
818 1.797802363200003 0.5046459322529406
819 1.800000165600003 0.5366792250496775
820 1.802197968000003 0.5348557132501565
821 1.804395770400003 0.4814216996040602
822 1.806593572800003 0.4032784329434096
823 1.808791375200003 0.3658646460950821
824 1.810989177600003 0.3953968683648297
825 1.813186980000003 0.5217676639689779
826 1.815384782400003 0.5704354225551496
827 1.817582584800003 0.5291368583102393
828 1.819780387200003 0.4481818824822818
829 1.821978189600003 0.4011958065196359
830 1.824175992000003 0.3944583300221162
831 1.826373794400003 0.4225847845749121
832 1.828571596800003 0.432735060505418
833 1.830769399200003 0.3962022991231463
834 1.832967201600003 0.3303932411183093
835 1.835165004000003 0.2867752708997032
836 1.837362806400003 0.2682484887961266
837 1.839560608800003 0.2532479182524571
838 1.841758411200003 0.2574177011572101
839 1.843956213600003 0.3179763090575751
840 1.846154016000003 0.4364492728637491
841 1.848351818400003 0.431322320144792
842 1.850549620800003 0.4535343710361591
843 1.852747423200003 0.5085603213731883
844 1.854945225600003 0.4018960917320054
845 1.857143028000003 0.3057196876736117
846 1.859340830400003 0.3468722768882352
847 1.861538632800003 0.4423048045197629
848 1.863736435200003 0.4428175542264222
849 1.865934237600003 0.3923046890760566
850 1.868132040000003 0.3516208753913593
851 1.870329842400003 0.3495569581669788
852 1.872527644800003 0.3774005619657195
853 1.874725447200003 0.3959838433947822
854 1.876923249600003 0.3814364190980542
855 1.879121052000003 0.3467888575288862
856 1.881318854400003 0.3149131073388094
857 1.883516656800003 0.2976250402934653
858 1.885714459200003 0.2942071425760502
859 1.887912261600003 0.2972124701806813
860 1.890110064000003 0.2968638067863272
861 1.892307866400003 0.2823408935629302
862 1.894505668800003 0.2504164063547821
863 1.896703471200003 0.2149681117673694
864 1.898901273600003 0.2138098127480304
865 1.901099076000003 0.2608001873606521
866 1.903296878400003 0.3391873618437945
867 1.905494680800003 0.3696807143699142
868 1.907692483200003 0.3654797638474275
869 1.909890285600003 0.3617162737840475
870 1.912088088000003 0.3717987053336369
871 1.914285890400003 0.3953203253757286
872 1.916483692800003 0.4194202559429613
873 1.918681495200003 0.4308425135765221
874 1.920879297600003 0.4284654850688351
875 1.923077100000003 0.4153198507386482
876 1.925274902400003 0.4074227661004051
877 1.927472704800003 0.4074212385131594
878 1.929670507200003 0.4155180895722809
879 1.931868309600003 0.4300958599534117
880 1.934066112000003 0.4364097053366391
881 1.936263914400003 0.4314857139368624
882 1.938461716800003 0.4185610743650007
883 1.940659519200003 0.4013912735622532
884 1.942857321600003 0.4464188424810703
885 1.945055124000003 0.61962412367074
886 1.947252926400003 0.7868631849948718
887 1.949450728800003 0.8539926661827795
888 1.951648531200003 0.861397585939867
889 1.953846333600003 0.8562509017212594
890 1.956044136000003 0.8597497866217684
891 1.958241938400003 0.8781220484597243
892 1.960439740800003 0.8978723703556335
893 1.962637543200003 0.903270142392367
894 1.964835345600003 0.8805368883706192
895 1.967033148000003 0.8217148593604109
896 1.969230950400003 0.7440369815111847
897 1.971428752800003 0.6899220306366423
898 1.973626555200003 0.6646163458613591
899 1.975824357600003 0.6632783063538888
900 1.978022160000003 0.6552130145307689
901 1.980219962400003 0.6278259978443684
902 1.982417764800003 0.5949546413484853
903 1.984615567200003 0.5698015508134351
904 1.986813369600003 0.5892955759295923
905 1.989011172000003 0.6588213829900893
906 1.991208974400003 0.7373616734838193
907 1.993406776800003 0.761741023229222
908 1.995604579200003 0.7495786835949666
909 1.997802381600003 0.7453837502753055
910 2.000000184000003 0.7561475809916559
911 2.002197986400003 0.7734389213021351
912 2.004395788800003 0.7827010413192657
913 2.006593591200003 0.7751541323622593
914 2.008791393600003 0.7554064889500798
915 2.010989196000003 0.7358516617299021
916 2.013186998400003 0.7265718132326862
917 2.015384800800003 0.7238300370485011
918 2.017582603200003 0.722737099681421
919 2.019780405600003 0.7226087810547883
920 2.021978208000003 0.7310225716589042
921 2.024176010400003 0.7692995683947715
922 2.026373812800003 0.8397885736848565
923 2.028571615200003 0.9155380751337201
924 2.030769417600003 0.8916984580675567
925 2.032967220000003 0.781047300891713
926 2.035165022400003 0.7213324747892039
927 2.037362824800003 0.7088737717568357
928 2.039560627200003 0.7184991014109208
929 2.041758429600003 0.7201936733795287
930 2.043956232000003 0.7130692353430378
931 2.046154034400003 0.7025679063499845
932 2.048351836800003 0.697898120761251
933 2.050549639200003 0.7052359537598708
934 2.052747441600003 0.729241457463821
935 2.054945244000003 0.763722526001941
936 2.057143046400003 0.7951636441364994
937 2.059340848800003 0.8143428223164999
938 2.061538651200003 0.8222894529080381
939 2.063736453600003 0.840348320746832
940 2.065934256000003 0.8863908887729398
941 2.068132058400003 0.9576611398770376
942 2.070329860800003 1.042501782720052
943 2.072527663200003 1.110128928836363
944 2.074725465600003 1.096176366738782
945 2.076923268000003 0.9973731933375632
946 2.079121070400003 0.8922688054463097
947 2.081318872800003 0.8601026807514134
948 2.083516675200003 0.87082861659396
949 2.085714477600003 0.8675114029591799
950 2.087912280000003 0.8460393848723149
951 2.090110082400003 0.8091513650726221
952 2.092307884800003 0.7865464800653694
953 2.094505687200003 0.7817755460996397
954 2.096703489600003 0.7966016540389178
955 2.098901292000003 0.8099889881454874
956 2.101099094400003 0.8096823638734977
957 2.103296896800003 0.7951108099442504
958 2.105494699200003 0.7780152059961434
959 2.107692501600003 0.772538917705741
960 2.109890304000003 0.7804093993650011
961 2.112088106400003 0.7983306367946834
962 2.114285908800003 0.8162934043579081
963 2.116483711200003 0.8213295104380436
964 2.118681513600003 0.8032221023200635
965 2.120879316000003 0.7621901537390096
966 2.123077118400003 0.7229051728827386
967 2.125274920800003 0.7082941722950695
968 2.127472723200003 0.709994903724152
969 2.129670525600003 0.7088228039421361
970 2.131868328000003 0.6980553189432974
971 2.134066130400003 0.6762130436468589
972 2.136263932800003 0.6540600790366565
973 2.138461735200003 0.6416833900102658
974 2.140659537600003 0.6373283371083686
975 2.142857340000003 0.6387248257879128
976 2.145055142400004 0.6386001610228401
977 2.147252944800004 0.632107278849281
978 2.149450747200004 0.6175487803319901
979 2.151648549600004 0.6007329979396188
980 2.153846352000004 0.5897146322938748
981 2.156044154400004 0.5848053985353612
982 2.158241956800004 0.5844356242657235
983 2.160439759200004 0.5880849571541201
984 2.162637561600004 0.5871914678791844
985 2.164835364000004 0.5783417991659555
986 2.167033166400004 0.5641586390876263
987 2.169230968800004 0.5521627660561296
988 2.171428771200004 0.546101074806329
989 2.173626573600004 0.546838353381897
990 2.175824376000004 0.5484631481857482
991 2.178022178400004 0.5441187596550534
992 2.180219980800004 0.5322079452895767
993 2.182417783200004 0.5203355493897912
994 2.184615585600004 0.5093527701515393
995 2.186813388000004 0.5020841201414659
996 2.189011190400004 0.499717115382122
997 2.191208992800004 0.4995819457556803
998 2.193406795200004 0.4960586828274268
999 2.195604597600004 0.4879465847065191
1000 2.197802400000004 0.4754052869036554
1001 2.200000202400004 0.4658944514493559
1002 2.202198004800004 0.4614860213738364
1003 2.204395807200004 0.4600623657666381
1004 2.206593609600004 0.4592224789948253
1005 2.208791412000004 0.4568903330370622
1006 2.210989214400004 0.4524107294775391
1007 2.213187016800004 0.4437890516781566
1008 2.215384819200004 0.4347543549566036
1009 2.217582621600004 0.4320789873998563
1010 2.219780424000004 0.4319798139175097
1011 2.221978226400004 0.4314484172376842
1012 2.224176028800004 0.4289660334125767
1013 2.226373831200004 0.4231876497570349
1014 2.228571633600004 0.4172884209719245
1015 2.230769436000004 0.41192552272877
1016 2.232967238400004 0.4091772586281621
1017 2.235165040800004 0.4083856180377153
1018 2.237362843200004 0.4078779412321538
1019 2.239560645600004 0.4071032246689969
1020 2.241758448000004 0.4036526681954726
1021 2.243956250400004 0.397621764443633
1022 2.246154052800004 0.3922944451708569
1023 2.248351855200004 0.3901393177731259
1024 2.250549657600004 0.3895727335529268
1025 2.252747460000004 0.3884571087128447
1026 2.254945262400004 0.3862750875637816
1027 2.257143064800004 0.3824395662139826
1028 2.259340867200004 0.3775393308129527
1029 2.261538669600004 0.3734637014201422
1030 2.263736472000004 0.3713439880792095
1031 2.265934274400004 0.3701340329994254
1032 2.268132076800004 0.3691011519601745
1033 2.270329879200004 0.3676357531590275
1034 2.272527681600004 0.3636957474662604
1035 2.274725484000004 0.3584064808489356
1036 2.276923286400004 0.354406317232042
1037 2.279121088800004 0.3524552260295389
1038 2.281318891200004 0.3517461895569498
1039 2.283516693600004 0.3507727604634095
1040 2.285714496000004 0.3490783949990342
1041 2.287912298400004 0.34544982305345
1042 2.290110100800004 0.3407401595846239
1043 2.292307903200004 0.336759752323195
1044 2.294505705600004 0.3345383151208792
1045 2.296703508000004 0.3341503399323215
1046 2.298901310400004 0.33468950704006
1047 2.301099112800004 0.335015946756433
1048 2.303296915200004 0.3342694621447914
1049 2.305494717600004 0.3321614881184969
1050 2.307692520000004 0.3284443221118504
1051 2.309890322400004 0.3246694772306671
1052 2.312088124800004 0.3218907222491927
1053 2.314285927200004 0.3189989555265648
1054 2.316483729600004 0.315363932869071
1055 2.318681532000004 0.3113223880683838
1056 2.320879334400004 0.3088667414110443
1057 2.323077136800004 0.3109322616459273
1058 2.325274939200004 0.3165804688890977
1059 2.327472741600004 0.3219981463321049
1060 2.329670544000004 0.3231928069356817
1061 2.331868346400004 0.3227328423837748
1062 2.334066148800004 0.3292469643124287
1063 2.336263951200004 0.3434940943695524
1064 2.338461753600004 0.3563621112919897
1065 2.340659556000004 0.3471952257421801
1066 2.342857358400004 0.3213701206176658
1067 2.345055160800004 0.3087134482542659
1068 2.347252963200004 0.3081825287442841
1069 2.349450765600004 0.3135076968567385
1070 2.351648568000004 0.3136354729870071
1071 2.353846370400004 0.3069847792969242
1072 2.356044172800004 0.2983355178381077
1073 2.358241975200004 0.2941256260344175
1074 2.360439777600004 0.294515086226484
1075 2.362637580000004 0.2984558877713312
1076 2.364835382400004 0.3013283546047847
1077 2.367033184800004 0.2987611242096933
1078 2.369230987200004 0.2923803492954521
1079 2.371428789600004 0.2870154414950045
1080 2.373626592000004 0.2863953332672565
1081 2.375824394400004 0.2894164249551445
1082 2.378022196800004 0.2941756068141278
1083 2.380219999200004 0.2961773339145751
1084 2.382417801600004 0.2987253223947097
1085 2.384615604000004 0.306242662632608
1086 2.386813406400004 0.3147300528054767
1087 2.389011208800004 0.323030889073554
1088 2.391209011200004 0.3307876376414909
1089 2.393406813600004 0.3370499354510006
1090 2.395604616000004 0.3374085321123791
1091 2.397802418400004 0.3326770657565406
1092 2.400000220800004 0.3257978110808552
1093 2.402198023200004 0.3216253462965867
1094 2.404395825600004 0.3204146877767459
1095 2.406593628000004 0.3205833210082456
1096 2.408791430400004 0.318724443263759
1097 2.410989232800004 0.3124925599233068
1098 2.413187035200004 0.3031101708473512
1099 2.415384837600004 0.2947815801787398
1100 2.417582640000004 0.2902898675087344
1101 2.419780442400004 0.2894865960623773
1102 2.421978244800004 0.2905407770321901
1103 2.424176047200004 0.2908949543360395
1104 2.426373849600004 0.3250477271972089
1105 2.428571652000004 0.4067224035699933
1106 2.430769454400004 0.4727800858283673
1107 2.432967256800004 0.5218633616756365
1108 2.435165059200004 0.5533313441313005
1109 2.437362861600004 0.5667952107053108
1110 2.439560664000004 0.5653265358524093
1111 2.441758466400004 0.5549322276554208
1112 2.443956268800004 0.5404448155477892
1113 2.446154071200004 0.5385762234706706
1114 2.448351873600004 0.5329440943299881
1115 2.450549676000004 0.5152565700248876
1116 2.452747478400004 0.4806480058501132
1117 2.454945280800004 0.4587819733922317
1118 2.457143083200004 0.4514129182583188
1119 2.459340885600004 0.4648992198389641
1120 2.461538688000004 0.5077324348839929
1121 2.463736490400004 0.5822921533230001
1122 2.465934292800004 0.6687385913233165
1123 2.468132095200004 0.7674969639645177
1124 2.470329897600004 0.8385639739115506
1125 2.472527700000004 0.8808216059092289
1126 2.474725502400004 0.9449533808011341
1127 2.476923304800004 1.035723113375205
1128 2.479121107200004 1.118836729170428
1129 2.481318909600004 1.190220672496656
1130 2.483516712000004 1.164166736453675
1131 2.485714514400004 1.12322183400333
1132 2.487912316800004 1.07778121306629
1133 2.490110119200004 1.08427800675579
1134 2.492307921600004 1.13219062038882
1135 2.494505724000004 1.188781951268309
1136 2.496703526400004 1.221556224724792
1137 2.498901328800004 1.211808153508222
1138 2.501099131200004 1.097781980801343
1139 2.503296933600004 0.9778400707567182
1140 2.505494736000004 0.8886674959996165
1141 2.507692538400004 0.8931641444630444
1142 2.509890340800004 0.971548832064576
1143 2.512088143200004 0.9671148359697451
1144 2.514285945600004 0.8907744028402839
1145 2.516483748000004 0.8891780102434312
1146 2.518681550400004 1.017178977021718
1147 2.520879352800004 1.235815767546891
1148 2.523077155200004 1.328136312920504
1149 2.525274957600004 1.31113646014326
1150 2.527472760000004 1.22894926625587
1151 2.529670562400004 1.208779678493131
1152 2.531868364800004 1.239451687553401
1153 2.534066167200004 1.31961739817127
1154 2.536263969600004 1.444260775527252
1155 2.538461772000004 1.483156033301772
1156 2.540659574400004 1.443452500644242
1157 2.542857376800004 1.333122193503812
1158 2.545055179200004 1.2295461815209
1159 2.547252981600004 1.215662141208298
1160 2.549450784000004 1.282311086395217
1161 2.551648586400004 1.366573186157676
1162 2.553846388800004 1.383498956584994
1163 2.556044191200004 1.305589824646922
1164 2.558241993600004 1.152095622391685
1165 2.560439796000004 1.137907813098243
1166 2.562637598400004 1.23691449895384
1167 2.564835400800004 1.457881379301778
1168 2.567033203200004 1.556330482949333
1169 2.569231005600004 1.509678430591516
1170 2.571428808000004 1.374458800190238
1171 2.573626610400004 1.298644336984394
1172 2.575824412800004 1.348045375571948
1173 2.578022215200004 1.51291751514705
1174 2.580220017600004 1.591245086905712
1175 2.582417820000004 1.51952174522001
1176 2.584615622400004 1.346768118793282
1177 2.586813424800004 1.282034059964024
1178 2.589011227200004 1.295061928149114
1179 2.591209029600004 1.389899858617213
1180 2.593406832000004 1.471338606240554
1181 2.595604634400004 1.457092943895561
1182 2.597802436800004 1.371260214453778
1183 2.600000239200004 1.229806994687249
1184 2.602198041600004 1.161340138917131
1185 2.604395844000004 1.232981618402609
1186 2.606593646400004 1.398551561983685
1187 2.608791448800004 1.508216841206899
1188 2.610989251200004 1.533278029299422
1189 2.613187053600004 1.427002368590396
1190 2.615384856000004 1.267670328344036
1191 2.617582658400004 1.22246771944012
1192 2.619780460800004 1.272836428933605
1193 2.621978263200004 1.384553770769815
1194 2.624176065600004 1.470868798093417
1195 2.626373868000004 1.400569406109791
1196 2.628571670400004 1.228013793554533
1197 2.630769472800004 1.134559634689761
1198 2.632967275200004 1.107581652701381
1199 2.635165077600004 1.16839904579184
1200 2.637362880000004 1.280904887390041
1201 2.639560682400004 1.313656294630147
1202 2.641758484800004 1.224601339019459
1203 2.643956287200004 1.067427820071389
1204 2.646154089600004 0.9708883478191527
1205 2.648351892000004 1.022356380652124
1206 2.650549694400004 1.18557472102773
1207 2.652747496800004 1.202619883971256
1208 2.654945299200004 1.119596296654509
1209 2.657143101600004 1.030585793925373
1210 2.659340904000004 0.9783852803576414
1211 2.661538706400004 0.9874391175787145
1212 2.663736508800004 1.051111548081434
1213 2.665934311200004 1.113680672701989
1214 2.668132113600004 1.106929836185926
1215 2.670329916000004 1.021140647041688
1216 2.672527718400004 0.8951049837595183
1217 2.674725520800004 0.8354298313868241
1218 2.676923323200004 0.8413652315907144
1219 2.679121125600004 0.9185482318479598
1220 2.681318928000004 0.965124807549511
1221 2.683516730400004 0.9556982209843046
1222 2.685714532800004 0.861375817263983
1223 2.687912335200004 0.7174079174578227
1224 2.690110137600005 0.6600354229513272
1225 2.692307940000005 0.7012517344187665
1226 2.694505742400005 0.8365324752046962
1227 2.696703544800005 0.8827280427072404
1228 2.698901347200005 0.8315964536165809
1229 2.701099149600005 0.7333285828082731
1230 2.703296952000005 0.6665930960455382
1231 2.705494754400005 0.6584805866829129
1232 2.707692556800005 0.71086798833508
1233 2.709890359200005 0.7635067059385271
1234 2.712088161600005 0.7430587306063949
1235 2.714285964000005 0.6727296385420846
1236 2.716483766400005 0.5855120821429759
1237 2.718681568800005 0.5380191366345835
1238 2.720879371200005 0.5334224684884569
1239 2.723077173600005 0.567643065548046
1240 2.725274976000005 0.5769977774901153
1241 2.727472778400005 0.5468932017942378
1242 2.729670580800005 0.4735012816387908
1243 2.731868383200005 0.3973479499054212
1244 2.734066185600005 0.3743408183937277
1245 2.736263988000005 0.4130859293061974
1246 2.738461790400005 0.5378987085462545
1247 2.740659592800005 0.5800027961693435
1248 2.742857395200005 0.5368341375094751
1249 2.745055197600005 0.454264306505794
1250 2.747253000000005 0.4090483608649586
1251 2.749450802400005 0.4122688517198985
1252 2.751648604800005 0.4430456333654342
1253 2.753846407200005 0.4516518682266897
1254 2.756044209600005 0.405455683484015
1255 2.758242012000005 0.3259861283751297
1256 2.760439814400005 0.2889265647037665
1257 2.762637616800005 0.2644854395477953
1258 2.764835419200005 0.2475494006935007
1259 2.767033221600005 0.2692606121641363
1260 2.769231024000005 0.3936458993418693
