"flow-valves"
"Time Step" "flow-time etc.."
("Time Step" "flow-time" "report-flow-av" "report-flow-mv")
1 0.0021978024 -3.882588374408158e-05 5.585837910254125e-05
2 0.0043956048 -4.138223182699076e-06 1.923810684046335e-05
3 0.0065934072 -1.089274948038656e-05 8.917592166528144e-08
4 0.008791209600000001 -9.598011220493939e-06 1.261917029656696e-05
5 0.010989012 -1.055880549185074e-05 1.763571691253373e-05
6 0.0131868144 -1.137321299948818e-05 2.01421241394729e-05
7 0.0153846168 -1.165687263590443e-05 2.277310597188394e-05
8 0.0175824192 -1.17847441897358e-05 2.523421964562899e-05
9 0.0197802216 -1.183244726641287e-05 2.744113951435159e-05
10 0.021978024 -1.186829647063545e-05 2.934367849142456e-05
11 0.0241758264 -1.191335996180399e-05 3.096883722754685e-05
12 0.0263736288 -1.197003046765962e-05 3.242661659119863e-05
13 0.0285714312 -1.202895296819938e-05 3.372024331618459e-05
14 0.0307692336 -1.207435566997399e-05 3.482371779851024e-05
15 0.03296703600000001 -1.210877404771922e-05 3.561657538084869e-05
16 0.0351648384 -1.213010129343289e-05 3.606592890736254e-05
17 0.0373626408 -1.215827719152503e-05 3.613317933269929e-05
18 0.0395604432 -1.218347253230735e-05 3.588177396317086e-05
19 0.04175824559999999 -1.222049857842424e-05 3.546500736419091e-05
20 0.04395604799999999 -1.226642339887636e-05 3.506173970969945e-05
21 0.04615385039999999 -1.230098106579213e-05 3.461337519615249e-05
22 0.04835165279999998 -1.219167862847699e-05 3.480946536727842e-05
23 0.05054945519999998 -1.191187549698215e-05 3.651415914601472e-05
24 0.05274725759999998 -1.166589393491916e-05 3.962278356486325e-05
25 0.05494505999999998 -1.163512155356568e-05 4.305539226960097e-05
26 0.05714286239999997 -1.183428303614832e-05 4.561188492993013e-05
27 0.05934066479999997 -1.188551053072036e-05 4.726389530301732e-05
28 0.06153846719999997 -1.189861884162149e-05 4.890547439361079e-05
29 0.06373626959999996 -1.174110842757569e-05 5.10573659024057e-05
30 0.06593407199999997 -1.16959129212959e-05 5.391976378126326e-05
31 0.06813187439999997 -1.158255132870603e-05 5.692283819068734e-05
32 0.07032967679999998 -1.170105999085106e-05 5.929864747282304e-05
33 0.07252747919999998 -1.176660297607005e-05 6.111361081304132e-05
34 0.07472528159999998 -1.185639120895851e-05 6.277448328919755e-05
35 0.07692308399999999 -1.179204186228614e-05 6.473616054826553e-05
36 0.07912088639999999 -1.170715852286601e-05 6.716860159787524e-05
37 0.0813186888 -1.157518835910089e-05 6.992117859041254e-05
38 0.0835164912 -1.160364495914648e-05 7.22796537345808e-05
39 0.0857142936 -1.1699683411091e-05 7.412478475329027e-05
40 0.08791209600000001 -1.184962877213252e-05 7.559573202618943e-05
41 0.09010989840000001 -1.188882856842845e-05 7.726776582445613e-05
42 0.09230770080000002 -1.119367301769505e-05 8.282054132457686e-05
43 0.09450550320000002 -1.000970088135174e-05 9.549816734529032e-05
44 0.09670330560000003 -9.689618725911756e-06 0.0001090424304442311
45 0.09890110800000003 -9.965299149138402e-06 0.0001204541812706848
46 0.1010989104 -1.015471061286776e-05 0.0001297817353324181
47 0.1032967128 -1.035642986231843e-05 0.0001381569546580086
48 0.1054945152 -1.042435123421723e-05 0.0001463652496493159
49 0.1076923176 -1.040346569403431e-05 0.0001546485900556517
50 0.10989012 -1.038874081009127e-05 0.0001618109279619468
51 0.1120879224000001 -1.048574744070068e-05 0.0001679013155932662
52 0.1142857248000001 -1.070691345237883e-05 0.0001721585065875609
53 0.1164835272000001 -1.105023829221427e-05 0.0001749189384802953
54 0.1186813296000001 -1.137135914354013e-05 0.0001768236544494484
55 0.1208791320000001 -1.153245753071044e-05 0.0001783482814447082
56 0.1230769344000001 -1.151737819623909e-05 0.0001795104864370561
57 0.1252747368000001 -1.151214611895415e-05 0.000179665285378361
58 0.1274725392000001 -1.160253334456072e-05 0.000177932162898946
59 0.1296703416000001 -1.188761205931906e-05 0.0001739787282771087
60 0.1318681440000001 -1.228321369684829e-05 0.0001693607531938092
61 0.1340659464000001 -1.260106353860807e-05 0.0001641583000396896
62 0.1362637488000001 -1.183445283069275e-05 0.0001646485046493084
63 0.1384615512000001 -1.051894216582764e-05 0.0001733618380516691
64 0.1406593536000001 -9.858577334279856e-06 0.0001842525002691072
65 0.1428571560000001 -1.024627011594491e-05 0.0001925128993407749
66 0.1450549584000001 -1.041416028314875e-05 0.0001982128360517588
67 0.1472527608000001 -1.071192414756141e-05 0.0002023020893714339
68 0.1494505632000001 -1.071593655889781e-05 0.0002065420372399694
69 0.1516483656000001 -1.074226465945343e-05 0.0002111488843154392
70 0.1538461680000001 -1.069557657029431e-05 0.0002151814851309306
71 0.1560439704000001 -1.088092160533675e-05 0.0002174815528439491
72 0.1582417728000001 -1.102565450866073e-05 0.0002175222552156938
73 0.1604395752000001 -1.144220464251233e-05 0.0002151517501395517
74 0.1626373776000001 -1.179599138127214e-05 0.0002123530188987332
75 0.1648351800000001 -1.201448572696968e-05 0.0002094492850824618
76 0.1670329824000001 -1.213644219096179e-05 0.0002062848647736407
77 0.1692307848000001 -1.200501148858559e-05 0.0002009964710059555
78 0.1714285872000001 -1.219852159008755e-05 0.0001932947069645689
79 0.1736263896000002 -1.258681586580564e-05 0.0001839953964508113
80 0.1758241920000002 -1.303726344917831e-05 0.0001742356718131354
81 0.1780219944000002 -1.344666415257203e-05 0.0001635309569377555
82 0.1802197968000002 -1.287980985159924e-05 0.0001563135090543586
83 0.1824175992000002 -1.169427260175151e-05 0.0001564293916177769
84 0.1846154016000002 -1.117027435399442e-05 0.000160198221387796
85 0.1868132040000002 -1.153816119049292e-05 0.0001615698290415419
86 0.1890110064000002 -1.185406013210817e-05 0.0001602116989434752
87 0.1912088088000002 -1.207043224743641e-05 0.0001575801588681306
88 0.1934066112000002 -1.192116189649016e-05 0.0001557159181864905
89 0.1956044136000002 -1.191473876976096e-05 0.0001544676430831338
90 0.1978022160000002 -1.190214371257941e-05 0.0001532702647021661
91 0.2000000184000002 -1.231781381516177e-05 0.0001502701731542075
92 0.2021978208000002 -1.238347560098314e-05 0.0001456083200949798
93 0.2043956232000002 -1.266185333876595e-05 0.000139174392797837
94 0.2065934256000002 -1.269061858909742e-05 0.0001331998812159156
95 0.2087912280000002 -1.280668208972447e-05 0.0001275169906746481
96 0.2109890304000002 -1.278550262311521e-05 0.0001218384791815341
97 0.2131868328000002 -1.280979481061578e-05 0.00011506664369156
98 0.2153846352000002 -1.308920694000706e-05 0.0001064781383466438
99 0.2175824376000002 -1.330991213089242e-05 9.623686288265684e-05
100 0.2197802400000002 -1.36332119863552e-05 8.543184868126281e-05
101 0.2219780424000002 -1.365631008474932e-05 7.498427706393883e-05
102 0.2241758448000002 -1.314923471975906e-05 6.75134460892898e-05
103 0.2263736472000002 -1.233717793924338e-05 6.561370870515635e-05
104 0.2285714496000003 -1.19780404532877e-05 6.672272793915035e-05
105 0.2307692520000003 -1.237948188033945e-05 6.565464178390402e-05
106 0.2329670544000003 -1.257110434045109e-05 6.255037219788758e-05
107 0.2351648568000003 -1.255724833172187e-05 5.90673619457281e-05
108 0.2373626592000003 -1.234463332654727e-05 5.701762249901219e-05
109 0.2395604616000003 -1.223990568282126e-05 5.630727131139727e-05
110 0.2417582640000003 -1.223862399983223e-05 5.551226994195869e-05
111 0.2439560664000003 -1.240502510113771e-05 5.404657527055761e-05
112 0.2461538688000003 -1.260837199381691e-05 5.126772561649742e-05
113 0.2483516712000003 -1.27326260681394e-05 4.750824841096342e-05
114 0.2505494736000003 -1.25910250759315e-05 4.445059992696933e-05
115 0.2527472760000003 -1.252127562381682e-05 4.214502525366393e-05
116 0.2549450784000003 -1.237505088724105e-05 4.074050192947717e-05
117 0.2571428808000003 -1.237415180388966e-05 3.897558775912121e-05
118 0.2593406832000003 -1.254597686553245e-05 3.646235422521166e-05
119 0.2615384856000003 -1.268088209950308e-05 3.306326545198063e-05
120 0.2637362880000003 -1.284828977741079e-05 2.935856839742581e-05
121 0.2659340904000003 -1.27292521622068e-05 2.606014345845247e-05
122 0.2681318928000003 -1.241977694344584e-05 2.40957181646908e-05
123 0.2703296952000003 -1.20948200993072e-05 2.419543550971547e-05
124 0.2725274976000003 -1.189904602160592e-05 2.565986034108959e-05
125 0.2747253000000003 -1.215898116309706e-05 2.632803210953034e-05
126 0.2769231024000003 -1.239862211190273e-05 2.583410859188705e-05
127 0.2791209048000003 -1.248771860564674e-05 2.43588395576958e-05
128 0.2813187072000004 -1.234761107961912e-05 2.321111491632288e-05
129 0.2835165096000004 -1.213807516358179e-05 2.279576822564618e-05
130 0.2857143120000004 -1.202581993880837e-05 2.328241513513938e-05
131 0.2879121144000004 -1.198245851916873e-05 2.438878807787732e-05
132 0.2901099168000004 -1.219961524567451e-05 2.480455553048239e-05
133 0.2923077192000004 -1.227536946855887e-05 2.440483487172588e-05
134 0.2945055216000004 -1.239981029514171e-05 2.298234827437245e-05
135 0.2967033240000004 -1.238324332830112e-05 2.166182317190128e-05
136 0.2989011264000004 -1.225661872391504e-05 2.090753779539707e-05
137 0.3010989288000004 -1.206538369064154e-05 2.126392443097928e-05
138 0.3032967312000004 -1.197813809031157e-05 2.234216718604243e-05
139 0.3054945336000004 -1.212724440972319e-05 2.27163642698499e-05
140 0.3076923360000004 -1.226223722871126e-05 2.225133821288609e-05
141 0.3098901384000004 -1.239359769081369e-05 2.087415045124548e-05
142 0.3120879408000004 -1.239715910661144e-05 1.9940363086414e-05
143 0.3142857432000004 -1.219921128317954e-05 1.97195532878282e-05
144 0.3164835456000004 -1.200710288864614e-05 2.052536604302121e-05
145 0.3186813480000004 -1.185631253790446e-05 2.189097179553058e-05
146 0.3208791504000004 -1.195673679301648e-05 2.276330601784014e-05
147 0.3230769528000004 -1.224862287389948e-05 2.270648531565231e-05
148 0.3252747552000004 -1.237444689459834e-05 2.198602608161407e-05
149 0.3274725576000004 -1.239551737630772e-05 2.140040370445266e-05
150 0.3296703600000004 -1.214792000855739e-05 2.135282898865293e-05
151 0.3318681624000004 -1.191705362629466e-05 2.210804733246201e-05
152 0.3340659648000004 -1.17950880249913e-05 2.346649091315122e-05
153 0.3362637672000005 -1.199313552668606e-05 2.43144668588991e-05
154 0.3384615696000005 -1.225104323806403e-05 2.432518721489748e-05
155 0.3406593720000005 -1.236543357450208e-05 2.356336218041516e-05
156 0.3428571744000005 -1.236456958856609e-05 2.297657096482798e-05
157 0.3450549768000005 -1.212014925225862e-05 2.300850052685762e-05
158 0.3472527792000005 -1.193894405283932e-05 2.367174278295969e-05
159 0.3494505816000005 -1.179708440978944e-05 2.486023275263423e-05
160 0.3516483840000005 -1.197697817961585e-05 2.560280740611847e-05
161 0.3538461864000005 -1.222149062150344e-05 2.570114381821724e-05
162 0.3560439888000005 -1.243019231984111e-05 2.513670906444463e-05
163 0.3582417912000005 -1.23694383463005e-05 2.462765318354238e-05
164 0.3604395936000005 -1.210282925077487e-05 2.487410951538709e-05
165 0.3626373960000005 -1.198571834654355e-05 2.595417412915786e-05
166 0.3648351984000005 -1.185589151220421e-05 2.717825323312749e-05
167 0.3670330008000005 -1.206797709596722e-05 2.751996330455635e-05
168 0.3692308032000005 -1.219078204010834e-05 2.699890929509739e-05
169 0.3714286056000005 -1.237506904151467e-05 2.633158060362524e-05
170 0.3736264080000005 -1.221284827803809e-05 2.653716451024537e-05
171 0.3758242104000005 -1.205468857910132e-05 2.749125097978969e-05
172 0.3780220128000005 -1.188395262341715e-05 2.861163749303516e-05
173 0.3802198152000005 -1.200580282281789e-05 2.904424316231967e-05
174 0.3824176176000005 -1.219669006080063e-05 2.890361813108101e-05
175 0.3846154200000005 -1.236091810686147e-05 2.849161444792028e-05
176 0.3868132224000005 -1.234841579440994e-05 2.839993357485831e-05
177 0.3890110248000005 -1.210632759785778e-05 2.901432623359732e-05
178 0.3912088272000006 -1.187644566281988e-05 3.013972557195976e-05
179 0.3934066296000006 -1.195219801419729e-05 3.081391425310554e-05
180 0.3956044320000006 -1.211688581530621e-05 3.102476311444483e-05
181 0.3978022344000006 -1.228899100533252e-05 3.070313210627029e-05
182 0.4000000368000006 -1.227312468304573e-05 3.071236555461389e-05
183 0.4021978392000006 -1.20473705626781e-05 3.147355090816216e-05
184 0.4043956416000006 -1.188111404877349e-05 3.305925754344399e-05
185 0.4065934440000006 -1.178855308914701e-05 3.445092105776968e-05
186 0.4087912464000006 -1.195188926537671e-05 3.526476247071981e-05
187 0.4109890488000006 -1.212148606196489e-05 3.543608944589746e-05
188 0.4131868512000006 -1.225684593631216e-05 3.556512570815787e-05
189 0.4153846536000006 -1.213391508981353e-05 3.612373462786972e-05
190 0.4175824560000006 -1.198206124105301e-05 3.714235041779141e-05
191 0.4197802584000006 -1.186000092869309e-05 3.810442618110136e-05
192 0.4219780608000006 -1.192586013818745e-05 3.869992655989797e-05
193 0.4241758632000006 -1.209791587079939e-05 3.879463908986646e-05
194 0.4263736656000006 -1.227397350187413e-05 3.879218996652353e-05
195 0.4285714680000006 -1.224071326565442e-05 3.901455486135069e-05
196 0.4307692704000006 -1.207064423022568e-05 3.954762895923688e-05
197 0.4329670728000006 -1.193077924781928e-05 4.030143053967106e-05
198 0.4351648752000006 -1.193846939024647e-05 4.077786863344647e-05
199 0.4373626776000006 -1.210508896636248e-05 4.084994266224281e-05
200 0.4395604800000006 -1.225101460452518e-05 4.055436563280464e-05
201 0.4417582824000006 -1.23063165721318e-05 4.032555753064093e-05
202 0.4439560848000006 -1.203900994610642e-05 4.114031919833156e-05
203 0.4461538872000007 -1.168611849374491e-05 4.366779825330496e-05
204 0.4483516896000007 -1.153206508666325e-05 4.703892515453856e-05
205 0.4505494920000007 -1.175129468962928e-05 4.93369761463331e-05
206 0.4527472944000007 -1.193189924224018e-05 5.045425376628484e-05
207 0.4549450968000007 -1.204704918720311e-05 5.101262216171827e-05
208 0.4571428992000007 -1.198350442177253e-05 5.183625626977566e-05
209 0.4593407016000007 -1.194874461456562e-05 5.302812899646065e-05
210 0.4615385040000007 -1.186986748957942e-05 5.397794470271742e-05
211 0.4637363064000007 -1.201610047742823e-05 5.437306670029003e-05
212 0.4659341088000007 -1.219509724269655e-05 5.389016212814042e-05
213 0.4681319112000007 -1.234994377622626e-05 5.268022143708684e-05
214 0.4703297136000007 -1.235519371415407e-05 5.136923334048421e-05
215 0.4725275160000007 -1.225913250798479e-05 5.023767894887292e-05
216 0.4747253184000007 -1.221710418941912e-05 4.927233089421695e-05
217 0.4769231208000007 -1.226319615867723e-05 4.7882020506393e-05
218 0.4791209232000007 -1.243176221407101e-05 4.567436852356442e-05
219 0.4813187256000007 -1.258855305400423e-05 4.267768870955566e-05
220 0.4835165280000007 -1.270924078916123e-05 3.942746789991035e-05
221 0.4857143304000007 -1.267600152347626e-05 3.623476810053391e-05
222 0.4879121328000007 -1.247846989898974e-05 3.406697225301141e-05
223 0.4901099352000007 -1.213000299482533e-05 3.392248081550223e-05
224 0.4923077376000007 -1.199267825099908e-05 3.492778667030463e-05
225 0.4945055400000007 -1.2171628381834e-05 3.535588287986948e-05
226 0.4967033424000007 -1.227122065541597e-05 3.513258145338546e-05
227 0.4989011448000008 -1.231536518985136e-05 3.428708722512122e-05
228 0.5010989472000007 -1.218838577864293e-05 3.367870481191395e-05
229 0.5032967496000007 -1.210949956010445e-05 3.35604191326186e-05
230 0.5054945520000007 -1.20685955621688e-05 3.397574655271344e-05
231 0.5076923544000007 -1.210693376351106e-05 3.432546508440151e-05
232 0.5098901568000007 -1.223402178205157e-05 3.421210085962591e-05
233 0.5120879592000007 -1.227037627474201e-05 3.359534536825875e-05
234 0.5142857616000007 -1.231867634533763e-05 3.265737877392753e-05
235 0.5164835640000007 -1.224211778371214e-05 3.19862522834436e-05
236 0.5186813664000007 -1.218413993644874e-05 3.166381492448359e-05
237 0.5208791688000007 -1.212302932923098e-05 3.173653540488222e-05
238 0.5230769712000007 -1.213767545911671e-05 3.162150046929401e-05
239 0.5252747736000007 -1.221327336337324e-05 3.113948230664273e-05
240 0.5274725760000007 -1.228997726919697e-05 3.02451471578079e-05
241 0.5296703784000008 -1.237513125821873e-05 2.927650334142182e-05
242 0.5318681808000008 -1.237653537138431e-05 2.833141402833321e-05
243 0.5340659832000008 -1.232707770627286e-05 2.74608009601684e-05
244 0.5362637856000008 -1.22506904684641e-05 2.646499650375221e-05
245 0.5384615880000008 -1.221893760905272e-05 2.533338248422963e-05
246 0.5406593904000008 -1.228529485083618e-05 2.409971312579932e-05
247 0.5428571928000008 -1.239012258873718e-05 2.288412328333419e-05
248 0.5450549952000008 -1.241775570094865e-05 2.182744976891131e-05
249 0.5472527976000008 -1.235346508301848e-05 2.100413018319734e-05
250 0.5494506000000008 -1.222697327730077e-05 2.03791796646547e-05
251 0.5516484024000008 -1.218235867157665e-05 1.982108714522714e-05
252 0.5538462048000008 -1.226408970814702e-05 1.906022528414781e-05
253 0.5560440072000008 -1.234494048115842e-05 1.810478362485287e-05
254 0.5582418096000008 -1.239326770039754e-05 1.716457421753145e-05
255 0.5604396120000008 -1.236402375047099e-05 1.647922814322227e-05
256 0.5626374144000008 -1.224981922480242e-05 1.610208261166654e-05
257 0.5648352168000008 -1.21540790754971e-05 1.59349704509593e-05
258 0.5670330192000008 -1.215562730705761e-05 1.568250284546275e-05
259 0.5692308216000008 -1.223686485318091e-05 1.518906135473769e-05
260 0.5714286240000008 -1.232725906287469e-05 1.450469627006898e-05
261 0.5736264264000008 -1.23410764498263e-05 1.392664806052891e-05
262 0.5758242288000008 -1.237435473911439e-05 1.309481238286014e-05
263 0.5780220312000008 -1.242863764137305e-05 1.154611987959933e-05
264 0.5802198336000008 -1.250633491239994e-05 9.236171373905204e-06
265 0.5824176360000008 -1.260196510114099e-05 6.332681921764009e-06
266 0.5846154384000009 -1.260406164523776e-05 4.01765161189495e-06
267 0.5868132408000009 -1.252605512233272e-05 2.431613607487293e-06
268 0.5890110432000009 -1.244989452331101e-05 1.386790843296622e-06
269 0.5912088456000009 -1.250480692996354e-05 -4.480779083238538e-08
270 0.5934066480000009 -1.267200565264914e-05 -1.911920297730467e-06
271 0.5956044504000009 -1.327968379128292e-05 -3.348271629918709e-06
272 0.5978022528000009 -1.541686952001436e-05 -3.368148449408464e-06
273 0.6000000552000009 -2.090258881569851e-05 -1.888135652407089e-06
274 0.6021978576000009 -2.681627401054002e-05 6.392176053186066e-07
275 0.6043956600000009 -3.107382267880833e-05 2.398952732483851e-06
276 0.6065934624000009 -3.49984075501134e-05 2.803437004722992e-06
277 0.6087912648000009 -3.915296458041007e-05 2.965956511932532e-06
278 0.6109890672000009 -4.39182453971837e-05 2.905354931431297e-06
279 0.6131868696000009 -4.917473042448719e-05 2.929324439115794e-06
280 0.6153846720000009 -5.510991917723023e-05 2.889478782205049e-06
281 0.6175824744000009 -6.168847457802535e-05 2.816325602900675e-06
282 0.6197802768000009 -6.914357498424499e-05 2.646176804160976e-06
283 0.6219780792000009 -7.762711684768538e-05 2.407677962269077e-06
284 0.6241758816000009 -8.672133162509808e-05 2.242353465611083e-06
285 0.6263736840000009 -9.600984047747319e-05 2.219556487507257e-06
286 0.6285714864000009 -0.0001043094040160578 2.780637271451676e-06
287 0.6307692888000009 -0.0001107925579777987 3.166230177388276e-06
288 0.6329670912000009 -0.0001147564824119475 3.196329253856018e-06
289 0.6351648936000009 -0.0001169233340387213 3.229167228104916e-06
290 0.637362696000001 -0.0001182143267913184 3.240603945946513e-06
291 0.639560498400001 -0.0001202964415893546 2.646790177823454e-06
292 0.641758300800001 -0.0001227875256419993 2.922359062712612e-06
293 0.643956103200001 -0.000126659859610707 2.768309327798062e-06
294 0.646153905600001 -0.0001307631016741253 2.792433432711977e-06
295 0.648351708000001 -0.0001334922536440339 3.420493873852557e-06
296 0.650549510400001 -0.0001331456458786375 4.253000725648654e-06
297 0.652747312800001 -0.0001307267037313156 3.960552497001656e-06
298 0.654945115200001 -0.0001251547365505704 4.062054463406366e-06
299 0.657142917600001 -0.0001204374708763051 3.475086135620443e-06
300 0.659340720000001 -0.0001175359772488491 3.035183224531784e-06
301 0.661538522400001 -0.0001162826584252884 3.420141973238716e-06
302 0.663736324800001 -0.0001174491112305652 3.277210547899881e-06
303 0.665934127200001 -0.0001214059546483265 2.931912536719655e-06
304 0.668131929600001 -0.0001276094011196168 2.554159128759851e-06
305 0.670329732000001 -0.0001345563712589874 2.599377590058507e-06
306 0.672527534400001 -0.0001403182217694498 2.995469724843371e-06
307 0.674725336800001 -0.0001429794542464061 3.585124924559435e-06
308 0.676923139200001 -0.0001437335114654696 3.405608396111289e-06
309 0.679120941600001 -0.0001434526704738457 3.229898812696955e-06
310 0.681318744000001 -0.0001432672357445831 2.983436229276986e-06
311 0.683516546400001 -0.0001447106082729714 2.580643397760282e-06
312 0.685714348800001 -0.0001484433938516847 2.54668671242653e-06
313 0.687912151200001 -0.0001533707987283046 2.595192434517909e-06
314 0.690109953600001 -0.0001567047101751187 3.170266625693035e-06
315 0.6923077560000011 -0.0001567577080254362 3.885948672248868e-06
316 0.6945055584000011 -0.0001538523890375574 3.826078398049733e-06
317 0.6967033608000011 -0.0001492591253793543 3.792770581863732e-06
318 0.6989011632000011 -0.0001459876390844621 3.259895386821403e-06
319 0.7010989656000011 -0.0001452021328973611 2.785668446175316e-06
320 0.7032967680000011 -0.000146923883271006 2.852048896285576e-06
321 0.7054945704000011 -0.0001488239961254096 3.14436134681434e-06
322 0.7076923728000011 -0.0001497376308660227 3.742567285769957e-06
323 0.7098901752000011 -0.0001501805059804418 3.466845574717791e-06
324 0.7120879776000011 -0.0001494110866138521 3.458682559613065e-06
325 0.7142857800000011 -0.0001483627489645999 3.262756172312627e-06
326 0.7164835824000011 -0.0001483102551064419 2.713461848813899e-06
327 0.7186813848000011 -0.0001501433218887631 2.482579161991294e-06
328 0.7208791872000011 -0.0001542745589491929 2.407819276951931e-06
329 0.7230769896000011 -0.0001593938214401956 2.431598405732144e-06
330 0.7252747920000011 -0.0001618183925267057 3.589404563211357e-06
331 0.7274725944000011 -0.0001611226371496039 3.750050172185604e-06
332 0.7296703968000011 -0.000157235233498882 3.808620031957882e-06
333 0.7318681992000011 -0.0001519445334470133 3.716895625116033e-06
334 0.7340660016000011 -0.0001512442314357877 1.850561653263178e-06
335 0.7362638040000011 -0.0001530710628250424 2.532488300611929e-06
336 0.7384616064000011 -0.0001566251504558004 2.736978479176092e-06
337 0.7406594088000011 -0.0001587365093213254 3.518290902064265e-06
338 0.7428572112000011 -0.0001565718083715329 4.136966660973243e-06
339 0.7450550136000011 -0.0001509223467103053 4.042381362219872e-06
340 0.7472528160000012 -0.0001452376231198348 3.31544049707291e-06
341 0.7494506184000012 -0.000143339303170341 2.406805434803125e-06
342 0.7516484208000012 -0.0001450584082428278 2.691959096001203e-06
343 0.7538462232000012 -0.0001494728211217638 2.619071043997377e-06
344 0.7560440256000012 -0.0001532795358345155 3.183204571509556e-06
345 0.7582418280000012 -0.0001535763352266903 4.275532015512743e-06
346 0.7604396304000012 -0.0001510461184845098 3.886939899607126e-06
347 0.7626374328000012 -0.0001459184765158413 3.890380980179568e-06
348 0.7648352352000012 -0.0001426279168256379 3.094255208362765e-06
349 0.7670330376000012 -0.0001424292394580547 2.605236646226309e-06
350 0.7692308400000012 -0.0001455226538519117 2.566128042228812e-06
351 0.7714286424000012 -0.0001492127717040514 2.834227676429043e-06
352 0.7736264448000012 -0.0001487181129041871 4.403891680664153e-06
353 0.7758242472000012 -0.0001452109944528408 3.95619690275741e-06
354 0.7780220496000012 -0.0001394149749827921 3.944679314989538e-06
355 0.7802198520000012 -0.0001363923071383462 2.763671700063344e-06
356 0.7824176544000012 -0.0001355490613628113 2.9509300676383e-06
357 0.7846154568000012 -0.0001374971401688856 2.896333804536352e-06
358 0.7868132592000012 -0.0001388322545604345 3.523462871841279e-06
359 0.7890110616000012 -0.0001387316819069176 4.222452860247632e-06
360 0.7912088640000012 -0.0001349821636482306 4.498064380259702e-06
361 0.7934066664000012 -0.0001277843550466015 4.357875060914333e-06
362 0.7956044688000012 -0.0001222652763242914 3.403559487479468e-06
363 0.7978022712000012 -0.0001221201923868333 2.684793617250533e-06
364 0.8000000736000012 -0.0001264256904472532 2.586399516905364e-06
365 0.8021978760000013 -0.0001281221575201838 3.974762125769602e-06
366 0.8043956784000013 -0.0001268270975922179 4.148344142044507e-06
367 0.8065934808000013 -0.0001219388648324436 4.117511120010398e-06
368 0.8087912832000013 -0.000117455413939329 3.672580265404806e-06
369 0.8109890856000013 -0.0001147738160499311 2.803072273247978e-06
370 0.8131868880000013 -0.0001152978547953851 2.810746106573467e-06
371 0.8153846904000013 -0.0001183345538107084 3.034710953202589e-06
372 0.8175824928000013 -0.0001198584041754224 3.628323360701606e-06
373 0.8197802952000013 -0.0001176360775608565 4.450961459825367e-06
374 0.8219780976000013 -0.0001127113712229043 4.228853283291164e-06
375 0.8241759000000013 -0.0001073460431218895 3.783694663271407e-06
376 0.8263737024000013 -0.0001044029368142606 3.112405109270917e-06
377 0.8285715048000013 -0.0001044430555842607 3.136681480630462e-06
378 0.8307693072000013 -0.0001062937784779914 3.322408214864835e-06
379 0.8329671096000013 -0.0001065485409176268 4.03429990837947e-06
380 0.8351649120000013 -0.0001037377252131797 4.283040742071828e-06
381 0.8373627144000013 -9.761344535766888e-05 4.356045951532866e-06
382 0.8395605168000013 -9.339736800024723e-05 3.764490585894391e-06
383 0.8417583192000013 -9.275311961672149e-05 3.098457491342938e-06
384 0.8439561216000013 -9.551904050032185e-05 3.03263415458916e-06
385 0.8461539240000013 -9.791082174502832e-05 3.387265340802731e-06
386 0.8483517264000013 -9.800934938452678e-05 4.380927812888418e-06
387 0.8505495288000013 -9.570933334559394e-05 4.301607839670697e-06
388 0.8527473312000013 -9.112835777596116e-05 4.147039916299567e-06
389 0.8549451336000014 -8.809551946385014e-05 3.535040973471964e-06
390 0.8571429360000014 -8.720939027353831e-05 3.318111862165892e-06
391 0.8593407384000014 -8.851021551468823e-05 3.29968301584775e-06
392 0.8615385408000014 -8.942699086848247e-05 3.758979991254878e-06
393 0.8637363432000014 -8.787603764610917e-05 4.381648802474239e-06
394 0.8659341456000014 -8.329196466396599e-05 4.309021380720313e-06
395 0.8681319480000014 -7.80719135403868e-05 4.13472801907406e-06
396 0.8703297504000014 -7.53004963287979e-05 3.497306571888469e-06
397 0.8725275528000014 -7.490971780729404e-05 3.51611135579546e-06
398 0.8747253552000014 -7.506669206539107e-05 3.753432051823387e-06
399 0.8769231576000014 -7.3011883670819e-05 4.405156451328526e-06
400 0.8791209600000014 -6.882524986918613e-05 4.330428244015998e-06
401 0.8813187624000014 -6.333254128309057e-05 4.280173350176632e-06
402 0.8835165648000014 -6.080886410585979e-05 3.483116254078003e-06
403 0.8857143672000014 -6.202291749358566e-05 3.058835208348904e-06
404 0.8879121696000014 -6.643710437402216e-05 3.018943369703533e-06
405 0.8901099720000014 -6.848773208834123e-05 4.045497949452555e-06
406 0.8923077744000014 -6.765011683188095e-05 4.138810409141245e-06
407 0.8945055768000014 -6.425225095861784e-05 4.118027936752777e-06
408 0.8967033792000014 -6.170639593257544e-05 3.4707410354491e-06
409 0.8989011816000014 -6.048698674481443e-05 3.439838110559009e-06
410 0.9010989840000014 -6.108345459420875e-05 3.486450541357824e-06
411 0.9032967864000014 -6.04980558198531e-05 4.151797848536385e-06
412 0.9054945888000014 -5.78358237179231e-05 4.395652120380488e-06
413 0.9076923912000014 -5.231592427672334e-05 4.470194291831724e-06
414 0.9098901936000015 -4.661327412745716e-05 4.257915766591412e-06
415 0.9120879960000015 -4.217259552109021e-05 3.789883673936814e-06
416 0.9142857984000015 -3.888055270505362e-05 3.85925296474996e-06
417 0.9164836008000015 -3.557545678150792e-05 3.882912159730098e-06
418 0.9186814032000015 -2.97549339610339e-05 3.893803563496419e-06
419 0.9208792056000015 -2.116632643420178e-05 3.184045527504471e-06
420 0.9230770080000015 -1.292627905801745e-05 2.089210712941805e-06
421 0.9252748104000015 -1.084144652603506e-05 3.52953355039795e-06
422 0.9274726128000015 -9.602139479388394e-06 7.185407906611634e-06
423 0.9296704152000015 -9.898121869193333e-06 9.807024223810225e-06
424 0.9318682176000015 -1.058669005678545e-05 1.255556519561654e-05
425 0.9340660200000015 -1.124831137586506e-05 1.37862557113301e-05
426 0.9362638224000015 -1.127188465757725e-05 1.632969331417237e-05
427 0.9384616248000015 -1.131537995452002e-05 1.917734527097567e-05
428 0.9406594272000015 -1.132428415716056e-05 2.274271911086721e-05
429 0.9428572296000015 -1.13576241204116e-05 2.61453487064194e-05
430 0.9450550320000015 -1.167040262212418e-05 2.848535458444495e-05
431 0.9472528344000015 -1.187760463954508e-05 2.954037798237723e-05
432 0.9494506368000015 -1.201540448629263e-05 3.029016657049117e-05
433 0.9516484392000015 -1.186830479810189e-05 3.133359334407644e-05
434 0.9538462416000015 -1.181844915133969e-05 3.285962034815785e-05
435 0.9560440440000015 -1.165940321947496e-05 3.472783124450211e-05
436 0.9582418464000015 -1.183583330174028e-05 3.606747737290387e-05
437 0.9604396488000015 -1.212640208007377e-05 3.641678787702368e-05
438 0.9626374512000015 -1.223688530652968e-05 3.592790865358372e-05
439 0.9648352536000016 -1.223482945402241e-05 3.513658830792153e-05
440 0.9670330560000016 -1.208164975278656e-05 3.45875708716635e-05
441 0.9692308584000016 -1.203959562208474e-05 3.443267080544011e-05
442 0.9714286608000016 -1.197824639522638e-05 3.464697717776867e-05
443 0.9736264632000016 -1.198553593631043e-05 3.530224925828878e-05
444 0.9758242656000016 -1.193651847768138e-05 3.677493845737207e-05
445 0.9780220680000016 -1.182669715431864e-05 3.920006705582029e-05
446 0.9802198704000016 -1.168065769548761e-05 4.230150450340464e-05
447 0.9824176728000016 -1.159859369988889e-05 4.52719868388501e-05
448 0.9846154752000016 -1.16994703981592e-05 4.760350208447593e-05
449 0.9868132776000016 -1.179274811824198e-05 4.942198278788321e-05
450 0.9890110800000016 -1.183397228755713e-05 5.124796503300907e-05
451 0.9912088824000016 -1.172771120751275e-05 5.339513879227467e-05
452 0.9934066848000016 -1.161068712511138e-05 5.59608166667779e-05
453 0.9956044872000016 -1.152802319779599e-05 5.878690131626395e-05
454 0.9978022896000016 -1.162837574761831e-05 6.136066894700775e-05
455 1.000000092000002 -1.171495953208261e-05 6.351487531299877e-05
456 1.002197894400002 -1.181551463957575e-05 6.523331265349031e-05
457 1.004395696800002 -1.179584366944437e-05 6.693045840623746e-05
458 1.006593499200002 -1.173678446138415e-05 6.877087811570434e-05
459 1.008791301600002 -1.161481426423083e-05 7.102816249790804e-05
460 1.010989104000002 -1.152357988689364e-05 7.366093824588165e-05
461 1.013186906400002 -1.159391124965862e-05 7.618190684536568e-05
462 1.015384708800002 -1.160614696150151e-05 7.856509863392941e-05
463 1.017582511200002 -1.138405612582158e-05 8.338098567172105e-05
464 1.019780313600002 -1.024927425207922e-05 9.480862577083202e-05
465 1.021978116000002 -9.55528650471252e-06 0.0001093112979604872
466 1.024175918400002 -9.800222873027862e-06 0.0001211139945502042
467 1.026373720800002 -1.013354121947577e-05 0.00013005800821489
468 1.028571523200002 -1.048138687280053e-05 0.0001377716088218734
469 1.030769325600002 -1.047950580057189e-05 0.0001455685880996582
470 1.032967128000002 -1.035224731095385e-05 0.0001539258246121709
471 1.035164930400002 -1.017018113691859e-05 0.0001619406684676933
472 1.037362732800002 -1.0435551440791e-05 0.0001685987089094183
473 1.039560535200002 -1.09276455393182e-05 0.0001730446215622529
474 1.041758337600002 -1.12049933849583e-05 0.0001752963066170032
475 1.043956140000002 -1.148483941632908e-05 0.0001763746914689888
476 1.046153942400002 -1.149671469816479e-05 0.0001771139825284393
477 1.048351744800002 -1.146182507292395e-05 0.0001781210365052187
478 1.050549547200002 -1.130835522586385e-05 0.0001789735519699347
479 1.052747349600002 -1.132453892739771e-05 0.000178852004023682
480 1.054945152000002 -1.187673655672224e-05 0.0001763531377882872
481 1.057142954400002 -1.23599890180422e-05 0.0001710095319862469
482 1.059340756800002 -1.283341182176084e-05 0.0001641207183120068
483 1.061538559200002 -1.19376845624393e-05 0.0001639705138968312
484 1.063736361600002 -1.04623989451114e-05 0.000173212787162661
485 1.065934164000002 -9.851079542198814e-06 0.0001845381808161538
486 1.068131966400002 -1.009956739405261e-05 0.0001932502168965024
487 1.070329768800002 -1.04568578072706e-05 0.0001983771379987785
488 1.072527571200002 -1.078962270255134e-05 0.0002020112044902225
489 1.074725373600002 -1.079399303575893e-05 0.0002058113591525093
490 1.076923176000002 -1.064694086218734e-05 0.0002105200853790593
491 1.079120978400002 -1.048415777121127e-05 0.0002150451162901057
492 1.081318780800002 -1.055037203421219e-05 0.0002182488987041018
493 1.083516583200002 -1.099425912108444e-05 0.0002187692778533511
494 1.085714385600002 -1.156325795040547e-05 0.0002162210219389585
495 1.087912188000002 -1.194434902802026e-05 0.0002125503083247299
496 1.090109990400002 -1.198979105754826e-05 0.0002088093374163708
497 1.092307792800002 -1.198874899319932e-05 0.000205191393850512
498 1.094505595200002 -1.192003715445327e-05 0.0002011784790124598
499 1.096703397600002 -1.217013756953207e-05 0.0001948626266815309
500 1.098901200000002 -1.259244293663937e-05 0.0001860455474155629
501 1.101099002400002 -1.314698263227964e-05 0.0001746706471206802
502 1.103296804800002 -1.350159989925682e-05 0.0001623594250471817
503 1.105494607200002 -1.279798472754059e-05 0.0001553307464233832
504 1.107692409600002 -1.159870851676702e-05 0.0001567545610927917
505 1.109890212000002 -1.1066976122466e-05 0.0001610051864084652
506 1.112088014400002 -1.150515083077443e-05 0.0001618482704495386
507 1.114285816800002 -1.188239576816267e-05 0.0001595059991669157
508 1.116483619200002 -1.207507604296476e-05 0.0001568481269258099
509 1.118681421600002 -1.183457979022894e-05 0.0001554387024687927
510 1.120879224000002 -1.177406263750833e-05 0.0001549047685831381
511 1.123077026400002 -1.183601849649022e-05 0.0001536233511805991
512 1.125274828800002 -1.224339961796584e-05 0.0001504704539502476
513 1.127472631200002 -1.245562681623863e-05 0.0001453264201499802
514 1.129670433600002 -1.275940890650894e-05 0.0001388633415868672
515 1.131868236000002 -1.272378612126079e-05 0.0001327833600352265
516 1.134066038400002 -1.270017476404316e-05 0.000127299469344346
517 1.136263840800002 -1.257794143604469e-05 0.0001219564383881855
518 1.138461643200002 -1.273257910398774e-05 0.0001157075272138241
519 1.140659445600002 -1.320568625407091e-05 0.0001070542250588004
520 1.142857248000002 -1.352544576312578e-05 9.633762124489275e-05
521 1.145055050400002 -1.36295809989141e-05 8.522075954231262e-05
522 1.147252852800002 -1.348393685899333e-05 7.476069727871436e-05
523 1.149450655200002 -1.30106319371032e-05 6.749567210015428e-05
524 1.151648457600002 -1.240541901464922e-05 6.561269583604386e-05
525 1.153846260000002 -1.199753842745256e-05 6.701023789362525e-05
526 1.156044062400002 -1.234970326718978e-05 6.590622655788297e-05
527 1.158241864800002 -1.251265873951841e-05 6.26924635548328e-05
528 1.160439667200002 -1.264840964170575e-05 5.896393997313659e-05
529 1.162637469600002 -1.237763293935473e-05 5.683962266081535e-05
530 1.164835272000002 -1.226253944487011e-05 5.603556923437542e-05
531 1.167033074400002 -1.213677034878544e-05 5.558243684631992e-05
532 1.169230876800002 -1.238490469652735e-05 5.391378036458854e-05
533 1.171428679200002 -1.250664609382987e-05 5.096450483646009e-05
534 1.173626481600002 -1.271758440696158e-05 4.721725314702847e-05
535 1.175824284000002 -1.257680618944428e-05 4.432513637739362e-05
536 1.178022086400002 -1.24430294600663e-05 4.243905627061191e-05
537 1.180219888800002 -1.226864213137519e-05 4.130346941041548e-05
538 1.182417691200002 -1.236775006326005e-05 3.959321567856867e-05
539 1.184615493600002 -1.261901639601271e-05 3.685309425265422e-05
540 1.186813296000002 -1.272611309840397e-05 3.319087939101734e-05
541 1.189011098400002 -1.284359999952307e-05 2.921732258769098e-05
542 1.191208900800002 -1.262480529609071e-05 2.589699654199968e-05
543 1.193406703200002 -1.23438511362155e-05 2.408600574449655e-05
544 1.195604505600002 -1.21136835310196e-05 2.430114197251395e-05
545 1.197802308000002 -1.191995840234859e-05 2.59660772859325e-05
546 1.200000110400002 -1.214570868051875e-05 2.670351104021756e-05
547 1.202197912800002 -1.233301087077228e-05 2.620135190667688e-05
548 1.204395715200002 -1.24228974160215e-05 2.462601420566745e-05
549 1.206593517600002 -1.230553533043e-05 2.335886298225367e-05
550 1.208791320000002 -1.210725346193491e-05 2.280544775762554e-05
551 1.210989122400002 -1.201885216429372e-05 2.323572453424103e-05
552 1.213186924800002 -1.193692410532627e-05 2.447449300161615e-05
553 1.215384727200002 -1.204399992926548e-05 2.506457943652292e-05
554 1.217582529600002 -1.22010886318254e-05 2.471346486384546e-05
555 1.219780332000002 -1.234277200503104e-05 2.342351843319767e-05
556 1.221978134400002 -1.240467251110855e-05 2.204119310519433e-05
557 1.224175936800002 -1.237876179736083e-05 2.081193284050907e-05
558 1.226373739200002 -1.200004127020227e-05 2.06523977410207e-05
559 1.228571541600002 -1.193791064934465e-05 2.12182301643867e-05
560 1.230769344000002 -1.186281086340705e-05 2.244088308719202e-05
561 1.232967146400002 -1.215477990252579e-05 2.276359206786212e-05
562 1.235164948800002 -1.232557183748276e-05 2.209554728163946e-05
563 1.237362751200002 -1.244591949139343e-05 2.052234705208486e-05
564 1.239560553600002 -1.221578492265759e-05 1.985940188326549e-05
565 1.241758356000002 -1.201777132469092e-05 2.024647170406231e-05
566 1.243956158400002 -1.18993167065651e-05 2.172376319443488e-05
567 1.246153960800002 -1.189533352033102e-05 2.312047109473339e-05
568 1.248351763200002 -1.211752114089621e-05 2.405330424973617e-05
569 1.250549565600002 -1.234565689102737e-05 2.378844919982621e-05
570 1.252747368000002 -1.244577594825409e-05 2.242463265891708e-05
571 1.254945170400002 -1.228555000261413e-05 2.147225568451669e-05
572 1.257142972800002 -1.19974261716043e-05 2.140101490317746e-05
573 1.259340775200002 -1.190440737739384e-05 2.243777987150101e-05
574 1.261538577600002 -1.179355490180437e-05 2.418432449232811e-05
575 1.263736380000002 -1.200245952253412e-05 2.521509760624422e-05
576 1.265934182400002 -1.22639594741759e-05 2.529684769197395e-05
577 1.268131984800002 -1.233412562252149e-05 2.433898821403543e-05
578 1.270329787200002 -1.231122582315208e-05 2.340441421833525e-05
579 1.272527589600002 -1.210961644691795e-05 2.299467360604546e-05
580 1.274725392000002 -1.192241495436957e-05 2.358497617799369e-05
581 1.276923194400002 -1.180746562371748e-05 2.514393398784613e-05
582 1.279120996800002 -1.193732648112055e-05 2.635773779317626e-05
583 1.281318799200002 -1.217785877022448e-05 2.69800716640864e-05
584 1.283516601600002 -1.235124331366907e-05 2.654153053623905e-05
585 1.285714404000002 -1.241010918854379e-05 2.537627051107523e-05
586 1.287912206400002 -1.219883261501015e-05 2.48272415458166e-05
587 1.290110008800002 -1.195201584803611e-05 2.529660040636479e-05
588 1.292307811200002 -1.188097054384948e-05 2.668881184532662e-05
589 1.294505613600002 -1.187167659048238e-05 2.809447667047914e-05
590 1.296703416000002 -1.2125678326762e-05 2.865868930352255e-05
591 1.298901218400002 -1.223441976268161e-05 2.82363727014791e-05
592 1.301099020800002 -1.234799753230492e-05 2.728100161158647e-05
593 1.303296823200002 -1.223588315573701e-05 2.681044960892661e-05
594 1.305494625600002 -1.193979230379863e-05 2.743417016431845e-05
595 1.307692428000002 -1.18596715149247e-05 2.883350420416992e-05
596 1.309890230400002 -1.191746498977736e-05 2.998474030128233e-05
597 1.312088032800002 -1.211259846343963e-05 3.062371403832531e-05
598 1.314285835200002 -1.227294227167127e-05 3.037172401659127e-05
599 1.316483637600002 -1.237881483493045e-05 2.954969213104518e-05
600 1.318681440000002 -1.221012882437819e-05 2.926488771140175e-05
601 1.320879242400002 -1.196756105022803e-05 2.975600859846608e-05
602 1.323077044800002 -1.185120997252444e-05 3.106478071606769e-05
603 1.325274847200002 -1.188722317295044e-05 3.232347300732659e-05
604 1.327472649600002 -1.204616180064279e-05 3.32770599710558e-05
605 1.329670452000002 -1.210488426226422e-05 3.371246352790995e-05
606 1.331868254400002 -1.224933598244121e-05 3.377251567181551e-05
607 1.334066056800002 -1.209727972069343e-05 3.398847557947925e-05
608 1.336263859200002 -1.191958574942831e-05 3.445788998299302e-05
609 1.338461661600002 -1.17927295918571e-05 3.554746316964493e-05
610 1.340659464000002 -1.174131842757134e-05 3.696838193264692e-05
611 1.342857266400002 -1.190990521172958e-05 3.810416728690432e-05
612 1.345055068800002 -1.216520332826081e-05 3.858218622655923e-05
613 1.347252871200002 -1.220516002835399e-05 3.846984027971676e-05
614 1.349450673600002 -1.223218714232414e-05 3.814853328551625e-05
615 1.351648476000002 -1.204901153467333e-05 3.825859829812595e-05
616 1.353846278400002 -1.192276216769793e-05 3.903256992352461e-05
617 1.356044080800002 -1.184567657101046e-05 4.019260816892576e-05
618 1.358241883200002 -1.200234463407996e-05 4.092649939944692e-05
619 1.360439685600002 -1.217639744365148e-05 4.106566034498605e-05
620 1.362637488000002 -1.223589258926086e-05 4.06141080336399e-05
621 1.364835290400002 -1.221393166099565e-05 4.024232829126469e-05
622 1.367033092800002 -1.208763055971122e-05 4.014188666788771e-05
623 1.369230895200002 -1.185370748214033e-05 4.117228466956557e-05
624 1.371428697600002 -1.160259488436546e-05 4.387289986859689e-05
625 1.373626500000002 -1.156418839270308e-05 4.730954349961538e-05
626 1.375824302400002 -1.175557214677782e-05 4.983376545913797e-05
627 1.378022104800002 -1.192708792767694e-05 5.112734781219021e-05
628 1.380219907200002 -1.201796739627962e-05 5.149581228733816e-05
629 1.382417709600002 -1.194094000061391e-05 5.209291694478821e-05
630 1.384615512000002 -1.190833756186305e-05 5.299963733740072e-05
631 1.386813314400002 -1.189078044707724e-05 5.418089573425967e-05
632 1.389011116800002 -1.203227958903214e-05 5.470245647199259e-05
633 1.391208919200002 -1.214838881144589e-05 5.456926987063579e-05
634 1.393406721600002 -1.22373369107691e-05 5.349140755360044e-05
635 1.395604524000002 -1.233640877526536e-05 5.198345887465534e-05
636 1.397802326400002 -1.231085345066442e-05 5.057136415260678e-05
637 1.400000128800002 -1.234307398741928e-05 4.930321902850915e-05
638 1.402197931200002 -1.227436449532423e-05 4.802281735006106e-05
639 1.404395733600002 -1.233887687271934e-05 4.627536653551144e-05
640 1.406593536000002 -1.250091731285942e-05 4.375033294209089e-05
641 1.408791338400002 -1.262307583220843e-05 4.040846643463364e-05
642 1.410989140800002 -1.275325509875538e-05 3.675292640317154e-05
643 1.413186943200002 -1.253870022988054e-05 3.419153005730142e-05
644 1.415384745600002 -1.212130268812887e-05 3.403010537907456e-05
645 1.417582548000002 -1.191670671404205e-05 3.554878004930284e-05
646 1.419780350400002 -1.211608860688392e-05 3.601954303809008e-05
647 1.421978152800002 -1.224071101950408e-05 3.555433448557653e-05
648 1.424175955200002 -1.233256188309692e-05 3.450468678283319e-05
649 1.426373757600002 -1.219549787761675e-05 3.410417681893146e-05
650 1.428571560000002 -1.20790764582781e-05 3.431947714323562e-05
651 1.430769362400002 -1.202108270225861e-05 3.486500355980231e-05
652 1.432967164800002 -1.215649345200745e-05 3.496685953540086e-05
653 1.435164967200002 -1.223577714711424e-05 3.457530478786471e-05
654 1.437362769600002 -1.234054139795682e-05 3.360749780284485e-05
655 1.439560572000002 -1.228249335790247e-05 3.285395172999731e-05
656 1.441758374400002 -1.217299961753304e-05 3.246200834660016e-05
657 1.443956176800002 -1.209940257512499e-05 3.252666956605025e-05
658 1.446153979200002 -1.204381581692574e-05 3.255638566040443e-05
659 1.448351781600002 -1.218325490674322e-05 3.221499666430683e-05
660 1.450549584000002 -1.230732825302963e-05 3.14214342466228e-05
661 1.452747386400002 -1.240163821862115e-05 3.045346442633839e-05
662 1.454945188800002 -1.231932460123159e-05 2.962275212164004e-05
663 1.457142991200002 -1.225144246630798e-05 2.897092056796183e-05
664 1.459340793600002 -1.214157769298141e-05 2.817698248330036e-05
665 1.461538596000002 -1.218985399854785e-05 2.713244989273677e-05
666 1.463736398400002 -1.235985866464168e-05 2.575527445535678e-05
667 1.465934200800002 -1.246525323272314e-05 2.427315790887221e-05
668 1.468132003200002 -1.242373408978651e-05 2.299614543970153e-05
669 1.470329805600002 -1.227567996510401e-05 2.211385254222059e-05
670 1.472527608000002 -1.21688656939691e-05 2.164140810806781e-05
671 1.474725410400002 -1.216924749563667e-05 2.116861129051947e-05
672 1.476923212800002 -1.230606078341279e-05 2.042712022600547e-05
673 1.479121015200002 -1.23651804248172e-05 1.934428586659233e-05
674 1.481318817600003 -1.242654691135934e-05 1.824103867277982e-05
675 1.483516620000003 -1.232270809696543e-05 1.736433235435986e-05
676 1.485714422400003 -1.220986692679745e-05 1.692323452596694e-05
677 1.487912224800003 -1.211150656124043e-05 1.680033164347815e-05
678 1.490110027200003 -1.21333776576888e-05 1.663843011881355e-05
679 1.492307829600003 -1.227613613215558e-05 1.617463659632226e-05
680 1.494505632000003 -1.231972422636864e-05 1.541440565106433e-05
681 1.496703434400003 -1.237612572606381e-05 1.456279956742021e-05
682 1.498901236800003 -1.228212535491239e-05 1.400597218083341e-05
683 1.501099039200003 -1.225111737303211e-05 1.345498320698043e-05
684 1.503296841600003 -1.235376379726228e-05 1.202129151943184e-05
685 1.505494644000003 -1.250963109099616e-05 9.795095559327819e-06
686 1.507692446400003 -1.266543453938706e-05 6.908276833971657e-06
687 1.509890248800003 -1.261407143024161e-05 4.364188009563685e-06
688 1.512088051200003 -1.247014597721234e-05 2.572981848380837e-06
689 1.514285853600003 -1.234664401707029e-05 1.477707264691624e-06
690 1.516483656000003 -1.242788995882856e-05 6.668546099152165e-08
691 1.518681458400003 -1.272933427640204e-05 -1.724926838028098e-06
692 1.520879260800003 -1.405439125742738e-05 -2.465407886025133e-06
693 1.523077063200003 -1.898440481575986e-05 -1.238321505099152e-06
694 1.525274865600003 -2.472766775870689e-05 1.402495217731793e-06
695 1.527472668000003 -2.888289376373493e-05 2.721315869405844e-06
696 1.529670470400003 -3.159258746369587e-05 3.120505937260141e-06
697 1.531868272800003 -3.487413790503466e-05 3.023009491647005e-06
698 1.534066075200003 -3.909144293612527e-05 2.955406073582129e-06
699 1.536263877600003 -4.413553117711435e-05 2.955375496615856e-06
700 1.538461680000003 -5.001739329423836e-05 2.935770653738825e-06
701 1.540659482400003 -5.667611700731198e-05 2.90643032569768e-06
702 1.542857284800003 -6.31839336134069e-05 3.151696768253666e-06
703 1.545055087200003 -7.033744024583068e-05 2.836216190503081e-06
704 1.547252889600003 -7.782361863750039e-05 2.65105211152699e-06
705 1.549450692000003 -8.568077211063077e-05 2.474452147851501e-06
706 1.551648494400003 -9.382152824823372e-05 2.351115261952431e-06
707 1.553846296800003 -0.0001021741439655927 2.282599186150443e-06
708 1.556044099200003 -0.0001098621723120922 2.769493888591551e-06
709 1.558241901600003 -0.000116472337514762 2.854619353411313e-06
710 1.560439704000003 -0.0001201765802774627 3.502721573747009e-06
711 1.562637506400003 -0.0001215646344041916 3.415211685138213e-06
712 1.564835308800003 -0.0001213624749905709 3.418302409382286e-06
713 1.567033111200003 -0.0001219817134265491 3.09108229827618e-06
714 1.569230913600003 -0.0001240200545077762 2.82639589961786e-06
715 1.571428716000003 -0.0001272513118728267 2.82649371180146e-06
716 1.573626518400003 -0.0001310520602377079 2.83918493567079e-06
717 1.575824320800003 -0.0001336967877834349 3.662424461479464e-06
718 1.578022123200003 -0.000133954908850344 4.162532052570872e-06
719 1.580219925600003 -0.0001303461546519827 4.151386589834038e-06
720 1.582417728000003 -0.0001229181546124146 4.364985294588732e-06
721 1.584615530400003 -0.0001166430914642573 3.779142943682363e-06
722 1.586813332800003 -0.0001122229595344452 3.12409062052807e-06
723 1.589011135200003 -0.0001133521979633594 2.580357555110538e-06
724 1.591208937600003 -0.0001219320614899132 1.988078392090214e-06
725 1.593406740000003 -0.000132255606714434 1.849414273790895e-06
726 1.595604542400003 -0.0001357027578446702 4.086201356957124e-06
727 1.597802344800003 -0.0001350948358844881 3.549189368330798e-06
728 1.600000147200003 -0.0001350020927713596 2.930534954415944e-06
729 1.602197949600003 -0.0001368200294404331 2.295232857086883e-06
730 1.604395752000003 -0.0001419537770186134 1.964352186321228e-06
731 1.606593554400003 -0.000148589567204278 2.107112361513177e-06
732 1.608791356800003 -0.0001541691965103984 3.07369487025169e-06
733 1.610989159200003 -0.0001564915564978855 3.842963521036257e-06
734 1.613186961600003 -0.00015476766992989 3.806907077191326e-06
735 1.615384764000003 -0.0001503136200609631 3.74327791469641e-06
736 1.617582566400003 -0.0001476176082560773 3.071735503861969e-06
737 1.619780368800003 -0.0001473116769699376 2.647590454610998e-06
738 1.621978171200003 -0.0001499647998775561 2.671498882395255e-06
739 1.624175973600003 -0.0001536988785965036 2.955112436862408e-06
740 1.626373776000003 -0.0001553759925842588 3.804153166578855e-06
741 1.628571578400003 -0.0001531158338298453 4.117312062511814e-06
742 1.630769380800003 -0.0001473451307811328 4.142733584813799e-06
743 1.632967183200003 -0.0001422818372846007 3.686137109633886e-06
744 1.635164985600003 -0.0001445476115708476 2.366022017967963e-06
745 1.637362788000003 -0.0001524436932722286 1.838377099328815e-06
746 1.639560590400003 -0.0001567878282739839 3.745962581883202e-06
747 1.641758392800003 -0.0001577944162196414 3.701262609939772e-06
748 1.643956195200003 -0.00015416994763424 3.819312241649367e-06
749 1.646153997600003 -0.0001507607375640457 3.374813671174034e-06
750 1.648351800000003 -0.0001495390298112301 2.285074943776095e-06
751 1.650549602400003 -0.0001519151368353559 1.995219410378256e-06
752 1.652747404800003 -0.0001573234729117389 2.014083462975926e-06
753 1.654945207200003 -0.0001619724497932005 2.840715611068413e-06
754 1.657143009600003 -0.0001604358246567277 3.970160006572147e-06
755 1.659340812000003 -0.0001543770109382293 3.912422452403646e-06
756 1.661538614400003 -0.0001502487911742223 2.966312639937736e-06
757 1.663736416800003 -0.0001499944882009125 2.526269870219139e-06
758 1.665934219200003 -0.0001532403854757338 2.474315822864946e-06
759 1.668132021600003 -0.0001570254718233446 3.000488807300426e-06
760 1.670329824000003 -0.0001560693293589535 4.210865230267175e-06
761 1.672527626400003 -0.0001507725783859744 4.080905548857008e-06
762 1.674725428800003 -0.0001440679681380005 3.9469080215107e-06
763 1.676923231200003 -0.0001416795157302516 2.752365431152203e-06
764 1.679121033600003 -0.000144320183243842 2.440128077646367e-06
765 1.681318836000003 -0.0001495670914536718 2.598880269880767e-06
766 1.683516638400003 -0.00015329559454181 3.621387675659968e-06
767 1.685714440800003 -0.000152464056631303 4.088348853882554e-06
768 1.687912243200003 -0.0001472884807586011 4.025482248591348e-06
769 1.690110045600003 -0.0001429831165640716 3.323901730568354e-06
770 1.692307848000003 -0.0001412920129540832 2.27750135371029e-06
771 1.694505650400003 -0.000142367714098416 2.429944058133872e-06
772 1.696703452800003 -0.0001462908541443213 2.435660389871369e-06
773 1.698901255200003 -0.0001487989403518201 3.567192094618647e-06
774 1.701099057600003 -0.0001483335933160051 4.424650202482609e-06
775 1.703296860000003 -0.0001447667147438716 3.977300272242253e-06
776 1.705494662400003 -0.0001385146848741055 4.039142149222549e-06
777 1.707692464800003 -0.0001339327782722333 3.430075038960179e-06
778 1.709890267200003 -0.0001326069494722537 2.667635000194621e-06
779 1.712088069600003 -0.000133822092677046 2.900819229974328e-06
780 1.714285872000003 -0.0001360352918293769 3.106595247860703e-06
781 1.716483674400003 -0.0001351051626441446 4.570419115450422e-06
782 1.718681476800003 -0.0001310147107981174 4.201923197181742e-06
783 1.720879279200003 -0.0001244493395084399 4.083868900160754e-06
784 1.723077081600003 -0.0001213135344756014 2.963173833668338e-06
785 1.725274884000003 -0.0001220205577813525 2.910587308775773e-06
786 1.727472686400003 -0.0001257209816404121 2.769249847500025e-06
787 1.729670488800003 -0.000126927743112891 4.25765371098248e-06
788 1.731868291200003 -0.0001252546498727707 4.133711443193007e-06
789 1.734066093600003 -0.0001203930447163503 4.094928575383118e-06
790 1.736263896000003 -0.0001165178202638892 3.168694835589758e-06
791 1.738461698400003 -0.0001145862640996847 2.93889651409378e-06
792 1.740659500800003 -0.0001158244662038619 2.975818617938143e-06
793 1.742857303200003 -0.0001181511760441222 3.223985802672584e-06
794 1.745055105600003 -0.0001183341593638745 3.910550241480907e-06
795 1.747252908000003 -0.0001154187174676564 4.228815848112752e-06
796 1.749450710400003 -0.0001096622014742728 4.19034796028721e-06
797 1.751648512800003 -0.0001049665221320274 3.676183839450597e-06
798 1.753846315200003 -0.0001036669572732333 2.894449536128847e-06
799 1.756044117600003 -0.0001046853484648769 3.149395521194219e-06
800 1.758241920000003 -0.0001055682777239887 3.683942636115903e-06
801 1.760439722400003 -0.0001049001640536521 4.454226539681277e-06
802 1.762637524800003 -0.0001010419728801462 4.563346748983205e-06
803 1.764835327200003 -9.495697894033377e-05 4.288546784968125e-06
804 1.767033129600003 -9.259607208381519e-05 3.268419302687343e-06
805 1.769230932000003 -9.391905460415332e-05 3.12878177150115e-06
806 1.771428734400003 -9.702376012506135e-05 3.324557038027056e-06
807 1.773626536800003 -9.849229496344475e-05 3.975050313304178e-06
808 1.775824339200003 -9.651920675917552e-05 4.200162032145033e-06
809 1.778022141600003 -9.165244164489827e-05 4.206530097854775e-06
810 1.780219944000003 -8.77350195637052e-05 3.503695910857328e-06
811 1.782417746400003 -8.629679975909154e-05 3.150440347405072e-06
812 1.784615548800003 -8.767261236913843e-05 3.226851821082954e-06
813 1.786813351200003 -8.888745155765384e-05 3.738913172333425e-06
814 1.789011153600003 -8.775175619802094e-05 4.207860736011568e-06
815 1.791208956000003 -8.382528618320928e-05 4.25882947141534e-06
816 1.793406758400003 -7.880777386495391e-05 4.110168580109803e-06
817 1.795604560800003 -7.530985358952246e-05 3.696015708993243e-06
818 1.797802363200003 -7.406472934189176e-05 3.459457666695278e-06
819 1.800000165600003 -7.410202229302286e-05 3.572666823502152e-06
820 1.802197968000003 -7.302409190029222e-05 4.130677073061908e-06
821 1.804395770400003 -6.980730326228054e-05 4.477700578698981e-06
822 1.806593572800003 -6.461243282872474e-05 4.378098797433274e-06
823 1.808791375200003 -6.084631919770065e-05 3.885931089136972e-06
824 1.810989177600003 -6.186172302370106e-05 3.02791478019365e-06
825 1.813186980000003 -6.634585330252775e-05 2.958836966204398e-06
826 1.815384782400003 -6.864075094551853e-05 3.822822283526229e-06
827 1.817582584800003 -6.767265975800807e-05 4.192332966099125e-06
828 1.819780387200003 -6.438380852300816e-05 4.114173409056806e-06
829 1.821978189600003 -6.149488693033696e-05 3.672394662894054e-06
830 1.824175992000003 -6.014140648630767e-05 3.423559791290208e-06
831 1.826373794400003 -6.034141039975243e-05 3.503485415928606e-06
832 1.828571596800003 -6.019523196299993e-05 3.892728590011429e-06
833 1.830769399200003 -5.795547013604722e-05 4.3864636223881e-06
834 1.832967201600003 -5.361488554611053e-05 4.438012052768935e-06
835 1.835165004000003 -4.761588559398147e-05 4.339600195158356e-06
836 1.837362806400003 -4.2385467387167e-05 3.921497853109635e-06
837 1.839560608800003 -3.790711826428666e-05 3.673292109313654e-06
838 1.841758411200003 -3.278782468400318e-05 3.304174771670605e-06
839 1.843956213600003 -2.584854303840467e-05 1.744382551559433e-06
840 1.846154016000003 -1.636152383101955e-05 -1.242405410336372e-06
841 1.848351818400003 -1.31383905981899e-05 -3.149508687616477e-07
842 1.850549620800003 -1.150306070775505e-05 3.811229462254818e-06
843 1.852747423200003 -1.038739080629024e-05 9.227951070031161e-06
844 1.854945225600003 -1.123181391478905e-05 1.00133377633887e-05
845 1.857143028000003 -1.165752686350629e-05 9.913016569419053e-06
846 1.859340830400003 -1.121061087153981e-05 1.322777415573682e-05
847 1.861538632800003 -1.10007005317804e-05 1.862808896894006e-05
848 1.863736435200003 -1.133920160496439e-05 2.225120864159232e-05
849 1.865934237600003 -1.177956606953729e-05 2.401673359225724e-05
850 1.868132040000003 -1.201145932426173e-05 2.471024599119637e-05
851 1.870329842400003 -1.174712887450119e-05 2.642724308523596e-05
852 1.872527644800003 -1.161329014028913e-05 2.903644327384349e-05
853 1.874725447200003 -1.150086663422401e-05 3.183713038043214e-05
854 1.876923249600003 -1.17697859936766e-05 3.367195056703112e-05
855 1.879121052000003 -1.202155334491974e-05 3.433401912015584e-05
856 1.881318854400003 -1.215196733688297e-05 3.432596051460507e-05
857 1.883516656800003 -1.202187972948745e-05 3.450321465115692e-05
858 1.885714459200003 -1.194206612939446e-05 3.505228091184903e-05
859 1.887912261600003 -1.181961838629685e-05 3.606121738448847e-05
860 1.890110064000003 -1.19141524566152e-05 3.686961844639364e-05
861 1.892307866400003 -1.218519195843483e-05 3.691633346684045e-05
862 1.894505668800003 -1.234835919023803e-05 3.608000275019363e-05
863 1.896703471200003 -1.24316390401191e-05 3.435067924820968e-05
864 1.898901273600003 -1.217487525323853e-05 3.393360286175937e-05
865 1.901099076000003 -1.170628459977204e-05 3.618355977909214e-05
866 1.903296878400003 -1.146427663002188e-05 4.017911558638849e-05
867 1.905494680800003 -1.166972093296489e-05 4.319462421006137e-05
868 1.907692483200003 -1.179866043695388e-05 4.52732490761296e-05
869 1.909890285600003 -1.192298610210051e-05 4.671533124904054e-05
870 1.912088088000003 -1.174742197848652e-05 4.864929846390057e-05
871 1.914285890400003 -1.158974741197113e-05 5.122520542715311e-05
872 1.916483692800003 -1.149711659776696e-05 5.430047120630419e-05
873 1.918681495200003 -1.159323009089009e-05 5.711248939210752e-05
874 1.920879297600003 -1.17628246954732e-05 5.932925732300375e-05
875 1.923077100000003 -1.183399635973957e-05 6.09926828532374e-05
876 1.925274902400003 -1.182453070145127e-05 6.259608190694563e-05
877 1.927472704800003 -1.174224362458791e-05 6.446853177868866e-05
878 1.929670507200003 -1.156614359513499e-05 6.683504401606096e-05
879 1.931868309600003 -1.149754786528887e-05 6.965022472770639e-05
880 1.934066112000003 -1.156635529231063e-05 7.227457003683114e-05
881 1.936263914400003 -1.167135978974848e-05 7.456971534187713e-05
882 1.938461716800003 -1.183885571084139e-05 7.626152297852733e-05
883 1.940659519200003 -1.189139298745039e-05 7.745449143750669e-05
884 1.942857321600003 -1.121446716437879e-05 8.28799409396149e-05
885 1.945055124000003 -1.008751213156428e-05 9.535660436258713e-05
886 1.947252926400003 -9.634415366532683e-06 0.0001093325136195013
887 1.949450728800003 -9.823176609874034e-06 0.000121084485539657
888 1.951648531200003 -1.014732570532359e-05 0.0001302785965361136
889 1.953846333600003 -1.041798634022004e-05 0.0001380681352637105
890 1.956044136000003 -1.044090701371514e-05 0.0001455404541490362
891 1.958241938400003 -1.042823080526253e-05 0.0001531703225861936
892 1.960439740800003 -1.029067811180157e-05 0.0001609065650687456
893 1.962637543200003 -1.025739705523429e-05 0.0001680882203816777
894 1.964835345600003 -1.049311543846542e-05 0.0001740073027997954
895 1.967033148000003 -1.111511103109995e-05 0.0001771479869966099
896 1.969230950400003 -1.152221838711608e-05 0.0001775764534273181
897 1.971428752800003 -1.166246126819776e-05 0.0001773208428084119
898 1.973626555200003 -1.142661638877914e-05 0.0001775543614632006
899 1.975824357600003 -1.142885903380488e-05 0.0001781623066414819
900 1.978022160000003 -1.14519499308886e-05 0.0001782150550389767
901 1.980219962400003 -1.165916551639575e-05 0.0001766442383110123
902 1.982417764800003 -1.24132860448642e-05 0.0001717033553996293
903 1.984615567200003 -1.287007267765119e-05 0.0001641073026786557
904 1.986813369600003 -1.19531026631573e-05 0.0001640404808553287
905 1.989011172000003 -1.05147745868295e-05 0.0001733195539135666
906 1.991208974400003 -9.902099070723158e-06 0.0001844515853636101
907 1.993406776800003 -1.015701144883045e-05 0.0001924648069729262
908 1.995604579200003 -1.051653434476552e-05 0.0001973231984169323
909 1.997802381600003 -1.069685389458098e-05 0.0002013548978057677
910 2.000000184000003 -1.074535233429628e-05 0.0002056183253541404
911 2.002197986400003 -1.052497043784558e-05 0.000210703067995586
912 2.004395788800003 -1.040529210472348e-05 0.0002151928097019248
913 2.006593591200003 -1.054425032783526e-05 0.0002184448921643452
914 2.008791393600003 -1.114349375188928e-05 0.0002184029802620366
915 2.010989196000003 -1.170517826080819e-05 0.0002154810083470243
916 2.013186998400003 -1.199260269056331e-05 0.0002116600442269684
917 2.015384800800003 -1.176665641602592e-05 0.0002082502857586742
918 2.017582603200003 -1.18129926311747e-05 0.0002051399621953172
919 2.019780405600003 -1.181912648015189e-05 0.0002013890553931102
920 2.021978208000003 -1.223223776952895e-05 0.0001954661380177707
921 2.024176010400003 -1.288030577660612e-05 0.0001861738673569545
922 2.026373812800003 -1.335207907267843e-05 0.000174253356526556
923 2.028571615200003 -1.345536043028241e-05 0.0001618082049483504
924 2.030769417600003 -1.253249878442753e-05 0.0001556988636777028
925 2.032967220000003 -1.167204690137e-05 0.0001573004462337213
926 2.035165022400003 -1.119429742798385e-05 0.00016111447527275
927 2.037362824800003 -1.156743200361709e-05 0.0001616825375136739
928 2.039560627200003 -1.19344822797956e-05 0.0001591248490128126
929 2.041758429600003 -1.203631430631244e-05 0.0001566227955729123
930 2.043956232000003 -1.187164363200473e-05 0.000154881574164937
931 2.046154034400003 -1.17915988043728e-05 0.0001541489685015188
932 2.048351836800003 -1.171838027968703e-05 0.0001531198977794559
933 2.050549639200003 -1.202973694794804e-05 0.0001505679284913538
934 2.052747441600003 -1.239731570241911e-05 0.0001457596734241938
935 2.054945244000003 -1.276741808861495e-05 0.0001392036761646974
936 2.057143046400003 -1.283889530485631e-05 0.0001325323903781057
937 2.059340848800003 -1.259756630537554e-05 0.0001264028253753263
938 2.061538651200003 -1.264377505799378e-05 0.0001207307793665505
939 2.063736453600003 -1.268432325206285e-05 0.0001147133031191923
940 2.065934256000003 -1.301955650265355e-05 0.000107340015426187
941 2.068132058400003 -1.342110343550399e-05 9.766455778354241e-05
942 2.070329860800003 -1.373824070494773e-05 8.600998641427754e-05
943 2.072527663200003 -1.36953220000708e-05 7.441450630305544e-05
944 2.074725465600003 -1.314414385268883e-05 6.684425300803018e-05
945 2.076923268000003 -1.237185959468245e-05 6.545498429415584e-05
946 2.079121070400003 -1.19369777362818e-05 6.709941637303276e-05
947 2.081318872800003 -1.229314519524541e-05 6.59999541536383e-05
948 2.083516675200003 -1.25327821058662e-05 6.249979557835779e-05
949 2.085714477600003 -1.266512822279166e-05 5.870053890344919e-05
950 2.087912280000003 -1.23143434701417e-05 5.667705341202295e-05
951 2.090110082400003 -1.219698734968994e-05 5.608565709185931e-05
952 2.092307884800003 -1.207143218615428e-05 5.582761685935598e-05
953 2.094505687200003 -1.239267340696419e-05 5.412790103321618e-05
954 2.096703489600003 -1.254819281709157e-05 5.094607983682421e-05
955 2.098901292000003 -1.2739237210373e-05 4.705686865718914e-05
956 2.101099094400003 -1.255090676682842e-05 4.397025972539638e-05
957 2.103296896800003 -1.236826521936753e-05 4.206164018321067e-05
958 2.105494699200003 -1.222596313528863e-05 4.107079607167926e-05
959 2.107692501600003 -1.234391510051545e-05 3.957735551304479e-05
960 2.109890304000003 -1.259881476741999e-05 3.700170273364183e-05
961 2.112088106400003 -1.272741991299142e-05 3.328010800636814e-05
962 2.114285908800003 -1.284894907869383e-05 2.899235307093434e-05
963 2.116483711200003 -1.263806127975979e-05 2.55231164825309e-05
964 2.118681513600003 -1.232392903816178e-05 2.397569931319454e-05
965 2.120879316000003 -1.209380895883753e-05 2.447420803758069e-05
966 2.123077118400003 -1.195054971788227e-05 2.61936909399725e-05
967 2.125274920800003 -1.221235826190344e-05 2.655854842074199e-05
968 2.127472723200003 -1.229540008423385e-05 2.566744851613967e-05
969 2.129670525600003 -1.24357274087295e-05 2.381350610019763e-05
970 2.131868328000003 -1.224831177191586e-05 2.290562061253143e-05
971 2.134066130400003 -1.206471196656564e-05 2.312863313481506e-05
972 2.136263932800003 -1.193510488495224e-05 2.447032448679218e-05
973 2.138461735200003 -1.196401431928624e-05 2.540691610077608e-05
974 2.140659537600003 -1.22304370066864e-05 2.523164335601626e-05
975 2.142857340000003 -1.232151645783517e-05 2.404500835666264e-05
976 2.145055142400004 -1.245279229441237e-05 2.238163432111979e-05
977 2.147252944800004 -1.22928438646549e-05 2.140472858778143e-05
978 2.149450747200004 -1.205055352518385e-05 2.146167643311084e-05
979 2.151648549600004 -1.193433650431987e-05 2.241643062278139e-05
980 2.153846352000004 -1.1981498970723e-05 2.322232530152385e-05
981 2.156044154400004 -1.220370152369809e-05 2.344265892549316e-05
982 2.158241956800004 -1.24043591650715e-05 2.261052157649552e-05
983 2.160439759200004 -1.253323900498068e-05 2.080044347495562e-05
984 2.162637561600004 -1.237395733534348e-05 1.955776750413119e-05
985 2.164835364000004 -1.206156750913801e-05 1.958808070201383e-05
986 2.167033166400004 -1.190372344026667e-05 2.091881215040931e-05
987 2.169230968800004 -1.189159620380712e-05 2.25221169977127e-05
988 2.171428771200004 -1.212189244067202e-05 2.329567139925425e-05
989 2.173626573600004 -1.217237966938209e-05 2.32036863876364e-05
990 2.175824376000004 -1.236509245780129e-05 2.1962336393261e-05
991 2.178022178400004 -1.224525046575173e-05 2.122783924859807e-05
992 2.180219980800004 -1.208602362253948e-05 2.112486976296977e-05
993 2.182417783200004 -1.194839355720221e-05 2.20583732047298e-05
994 2.184615585600004 -1.179296716560117e-05 2.368115785555001e-05
995 2.186813388000004 -1.200117907722453e-05 2.456656097224804e-05
996 2.189011190400004 -1.219601619835533e-05 2.458488602960692e-05
997 2.191208992800004 -1.229932776294358e-05 2.363572318547875e-05
998 2.193406795200004 -1.237753734650762e-05 2.263126525410211e-05
999 2.195604597600004 -1.206452579410087e-05 2.262328367307956e-05
1000 2.197802400000004 -1.196156647093067e-05 2.347251899975861e-05
1001 2.200000202400004 -1.178317176314969e-05 2.513056436262269e-05
1002 2.202198004800004 -1.198092446521345e-05 2.608041132695045e-05
1003 2.204395807200004 -1.220014280570808e-05 2.606269430655003e-05
1004 2.206593609600004 -1.232670032895762e-05 2.504632139477797e-05
1005 2.208791412000004 -1.230244624736695e-05 2.428771045579099e-05
1006 2.210989214400004 -1.217020277963096e-05 2.397214341646272e-05
1007 2.213187016800004 -1.187352919810727e-05 2.472589426294066e-05
1008 2.215384819200004 -1.171549492438751e-05 2.648788455378101e-05
1009 2.217582621600004 -1.190434400392059e-05 2.772905833948358e-05
1010 2.219780424000004 -1.220946698585393e-05 2.804941937583259e-05
1011 2.221978226400004 -1.227769187584606e-05 2.733794555722392e-05
1012 2.224176028800004 -1.225459858545171e-05 2.664455078884989e-05
1013 2.226373831200004 -1.207949799290453e-05 2.640425319368305e-05
1014 2.228571633600004 -1.190960072006793e-05 2.713646608489492e-05
1015 2.230769436000004 -1.181217775038435e-05 2.860631167018376e-05
1016 2.232967238400004 -1.196552732027137e-05 2.965341073856756e-05
1017 2.235165040800004 -1.214374357441362e-05 3.001606558211344e-05
1018 2.237362843200004 -1.219780138377864e-05 2.963875839496191e-05
1019 2.239560645600004 -1.233377230956712e-05 2.884378466849606e-05
1020 2.241758448000004 -1.215120609780648e-05 2.857504365189845e-05
1021 2.243956250400004 -1.195469702483698e-05 2.920862779411035e-05
1022 2.246154052800004 -1.184683127018678e-05 3.061608102588321e-05
1023 2.248351855200004 -1.189231193071039e-05 3.17618641513422e-05
1024 2.250549657600004 -1.207109744995708e-05 3.247579741262315e-05
1025 2.252747460000004 -1.216512573833e-05 3.26061570430752e-05
1026 2.254945262400004 -1.225023322361585e-05 3.253370561797377e-05
1027 2.257143064800004 -1.210221948990504e-05 3.289746963221512e-05
1028 2.259340867200004 -1.18923866859419e-05 3.389392672435333e-05
1029 2.261538669600004 -1.177412387636059e-05 3.541651095339957e-05
1030 2.263736472000004 -1.18333357228403e-05 3.679676549605288e-05
1031 2.265934274400004 -1.204505384699094e-05 3.760869975601997e-05
1032 2.268132076800004 -1.220188976031986e-05 3.764485364014862e-05
1033 2.270329879200004 -1.229133734852073e-05 3.722692082608338e-05
1034 2.272527681600004 -1.213033472072073e-05 3.730517841242743e-05
1035 2.274725484000004 -1.194810278335989e-05 3.796819656382267e-05
1036 2.276923286400004 -1.182932937963071e-05 3.918108657604748e-05
1037 2.279121088800004 -1.19577072071647e-05 4.001136187591784e-05
1038 2.281318891200004 -1.209595316337888e-05 4.038589111562427e-05
1039 2.283516693600004 -1.219294156428725e-05 4.013074655197127e-05
1040 2.285714496000004 -1.228306443626384e-05 3.972670212080914e-05
1041 2.287912298400004 -1.215882716463614e-05 3.962907426170157e-05
1042 2.290110100800004 -1.200776738552774e-05 4.007075781666613e-05
1043 2.292307903200004 -1.189264254239127e-05 4.093853535334679e-05
1044 2.294505705600004 -1.183879393180507e-05 4.229764655086372e-05
1045 2.296703508000004 -1.180488632501293e-05 4.424745120900675e-05
1046 2.298901310400004 -1.181008616819693e-05 4.662478351598482e-05
1047 2.301099112800004 -1.185541465111215e-05 4.913147756022304e-05
1048 2.303296915200004 -1.18786230175439e-05 5.121813832926269e-05
1049 2.305494717600004 -1.192430837113065e-05 5.24687567220656e-05
1050 2.307692520000004 -1.192883792265631e-05 5.305771556571409e-05
1051 2.309890322400004 -1.198589296932363e-05 5.305324246095937e-05
1052 2.312088124800004 -1.205492569477577e-05 5.308636022229934e-05
1053 2.314285927200004 -1.209730631990743e-05 5.327506442048117e-05
1054 2.316483729600004 -1.209154175008924e-05 5.365405926358151e-05
1055 2.318681532000004 -1.205983627262785e-05 5.359425014350687e-05
1056 2.320879334400004 -1.216944132149272e-05 5.28790140479946e-05
1057 2.323077136800004 -1.231336908325477e-05 5.129671424353162e-05
1058 2.325274939200004 -1.247359140232521e-05 4.911860805904779e-05
1059 2.327472741600004 -1.249020776975631e-05 4.685378434941595e-05
1060 2.329670544000004 -1.237916260880104e-05 4.487344940494817e-05
1061 2.331868346400004 -1.237609944171431e-05 4.306252951362724e-05
1062 2.334066148800004 -1.239221380733784e-05 4.072690349401013e-05
1063 2.336263951200004 -1.257946054902909e-05 3.751675772322946e-05
1064 2.338461753600004 -1.26418166767378e-05 3.453387633540811e-05
1065 2.340659556000004 -1.225990532332214e-05 3.381941886072045e-05
1066 2.342857358400004 -1.20706254042039e-05 3.471803666190703e-05
1067 2.345055160800004 -1.197133865048999e-05 3.571021735121427e-05
1068 2.347252963200004 -1.216745664572871e-05 3.56369049302098e-05
1069 2.349450765600004 -1.228433231925616e-05 3.468440923586817e-05
1070 2.351648568000004 -1.228528505364804e-05 3.401045397070367e-05
1071 2.353846370400004 -1.214481380167111e-05 3.39648720386921e-05
1072 2.356044172800004 -1.204594068007402e-05 3.449376423965905e-05
1073 2.358241975200004 -1.203183962713369e-05 3.477816105719738e-05
1074 2.360439777600004 -1.217306410723596e-05 3.451267028719722e-05
1075 2.362637580000004 -1.227978716239789e-05 3.366513126535653e-05
1076 2.364835382400004 -1.237278245201089e-05 3.281258375862686e-05
1077 2.367033184800004 -1.224428688200021e-05 3.227824726673448e-05
1078 2.369230987200004 -1.211975464926585e-05 3.219811783712715e-05
1079 2.371428789600004 -1.202114186696733e-05 3.226679474438818e-05
1080 2.373626592000004 -1.209308134329938e-05 3.211879040963434e-05
1081 2.375824394400004 -1.228987535885973e-05 3.14307349974487e-05
1082 2.378022196800004 -1.237428156083745e-05 3.035754502971324e-05
1083 2.380219999200004 -1.235949151041124e-05 2.932203244745472e-05
1084 2.382417801600004 -1.22565342161367e-05 2.850129878900078e-05
1085 2.384615604000004 -1.218871303181754e-05 2.786556257993275e-05
1086 2.386813406400004 -1.218480428698384e-05 2.703545048551078e-05
1087 2.389011208800004 -1.229285751674972e-05 2.594308764660361e-05
1088 2.391209011200004 -1.239214789215723e-05 2.45159810770535e-05
1089 2.393406813600004 -1.248210379057574e-05 2.305035433555843e-05
1090 2.395604616000004 -1.239591063015673e-05 2.189832324867225e-05
1091 2.397802418400004 -1.22322417353438e-05 2.117205582088075e-05
1092 2.400000220800004 -1.21222325304596e-05 2.075081704487316e-05
1093 2.402198023200004 -1.217599307114122e-05 2.024156033519578e-05
1094 2.404395825600004 -1.231487536816883e-05 1.945522158854354e-05
1095 2.406593628000004 -1.23821111361838e-05 1.840366234677722e-05
1096 2.408791430400004 -1.242674999154725e-05 1.732745889929714e-05
1097 2.410989232800004 -1.228344592517985e-05 1.665752776474479e-05
1098 2.413187035200004 -1.219042878519516e-05 1.639100603473579e-05
1099 2.415384837600004 -1.208039598578985e-05 1.634135355541744e-05
1100 2.417582640000004 -1.214441148986104e-05 1.610588126398683e-05
1101 2.419780442400004 -1.225926218951273e-05 1.558312922308489e-05
1102 2.421978244800004 -1.236728827344774e-05 1.481653036120427e-05
1103 2.424176047200004 -1.236390430356933e-05 1.415617349401161e-05
1104 2.426373849600004 -1.236076363255241e-05 1.336154031975141e-05
1105 2.428571652000004 -1.236975799745553e-05 1.231365713836974e-05
1106 2.430769454400004 -1.242436082978817e-05 1.038560764868284e-05
1107 2.432967256800004 -1.251237429311802e-05 7.581639933321138e-06
1108 2.435165059200004 -1.260187828884666e-05 4.821620111303657e-06
1109 2.437362861600004 -1.251857394167371e-05 2.635349917710228e-06
1110 2.439560664000004 -1.23642422122915e-05 1.256315269130657e-06
1111 2.441758466400004 -1.234330989009376e-05 1.199521616850729e-08
1112 2.443956268800004 -1.303124416539876e-05 -1.521682383265727e-06
1113 2.446154071200004 -1.756397786833775e-05 -3.065449309636375e-07
1114 2.448351873600004 -2.278541308381694e-05 1.899381796026655e-06
1115 2.450549676000004 -2.642118987323084e-05 2.97791873215985e-06
1116 2.452747478400004 -2.850419466937196e-05 3.248661696475429e-06
1117 2.454945280800004 -3.130885064853919e-05 3.124615377199617e-06
1118 2.457143083200004 -3.502055468699588e-05 3.069362929739106e-06
1119 2.459340885600004 -3.969223618133297e-05 3.048510366974141e-06
1120 2.461538688000004 -4.523701664052782e-05 3.016507180139837e-06
1121 2.463736490400004 -5.102539219419201e-05 3.15885392694667e-06
1122 2.465934292800004 -5.704304009200522e-05 3.084590570916477e-06
1123 2.468132095200004 -6.303565044000013e-05 3.015615496238421e-06
1124 2.470329897600004 -6.929350537423449e-05 2.845637696933953e-06
1125 2.472527700000004 -7.634762824408645e-05 2.521941158179122e-06
1126 2.474725502400004 -8.487265349603929e-05 2.189556575306349e-06
1127 2.476923304800004 -9.440980177258902e-05 2.070719006350673e-06
1128 2.479121107200004 -0.0001039193771234348 2.169952974622594e-06
1129 2.481318909600004 -0.0001108391317693252 3.903693225803915e-06
1130 2.483516712000004 -0.0001161812679134424 3.275028810195247e-06
1131 2.485714514400004 -0.0001177491688848379 3.378412801717468e-06
1132 2.487912316800004 -0.0001178986423558413 3.359937173343941e-06
1133 2.490110119200004 -0.0001199623326061599 2.784389555429558e-06
1134 2.492307921600004 -0.0001239665351180739 2.656681080587224e-06
1135 2.494505724000004 -0.0001293040597013592 2.570897279091225e-06
1136 2.496703526400004 -0.0001338076789868893 3.043058306235943e-06
1137 2.498901328800004 -0.0001346949449427707 4.675929228636539e-06
1138 2.501099131200004 -0.0001328169398279951 4.081135147067035e-06
1139 2.503296933600004 -0.0001268784994632467 4.146698186237591e-06
1140 2.505494736000004 -0.0001215355095835767 3.459219737356464e-06
1141 2.507692538400004 -0.0001206513966088107 2.745160423546983e-06
1142 2.509890340800004 -0.000123107395111961 3.109741825603442e-06
1143 2.512088143200004 -0.0001226384820200794 4.698168625497142e-06
1144 2.514285945600004 -0.0001206713209154741 4.171153444665876e-06
1145 2.516483748000004 -0.0001192677581916285 3.40893692087306e-06
1146 2.518681550400004 -0.0001244147381659857 2.04191194176237e-06
1147 2.520879352800004 -0.0001347883270272238 1.638329785076205e-06
1148 2.523077155200004 -0.0001419563502235067 3.003559025173462e-06
1149 2.525274957600004 -0.0001444652824899343 3.622023747405691e-06
1150 2.527472760000004 -0.0001419821687932063 3.786269340191406e-06
1151 2.529670562400004 -0.0001407039840820193 3.208510486692039e-06
1152 2.531868364800004 -0.0001418880964732639 2.356291603800536e-06
1153 2.534066167200004 -0.0001462648874124771 2.075774385482597e-06
1154 2.536263969600004 -0.0001525963489560662 2.280876224984518e-06
1155 2.538461772000004 -0.0001571081174704587 3.077850553221293e-06
1156 2.540659574400004 -0.0001574715223855657 3.759134637247227e-06
1157 2.542857376800004 -0.0001536215788094516 3.902554950542533e-06
1158 2.545055179200004 -0.000148580338497362 3.643572576775876e-06
1159 2.547252981600004 -0.0001470411126609907 2.626598386741137e-06
1160 2.549450784000004 -0.0001482628435735847 2.834325332665173e-06
1161 2.551648586400004 -0.0001521464125093324 2.71361273292839e-06
1162 2.553846388800004 -0.0001543657316787579 3.377194940552981e-06
1163 2.556044191200004 -0.0001511102580709877 4.834222321692524e-06
1164 2.558241993600004 -0.0001455014475031087 4.142151825871738e-06
1165 2.560439796000004 -0.0001422712797505319 3.22900270825541e-06
1166 2.562637598400004 -0.0001458075626546859 1.754394635383728e-06
1167 2.564835400800004 -0.0001539254847452186 1.65762445857204e-06
1168 2.567033203200004 -0.0001594868599005611 3.534395890260404e-06
1169 2.569231005600004 -0.0001603781425690468 3.86909379658611e-06
1170 2.571428808000004 -0.0001556517118094556 3.959882513535621e-06
1171 2.573626610400004 -0.0001511339121749352 3.430193186790093e-06
1172 2.575824412800004 -0.0001520167369626051 2.355640009171465e-06
1173 2.578022215200004 -0.000158024211972038 2.054362237359448e-06
1174 2.580220017600004 -0.0001619430871065301 3.473484808214328e-06
1175 2.582417820000004 -0.0001604912059507515 4.446163280076257e-06
1176 2.584615622400004 -0.0001550837650388085 3.960357565929456e-06
1177 2.586813424800004 -0.0001504180639024873 3.369356915919176e-06
1178 2.589011227200004 -0.0001495452914985639 2.425240768352581e-06
1179 2.591209029600004 -0.000151802617338395 2.590272751629782e-06
1180 2.593406832000004 -0.0001548140270798038 3.057255520531569e-06
1181 2.595604634400004 -0.0001558284202957738 3.596900204143902e-06
1182 2.597802436800004 -0.0001523762859417026 4.198559379238307e-06
1183 2.600000239200004 -0.0001466477847016725 3.96966850459157e-06
1184 2.602198041600004 -0.0001426725574736604 2.937468774293082e-06
1185 2.604395844000004 -0.0001429315711164994 2.394241934887136e-06
1186 2.606593646400004 -0.0001481641017369412 2.211200118900853e-06
1187 2.608791448800004 -0.0001532253767215408 2.878786535307808e-06
1188 2.610989251200004 -0.0001552722469316713 4.179463000235511e-06
1189 2.613187053600004 -0.0001521959913451644 4.301775850580929e-06
1190 2.615384856000004 -0.000145916144219214 4.1153458036409e-06
1191 2.617582658400004 -0.0001422636147157333 3.064824123498015e-06
1192 2.619780460800004 -0.0001423581709159242 2.710078856401024e-06
1193 2.621978263200004 -0.0001457631992724399 2.540777593699811e-06
1194 2.624176065600004 -0.0001491891497991666 3.069322732470163e-06
1195 2.626373868000004 -0.0001474826753239885 4.198678447924639e-06
1196 2.628571670400004 -0.0001411964520184504 4.180255023272127e-06
1197 2.630769472800004 -0.0001358786262809223 3.299436118686324e-06
1198 2.632967275200004 -0.0001327692372105624 2.451592405924899e-06
1199 2.635165077600004 -0.0001329522521043239 2.605546636259162e-06
1200 2.637362880000004 -0.0001363307004076438 2.720784914007217e-06
1201 2.639560682400004 -0.0001371763033949276 3.983560548321374e-06
1202 2.641758484800004 -0.0001345874981825282 4.3064577083156e-06
1203 2.643956287200004 -0.000127922012354614 4.299531772725342e-06
1204 2.646154089600004 -0.0001220628482188189 3.664809722192588e-06
1205 2.648351892000004 -0.0001219702277649024 2.713131642212046e-06
1206 2.650549694400004 -0.0001263390387701623 2.670487085778384e-06
1207 2.652747496800004 -0.0001276552514947296 3.853958467466111e-06
1208 2.654945299200004 -0.0001254185848343418 4.021614938267181e-06
1209 2.657143101600004 -0.000121132490332838 4.03207056790732e-06
1210 2.659340904000004 -0.0001178659621264792 3.374077939635253e-06
1211 2.661538706400004 -0.0001167252810065401 2.954007499067591e-06
1212 2.663736508800004 -0.0001178203755016046 3.016763078414525e-06
1213 2.665934311200004 -0.0001198958211230462 3.167907221942303e-06
1214 2.668132113600004 -0.0001197726413625395 3.904833370085874e-06
1215 2.670329916000004 -0.0001167784896803059 4.146931439407103e-06
1216 2.672527718400004 -0.0001112706950307609 4.082019264113861e-06
1217 2.674725520800004 -0.0001069819131930287 3.564346679106987e-06
1218 2.676923323200004 -0.0001054875440669925 3.095935796241961e-06
1219 2.679121125600004 -0.0001069785053587708 3.125834888739908e-06
1220 2.681318928000004 -0.0001081381679606082 3.789419576045699e-06
1221 2.683516730400004 -0.0001076181791315717 4.486883653955341e-06
1222 2.685714532800004 -0.0001038366019575425 4.616228162589496e-06
1223 2.687912335200004 -9.711650323993411e-05 4.420470962784196e-06
1224 2.690110137600005 -9.268094420052954e-05 3.662798380182113e-06
1225 2.692307940000005 -9.278089391815638e-05 2.968033407738636e-06
1226 2.694505742400005 -9.660557583600113e-05 2.985822354491707e-06
1227 2.696703544800005 -9.846086355942768e-05 3.997658906350948e-06
1228 2.698901347200005 -9.750841977600607e-05 4.098349621056362e-06
1229 2.701099149600005 -9.333842746766559e-05 4.171968053851206e-06
1230 2.703296952000005 -8.94802567885296e-05 3.682004636999293e-06
1231 2.705494754400005 -8.77823407447303e-05 3.188991507114827e-06
1232 2.707692556800005 -8.840132814899505e-05 3.232957669397279e-06
1233 2.709890359200005 -8.95639681933366e-05 3.719434111546954e-06
1234 2.712088161600005 -8.920033962578241e-05 4.034956601925248e-06
1235 2.714285964000005 -8.618817988346909e-05 4.192116771830006e-06
1236 2.716483766400005 -8.156643788842627e-05 4.130594923164686e-06
1237 2.718681568800005 -7.789912818136019e-05 3.718511575522269e-06
1238 2.720879371200005 -7.626573952993672e-05 3.402696950024796e-06
1239 2.723077173600005 -7.618004255167664e-05 3.527572396033862e-06
1240 2.725274976000005 -7.568865693830001e-05 3.956155966681288e-06
1241 2.727472778400005 -7.359684986046876e-05 4.452393138616672e-06
1242 2.729670580800005 -6.95075984509602e-05 4.439369814024978e-06
1243 2.731868383200005 -6.367672385801711e-05 4.357663596976748e-06
1244 2.734066185600005 -6.088743743663974e-05 3.631052843339411e-06
1245 2.736263988000005 -6.215050489230606e-05 3.079656912045152e-06
1246 2.738461790400005 -6.662761071096293e-05 3.061806384791158e-06
1247 2.740659592800005 -6.87931805032797e-05 3.846702370436989e-06
1248 2.742857395200005 -6.765610072577629e-05 4.188666705572545e-06
1249 2.745055197600005 -6.422736501362056e-05 4.094676376086879e-06
1250 2.747253000000005 -6.16457160117427e-05 3.49783017281474e-06
1251 2.749450802400005 -6.046824882148612e-05 3.414684526907803e-06
1252 2.751648604800005 -6.086983713972077e-05 3.495310136368086e-06
1253 2.753846407200005 -6.066824022863891e-05 3.929057040165642e-06
1254 2.756044209600005 -5.809243357510922e-05 4.389097735543405e-06
1255 2.758242012000005 -5.246783830781775e-05 4.443714552015899e-06
1256 2.760439814400005 -4.645257086311892e-05 4.126340079053397e-06
1257 2.762637616800005 -4.153486334820157e-05 3.53037619193651e-06
1258 2.764835419200005 -3.705073209675467e-05 2.708111574520643e-06
1259 2.767033221600005 -2.952818368598297e-05 4.205375576991894e-07
1260 2.769231024000005 -1.951812139810289e-05 -3.712735428631847e-06
