"tvpg"
"Time Step" "flow-time etc.."
("Time Step" "flow-time" "report-tvpg")
1 0.0021978024 -4631.034444339079
2 0.0043956048 -156.6563617746124
3 0.0065934072 367.4032658774136
4 0.008791209600000001 -221.3666713515145
5 0.010989012 -67.56695184351156
6 0.0131868144 -27.49223296102605
7 0.0153846168 -34.59630723882401
8 0.0175824192 -34.21973112823957
9 0.0197802216 -30.47132129935972
10 0.021978024 -26.59245524671837
11 0.0241758264 -23.35302032714935
12 0.0263736288 -21.25645082868027
13 0.0285714312 -19.74736128146446
14 0.0307692336 -17.94040833146028
15 0.03296703600000001 -14.7348609402552
16 0.0351648384 -10.16722349697193
17 0.0373626408 -5.031681463614859
18 0.0395604432 -0.3637063539590599
19 0.04175824559999999 2.101417213287959
20 0.04395604799999999 1.07109235944813
21 0.04615385039999999 -0.1227561804291781
22 0.04835165279999998 -20.14109838936179
23 0.05054945519999998 -63.33425088655645
24 0.05274725759999998 -90.77407436645262
25 0.05494505999999998 -79.53931699234045
26 0.05714286239999997 -54.48234951163931
27 0.05934066479999997 -38.61573978023307
28 0.06153846719999997 -46.58890955856259
29 0.06373626959999996 -56.92083050332303
30 0.06593407199999997 -62.97958142058178
31 0.06813187439999997 -58.20467388388261
32 0.07032967679999998 -43.98638141925198
33 0.07252747919999998 -31.6450055225996
34 0.07472528159999998 -28.02061866005897
35 0.07692308399999999 -32.05422304542685
36 0.07912088639999999 -40.05800136847211
37 0.0813186888 -42.78059151947036
38 0.0835164912 -30.44109744802381
39 0.0857142936 -16.29620744583531
40 0.08791209600000001 -7.142492642869684
41 0.09010989840000001 -8.868012837353717
42 0.09230770080000002 -77.05148762979525
43 0.09450550320000002 -207.9613035369385
44 0.09670330560000003 -208.1204089089343
45 0.09890110800000003 -157.7678606597146
46 0.1010989104 -118.611957203299
47 0.1032967128 -111.3621534231818
48 0.1054945152 -111.6564180810792
49 0.1076923176 -111.8268771788071
50 0.10989012 -94.83737243679047
51 0.1120879224000001 -68.18634973954454
52 0.1142857248000001 -38.08722977063621
53 0.1164835272000001 -17.92090967481317
54 0.1186813296000001 -7.140930780802137
55 0.1208791320000001 -4.819756835172029
56 0.1230769344000001 -3.733208038370776
57 0.1252747368000001 6.710000859959337
58 0.1274725392000001 38.63119468698983
59 0.1296703416000001 74.37536103145271
60 0.1318681440000001 79.86701817367407
61 0.1340659464000001 80.32689622716202
62 0.1362637488000001 -21.72353619393357
63 0.1384615512000001 -156.5081146774704
64 0.1406593536000001 -170.0707468849562
65 0.1428571560000001 -106.7845683169162
66 0.1450549584000001 -49.20573495594613
67 0.1472527608000001 -28.27555731451275
68 0.1494505632000001 -29.47133468309698
69 0.1516483656000001 -33.50299751229886
70 0.1538461680000001 -14.21778200183553
71 0.1560439704000001 24.49205343636982
72 0.1582417728000001 70.55251960954092
73 0.1604395752000001 103.1139877128719
74 0.1626373776000001 110.3155063659292
75 0.1648351800000001 112.5346340138869
76 0.1670329824000001 116.8080088235465
77 0.1692307848000001 146.3261427951547
78 0.1714285872000001 192.1071060352201
79 0.1736263896000002 213.4307902420617
80 0.1758241920000002 219.9000633929338
81 0.1780219944000002 230.09223850237
82 0.1802197968000002 150.8701863099616
83 0.1824175992000002 18.41369394924982
84 0.1846154016000002 -29.00117723597259
85 0.1868132040000002 35.17057409413883
86 0.1890110064000002 78.31205106039715
87 0.1912088088000002 84.79046582886099
88 0.1934066112000002 69.77776996057037
89 0.1956044136000002 59.70471207953119
90 0.1978022160000002 69.42897971404932
91 0.2000000184000002 99.37517325267345
92 0.2021978208000002 131.8248285458747
93 0.2043956232000002 149.0397658631539
94 0.2065934256000002 139.5933416856244
95 0.2087912280000002 131.2292880387615
96 0.2109890304000002 136.6145494960106
97 0.2131868328000002 156.6913896060828
98 0.2153846352000002 185.0553825532008
99 0.2175824376000002 209.260380231291
100 0.2197802400000002 213.9995298966587
101 0.2219780424000002 208.0541583292497
102 0.2241758448000002 140.0490360154083
103 0.2263736472000002 31.21698358708068
104 0.2285714496000003 -6.458751174225654
105 0.2307692520000003 44.06936793629006
106 0.2329670544000003 74.81098900349934
107 0.2351648568000003 67.62311449221534
108 0.2373626592000003 45.5487519571393
109 0.2395604616000003 29.23193225369118
110 0.2417582640000003 38.84446138172507
111 0.2439560664000003 51.87848547699787
112 0.2461538688000003 69.29578916814989
113 0.2483516712000003 83.12809275257632
114 0.2505494736000003 71.63069360087707
115 0.2527472760000003 58.73217572035105
116 0.2549450784000003 50.98689557684247
117 0.2571428808000003 59.51380019635644
118 0.2593406832000003 74.08098129664199
119 0.2615384856000003 88.2158234765202
120 0.2637362880000003 91.64943186500705
121 0.2659340904000003 85.00558001203945
122 0.2681318928000003 52.87064950675722
123 0.2703296952000003 6.077290871951845
124 0.2725274976000003 -13.74011453293156
125 0.2747253000000003 9.230608778423857
126 0.2769231024000003 27.17634433173657
127 0.2791209048000003 34.41370675418671
128 0.2813187072000004 21.53763453369493
129 0.2835165096000004 9.209515455610017
130 0.2857143120000004 1.687479902572022
131 0.2879121144000004 -3.954425479364545
132 0.2901099168000004 5.087823716827188
133 0.2923077192000004 17.20898398211989
134 0.2945055216000004 27.97204331348917
135 0.2967033240000004 23.77017800712588
136 0.2989011264000004 14.02254345321626
137 0.3010989288000004 -0.7347303776357421
138 0.3032967312000004 -11.952568507455
139 0.3054945336000004 0.205184811988147
140 0.3076923360000004 15.41207228032431
141 0.3098901384000004 25.55321111122862
142 0.3120879408000004 21.44204907641529
143 0.3142857432000004 13.06071582165873
144 0.3164835456000004 0.01180402150384907
145 0.3186813480000004 -9.047477794261113
146 0.3208791504000004 -0.02052430273533901
147 0.3230769528000004 14.13249731703308
148 0.3252747552000004 22.09635124450369
149 0.3274725576000004 15.51225148063986
150 0.3296703600000004 3.898902832974954
151 0.3318681624000004 -10.00901360044622
152 0.3340659648000004 -17.50312883216043
153 0.3362637672000005 -5.917252090815737
154 0.3384615696000005 6.029732995994436
155 0.3406593720000005 13.17936837842421
156 0.3428571744000005 6.879834748086068
157 0.3450549768000005 -5.766401005910893
158 0.3472527792000005 -17.36677565967034
159 0.3494505816000005 -22.4302354001652
160 0.3516483840000005 -14.31405219117596
161 0.3538461864000005 -3.195883938631823
162 0.3560439888000005 6.800180720522803
163 0.3582417912000005 8.665304692193104
164 0.3604395936000005 -6.071474095245549
165 0.3626373960000005 -18.0445331479923
166 0.3648351984000005 -16.10552550816874
167 0.3670330008000005 -0.09924691033029376
168 0.3692308032000005 12.91566388531487
169 0.3714286056000005 12.54546472693164
170 0.3736264080000005 -1.392840005503558
171 0.3758242104000005 -13.85441826744227
172 0.3780220128000005 -13.77018830339671
173 0.3802198152000005 -2.616779737373236
174 0.3824176176000005 9.269016220657022
175 0.3846154200000005 12.58120192214869
176 0.3868132224000005 5.48415183434804
177 0.3890110248000005 -7.350699427301379
178 0.3912088272000006 -13.84920102916112
179 0.3934066296000006 -4.719494124993389
180 0.3956044320000006 6.4986032764416
181 0.3978022344000006 12.55217963184123
182 0.4000000368000006 5.632321366598035
183 0.4021978392000006 -9.966621677975809
184 0.4043956416000006 -21.10905736546738
185 0.4065934440000006 -15.85982701072771
186 0.4087912464000006 -4.558853723671518
187 0.4109890488000006 4.412210795164583
188 0.4131868512000006 3.798825750578317
189 0.4153846536000006 -5.403936323742982
190 0.4175824560000006 -12.97302380006431
191 0.4197802584000006 -11.62822409507589
192 0.4219780608000006 -4.082443866269841
193 0.4241758632000006 4.382558777440863
194 0.4263736656000006 6.365528803067718
195 0.4285714680000006 0.791050046640521
196 0.4307692704000006 -7.347259525175559
197 0.4329670728000006 -9.643373952511411
198 0.4351648752000006 -3.769121530054917
199 0.4373626776000006 4.635464560611126
200 0.4395604800000006 9.480623114322725
201 0.4417582824000006 6.725268920290091
202 0.4439560848000006 -8.873357470412429
203 0.4461538872000007 -34.10154280905135
204 0.4483516896000007 -42.81840239716439
205 0.4505494920000007 -22.42338990839357
206 0.4527472944000007 -6.045682510200322
207 0.4549450968000007 -2.938515674639348
208 0.4571428992000007 -9.26308887453979
209 0.4593407016000007 -14.23737624248974
210 0.4615385040000007 -10.50295883831495
211 0.4637363064000007 -1.698496436145888
212 0.4659341088000007 10.89574605064308
213 0.4681319112000007 19.14503081693579
214 0.4703297136000007 17.69893064295456
215 0.4725275160000007 13.16347960889379
216 0.4747253184000007 11.11970282896937
217 0.4769231208000007 17.57242707626324
218 0.4791209232000007 29.03706635790491
219 0.4813187256000007 38.94116362912973
220 0.4835165280000007 40.99453361496398
221 0.4857143304000007 37.4531705009656
222 0.4879121328000007 23.12651997116177
223 0.4901099352000007 -2.447274784917454
224 0.4923077376000007 -15.05889703083653
225 0.4945055400000007 -2.306634657347786
226 0.4967033424000007 7.36026676392612
227 0.4989011448000008 12.36000797090765
228 0.5010989472000007 7.106115245926503
229 0.5032967496000007 0.9328710807285461
230 0.5054945520000007 -3.111048019977261
231 0.5076923544000007 -0.02002150156931748
232 0.5098901568000007 6.543381359335854
233 0.5120879592000007 12.77462470724686
234 0.5142857616000007 15.27954162648734
235 0.5164835640000007 12.05046575358438
236 0.5186813664000007 7.523124486489451
237 0.5208791688000007 3.836587674118164
238 0.5230769712000007 6.82036345602296
239 0.5252747736000007 13.0558967638076
240 0.5274725760000007 18.71097299776329
241 0.5296703784000008 19.56439698994041
242 0.5318681808000008 20.54948512728402
243 0.5340659832000008 22.59772588134592
244 0.5362637856000008 23.17073885505079
245 0.5384615880000008 23.38252470826706
246 0.5406593904000008 23.61253902815588
247 0.5428571928000008 23.30636117477047
248 0.5450549952000008 20.04674458980026
249 0.5472527976000008 14.74442027265286
250 0.5494506000000008 9.774717424176742
251 0.5516484024000008 8.196885597612891
252 0.5538462048000008 11.5041925173673
253 0.5560440072000008 13.57951303504046
254 0.5582418096000008 10.84605631097111
255 0.5604396120000008 5.703798341633728
256 0.5626374144000008 -0.2123489805860572
257 0.5648352168000008 -3.942337748682576
258 0.5670330192000008 -3.046852696921633
259 0.5692308216000008 -0.03716072179463481
260 0.5714286240000008 0.9639605369181936
261 0.5736264264000008 -2.303851110591722
262 0.5758242288000008 -16.26581667194682
263 0.5780220312000008 -29.38078726703111
264 0.5802198336000008 -16.35693524964722
265 0.5824176360000008 0.3120322217550893
266 0.5846154384000009 -1.932112151287811
267 0.5868132408000009 -9.870560608613687
268 0.5890110432000009 -12.52690025159518
269 0.5912088456000009 -3.001799006694682
270 0.5934066480000009 9.771775582705914
271 0.5956044504000009 15.00298107211574
272 0.5978022528000009 28.61206458104289
273 0.6000000552000009 59.08041154636385
274 0.6021978576000009 58.33667682331111
275 0.6043956600000009 56.27386760460377
276 0.6065934624000009 74.39625814308965
277 0.6087912648000009 89.71609360279211
278 0.6109890672000009 106.4570211647903
279 0.6131868696000009 122.9455757675729
280 0.6153846720000009 141.1201913180955
281 0.6175824744000009 160.0579916864777
282 0.6197802768000009 165.3173029916744
283 0.6219780792000009 159.141266163972
284 0.6241758816000009 158.4547447505307
285 0.6263736840000009 164.7521808724007
286 0.6285714864000009 153.3399369876793
287 0.6307692888000009 122.8390023553343
288 0.6329670912000009 87.96422856996787
289 0.6351648936000009 64.18340746009244
290 0.637362696000001 55.10313216812062
291 0.639560498400001 62.76001609977379
292 0.641758300800001 77.53889407276171
293 0.643956103200001 85.94289616632534
294 0.646153905600001 82.02296522718484
295 0.648351708000001 59.67653798936419
296 0.650549510400001 15.4928593447226
297 0.652747312800001 -22.55077660778466
298 0.654945115200001 -58.88908053632287
299 0.657142917600001 -41.39435441840561
300 0.659340720000001 -18.58745691352979
301 0.661538522400001 -0.8938388489791294
302 0.663736324800001 33.27424556528638
303 0.665934127200001 97.52511123138152
304 0.668131929600001 145.0721115547262
305 0.670329732000001 148.464925424955
306 0.672527534400001 112.5033903319028
307 0.674725336800001 73.70330135084339
308 0.676923139200001 47.03172117632261
309 0.679120941600001 42.33067746072538
310 0.681318744000001 48.369377939591
311 0.683516546400001 67.90132619060444
312 0.685714348800001 102.9605121219079
313 0.687912151200001 121.3389505052979
314 0.690109953600001 77.21280286822196
315 0.6923077560000011 27.22193719019475
316 0.6945055584000011 -13.0486824573188
317 0.6967033608000011 -28.18238830682965
318 0.6989011632000011 -3.782611900550542
319 0.7010989656000011 30.04457069670678
320 0.7032967680000011 65.10603402103618
321 0.7054945704000011 60.50344843890332
322 0.7076923728000011 48.23728861758411
323 0.7098901752000011 46.73364176848582
324 0.7120879776000011 52.13670752002935
325 0.7142857800000011 45.87717074849576
326 0.7164835824000011 51.66110190550762
327 0.7186813848000011 80.87051502976908
328 0.7208791872000011 120.3576293110788
329 0.7230769896000011 129.2032231754765
330 0.7252747920000011 73.96073007647465
331 0.7274725944000011 15.91535654845035
332 0.7296703968000011 -24.60090374816932
333 0.7318681992000011 -41.73617222046556
334 0.7340660016000011 26.85590530176393
335 0.7362638040000011 89.50427298822603
336 0.7384616064000011 87.44862319403774
337 0.7406594088000011 47.68429345785853
338 0.7428572112000011 -15.06532548269837
339 0.7450550136000011 -79.99883120586502
340 0.7472528160000012 -70.83075357376418
341 0.7494506184000012 -1.905647919100346
342 0.7516484208000012 72.06001614033323
343 0.7538462232000012 105.5066149015074
344 0.7560440256000012 85.72994283736398
345 0.7582418280000012 31.71602710331206
346 0.7604396304000012 -25.02198321303365
347 0.7626374328000012 -52.48627999096857
348 0.7648352352000012 -12.46594121520116
349 0.7670330376000012 38.43348530327899
350 0.7692308400000012 93.37646066105401
351 0.7714286424000012 93.72156191628835
352 0.7736264448000012 17.61718063018952
353 0.7758242472000012 -54.0637806185336
354 0.7780220496000012 -63.24896532283174
355 0.7802198520000012 -14.97132162487129
356 0.7824176544000012 32.94603374724699
357 0.7846154568000012 67.02241111232092
358 0.7868132592000012 47.61496278397749
359 0.7890110616000012 14.05074410157562
360 0.7912088640000012 -38.59748145897101
361 0.7934066664000012 -105.5969834428631
362 0.7956044688000012 -65.96618299901081
363 0.7978022712000012 44.30396308320132
364 0.8000000736000012 121.0431372112772
365 0.8021978760000013 48.78233172820251
366 0.8043956784000013 -12.80901050301526
367 0.8065934808000013 -66.25389842689151
368 0.8087912832000013 -47.68463431915168
369 0.8109890856000013 -13.88718690317489
370 0.8131868880000013 37.24579283121557
371 0.8153846904000013 82.59056660073907
372 0.8175824928000013 39.00776053658444
373 0.8197802952000013 -26.36665973821553
374 0.8219780976000013 -84.75611299566046
375 0.8241759000000013 -74.90772981028863
376 0.8263737024000013 -32.3600812294791
377 0.8285715048000013 22.42690922950766
378 0.8307693072000013 51.27823851110264
379 0.8329671096000013 5.204219457974773
380 0.8351649120000013 -51.13324119902946
381 0.8373627144000013 -112.0758461253735
382 0.8395605168000013 -58.66050453098009
383 0.8417583192000013 11.33746234952267
384 0.8439561216000013 74.91259426327662
385 0.8461539240000013 49.58842089272036
386 0.8483517264000013 11.08426308494654
387 0.8505495288000013 -35.88036354560532
388 0.8527473312000013 -75.01993892930528
389 0.8549451336000014 -38.48788671309198
390 0.8571429360000014 4.000017050638903
391 0.8593407384000014 41.13031248864638
392 0.8615385408000014 23.91873565254195
393 0.8637363432000014 -27.53700340165505
394 0.8659341456000014 -86.83994344903039
395 0.8681319480000014 -85.84050453240127
396 0.8703297504000014 -37.56347147622192
397 0.8725275528000014 7.622136866208024
398 0.8747253552000014 6.993577534584887
399 0.8769231576000014 -40.45596965282014
400 0.8791209600000014 -87.28973032580689
401 0.8813187624000014 -101.5084646032372
402 0.8835165648000014 -36.6795783701277
403 0.8857143672000014 44.46261349981177
404 0.8879121696000014 105.624490645381
405 0.8901099720000014 43.21893479656029
406 0.8923077744000014 -18.95229836909562
407 0.8945055768000014 -60.25263939843757
408 0.8967033792000014 -40.01506828770843
409 0.8989011816000014 -10.49298055502264
410 0.9010989840000014 17.80368328086456
411 0.9032967864000014 -12.26716951243381
412 0.9054945888000014 -62.72982333001877
413 0.9076923912000014 -116.4502512904242
414 0.9098901936000015 -111.1434177790101
415 0.9120879960000015 -90.22758730983639
416 0.9142857984000015 -71.29405680746311
417 0.9164836008000015 -79.79197994020066
418 0.9186814032000015 -134.3517600234354
419 0.9208792056000015 -182.8887358998817
420 0.9230770080000015 -168.5966278301997
421 0.9252748104000015 -83.46904968642161
422 0.9274726128000015 -158.9006216275914
423 0.9296704152000015 0.151256662254923
424 0.9318682176000015 -21.49348316171722
425 0.9340660200000015 -16.14144413580971
426 0.9362638224000015 -29.26096685656694
427 0.9384616248000015 -48.51269619672303
428 0.9406594272000015 -62.62114514079076
429 0.9428572296000015 -53.52799041278126
430 0.9450550320000015 -28.49697286993705
431 0.9472528344000015 -6.071820271261004
432 0.9494506368000015 -8.315638829109957
433 0.9516484392000015 -21.57894232147555
434 0.9538462416000015 -33.26267348382453
435 0.9560440440000015 -34.10755614799018
436 0.9582418464000015 -21.70022304279291
437 0.9604396488000015 -4.696047059171633
438 0.9626374512000015 8.419361100731521
439 0.9648352536000016 7.075520782455897
440 0.9670330560000016 -0.8779253599548156
441 0.9692308584000016 -9.170608649478027
442 0.9714286608000016 -13.60653218959715
443 0.9736264632000016 -24.1861076641585
444 0.9758242656000016 -49.67110961225808
445 0.9780220680000016 -76.80290289745835
446 0.9802198704000016 -86.28264301093691
447 0.9824176728000016 -70.4195098460234
448 0.9846154752000016 -52.53022458525197
449 0.9868132776000016 -42.25431783380213
450 0.9890110800000016 -45.71082402745765
451 0.9912088824000016 -52.20665107259219
452 0.9934066848000016 -57.07693358455299
453 0.9956044872000016 -55.66048299424551
454 0.9978022896000016 -46.02376014911647
455 1.000000092000002 -35.35334605792809
456 1.002197894400002 -26.70243048933298
457 1.004395696800002 -25.42357066582645
458 1.006593499200002 -27.75315453522626
459 1.008791301600002 -32.47096951842786
460 1.010989104000002 -35.18218652057476
461 1.013186906400002 -28.71068406467202
462 1.015384708800002 -19.86309831874587
463 1.017582511200002 -54.54216493349486
464 1.019780313600002 -181.7037101432669
465 1.021978116000002 -238.3949958343964
466 1.024175918400002 -165.3969915309109
467 1.026373720800002 -106.1798318016413
468 1.028571523200002 -98.01301225122984
469 1.030769325600002 -108.3456027974842
470 1.032967128000002 -121.5281102932356
471 1.035164930400002 -112.313798679749
472 1.037362732800002 -82.89114037767854
473 1.039560535200002 -35.26785070214896
474 1.041758337600002 1.683668576341233
475 1.043956140000002 5.837312370051222
476 1.046153942400002 -0.1497631434499453
477 1.048351744800002 -8.7309887295728
478 1.050549547200002 -8.700764113412561
479 1.052747349600002 12.1761303293415
480 1.054945152000002 56.96702844896072
481 1.057142954400002 100.605107941838
482 1.059340756800002 109.137003656962
483 1.061538559200002 -18.69848676433185
484 1.063736361600002 -168.498602931926
485 1.065934164000002 -181.1057550736423
486 1.068131966400002 -106.4343502869568
487 1.070329768800002 -37.54160853132726
488 1.072527571200002 -18.52533696336604
489 1.074725373600002 -28.07241581843823
490 1.076923176000002 -41.13257202017689
491 1.079120978400002 -25.88883483188033
492 1.081318780800002 13.0605443479883
493 1.083516583200002 67.80055153491594
494 1.085714385600002 113.6778691513935
495 1.087912188000002 125.5772433597649
496 1.090109990400002 118.0039849133716
497 1.092307792800002 113.9277242674029
498 1.094505595200002 124.9411629930757
499 1.096703397600002 169.2954930175342
500 1.098901200000002 220.3849355850666
501 1.101099002400002 247.0610492524447
502 1.103296804800002 251.4095906691464
503 1.105494607200002 142.0272868193229
504 1.107692409600002 -0.450798830965141
505 1.109890212000002 -32.2347785310003
506 1.112088014400002 39.97313581712456
507 1.114285816800002 93.04794672663797
508 1.116483619200002 82.20131892307199
509 1.118681421600002 60.60886645703636
510 1.120879224000002 49.69024137653196
511 1.123077026400002 70.67469410196554
512 1.125274828800002 106.161487631857
513 1.127472631200002 138.3938352800933
514 1.129670433600002 149.0120488468037
515 1.131868236000002 138.3903912479179
516 1.134066038400002 126.9428996318518
517 1.136263840800002 130.3498144526661
518 1.138461643200002 148.3461810338545
519 1.140659445600002 191.3853972173654
520 1.142857248000002 219.2076211914946
521 1.145055050400002 216.7861306223522
522 1.147252852800002 202.7243981132922
523 1.149450655200002 139.3717222001444
524 1.151648457600002 33.75262185378142
525 1.153846260000002 -12.0486827727143
526 1.156044062400002 43.87430382685147
527 1.158241864800002 80.1099626039636
528 1.160439667200002 71.29532987700327
529 1.162637469600002 47.75913352368889
530 1.164835272000002 27.89443862978487
531 1.167033074400002 33.31338367016747
532 1.169230876800002 55.2405746264551
533 1.171428679200002 76.65337008491338
534 1.173626481600002 82.50173968704757
535 1.175824284000002 67.95356767961357
536 1.178022086400002 52.72628878837941
537 1.180219888800002 47.8375754214685
538 1.182417691200002 61.145060782168
539 1.184615493600002 79.29474293171984
540 1.186813296000002 93.24564450964704
541 1.189011098400002 93.3406603152273
542 1.191208900800002 83.78679643526925
543 1.193406703200002 49.73129961779682
544 1.195604505600002 6.379127834241217
545 1.197802308000002 -12.38151036503837
546 1.200000110400002 7.721466884440588
547 1.202197912800002 25.86347878550782
548 1.204395715200002 36.06294964949893
549 1.206593517600002 24.8323651297469
550 1.208791320000002 11.72090209637599
551 1.210989122400002 0.9160120731548886
552 1.213186924800002 -6.044042623985888
553 1.215384727200002 3.59334788229603
554 1.217582529600002 16.25049550120661
555 1.219780332000002 26.79870758887091
556 1.221978134400002 23.99820247069579
557 1.224175936800002 18.88959228183808
558 1.226373739200002 6.86849498103652
559 1.228571541600002 -6.725836912187333
560 1.230769344000002 -12.42198458550138
561 1.232967146400002 3.379535104527804
562 1.235164948800002 19.09796505497889
563 1.237362751200002 30.7007678303803
564 1.239560553600002 20.18704508695919
565 1.241758356000002 3.686346345118181
566 1.243956158400002 -11.04620449510253
567 1.246153960800002 -6.957716106445559
568 1.248351763200002 1.069042104186565
569 1.250549565600002 15.29958278047798
570 1.252747368000002 27.26337946942044
571 1.254945170400002 16.4671304895819
572 1.257142972800002 0.4650408373299797
573 1.259340775200002 -14.2191301192413
574 1.261538577600002 -19.6083448783786
575 1.263736380000002 -9.792786445831325
576 1.265934182400002 3.508694539710632
577 1.268131984800002 14.71239274095615
578 1.270329787200002 8.870121538219109
579 1.272527589600002 -2.116085199907502
580 1.274725392000002 -15.58833644818742
581 1.276923194400002 -27.08861895740051
582 1.279120996800002 -21.25957327785363
583 1.281318799200002 -8.674498339755473
584 1.283516601600002 9.184831230221789
585 1.285714404000002 19.46858298812526
586 1.287912206400002 5.743906062410133
587 1.290110008800002 -9.345521362816044
588 1.292307811200002 -19.45373813091669
589 1.294505613600002 -14.22638735386863
590 1.296703416000002 -0.7894504324672198
591 1.298901218400002 12.04243225383584
592 1.301099020800002 16.10748696625978
593 1.303296823200002 6.622795768722881
594 1.305494625600002 -7.112841165726195
595 1.307692428000002 -16.93076247254476
596 1.309890230400002 -10.67242472077055
597 1.312088032800002 -0.07710512078870124
598 1.314285835200002 11.36752647473168
599 1.316483637600002 16.90530472348587
600 1.318681440000002 7.357872403174952
601 1.320879242400002 -5.095916726337691
602 1.323077044800002 -13.34976143971562
603 1.325274847200002 -10.5300331913038
604 1.327472649600002 -4.875542640741287
605 1.329670452000002 0.2766389669463933
606 1.331868254400002 3.288905858646558
607 1.334066056800002 0.8577709399701234
608 1.336263859200002 -5.466313398698048
609 1.338461661600002 -12.91924804026985
610 1.340659464000002 -16.16427332111925
611 1.342857266400002 -8.949665598531737
612 1.345055068800002 0.8277735977981138
613 1.347252871200002 7.868907926214661
614 1.349450673600002 7.084351111242768
615 1.351648476000002 -1.469176137961313
616 1.353846278400002 -9.663676291058664
617 1.356044080800002 -12.08580290662917
618 1.358241883200002 -4.508349346720934
619 1.360439685600002 4.510288525101032
620 1.362637488000002 10.51673866822011
621 1.364835290400002 7.081945864503268
622 1.367033092800002 1.980780283222884
623 1.369230895200002 -12.22008820458018
624 1.371428697600002 -32.61302269738167
625 1.373626500000002 -40.42519030859876
626 1.375824302400002 -24.83390953476396
627 1.378022104800002 -9.709860773221635
628 1.380219907200002 -0.8243643481405343
629 1.382417709600002 -6.086895672899118
630 1.384615512000002 -10.90565265913756
631 1.386813314400002 -12.23787747329766
632 1.389011116800002 -2.835920057193789
633 1.391208919200002 7.255886171783459
634 1.393406721600002 16.13605762783232
635 1.395604524000002 19.98238315677077
636 1.397802326400002 17.95655621986452
637 1.400000128800002 15.58051008575694
638 1.402197931200002 15.85130497486193
639 1.404395733600002 21.84657854159877
640 1.406593536000002 32.35956076751859
641 1.408791338400002 41.83129463757086
642 1.410989140800002 44.92370380130592
643 1.413186943200002 28.60319415213053
644 1.415384745600002 -3.793178774289572
645 1.417582548000002 -21.80675535425917
646 1.419780350400002 -3.305442495400939
647 1.421978152800002 10.52528897251909
648 1.424175955200002 13.76079289817744
649 1.426373757600002 4.990300396230168
650 1.428571560000002 -2.821056265613606
651 1.430769362400002 -4.948773092196461
652 1.432967164800002 1.97100101747651
653 1.435164967200002 10.32102964872388
654 1.437362769600002 16.40515863978999
655 1.439560572000002 12.87285450403624
656 1.441758374400002 7.083995248709016
657 1.443956176800002 2.206758304322648
658 1.446153979200002 3.792409435376612
659 1.448351781600002 10.7671190135934
660 1.450549584000002 17.27545799547693
661 1.452747386400002 19.30492494669465
662 1.454945188800002 15.5639281910569
663 1.457142991200002 14.84131858944215
664 1.459340793600002 20.9418127134345
665 1.461538596000002 25.3909081961117
666 1.463736398400002 27.16893756358127
667 1.465934200800002 26.93383887564869
668 1.468132003200002 22.12405570042029
669 1.470329805600002 14.94679042896792
670 1.472527608000002 9.326767227643813
671 1.474725410400002 9.185525062067427
672 1.476923212800002 12.93856631728954
673 1.479121015200002 15.57598151008142
674 1.481318817600003 13.59730572375315
675 1.483516620000003 7.835903191141369
676 1.485714422400003 1.298690989361376
677 1.487912224800003 -3.244866573493482
678 1.490110027200003 -2.955739341253775
679 1.492307829600003 1.034284682948055
680 1.494505632000003 3.455791022749736
681 1.496703434400003 1.107608516867003
682 1.498901236800003 -4.774165915431922
683 1.501099039200003 -19.5319635714161
684 1.503296841600003 -30.22272804544946
685 1.505494644000003 -14.21875266426787
686 1.507692446400003 1.652415991513408
687 1.509890248800003 -2.35110186275142
688 1.512088051200003 -10.54453679986455
689 1.514285853600003 -13.51684876156719
690 1.516483656000003 -3.021419945418529
691 1.518681458400003 10.14925120440762
692 1.520879260800003 17.31071265790706
693 1.523077063200003 47.71596549986589
694 1.525274865600003 50.84145542908527
695 1.527472668000003 51.51146206486681
696 1.529670470400003 51.64767790847964
697 1.531868272800003 71.23677600582153
698 1.534066075200003 91.10251072625994
699 1.536263877600003 110.990479267596
700 1.538461680000003 131.3453752928827
701 1.540659482400003 151.6248169070381
702 1.542857284800003 159.4958088985386
703 1.545055087200003 159.8582968767613
704 1.547252889600003 148.3581450816324
705 1.549450692000003 139.9806439104796
706 1.551648494400003 146.3586711175068
707 1.553846296800003 155.8884389814914
708 1.556044099200003 145.6324423720606
709 1.558241901600003 123.6210941435618
710 1.560439704000003 85.92883658015535
711 1.562637506400003 47.25268680757034
712 1.564835308800003 31.86946677024594
713 1.567033111200003 48.20222627585122
714 1.569230913600003 66.37444180901167
715 1.571428716000003 77.08542770557256
716 1.573626518400003 74.71200474799809
717 1.575824320800003 56.81420725416922
718 1.578022123200003 17.65987005514364
719 1.580219925600003 -35.92404559517089
720 1.582417728000003 -90.06992791744824
721 1.584615530400003 -64.99009338212454
722 1.586813332800003 -38.51746862852966
723 1.589011135200003 39.66087153904675
724 1.591208937600003 171.2955789806476
725 1.593406740000003 188.1732165011451
726 1.595604542400003 84.70775849490224
727 1.597802344800003 12.65462253594796
728 1.600000147200003 54.6882651601378
729 1.602197949600003 86.00808873285825
730 1.604395752000003 114.8313225042299
731 1.606593554400003 141.8644884474238
732 1.608791356800003 120.7847621199168
733 1.610989159200003 65.36909438811858
734 1.613186961600003 2.249164211027903
735 1.615384764000003 -29.22293483507243
736 1.617582566400003 8.854360042015657
737 1.619780368800003 47.54218569108764
738 1.621978171200003 81.5881989215676
739 1.624175973600003 90.8779694996723
740 1.626373776000003 47.34705911360629
741 1.628571578400003 -13.77295196792053
742 1.630769380800003 -64.30609335197468
743 1.632967183200003 -28.0491646222012
744 1.635164985600003 106.4225676680556
745 1.637362788000003 193.5589979136755
746 1.639560590400003 106.0632841282313
747 1.641758392800003 43.75849590340988
748 1.643956195200003 -10.65513976725131
749 1.646153997600003 2.455937953102527
750 1.648351800000003 34.91595903427233
751 1.650549602400003 85.00228527379079
752 1.652747404800003 137.4728543168867
753 1.654945207200003 104.7218624307993
754 1.657143009600003 -2.875136453114465
755 1.659340812000003 -82.78623501114367
756 1.661538614400003 -13.94859530460952
757 1.663736416800003 42.6490428062815
758 1.665934219200003 86.98235122000938
759 1.668132021600003 81.17881235682523
760 1.670329824000003 -7.319578220074845
761 1.672527626400003 -84.50237655577654
762 1.674725428800003 -86.18417156061048
763 1.676923231200003 -5.558758939598704
764 1.679121033600003 88.49696835509553
765 1.681318836000003 125.1458976232791
766 1.683516638400003 82.99527822499545
767 1.685714440800003 2.790058517677721
768 1.687912243200003 -70.16944368941884
769 1.690110045600003 -30.25861266111146
770 1.692307848000003 15.6048440313993
771 1.694505650400003 55.85613539817564
772 1.696703452800003 96.49261410428392
773 1.698901255200003 72.88903413518585
774 1.701099057600003 13.87732659412865
775 1.703296860000003 -45.575908357277
776 1.705494662400003 -78.43430416921095
777 1.707692464800003 -39.93391438726468
778 1.709890267200003 16.73070588842066
779 1.712088069600003 59.6890898981062
780 1.714285872000003 59.97096659604301
781 1.716483674400003 3.954488497255397
782 1.718681476800003 -64.49629151039518
783 1.720879279200003 -91.2172778337773
784 1.723077081600003 -9.552754066961608
785 1.725274884000003 58.95009342740622
786 1.727472686400003 93.98898844376242
787 1.729670488800003 43.69238304847056
788 1.731868291200003 -22.50076266688069
789 1.734066093600003 -68.59520857921947
790 1.736263896000003 -43.5406080487862
791 1.738461698400003 3.128310938197586
792 1.740659500800003 50.80525985294292
793 1.742857303200003 61.97830548284094
794 1.745055105600003 11.44474797996372
795 1.747252908000003 -46.10419478950866
796 1.749450710400003 -95.77436652320273
797 1.751648512800003 -61.84718655409188
798 1.753846315200003 -4.284301781891116
799 1.756044117600003 42.57379062441595
800 1.758241920000003 19.3066569532491
801 1.760439722400003 -15.50634621241187
802 1.762637524800003 -67.004007802898
803 1.764835327200003 -107.3026153578184
804 1.767033129600003 -19.64831189413047
805 1.769230932000003 52.06088708607945
806 1.771428734400003 71.87803512668813
807 1.773626536800003 29.41185295628787
808 1.775824339200003 -32.63132976909716
809 1.778022141600003 -83.86018787772696
810 1.780219944000003 -57.10146810959691
811 1.782417746400003 -5.479999123575745
812 1.784615548800003 44.35976668491668
813 1.786813351200003 28.9034556903199
814 1.789011153600003 -21.93979087372404
815 1.791208956000003 -74.03820481218742
816 1.793406758400003 -84.64129258945803
817 1.795604560800003 -52.37369256375001
818 1.797802363200003 -13.62180077548554
819 1.800000165600003 8.560856777520627
820 1.802197968000003 -20.60910718908544
821 1.804395770400003 -64.52552862482619
822 1.806593572800003 -103.5002980170615
823 1.808791375200003 -58.91558341291096
824 1.810989177600003 39.08862218876465
825 1.813186980000003 107.5356653856816
826 1.815384782400003 44.01802548788805
827 1.817582584800003 -18.26656685333949
828 1.819780387200003 -59.57143047881107
829 1.821978189600003 -45.01250166171323
830 1.824175992000003 -15.75150375233923
831 1.826373794400003 10.31038010478412
832 1.828571596800003 -6.716008073953248
833 1.830769399200003 -51.50733258499172
834 1.832967201600003 -93.297144839336
835 1.835165004000003 -121.7008789978498
836 1.837362806400003 -107.4184875313635
837 1.839560608800003 -94.85113750080409
838 1.841758411200003 -110.3455572563633
839 1.843956213600003 -136.7769539558902
840 1.846154016000003 -153.4132875851353
841 1.848351818400003 -100.6913803952457
842 1.850549620800003 -122.5213607675178
843 1.852747423200003 -184.2471595074016
844 1.854945225600003 49.28466140355022
845 1.857143028000003 21.3314895959677
846 1.859340830400003 -64.94917581118511
847 1.861538632800003 -107.9344161738832
848 1.863736435200003 -48.7630760202062
849 1.865934237600003 -9.827533704892176
850 1.868132040000003 -4.674448274070301
851 1.870329842400003 -32.05618005088672
852 1.872527644800003 -52.45801380402099
853 1.874725447200003 -47.94046440306556
854 1.876923249600003 -24.40267712662398
855 1.879121052000003 -4.255267859128708
856 1.881318854400003 -0.8109323675494124
857 1.883516656800003 -9.530848609873829
858 1.885714459200003 -18.3161036770648
859 1.887912261600003 -23.63873993955031
860 1.890110064000003 -18.89683869565488
861 1.892307866400003 -4.88570844742776
862 1.894505668800003 11.28771820163342
863 1.896703471200003 22.0643224896487
864 1.898901273600003 -15.53822719967343
865 1.901099076000003 -73.70041090384416
866 1.903296878400003 -104.3229292331766
867 1.905494680800003 -71.74622301108479
868 1.907692483200003 -46.5747705290928
869 1.909890285600003 -42.72917386831614
870 1.912088088000003 -54.19228522219214
871 1.914285890400003 -64.35756673352989
872 1.916483692800003 -66.42944421188554
873 1.918681495200003 -55.45826252042775
874 1.920879297600003 -41.54566192420907
875 1.923077100000003 -30.03939822203392
876 1.925274902400003 -30.33366511794748
877 1.927472704800003 -34.2695406247617
878 1.929670507200003 -40.20743823745011
879 1.931868309600003 -44.29951440559648
880 1.934066112000003 -35.39519066670164
881 1.936263914400003 -23.92391163769003
882 1.938461716800003 -11.99082723793322
883 1.940659519200003 -2.984346961602114
884 1.942857321600003 -74.84998683516733
885 1.945055124000003 -202.6474970778166
886 1.947252926400003 -221.0564011895449
887 1.949450728800003 -164.0757201496634
888 1.951648531200003 -114.6102063112464
889 1.953846333600003 -97.80507523015172
890 1.956044136000003 -99.73411678548268
891 1.958241938400003 -107.8757199277807
892 1.960439740800003 -111.0273982027245
893 1.962637543200003 -95.69826688663761
894 1.964835345600003 -65.39199442850668
895 1.967033148000003 -16.31839506479832
896 1.969230950400003 26.36567089704795
897 1.971428752800003 23.10481929189496
898 1.973626555200003 3.178496405867691
899 1.975824357600003 -11.31384512370596
900 1.978022160000003 3.925122315920589
901 1.980219962400003 41.36851340621388
902 1.982417764800003 91.76013187137414
903 1.984615567200003 125.3283708478536
904 1.986813369600003 -21.29339334226211
905 1.989011172000003 -169.6583465470003
906 1.991208974400003 -174.8473960809044
907 1.993406776800003 -99.23784676634409
908 1.995604579200003 -33.37931838957547
909 1.997802381600003 -27.20584727797791
910 2.000000184000003 -37.15892423048103
911 2.002197986400003 -45.983134039476
912 2.004395788800003 -24.41454151128619
913 2.006593591200003 14.81468170403355
914 2.008791393600003 74.05508211148845
915 2.010989196000003 119.6068881082142
916 2.013186998400003 122.5327018576277
917 2.015384800800003 111.7429086236207
918 2.017582603200003 105.0949477171437
919 2.019780405600003 123.9977597507366
920 2.021978208000003 169.2495343346422
921 2.024176010400003 222.9096794655984
922 2.026373812800003 254.5135336583644
923 2.028571615200003 248.7743059536317
924 2.030769417600003 130.1135839883516
925 2.032967220000003 -9.512946264589118
926 2.035165022400003 -18.54954323411062
927 2.037362824800003 43.81676800912692
928 2.039560627200003 94.18665862084936
929 2.041758429600003 80.60370670983934
930 2.043956232000003 62.56380734298614
931 2.046154034400003 52.85105855004508
932 2.048351836800003 66.95214117014962
933 2.050549639200003 97.78218374884591
934 2.052747441600003 132.3610901617694
935 2.054945244000003 152.6382763681247
936 2.057143046400003 148.5765300480086
937 2.059340848800003 137.2467962871303
938 2.061538651200003 130.117185442946
939 2.063736453600003 142.7065093002354
940 2.065934256000003 171.8144125550562
941 2.068132058400003 204.2647855713335
942 2.070329860800003 228.9537730351487
943 2.072527663200003 221.6621605023104
944 2.074725465600003 137.5455114504018
945 2.076923268000003 27.15545478613558
946 2.079121070400003 -11.92901140140066
947 2.081318872800003 42.76459288289993
948 2.083516675200003 82.69845515775319
949 2.085714477600003 71.05136850543045
950 2.087912280000003 46.472804683405
951 2.090110082400003 25.28710384206624
952 2.092307884800003 31.08362826676557
953 2.094505687200003 55.63099618857359
954 2.096703489600003 80.16262643924574
955 2.098901292000003 83.81805018152727
956 2.101099094400003 69.8129502853667
957 2.103296896800003 53.19754888704165
958 2.105494699200003 44.61754478469038
959 2.107692501600003 58.02152304157903
960 2.109890304000003 77.35074681625929
961 2.112088106400003 94.02925942985644
962 2.114285908800003 98.05269765406274
963 2.116483711200003 84.23228011463152
964 2.118681513600003 46.79979670814146
965 2.120879316000003 2.080303467785825
966 2.123077118400003 -13.18107734583327
967 2.125274920800003 13.32309677573539
968 2.127472723200003 33.83997095272184
969 2.129670525600003 36.00312819773649
970 2.131868328000003 19.33707237468161
971 2.134066130400003 1.076856764471813
972 2.136263932800003 -11.28148229028693
973 2.138461735200003 -0.3668372801130317
974 2.140659537600003 15.05620284652082
975 2.142857340000003 28.1973183054688
976 2.145055142400004 28.55550763952124
977 2.147252944800004 16.67608853639581
978 2.149450747200004 1.050048947146706
979 2.151648549600004 -10.61582198428255
980 2.153846352000004 -5.124104314659689
981 2.156044154400004 5.616947997609486
982 2.158241956800004 19.15711187585225
983 2.160439759200004 29.74415401982651
984 2.162637561600004 22.61972548590165
985 2.164835364000004 7.878028609682133
986 2.167033166400004 -8.313221026423207
987 2.169230968800004 -9.879796925691608
988 2.171428771200004 2.845145105400206
989 2.173626573600004 16.68988962337698
990 2.175824376000004 26.01543319808457
991 2.178022178400004 14.02931652828124
992 2.180219980800004 1.004317461086885
993 2.182417783200004 -10.71786262632486
994 2.184615585600004 -17.75360536819244
995 2.186813388000004 -7.999021424989678
996 2.189011190400004 5.374280393604749
997 2.191208992800004 15.82769329510347
998 2.193406795200004 10.76149196225356
999 2.195604597600004 -4.718480712857172
1000 2.197802400000004 -20.08889265613766
1001 2.200000202400004 -27.43878929726407
1002 2.202198004800004 -15.78647160813625
1003 2.204395807200004 -1.864219652245538
1004 2.206593609600004 11.24442224524864
1005 2.208791412000004 10.541224785743
1006 2.210989214400004 3.787953121520559
1007 2.213187016800004 -13.39027380190646
1008 2.215384819200004 -25.75604590172634
1009 2.217582621600004 -11.63800385259992
1010 2.219780424000004 4.027485937481288
1011 2.221978226400004 15.30151305233267
1012 2.224176028800004 10.16173519867948
1013 2.226373831200004 1.233253028542094
1014 2.228571633600004 -8.863077264084723
1015 2.230769436000004 -16.3320419115787
1016 2.232967238400004 -8.62798791419732
1017 2.235165040800004 2.568967748998148
1018 2.237362843200004 12.42005129471659
1019 2.239560645600004 15.09782943491223
1020 2.241758448000004 5.958296228300924
1021 2.243956250400004 -6.212523389339367
1022 2.246154052800004 -15.16413718752665
1023 2.248351855200004 -8.462849016071004
1024 2.250549657600004 -0.4759106273597808
1025 2.252747460000004 4.345027026703065
1026 2.254945262400004 4.352938542481752
1027 2.257143064800004 -2.77491346082752
1028 2.259340867200004 -12.15348556119443
1029 2.261538669600004 -17.98136890745695
1030 2.263736472000004 -13.7360855813647
1031 2.265934274400004 -4.625844438880904
1032 2.268132076800004 5.870996143697539
1033 2.270329879200004 10.1150031306131
1034 2.272527681600004 0.8819506330960394
1035 2.274725484000004 -9.231807293680959
1036 2.276923286400004 -14.22204523938717
1037 2.279121088800004 -6.784494969345133
1038 2.281318891200004 2.033906652614178
1039 2.283516693600004 8.649783331823755
1040 2.285714496000004 8.49582956533277
1041 2.287912298400004 2.054441518474277
1042 2.290110100800004 -5.288317011917798
1043 2.292307903200004 -9.628063638845106
1044 2.294505705600004 -13.51622447939826
1045 2.296703508000004 -20.35592013168093
1046 2.298901310400004 -27.19707607062378
1047 2.301099112800004 -28.44866597273494
1048 2.303296915200004 -21.42092854178691
1049 2.305494717600004 -11.73007215456869
1050 2.307692520000004 -3.948111960379265
1051 2.309890322400004 1.999474239396704
1052 2.312088124800004 2.576856338119114
1053 2.314285927200004 0.9481171183952029
1054 2.316483729600004 -2.655605421538667
1055 2.318681532000004 0.1069472982007937
1056 2.320879334400004 9.424790599515745
1057 2.323077136800004 22.8824133737005
1058 2.325274939200004 30.45829648539689
1059 2.327472741600004 28.92326744633237
1060 2.329670544000004 22.09240708090715
1061 2.331868346400004 18.68199319128462
1062 2.334066148800004 28.26255599795195
1063 2.336263951200004 40.57172514863646
1064 2.338461753600004 37.56486868323191
1065 2.340659556000004 5.881370575707024
1066 2.342857358400004 -17.74397229170745
1067 2.345055160800004 -12.36512253251044
1068 2.347252963200004 3.864521134359165
1069 2.349450765600004 14.82403913982853
1070 2.351648568000004 9.478394980124904
1071 2.353846370400004 0.2083396695279589
1072 2.356044172800004 -5.816985069954399
1073 2.358241975200004 -1.094248287768323
1074 2.360439777600004 7.517289854318506
1075 2.362637580000004 15.16637835920028
1076 2.364835382400004 15.33362610323911
1077 2.367033184800004 9.029217277619864
1078 2.369230987200004 2.759790014023793
1079 2.371428789600004 2.141733330687202
1080 2.373626592000004 8.047361442189413
1081 2.375824394400004 16.03087963601297
1082 2.378022196800004 20.43979296887642
1083 2.380219999200004 18.26484924204829
1084 2.382417801600004 16.90708583279979
1085 2.384615604000004 18.28781739578562
1086 2.386813406400004 21.40938114471351
1087 2.389011208800004 24.34421332867987
1088 2.391209011200004 26.31467733996146
1089 2.393406813600004 25.27212017766806
1090 2.395604616000004 18.81983231915547
1091 2.397802418400004 11.5417404472455
1092 2.400000220800004 7.065846350378479
1093 2.402198023200004 8.813441959435295
1094 2.404395825600004 12.16125137930749
1095 2.406593628000004 13.8700052447723
1096 2.408791430400004 11.43425605271818
1097 2.410989232800004 3.985320321056406
1098 2.413187035200004 -2.644437088046971
1099 2.415384837600004 -5.1054745292181
1100 2.417582640000004 -2.867863534168237
1101 2.419780442400004 0.3943967419431829
1102 2.421978244800004 1.817442056146547
1103 2.424176047200004 -1.103515242004278
1104 2.426373849600004 -16.21298989181514
1105 2.428571652000004 -31.47485119247335
1106 2.430769454400004 -20.37622390965657
1107 2.432967256800004 -1.906938623397764
1108 2.435165059200004 1.024520827258129
1109 2.437362861600004 -6.116145079488888
1110 2.439560664000004 -11.42385838823066
1111 2.441758466400004 -5.805791879871549
1112 2.443956268800004 8.630371745143748
1113 2.446154071200004 39.49870807035995
1114 2.448351873600004 41.49543343759774
1115 2.450549676000004 41.29177536725467
1116 2.452747478400004 36.31981341212753
1117 2.454945280800004 57.36667208349428
1118 2.457143083200004 76.86560428952583
1119 2.459340885600004 97.15225775700156
1120 2.461538688000004 117.2726777508271
1121 2.463736490400004 131.2151361399287
1122 2.465934292800004 140.8623765945963
1123 2.468132095200004 150.0830810115333
1124 2.470329897600004 151.716825175919
1125 2.472527700000004 141.5642875563263
1126 2.474725502400004 150.6634463749759
1127 2.476923304800004 171.1123387687319
1128 2.479121107200004 168.5666260099485
1129 2.481318909600004 135.0368149211707
1130 2.483516712000004 98.27765517381374
1131 2.485714514400004 56.09500807675028
1132 2.487912316800004 37.91414906556508
1133 2.490110119200004 69.2259673062095
1134 2.492307921600004 97.2902052557838
1135 2.494505724000004 106.7197144153989
1136 2.496703526400004 84.61101200777296
1137 2.498901328800004 36.65589987406781
1138 2.501099131200004 -20.24417051971242
1139 2.503296933600004 -60.00975426236022
1140 2.505494736000004 -47.72614942751289
1141 2.507692538400004 13.23912273846597
1142 2.509890340800004 62.33362964103753
1143 2.512088143200004 -2.267330333153097
1144 2.514285945600004 -28.36343135162044
1145 2.516483748000004 31.95064562669671
1146 2.518681550400004 130.3711261262803
1147 2.520879352800004 208.7864737444811
1148 2.523077155200004 132.3715852476287
1149 2.525274957600004 62.16059010846084
1150 2.527472760000004 0.9620303595194031
1151 2.529670562400004 32.94943897908067
1152 2.531868364800004 72.65321464130056
1153 2.534066167200004 107.9936751976081
1154 2.536263969600004 141.9757031834713
1155 2.538461772000004 92.36704173060195
1156 2.540659574400004 34.06219521114951
1157 2.542857376800004 -29.35833637219146
1158 2.545055179200004 -37.6317569629787
1159 2.547252981600004 22.86490179471829
1160 2.549450784000004 71.9130011382606
1161 2.551648586400004 95.21523860642458
1162 2.553846388800004 54.36472666885209
1163 2.556044191200004 -27.7804779236574
1164 2.558241993600004 -65.86356307733129
1165 2.560439796000004 24.25689901692494
1166 2.562637598400004 115.8513285800316
1167 2.564835400800004 200.1538491164904
1168 2.567033203200004 124.9482946303124
1169 2.569231005600004 44.2249154239521
1170 2.571428808000004 -39.38222502397144
1171 2.573626610400004 -15.68535870691314
1172 2.575824412800004 69.91108499653637
1173 2.578022215200004 154.9958874124686
1174 2.580220017600004 92.2813896883423
1175 2.582417820000004 -2.000007807291638
1176 2.584615622400004 -76.44740236455807
1177 2.586813424800004 -31.14366898422077
1178 2.589011227200004 29.07524901823274
1179 2.591209029600004 77.0470874989087
1180 2.593406832000004 72.78051370354353
1181 2.595604634400004 19.68608432304427
1182 2.597802436800004 -42.9604044974057
1183 2.600000239200004 -90.10577917398786
1184 2.602198041600004 -42.04250989165681
1185 2.604395844000004 54.78891423174753
1186 2.606593646400004 134.897401661599
1187 2.608791448800004 105.9707632448869
1188 2.610989251200004 50.57720565966167
1189 2.613187053600004 -25.97366855139259
1190 2.615384856000004 -85.9414351801139
1191 2.617582658400004 -16.46987753810093
1192 2.619780460800004 46.08998144497127
1193 2.621978263200004 97.37377998716988
1194 2.624176065600004 83.15724744639897
1195 2.626373868000004 -13.24524945530897
1196 2.628571670400004 -97.45374781711905
1197 2.630769472800004 -51.44820028000206
1198 2.632967275200004 -9.501844585396611
1199 2.635165077600004 35.32988571568234
1200 2.637362880000004 87.88498918696143
1201 2.639560682400004 37.55570704232764
1202 2.641758484800004 -33.40401454722675
1203 2.643956287200004 -102.6186541030617
1204 2.646154089600004 -68.89482515408213
1205 2.648351892000004 41.34010903001416
1206 2.650549694400004 123.5224222221734
1207 2.652747496800004 32.87664508014586
1208 2.654945299200004 -34.08120227801561
1209 2.657143101600004 -49.1661502292597
1210 2.659340904000004 -26.2978287651178
1211 2.661538706400004 11.41448332215583
1212 2.663736508800004 48.60181819265921
1213 2.665934311200004 57.76346104018842
1214 2.668132113600004 9.931740354213559
1215 2.670329916000004 -45.36174403587155
1216 2.672527718400004 -90.76481891802564
1217 2.674725520800004 -54.03769335691319
1218 2.676923323200004 -3.766089918791309
1219 2.679121125600004 49.24949989313433
1220 2.681318928000004 27.66103846996464
1221 2.683516730400004 -8.82516248556044
1222 2.685714532800004 -63.93753269529583
1223 2.687912335200004 -124.2973129913498
1224 2.690110137600005 -65.86444769745327
1225 2.692307940000005 23.58131707064649
1226 2.694505742400005 97.95722377046366
1227 2.696703544800005 37.4028719379196
1228 2.698901347200005 -19.73873764658698
1229 2.701099149600005 -69.63528605618245
1230 2.703296952000005 -54.22468126679465
1231 2.705494754400005 -11.65986264515356
1232 2.707692556800005 30.46739155556014
1233 2.709890359200005 32.5519756739144
1234 2.712088161600005 -8.031587589253519
1235 2.714285964000005 -53.75634819672464
1236 2.716483766400005 -81.87505552181074
1237 2.718681568800005 -56.0013226545974
1238 2.720879371200005 -19.23291354235211
1239 2.723077173600005 11.63132149210941
1240 2.725274976000005 -7.791060233596767
1241 2.727472778400005 -42.35626711249658
1242 2.729670580800005 -80.28363877601547
1243 2.731868383200005 -110.707181257123
1244 2.734066185600005 -40.31443688352655
1245 2.736263988000005 42.91288120873966
1246 2.738461790400005 105.5517220793153
1247 2.740659592800005 42.2383809027022
1248 2.742857395200005 -20.08633284914876
1249 2.745055197600005 -63.11591752016633
1250 2.747253000000005 -41.32122822587615
1251 2.749450802400005 -10.38115888005444
1252 2.751648604800005 13.91832199218962
1253 2.753846407200005 -6.671648225996648
1254 2.756044209600005 -59.36024703743819
1255 2.758242012000005 -120.688686745948
1256 2.760439814400005 -119.3900544231373
1257 2.762637616800005 -98.78190151403905
1258 2.764835419200005 -89.5985246418611
1259 2.767033221600005 -127.9299397888717
1260 2.769231024000005 -150.2991862234926
