"ven-vol"
"Time Step" "flow-time etc.."
("Time Step" "flow-time" "report-ven-vol")
1 0.0021978024 4.449201889345292e-05
2 0.0043956048 4.449156838496023e-05
3 0.0065934072 4.449928027934578e-05
4 0.008791209600000001 4.451459488632084e-05
5 0.010989012 4.45369539658661e-05
6 0.0131868144 4.456580037794321e-05
7 0.0153846168 4.46005777540222e-05
8 0.0175824192 4.464073019051581e-05
9 0.0197802216 4.468570196415076e-05
10 0.021978024 4.47349372692363e-05
11 0.0241758264 4.47878799767588e-05
12 0.0263736288 4.484397341516257e-05
13 0.0285714312 4.490266017267412e-05
14 0.0307692336 4.496338192098554e-05
15 0.03296703600000001 4.502557926010653e-05
16 0.0351648384 4.508869158419418e-05
17 0.0373626408 4.515215696816815e-05
18 0.0395604432 4.521541207493882e-05
19 0.04175824559999999 4.527789208310524e-05
20 0.04395604799999999 4.533903063500015e-05
21 0.04615385039999999 4.539825980501762e-05
22 0.04835165279999998 4.545935899682054e-05
23 0.05054945519999998 4.552645370065669e-05
24 0.05274725759999998 4.559949623042194e-05
25 0.05494505999999998 4.567844096941256e-05
26 0.05714286239999997 4.576324322073908e-05
27 0.05934066479999997 4.585385816098601e-05
28 0.06153846719999997 4.595023989541655e-05
29 0.06373626959999996 4.605234061376009e-05
30 0.06593407199999997 4.61601098462556e-05
31 0.06813187439999997 4.627349382019503e-05
32 0.07032967679999998 4.639243491768757e-05
33 0.07252747919999998 4.651687123577578e-05
34 0.07472528159999998 4.664673625034903e-05
35 0.07692308399999999 4.678195858554171e-05
36 0.07912088639999999 4.692246189045927e-05
37 0.0813186888 4.706816482515869e-05
38 0.0835164912 4.721898115779366e-05
39 0.0857142936 4.737481997476461e-05
40 0.08791209600000001 4.753558600553258e-05
41 0.09010989840000001 4.770118006351534e-05
42 0.09230770080000002 4.788548808236515e-05
43 0.09450550320000002 4.810102003240415e-05
44 0.09670330560000003 4.834562301888382e-05
45 0.09890110800000003 4.86171505924622e-05
46 0.1010989104 4.891345034251011e-05
47 0.1032967128 4.9232352626303e-05
48 0.1054945152 4.957166042736923e-05
49 0.1076923176 4.992914034086252e-05
50 0.10989012 5.030251468800425e-05
51 0.1120879224000001 5.068945476534574e-05
52 0.1142857248000001 5.108757523786329e-05
53 0.1164835272000001 5.149442968769823e-05
54 0.1186813296000001 5.190750733271629e-05
55 0.1208791320000001 5.232423093094218e-05
56 0.1230769344000001 5.27419558883931e-05
57 0.1252747368000001 5.315797058880429e-05
58 0.1274725392000001 5.35694979642946e-05
59 0.1296703416000001 5.39736983261001e-05
60 0.1318681440000001 5.436767347413302e-05
61 0.1340659464000001 5.474847210331065e-05
62 0.1362637488000001 5.513397998710626e-05
63 0.1384615512000001 5.554260439062849e-05
64 0.1406593536000001 5.597212016105291e-05
65 0.1428571560000001 5.64202645603879e-05
66 0.1450549584000001 5.688472504543962e-05
67 0.1472527608000001 5.73631284568657e-05
68 0.1494505632000001 5.785303163279552e-05
69 0.1516483656000001 5.83519134697295e-05
70 0.1538461680000001 5.885716845953816e-05
71 0.1560439704000001 5.936610173637301e-05
72 0.1582417728000001 5.987592567116449e-05
73 0.1604395752000001 6.038375805413384e-05
74 0.1626373776000001 6.088662190736423e-05
75 0.1648351800000001 6.138144696998057e-05
76 0.1670329824000001 6.186507289787012e-05
77 0.1692307848000001 6.233425421812976e-05
78 0.1714285872000001 6.278566707556092e-05
79 0.1736263896000002 6.321591780456055e-05
80 0.1758241920000002 6.362155335463306e-05
81 0.1780219944000002 6.399907359152854e-05
82 0.1802197968000002 6.436361870734535e-05
83 0.1824175992000002 6.473173892843859e-05
84 0.1846154016000002 6.510200011841857e-05
85 0.1868132040000002 6.547293841006538e-05
86 0.1890110064000002 6.584306006357797e-05
87 0.1912088088000002 6.62108416237408e-05
88 0.1934066112000002 6.657473038131641e-05
89 0.1956044136000002 6.69331451438222e-05
90 0.1978022160000002 6.728447732064438e-05
91 0.2000000184000002 6.762709232709411e-05
92 0.2021978208000002 6.795933131167419e-05
93 0.2043956232000002 6.827951321032431e-05
94 0.2065934256000002 6.858593713089195e-05
95 0.2087912280000002 6.887688507045538e-05
96 0.2109890304000002 6.915062496742063e-05
97 0.2131868328000002 6.940541408955307e-05
98 0.2153846352000002 6.963950275823958e-05
99 0.2175824376000002 6.985113840834911e-05
100 0.2197802400000002 7.00385699820597e-05
101 0.2219780424000002 7.020005265443563e-05
102 0.2241758448000002 7.034612551368639e-05
103 0.2263736472000002 7.048836635409172e-05
104 0.2285714496000003 7.06265956655342e-05
105 0.2307692520000003 7.076063351668561e-05
106 0.2329670544000003 7.089029970806293e-05
107 0.2351648568000003 7.101541391818823e-05
108 0.2373626592000003 7.113579584212927e-05
109 0.2395604616000003 7.125126532221929e-05
110 0.2417582640000003 7.136164247077306e-05
111 0.2439560664000003 7.146674778462889e-05
112 0.2461538688000003 7.156640225135875e-05
113 0.2483516712000003 7.166042744700824e-05
114 0.2505494736000003 7.174864562524031e-05
115 0.2527472760000003 7.18308797977638e-05
116 0.2549450784000003 7.190695380595765e-05
117 0.2571428808000003 7.197669238359421e-05
118 0.2593406832000003 7.203992121059833e-05
119 0.2615384856000003 7.209646695778208e-05
120 0.2637362880000003 7.214615732250348e-05
121 0.2659340904000003 7.218882105522218e-05
122 0.2681318928000003 7.222780872095838e-05
123 0.2703296952000003 7.226656036461296e-05
124 0.2725274976000003 7.230503990309067e-05
125 0.2747253000000003 7.234321137013553e-05
126 0.2769231024000003 7.238103882930096e-05
127 0.2791209048000003 7.241848629809192e-05
128 0.2813187072000004 7.245551768310732e-05
129 0.2835165096000004 7.249209672639687e-05
130 0.2857143120000004 7.25281869622924e-05
131 0.2879121144000004 7.256375168877389e-05
132 0.2901099168000004 7.259875394202067e-05
133 0.2923077192000004 7.263315649103386e-05
134 0.2945055216000004 7.266692183877174e-05
135 0.2967033240000004 7.270001223454177e-05
136 0.2989011264000004 7.273238969836546e-05
137 0.3010989288000004 7.276401605622488e-05
138 0.3032967312000004 7.279485298656104e-05
139 0.3054945336000004 7.282486207764449e-05
140 0.3076923360000004 7.285400489642378e-05
141 0.3098901384000004 7.288224306845552e-05
142 0.3120879408000004 7.291031628957571e-05
143 0.3142857432000004 7.29389866870057e-05
144 0.3164835456000004 7.296824969761913e-05
145 0.3186813480000004 7.299810076864158e-05
146 0.3208791504000004 7.302853528212417e-05
147 0.3230769528000004 7.305954848626715e-05
148 0.3252747552000004 7.309113544184874e-05
149 0.3274725576000004 7.312329097947429e-05
150 0.3296703600000004 7.315600967113971e-05
151 0.3318681624000004 7.318928581392966e-05
152 0.3340659648000004 7.322311342627258e-05
153 0.3362637672000005 7.325748625703409e-05
154 0.3384615696000005 7.329239780673076e-05
155 0.3406593720000005 7.332784136231468e-05
156 0.3428571744000005 7.33638100431883e-05
157 0.3450549768000005 7.340029686021147e-05
158 0.3472527792000005 7.343729478793405e-05
159 0.3494505816000005 7.347479684794269e-05
160 0.3516483840000005 7.351279620506366e-05
161 0.3538461864000005 7.355128627647406e-05
162 0.3560439888000005 7.359036357917372e-05
163 0.3582417912000005 7.363013275924366e-05
164 0.3604395936000005 7.367059984846673e-05
165 0.3626373960000005 7.371177106366706e-05
166 0.3648351984000005 7.375365277267483e-05
167 0.3670330008000005 7.379625146300813e-05
168 0.3692308032000005 7.383957371308256e-05
169 0.3714286056000005 7.388362616601408e-05
170 0.3736264080000005 7.392841550791536e-05
171 0.3758242104000005 7.39739484437318e-05
172 0.3780220128000005 7.402023168652702e-05
173 0.3802198152000005 7.406727192913433e-05
174 0.3824176176000005 7.411507584535116e-05
175 0.3846154200000005 7.416365007184473e-05
176 0.3868132224000005 7.421300120446914e-05
177 0.3890110248000005 7.42631357890753e-05
178 0.3912088272000006 7.43140603235697e-05
179 0.3934066296000006 7.436578125608742e-05
180 0.3956044320000006 7.441830498835276e-05
181 0.3978022344000006 7.447163788119985e-05
182 0.4000000368000006 7.452646508063562e-05
183 0.4021978392000006 7.458340106925174e-05
184 0.4043956416000006 7.464234617989078e-05
185 0.4065934440000006 7.470320070837686e-05
186 0.4087912464000006 7.476586488019897e-05
187 0.4109890488000006 7.483023881981455e-05
188 0.4131868512000006 7.489622252237888e-05
189 0.4153846536000006 7.496371582801169e-05
190 0.4175824560000006 7.503261839856363e-05
191 0.4197802584000006 7.510282969691183e-05
192 0.4219780608000006 7.517424896873892e-05
193 0.4241758632000006 7.524677522697417e-05
194 0.4263736656000006 7.532030723862471e-05
195 0.4285714680000006 7.539474351428965e-05
196 0.4307692704000006 7.546998230019341e-05
197 0.4329670728000006 7.554592157281326e-05
198 0.4351648752000006 7.562245903610024e-05
199 0.4373626776000006 7.569949212130441e-05
200 0.4395604800000006 7.577691798942029e-05
201 0.4417582824000006 7.585463353627639e-05
202 0.4439560848000006 7.593580955169288e-05
203 0.4461538872000007 7.60231843123698e-05
204 0.4483516896000007 7.611600448446872e-05
205 0.4505494920000007 7.621351456341939e-05
206 0.4527472944000007 7.631495633815872e-05
207 0.4549450968000007 7.641956843782935e-05
208 0.4571428992000007 7.65265859609535e-05
209 0.4593407016000007 7.663524018714838e-05
210 0.4615385040000007 7.674475837150888e-05
211 0.4637363064000007 7.685436362182656e-05
212 0.4659341088000007 7.696327485884416e-05
213 0.4681319112000007 7.707070685907626e-05
214 0.4703297136000007 7.71758703853865e-05
215 0.4725275160000007 7.727797239074198e-05
216 0.4747253184000007 7.737621632028426e-05
217 0.4769231208000007 7.746980248696521e-05
218 0.4791209232000007 7.755792853624548e-05
219 0.4813187256000007 7.763978999484957e-05
220 0.4835165280000007 7.77145809047735e-05
221 0.4857143304000007 7.778149454259131e-05
222 0.4879121328000007 7.784430140543374e-05
223 0.4901099352000007 7.79072478978229e-05
224 0.4923077376000007 7.797024139861919e-05
225 0.4945055400000007 7.803318969055763e-05
226 0.4967033424000007 7.809600090562407e-05
227 0.4989011448000008 7.815858348119166e-05
228 0.5010989472000007 7.82208461284944e-05
229 0.5032967496000007 7.82826978065018e-05
230 0.5054945520000007 7.834404771205007e-05
231 0.5076923544000007 7.840480527957663e-05
232 0.5098901568000007 7.846488018347203e-05
233 0.5120879592000007 7.852418236345152e-05
234 0.5142857616000007 7.858262205072891e-05
235 0.5164835640000007 7.864010980851454e-05
236 0.5186813664000007 7.869655666803173e-05
237 0.5208791688000007 7.875187376078079e-05
238 0.5230769712000007 7.880597323756637e-05
239 0.5252747736000007 7.885876760152968e-05
240 0.5274725760000007 7.891016982348313e-05
241 0.5296703784000008 7.896009407676587e-05
242 0.5318681808000008 7.900766150953867e-05
243 0.5340659832000008 7.905214488455901e-05
244 0.5362637856000008 7.909368703707802e-05
245 0.5384615880000008 7.913243129867581e-05
246 0.5406593904000008 7.916852073502788e-05
247 0.5428571928000008 7.920209746421535e-05
248 0.5450549952000008 7.923330206016816e-05
249 0.5472527976000008 7.926227303789804e-05
250 0.5494506000000008 7.928914642215255e-05
251 0.5516484024000008 7.931405540415265e-05
252 0.5538462048000008 7.933713006997052e-05
253 0.5560440072000008 7.935849723020362e-05
254 0.5582418096000008 7.937828032060859e-05
255 0.5604396120000008 7.939659939900445e-05
256 0.5626374144000008 7.941357121247502e-05
257 0.5648352168000008 7.942930937135742e-05
258 0.5670330192000008 7.944392459110995e-05
259 0.5692308216000008 7.945752503917057e-05
260 0.5714286240000008 7.947021672678124e-05
261 0.5736264264000008 7.948210416966367e-05
262 0.5758242288000008 7.949059303322543e-05
263 0.5780220312000008 7.949309600786192e-05
264 0.5802198336000008 7.948981167567365e-05
265 0.5824176360000008 7.948100561205111e-05
266 0.5846154384000009 7.946695867578886e-05
267 0.5868132408000009 7.944792189542724e-05
268 0.5890110432000009 7.942407788798919e-05
269 0.5912088456000009 7.939550881879779e-05
270 0.5934066480000009 7.936217097447612e-05
271 0.5956044504000009 7.932387606661263e-05
272 0.5978022528000009 7.928027942111874e-05
273 0.6000000552000009 7.923087522812298e-05
274 0.6021978576000009 7.917499903565725e-05
275 0.6043956600000009 7.91118376653511e-05
276 0.6065934624000009 7.904044670964822e-05
277 0.6087912648000009 7.895977573816725e-05
278 0.6109890672000009 7.88687012956077e-05
279 0.6131868696000009 7.876606771501073e-05
280 0.6153846720000009 7.865073569827827e-05
281 0.6175824744000009 7.852163853060571e-05
282 0.6197802768000009 7.837489678407981e-05
283 0.6219780792000009 7.82083917214854e-05
284 0.6241758816000009 7.802379282791833e-05
285 0.6263736840000009 7.782276948853455e-05
286 0.6285714864000009 7.760698585610442e-05
287 0.6307692888000009 7.737809626766138e-05
288 0.6329670912000009 7.713774121782539e-05
289 0.6351648936000009 7.688754389275794e-05
290 0.637362696000001 7.662910726554691e-05
291 0.639560498400001 7.636401175099776e-05
292 0.641758300800001 7.609381341576104e-05
293 0.643956103200001 7.582004273691778e-05
294 0.646153905600001 7.5544203903043e-05
295 0.648351708000001 7.526777464658398e-05
296 0.650549510400001 7.499220660074461e-05
297 0.652747312800001 7.47189261700193e-05
298 0.654945115200001 7.444933590573032e-05
299 0.657142917600001 7.418481637806287e-05
300 0.659340720000001 7.392672853729756e-05
301 0.661538522400001 7.367641655850819e-05
302 0.663736324800001 7.342449535231111e-05
303 0.665934127200001 7.316130249704963e-05
304 0.668131929600001 7.288775841894225e-05
305 0.670329732000001 7.260478566135226e-05
306 0.672527534400001 7.231330685348354e-05
307 0.674725336800001 7.201424283480014e-05
308 0.676923139200001 7.17085109358177e-05
309 0.679120941600001 7.139702341566603e-05
310 0.681318744000001 7.108068605661858e-05
311 0.683516546400001 7.07603969155618e-05
312 0.685714348800001 7.043704523219962e-05
313 0.687912151200001 7.011151049362034e-05
314 0.690109953600001 6.978466165468304e-05
315 0.6923077560000011 6.945735651356575e-05
316 0.6945055584000011 6.913044124166911e-05
317 0.6967033608000011 6.880475006699015e-05
318 0.6989011632000011 6.848110510997114e-05
319 0.7010989656000011 6.816031637077354e-05
320 0.7032967680000011 6.784318186685593e-05
321 0.7054945704000011 6.753048791971423e-05
322 0.7076923728000011 6.721766066133245e-05
323 0.7098901752000011 6.690000080540473e-05
324 0.7120879776000011 6.657809150105177e-05
325 0.7142857800000011 6.625250657573268e-05
326 0.7164835824000011 6.592380982257803e-05
327 0.7186813848000011 6.559255437634724e-05
328 0.7208791872000011 6.525928217726012e-05
329 0.7230769896000011 6.492452352183388e-05
330 0.7252747920000011 6.458879669971141e-05
331 0.7274725944000011 6.425260771537251e-05
332 0.7296703968000011 6.391645009353558e-05
333 0.7318681992000011 6.358080476698475e-05
334 0.7340660016000011 6.324614004551651e-05
335 0.7362638040000011 6.291291166467462e-05
336 0.7384616064000011 6.258156291293069e-05
337 0.7406594088000011 6.225252483597646e-05
338 0.7428572112000011 6.192621651684153e-05
339 0.7450550136000011 6.160304543058117e-05
340 0.7472528160000012 6.128340787236617e-05
341 0.7494506184000012 6.09676894578861e-05
342 0.7516484208000012 6.065325723227376e-05
343 0.7538462232000012 6.033751623802119e-05
344 0.7560440256000012 6.002089680825832e-05
345 0.7582418280000012 5.970382310803213e-05
346 0.7604396304000012 5.938671311193055e-05
347 0.7626374328000012 5.906997859692994e-05
348 0.7648352352000012 5.875402515030827e-05
349 0.7670330376000012 5.843925219247241e-05
350 0.7692308400000012 5.812605301454567e-05
351 0.7714286424000012 5.781481483057039e-05
352 0.7736264448000012 5.750591884418567e-05
353 0.7758242472000012 5.719974032963041e-05
354 0.7780220496000012 5.689664872694319e-05
355 0.7802198520000012 5.659700775121684e-05
356 0.7824176544000012 5.630117551578207e-05
357 0.7846154568000012 5.600950466918438e-05
358 0.7868132592000012 5.572234254583974e-05
359 0.7890110616000012 5.544003133022999e-05
360 0.7912088640000012 5.516290823453931e-05
361 0.7934066664000012 5.489130568959783e-05
362 0.7956044688000012 5.462308548048479e-05
363 0.7978022712000012 5.43560640515803e-05
364 0.8000000736000012 5.409049847146475e-05
365 0.8021978760000013 5.382664063338329e-05
366 0.8043956784000013 5.356473727927263e-05
367 0.8065934808000013 5.330503004260224e-05
368 0.8087912832000013 5.304775550970137e-05
369 0.8109890856000013 5.279314529922187e-05
370 0.8131868880000013 5.254142615941571e-05
371 0.8153846904000013 5.229282008289225e-05
372 0.8175824928000013 5.204754443853974e-05
373 0.8197802952000013 5.180581212030882e-05
374 0.8219780976000013 5.156783171255466e-05
375 0.8241759000000013 5.133380767166477e-05
376 0.8263737024000013 5.11039405237084e-05
377 0.8285715048000013 5.087842707786402e-05
378 0.8307693072000013 5.065746065540155e-05
379 0.8329671096000013 5.04412313340238e-05
380 0.8351649120000013 5.022992620739288e-05
381 0.8373627144000013 5.002372965969476e-05
382 0.8395605168000013 4.982037849901336e-05
383 0.8417583192000013 4.961772980116835e-05
384 0.8439561216000013 4.941614305395494e-05
385 0.8461539240000013 4.92159732444239e-05
386 0.8483517264000013 4.901757097571776e-05
387 0.8505495288000013 4.882128259891651e-05
388 0.8527473312000013 4.862745035979925e-05
389 0.8549451336000014 4.843641256041625e-05
390 0.8571429360000014 4.82485037353943e-05
391 0.8593407384000014 4.806405484289943e-05
392 0.8615385408000014 4.788339347019623e-05
393 0.8637363432000014 4.770684405375176e-05
394 0.8659341456000014 4.753472811383324e-05
395 0.8681319480000014 4.736736450357132e-05
396 0.8703297504000014 4.720506967244681e-05
397 0.8725275528000014 4.704815794418136e-05
398 0.8747253552000014 4.689694180900907e-05
399 0.8769231576000014 4.67517322303073e-05
400 0.8791209600000014 4.661283896557814e-05
401 0.8813187624000014 4.64805709017578e-05
402 0.8835165648000014 4.635000306621303e-05
403 0.8857143672000014 4.621669851869634e-05
404 0.8879121696000014 4.608169166925598e-05
405 0.8901099720000014 4.594600864049389e-05
406 0.8923077744000014 4.581066716044216e-05
407 0.8945055768000014 4.567667659546259e-05
408 0.8967033792000014 4.554503812225799e-05
409 0.8989011816000014 4.541674503813927e-05
410 0.9010989840000014 4.529278320875055e-05
411 0.9032967864000014 4.517413165256042e-05
412 0.9054945888000014 4.506176326150255e-05
413 0.9076923912000014 4.495664565729307e-05
414 0.9098901936000015 4.485974218307125e-05
415 0.9120879960000015 4.477201303016563e-05
416 0.9142857984000015 4.469441649996114e-05
417 0.9164836008000015 4.46279104010205e-05
418 0.9186814032000015 4.457345358181722e-05
419 0.9208792056000015 4.45320075996587e-05
420 0.9230770080000015 4.450453852660585e-05
421 0.9252748104000015 4.449201889345286e-05
422 0.9274726128000015 4.449201889345286e-05
423 0.9296704152000015 4.449156838496015e-05
424 0.9318682176000015 4.449928027934566e-05
425 0.9340660200000015 4.451459488632091e-05
426 0.9362638224000015 4.453695396586628e-05
427 0.9384616248000015 4.456580037794305e-05
428 0.9406594272000015 4.46005777540223e-05
429 0.9428572296000015 4.464073019051595e-05
430 0.9450550320000015 4.468570196415045e-05
431 0.9472528344000015 4.473493726923624e-05
432 0.9494506368000015 4.478787997675888e-05
433 0.9516484392000015 4.484397341516258e-05
434 0.9538462416000015 4.490266017267413e-05
435 0.9560440440000015 4.49633819209854e-05
436 0.9582418464000015 4.502557926010651e-05
437 0.9604396488000015 4.508869158419418e-05
438 0.9626374512000015 4.515215696816792e-05
439 0.9648352536000016 4.521541207493877e-05
440 0.9670330560000016 4.527789208310508e-05
441 0.9692308584000016 4.533903063500017e-05
442 0.9714286608000016 4.539825980501774e-05
443 0.9736264632000016 4.545935899682036e-05
444 0.9758242656000016 4.552645370065689e-05
445 0.9780220680000016 4.559949623042202e-05
446 0.9802198704000016 4.567844096941256e-05
447 0.9824176728000016 4.576324322073916e-05
448 0.9846154752000016 4.585385816098637e-05
449 0.9868132776000016 4.595023989541646e-05
450 0.9890110800000016 4.605234061376e-05
451 0.9912088824000016 4.616010984625584e-05
452 0.9934066848000016 4.627349382019523e-05
453 0.9956044872000016 4.639243491768759e-05
454 0.9978022896000016 4.65168712357758e-05
455 1.000000092000002 4.664673625034923e-05
456 1.002197894400002 4.678195858554174e-05
457 1.004395696800002 4.692246189045934e-05
458 1.006593499200002 4.706816482515872e-05
459 1.008791301600002 4.721898115779339e-05
460 1.010989104000002 4.737481997476464e-05
461 1.013186906400002 4.753558600553252e-05
462 1.015384708800002 4.770118006351535e-05
463 1.017582511200002 4.788548808236509e-05
464 1.019780313600002 4.810102003240419e-05
465 1.021978116000002 4.834562301888382e-05
466 1.024175918400002 4.861715059246229e-05
467 1.026373720800002 4.891345034251018e-05
468 1.028571523200002 4.923235262630303e-05
469 1.030769325600002 4.957166042736922e-05
470 1.032967128000002 4.992914034086262e-05
471 1.035164930400002 5.030251468800412e-05
472 1.037362732800002 5.068945476534591e-05
473 1.039560535200002 5.108757523786299e-05
474 1.041758337600002 5.149442968769855e-05
475 1.043956140000002 5.190750733271623e-05
476 1.046153942400002 5.232423093094226e-05
477 1.048351744800002 5.274195588839307e-05
478 1.050549547200002 5.315797058880429e-05
479 1.052747349600002 5.356949796429441e-05
480 1.054945152000002 5.397369832610009e-05
481 1.057142954400002 5.436767347413315e-05
482 1.059340756800002 5.47484721033105e-05
483 1.061538559200002 5.51339799871062e-05
484 1.063736361600002 5.554260439062861e-05
485 1.065934164000002 5.597212016105288e-05
486 1.068131966400002 5.642026456038761e-05
487 1.070329768800002 5.688472504543966e-05
488 1.072527571200002 5.736312845686584e-05
489 1.074725373600002 5.785303163279575e-05
490 1.076923176000002 5.835191346972891e-05
491 1.079120978400002 5.88571684595379e-05
492 1.081318780800002 5.936610173637282e-05
493 1.083516583200002 5.987592567116458e-05
494 1.085714385600002 6.038375805413381e-05
495 1.087912188000002 6.088662190736421e-05
496 1.090109990400002 6.13814469699804e-05
497 1.092307792800002 6.186507289787025e-05
498 1.094505595200002 6.233425421812994e-05
499 1.096703397600002 6.278566707556081e-05
500 1.098901200000002 6.321591780456051e-05
501 1.101099002400002 6.362155335463266e-05
502 1.103296804800002 6.39990735915289e-05
503 1.105494607200002 6.436361870734575e-05
504 1.107692409600002 6.473173892843848e-05
505 1.109890212000002 6.510200011841883e-05
506 1.112088014400002 6.547293841006539e-05
507 1.114285816800002 6.584306006357792e-05
508 1.116483619200002 6.621084162374118e-05
509 1.118681421600002 6.657473038131613e-05
510 1.120879224000002 6.693314514382245e-05
511 1.123077026400002 6.728447732064437e-05
512 1.125274828800002 6.762709232709379e-05
513 1.127472631200002 6.795933131167443e-05
514 1.129670433600002 6.827951321023011e-05
515 1.131868236000002 6.858593713089222e-05
516 1.134066038400002 6.887688507045542e-05
517 1.136263840800002 6.915062496742026e-05
518 1.138461643200002 6.940541408955307e-05
519 1.140659445600002 6.963950275823942e-05
520 1.142857248000002 6.985113840834844e-05
521 1.145055050400002 7.003856998206008e-05
522 1.147252852800002 7.020005265392737e-05
523 1.149450655200002 7.034612551368662e-05
524 1.151648457600002 7.048836635409122e-05
525 1.153846260000002 7.062659566553359e-05
526 1.156044062400002 7.07606335166856e-05
527 1.158241864800002 7.08902997080631e-05
528 1.160439667200002 7.101541391818847e-05
529 1.162637469600002 7.113579584212931e-05
530 1.164835272000002 7.125126532221901e-05
531 1.167033074400002 7.136164247077266e-05
532 1.169230876800002 7.146674778462891e-05
533 1.171428679200002 7.156640225135832e-05
534 1.173626481600002 7.166042744700851e-05
535 1.175824284000002 7.174864562524039e-05
536 1.178022086400002 7.183087979776423e-05
537 1.180219888800002 7.190695380595783e-05
538 1.182417691200002 7.197669238359408e-05
539 1.184615493600002 7.203992121059848e-05
540 1.186813296000002 7.209646695778243e-05
541 1.189011098400002 7.214615732250329e-05
542 1.191208900800002 7.218882105522273e-05
543 1.193406703200002 7.222780872095819e-05
544 1.195604505600002 7.226656036417642e-05
545 1.197802308000002 7.230503990309055e-05
546 1.200000110400002 7.234321137013561e-05
547 1.202197912800002 7.23810388293092e-05
548 1.204395715200002 7.24184862980916e-05
549 1.206593517600002 7.245551768309844e-05
550 1.208791320000002 7.249209672639698e-05
551 1.210989122400002 7.252818696292674e-05
552 1.213186924800002 7.256375168903108e-05
553 1.215384727200002 7.259875394202044e-05
554 1.217582529600002 7.263315649103432e-05
555 1.219780332000002 7.266692183877195e-05
556 1.221978134400002 7.270001223454148e-05
557 1.224175936800002 7.27323896978745e-05
558 1.226373739200002 7.276401605624334e-05
559 1.228571541600002 7.279485298656125e-05
560 1.230769344000002 7.282486207764455e-05
561 1.232967146400002 7.285400489646143e-05
562 1.235164948800002 7.288224306845547e-05
563 1.237362751200002 7.291031628956235e-05
564 1.239560553600002 7.293898668770277e-05
565 1.241758356000002 7.296824969793229e-05
566 1.243956158400002 7.299810076870559e-05
567 1.246153960800002 7.302853528201737e-05
568 1.248351763200002 7.305954848626681e-05
569 1.250549565600002 7.309113544184866e-05
570 1.252747368000002 7.312329097946367e-05
571 1.254945170400002 7.315600967113919e-05
572 1.257142972800002 7.318928581392985e-05
573 1.259340775200002 7.322311342627234e-05
574 1.261538577600002 7.325748625706961e-05
575 1.263736380000002 7.329239780163994e-05
576 1.265934182400002 7.332784136231414e-05
577 1.268131984800002 7.336381004310469e-05
578 1.270329787200002 7.340029686021165e-05
579 1.272527589600002 7.343729478798636e-05
580 1.274725392000002 7.347479684794286e-05
581 1.276923194400002 7.351279620506403e-05
582 1.279120996800002 7.355128627647365e-05
583 1.281318799200002 7.359036357917339e-05
584 1.283516601600002 7.363013275890948e-05
585 1.285714404000002 7.36705998483919e-05
586 1.287912206400002 7.37117710636671e-05
587 1.290110008800002 7.375365277267472e-05
588 1.292307811200002 7.379625146298135e-05
589 1.294505613600002 7.383957371300307e-05
590 1.296703416000002 7.388362616650359e-05
591 1.298901218400002 7.392841550848847e-05
592 1.301099020800002 7.397394844536025e-05
593 1.303296823200002 7.402023168686175e-05
594 1.305494625600002 7.406727192913429e-05
595 1.307692428000002 7.411507584535127e-05
596 1.309890230400002 7.416365007002174e-05
597 1.312088032800002 7.421300120446906e-05
598 1.314285835200002 7.426313578907519e-05
599 1.316483637600002 7.431406032378592e-05
600 1.318681440000002 7.436578125608756e-05
601 1.320879242400002 7.441830498835258e-05
602 1.323077044800002 7.447163788110471e-05
603 1.325274847200002 7.452646508065392e-05
604 1.327472649600002 7.458340106925208e-05
605 1.329670452000002 7.464234617989039e-05
606 1.331868254400002 7.470320070837376e-05
607 1.334066056800002 7.476586488019897e-05
608 1.336263859200002 7.483023881981482e-05
609 1.338461661600002 7.489622252237853e-05
610 1.340659464000002 7.496371582801171e-05
611 1.342857266400002 7.503261839856366e-05
612 1.345055068800002 7.510282969690374e-05
613 1.347252871200002 7.517424896873905e-05
614 1.349450673600002 7.524677522697412e-05
615 1.351648476000002 7.532030723793493e-05
616 1.353846278400002 7.539474351402924e-05
617 1.356044080800002 7.54699823001936e-05
618 1.358241883200002 7.554592157281335e-05
619 1.360439685600002 7.562245903610061e-05
620 1.362637488000002 7.569949212143815e-05
621 1.364835290400002 7.577691798938962e-05
622 1.367033092800002 7.585463353626609e-05
623 1.369230895200002 7.593580955169277e-05
624 1.371428697600002 7.602318431237018e-05
625 1.373626500000002 7.611600448446866e-05
626 1.375824302400002 7.621351456341947e-05
627 1.378022104800002 7.631495633987613e-05
628 1.380219907200002 7.641956843782924e-05
629 1.382417709600002 7.652658596095357e-05
630 1.384615512000002 7.66352401871486e-05
631 1.386813314400002 7.674475837150907e-05
632 1.389011116800002 7.685436362182656e-05
633 1.391208919200002 7.696327485884428e-05
634 1.393406721600002 7.707070685977867e-05
635 1.395604524000002 7.717587038537378e-05
636 1.397802326400002 7.727797239074204e-05
637 1.400000128800002 7.737621632028415e-05
638 1.402197931200002 7.746980248696963e-05
639 1.404395733600002 7.755792853624521e-05
640 1.406593536000002 7.763978999484946e-05
641 1.408791338400002 7.771458090477297e-05
642 1.410989140800002 7.778149454259108e-05
643 1.413186943200002 7.784430140536216e-05
644 1.415384745600002 7.790724789774541e-05
645 1.417582548000002 7.797024139861925e-05
646 1.419780350400002 7.803318969055752e-05
647 1.421978152800002 7.809600090585564e-05
648 1.424175955200002 7.815858348148212e-05
649 1.426373757600002 7.822084612849468e-05
650 1.428571560000002 7.828269780650192e-05
651 1.430769362400002 7.834404771269371e-05
652 1.432967164800002 7.840480527957657e-05
653 1.435164967200002 7.846488018347209e-05
654 1.437362769600002 7.852418236345152e-05
655 1.439560572000002 7.858262205073755e-05
656 1.441758374400002 7.864010980851419e-05
657 1.443956176800002 7.869655658233008e-05
658 1.446153979200002 7.875187376077235e-05
659 1.448351781600002 7.880597324669862e-05
660 1.450549584000002 7.885876753878491e-05
661 1.452747386400002 7.891016982340122e-05
662 1.454945188800002 7.896009407669914e-05
663 1.457142991200002 7.90076615094674e-05
664 1.459340793600002 7.905214488455924e-05
665 1.461538596000002 7.909368703699752e-05
666 1.463736398400002 7.913243129867375e-05
667 1.465934200800002 7.916852073493026e-05
668 1.468132003200002 7.920209746412822e-05
669 1.470329805600002 7.923330206007872e-05
670 1.472527608000002 7.926227303781423e-05
671 1.474725410400002 7.928914642301396e-05
672 1.476923212800002 7.931405540415284e-05
673 1.479121015200002 7.933713006996913e-05
674 1.481318817600003 7.935849722909955e-05
675 1.483516620000003 7.93782803215939e-05
676 1.485714422400003 7.939659939901558e-05
677 1.487912224800003 7.941357121247786e-05
678 1.490110027200003 7.942930937064045e-05
679 1.492307829600003 7.944392459110996e-05
680 1.494505632000003 7.9457525039171e-05
681 1.496703434400003 7.947021675483417e-05
682 1.498901236800003 7.948210416967885e-05
683 1.501099039200003 7.949059303309023e-05
684 1.503296841600003 7.949309600786181e-05
685 1.505494644000003 7.948981167617221e-05
686 1.507692446400003 7.948100561205102e-05
687 1.509890248800003 7.946695867578882e-05
688 1.512088051200003 7.944792189542831e-05
689 1.514285853600003 7.942407788793113e-05
690 1.516483656000003 7.939550881881981e-05
691 1.518681458400003 7.93621709744759e-05
692 1.520879260800003 7.93238760665955e-05
693 1.523077063200003 7.928027942124278e-05
694 1.525274865600003 7.923087522810935e-05
695 1.527472668000003 7.917499903565677e-05
696 1.529670470400003 7.911183766540461e-05
697 1.531868272800003 7.904044670964814e-05
698 1.534066075200003 7.895977573828833e-05
699 1.536263877600003 7.88687012956218e-05
700 1.538461680000003 7.87660677149852e-05
701 1.540659482400003 7.86507356982286e-05
702 1.542857284800003 7.852163853058208e-05
703 1.545055087200003 7.837489678407986e-05
704 1.547252889600003 7.820839172148012e-05
705 1.549450692000003 7.802379282787138e-05
706 1.551648494400003 7.782276948844338e-05
707 1.553846296800003 7.760698585673482e-05
708 1.556044099200003 7.737809626878551e-05
709 1.558241901600003 7.713774121792493e-05
710 1.560439704000003 7.688754389270939e-05
711 1.562637506400003 7.662910726545684e-05
712 1.564835308800003 7.636401175095404e-05
713 1.567033111200003 7.609381341565644e-05
714 1.569230913600003 7.582004273691737e-05
715 1.571428716000003 7.554420390304289e-05
716 1.573626518400003 7.526777464658441e-05
717 1.575824320800003 7.499220660074422e-05
718 1.578022123200003 7.47189261700193e-05
719 1.580219925600003 7.444933590573035e-05
720 1.582417728000003 7.418481637806319e-05
721 1.584615530400003 7.392672853729733e-05
722 1.586813332800003 7.367641655850829e-05
723 1.589011135200003 7.342449535231102e-05
724 1.591208937600003 7.316130249704912e-05
725 1.593406740000003 7.288775841894215e-05
726 1.595604542400003 7.260478566135234e-05
727 1.597802344800003 7.23133068534835e-05
728 1.600000147200003 7.201424283480029e-05
729 1.602197949600003 7.17085109358175e-05
730 1.604395752000003 7.139702341566606e-05
731 1.606593554400003 7.108068605661872e-05
732 1.608791356800003 7.076039691556181e-05
733 1.610989159200003 7.043704523219978e-05
734 1.613186961600003 7.011151049362038e-05
735 1.615384764000003 6.978466165468317e-05
736 1.617582566400003 6.945735651356586e-05
737 1.619780368800003 6.913044124166928e-05
738 1.621978171200003 6.880475006699003e-05
739 1.624175973600003 6.848110510997123e-05
740 1.626373776000003 6.816031637077308e-05
741 1.628571578400003 6.784318186685629e-05
742 1.630769380800003 6.75304879197144e-05
743 1.632967183200003 6.721766066133233e-05
744 1.635164985600003 6.690000080540448e-05
745 1.637362788000003 6.657809150105192e-05
746 1.639560590400003 6.625250657573255e-05
747 1.641758392800003 6.592380982257804e-05
748 1.643956195200003 6.559255437634724e-05
749 1.646153997600003 6.525928217725988e-05
750 1.648351800000003 6.492452352183364e-05
751 1.650549602400003 6.458879669971144e-05
752 1.652747404800003 6.425260771535828e-05
753 1.654945207200003 6.391645009353543e-05
754 1.657143009600003 6.358080476698441e-05
755 1.659340812000003 6.324614004551637e-05
756 1.661538614400003 6.291291166467491e-05
757 1.663736416800003 6.258156291293068e-05
758 1.665934219200003 6.225252483597653e-05
759 1.668132021600003 6.19262165168415e-05
760 1.670329824000003 6.160304543058125e-05
761 1.672527626400003 6.128340787236623e-05
762 1.674725428800003 6.09676894578862e-05
763 1.676923231200003 6.06532572322739e-05
764 1.679121033600003 6.033751623802131e-05
765 1.681318836000003 6.002089680825841e-05
766 1.683516638400003 5.970382310803217e-05
767 1.685714440800003 5.938671311193027e-05
768 1.687912243200003 5.906997859692994e-05
769 1.690110045600003 5.87540251503083e-05
770 1.692307848000003 5.843925219247278e-05
771 1.694505650400003 5.812605301454555e-05
772 1.696703452800003 5.781481483057064e-05
773 1.698901255200003 5.750591884418566e-05
774 1.701099057600003 5.71997403296307e-05
775 1.703296860000003 5.68966487269431e-05
776 1.705494662400003 5.659700775121707e-05
777 1.707692464800003 5.630117551578211e-05
778 1.709890267200003 5.600950466918464e-05
779 1.712088069600003 5.572234254583982e-05
780 1.714285872000003 5.544003133022984e-05
781 1.716483674400003 5.516290823453945e-05
782 1.718681476800003 5.489130568959773e-05
783 1.720879279200003 5.462308548048465e-05
784 1.723077081600003 5.435606405158026e-05
785 1.725274884000003 5.409049847146479e-05
786 1.727472686400003 5.382664063338328e-05
787 1.729670488800003 5.356473727927248e-05
788 1.731868291200003 5.330503004260214e-05
789 1.734066093600003 5.304775550970101e-05
790 1.736263896000003 5.279314529922187e-05
791 1.738461698400003 5.254142615941598e-05
792 1.740659500800003 5.229282008289221e-05
793 1.742857303200003 5.204754443854005e-05
794 1.745055105600003 5.1805812120309e-05
795 1.747252908000003 5.156783171255462e-05
796 1.749450710400003 5.133380767166457e-05
797 1.751648512800003 5.11039405237086e-05
798 1.753846315200003 5.087842707786384e-05
799 1.756044117600003 5.06574606554014e-05
800 1.758241920000003 5.044123133402374e-05
801 1.760439722400003 5.0229926207393e-05
802 1.762637524800003 5.002372965969465e-05
803 1.764835327200003 4.982037849901336e-05
804 1.767033129600003 4.961772980116839e-05
805 1.769230932000003 4.941614305395487e-05
806 1.771428734400003 4.921597324442426e-05
807 1.773626536800003 4.901757097571797e-05
808 1.775824339200003 4.88212825989165e-05
809 1.778022141600003 4.862745035979916e-05
810 1.780219944000003 4.843641256041618e-05
811 1.782417746400003 4.82485037353944e-05
812 1.784615548800003 4.806405484289924e-05
813 1.786813351200003 4.788339347019656e-05
814 1.789011153600003 4.770684405375165e-05
815 1.791208956000003 4.753472811383313e-05
816 1.793406758400003 4.73673645035713e-05
817 1.795604560800003 4.72050696724465e-05
818 1.797802363200003 4.704815794418146e-05
819 1.800000165600003 4.689694180900885e-05
820 1.802197968000003 4.675173223030727e-05
821 1.804395770400003 4.661283896557794e-05
822 1.806593572800003 4.648057090175785e-05
823 1.808791375200003 4.635000306621297e-05
824 1.810989177600003 4.621669851869638e-05
825 1.813186980000003 4.608169166925615e-05
826 1.815384782400003 4.594600864049369e-05
827 1.817582584800003 4.581066716044215e-05
828 1.819780387200003 4.567667659546255e-05
829 1.821978189600003 4.554503812225833e-05
830 1.824175992000003 4.541674503813913e-05
831 1.826373794400003 4.529278320875052e-05
832 1.828571596800003 4.51741316525605e-05
833 1.830769399200003 4.506176326150244e-05
834 1.832967201600003 4.495664565729335e-05
835 1.835165004000003 4.485974218307113e-05
836 1.837362806400003 4.477201303016551e-05
837 1.839560608800003 4.469441649996093e-05
838 1.841758411200003 4.46279104010205e-05
839 1.843956213600003 4.457345358181727e-05
840 1.846154016000003 4.453200759965874e-05
841 1.848351818400003 4.450453852660585e-05
842 1.850549620800003 4.449201889345292e-05
843 1.852747423200003 4.449201889345292e-05
844 1.854945225600003 4.449156838496028e-05
845 1.857143028000003 4.449928027934578e-05
846 1.859340830400003 4.451459488632081e-05
847 1.861538632800003 4.453695396586622e-05
848 1.863736435200003 4.45658003779434e-05
849 1.865934237600003 4.460057775402222e-05
850 1.868132040000003 4.464073019051598e-05
851 1.870329842400003 4.468570196415064e-05
852 1.872527644800003 4.473493726923648e-05
853 1.874725447200003 4.478787997675892e-05
854 1.876923249600003 4.484397341516273e-05
855 1.879121052000003 4.490266017267422e-05
856 1.881318854400003 4.496338192098537e-05
857 1.883516656800003 4.502557926010667e-05
858 1.885714459200003 4.508869158419432e-05
859 1.887912261600003 4.515215696816789e-05
860 1.890110064000003 4.521541207493857e-05
861 1.892307866400003 4.527789208310514e-05
862 1.894505668800003 4.533903063500017e-05
863 1.896703471200003 4.539825980501771e-05
864 1.898901273600003 4.54593589968205e-05
865 1.901099076000003 4.552645370065674e-05
866 1.903296878400003 4.55994962304221e-05
867 1.905494680800003 4.567844096941245e-05
868 1.907692483200003 4.576324322073924e-05
869 1.909890285600003 4.585385816098612e-05
870 1.912088088000003 4.595023989541651e-05
871 1.914285890400003 4.605234061376003e-05
872 1.916483692800003 4.616010984625579e-05
873 1.918681495200003 4.627349382019511e-05
874 1.920879297600003 4.639243491768766e-05
875 1.923077100000003 4.651687123577584e-05
876 1.925274902400003 4.6646736250349e-05
877 1.927472704800003 4.678195858554192e-05
878 1.929670507200003 4.692246189045942e-05
879 1.931868309600003 4.706816482515854e-05
880 1.934066112000003 4.721898115779351e-05
881 1.936263914400003 4.73748199747645e-05
882 1.938461716800003 4.753558600553262e-05
883 1.940659519200003 4.770118006351523e-05
884 1.942857321600003 4.788548808236496e-05
885 1.945055124000003 4.81010200324041e-05
886 1.947252926400003 4.834562301888346e-05
887 1.949450728800003 4.861715059246225e-05
888 1.951648531200003 4.891345034250988e-05
889 1.953846333600003 4.923235262630301e-05
890 1.956044136000003 4.95716604273692e-05
891 1.958241938400003 4.992914034086273e-05
892 1.960439740800003 5.030251468800433e-05
893 1.962637543200003 5.068945476534576e-05
894 1.964835345600003 5.10875752378632e-05
895 1.967033148000003 5.149442968769836e-05
896 1.969230950400003 5.190750733271614e-05
897 1.971428752800003 5.23242309309422e-05
898 1.973626555200003 5.27419558883933e-05
899 1.975824357600003 5.315797058880404e-05
900 1.978022160000003 5.356949796429455e-05
901 1.980219962400003 5.397369832610025e-05
902 1.982417764800003 5.436767347413319e-05
903 1.984615567200003 5.474847210331047e-05
904 1.986813369600003 5.513397998710642e-05
905 1.989011172000003 5.554260439062844e-05
906 1.991208974400003 5.59721201610527e-05
907 1.993406776800003 5.642026456038782e-05
908 1.995604579200003 5.688472504543966e-05
909 1.997802381600003 5.736312845686576e-05
910 2.000000184000003 5.78530316327956e-05
911 2.002197986400003 5.835191346972924e-05
912 2.004395788800003 5.88571684595381e-05
913 2.006593591200003 5.936610173637268e-05
914 2.008791393600003 5.987592567116444e-05
915 2.010989196000003 6.038375805413402e-05
916 2.013186998400003 6.08866219073643e-05
917 2.015384800800003 6.138144696998044e-05
918 2.017582603200003 6.186507289787025e-05
919 2.019780405600003 6.233425421812989e-05
920 2.021978208000003 6.278566707556059e-05
921 2.024176010400003 6.321591780456057e-05
922 2.026373812800003 6.362155335463313e-05
923 2.028571615200003 6.399907359152902e-05
924 2.030769417600003 6.436361870734548e-05
925 2.032967220000003 6.473173892843857e-05
926 2.035165022400003 6.510200011841891e-05
927 2.037362824800003 6.547293841006551e-05
928 2.039560627200003 6.58430600635777e-05
929 2.041758429600003 6.62108416236575e-05
930 2.043956232000003 6.657473038131602e-05
931 2.046154034400003 6.693314514382239e-05
932 2.048351836800003 6.728447732064419e-05
933 2.050549639200003 6.762709232709391e-05
934 2.052747441600003 6.795933131167443e-05
935 2.054945244000003 6.827951321032436e-05
936 2.057143046400003 6.858593713089214e-05
937 2.059340848800003 6.887688507045499e-05
938 2.061538651200003 6.915062496742063e-05
939 2.063736453600003 6.940541408955334e-05
940 2.065934256000003 6.963950275823934e-05
941 2.068132058400003 6.985113840834871e-05
942 2.070329860800003 7.003856998206005e-05
943 2.072527663200003 7.020005265392773e-05
944 2.074725465600003 7.034612551368619e-05
945 2.076923268000003 7.048836635409152e-05
946 2.079121070400003 7.062659566553432e-05
947 2.081318872800003 7.076063351668543e-05
948 2.083516675200003 7.089029970806283e-05
949 2.085714477600003 7.101541391818855e-05
950 2.087912280000003 7.113579584212926e-05
951 2.090110082400003 7.125126532221892e-05
952 2.092307884800003 7.136164247077317e-05
953 2.094505687200003 7.146674778462895e-05
954 2.096703489600003 7.156640225135806e-05
955 2.098901292000003 7.166042744678565e-05
956 2.101099094400003 7.174864562524031e-05
957 2.103296896800003 7.183087979776404e-05
958 2.105494699200003 7.190695380595795e-05
959 2.107692501600003 7.197669238359404e-05
960 2.109890304000003 7.20399212105983e-05
961 2.112088106400003 7.209646695778221e-05
962 2.114285908800003 7.214615732250329e-05
963 2.116483711200003 7.218882105522273e-05
964 2.118681513600003 7.222780872095816e-05
965 2.120879316000003 7.226656036461268e-05
966 2.123077118400003 7.230503990309041e-05
967 2.125274920800003 7.234321137013543e-05
968 2.127472723200003 7.238103882930901e-05
969 2.129670525600003 7.241848629809187e-05
970 2.131868328000003 7.245551768309818e-05
971 2.134066130400003 7.249209672639711e-05
972 2.136263932800003 7.252818696292681e-05
973 2.138461735200003 7.256375168901845e-05
974 2.140659537600003 7.259875394202055e-05
975 2.142857340000003 7.263315649100732e-05
976 2.145055142400004 7.266692183877201e-05
977 2.147252944800004 7.270001223454161e-05
978 2.149450747200004 7.27323896983654e-05
979 2.151648549600004 7.276401605624339e-05
980 2.153846352000004 7.27948529865611e-05
981 2.156044154400004 7.282486207764514e-05
982 2.158241956800004 7.285400489646158e-05
983 2.160439759200004 7.288224306845532e-05
984 2.162637561600004 7.29103162895623e-05
985 2.164835364000004 7.293898668770325e-05
986 2.167033166400004 7.296824969793249e-05
987 2.169230968800004 7.299810076870567e-05
988 2.171428771200004 7.302853528201773e-05
989 2.173626573600004 7.305954848626687e-05
990 2.175824376000004 7.309113544184884e-05
991 2.178022178400004 7.31232909794641e-05
992 2.180219980800004 7.315600967113266e-05
993 2.182417783200004 7.318928581391741e-05
994 2.184615585600004 7.322311342627247e-05
995 2.186813388000004 7.325748625696619e-05
996 2.189011190400004 7.329239780670842e-05
997 2.191208992800004 7.332784136198999e-05
998 2.193406795200004 7.336381004310447e-05
999 2.195604597600004 7.34002968601985e-05
1000 2.197802400000004 7.343729478798633e-05
1001 2.200000202400004 7.347479684791638e-05
1002 2.202198004800004 7.351279620506408e-05
1003 2.204395807200004 7.355128627647392e-05
1004 2.206593609600004 7.359036357917345e-05
1005 2.208791412000004 7.363013275924361e-05
1006 2.210989214400004 7.367059984845328e-05
1007 2.213187016800004 7.371177106366703e-05
1008 2.215384819200004 7.375365277297833e-05
1009 2.217582621600004 7.379625146305679e-05
1010 2.219780424000004 7.383957371322788e-05
1011 2.221978226400004 7.388362616650363e-05
1012 2.224176028800004 7.392841550848827e-05
1013 2.226373831200004 7.397394844536029e-05
1014 2.228571633600004 7.402023168652726e-05
1015 2.230769436000004 7.40672719291346e-05
1016 2.232967238400004 7.411507584493281e-05
1017 2.235165040800004 7.416365007227703e-05
1018 2.237362843200004 7.421300120446952e-05
1019 2.239560645600004 7.426313578891809e-05
1020 2.241758448000004 7.431406032354112e-05
1021 2.243956250400004 7.436578125608762e-05
1022 2.246154052800004 7.441830498888701e-05
1023 2.248351855200004 7.447163787777341e-05
1024 2.250549657600004 7.452646508065344e-05
1025 2.252747460000004 7.458340106925157e-05
1026 2.254945262400004 7.464234617921792e-05
1027 2.257143064800004 7.470320070837388e-05
1028 2.259340867200004 7.476586488019914e-05
1029 2.261538669600004 7.483023881981497e-05
1030 2.263736472000004 7.48962225223788e-05
1031 2.265934274400004 7.496371582801152e-05
1032 2.268132076800004 7.503261839856395e-05
1033 2.270329879200004 7.510282969653508e-05
1034 2.272527681600004 7.517424896873889e-05
1035 2.274725484000004 7.524677522697383e-05
1036 2.276923286400004 7.532030723862478e-05
1037 2.279121088800004 7.539474351411519e-05
1038 2.281318891200004 7.546998230033076e-05
1039 2.283516693600004 7.55459215728132e-05
1040 2.285714496000004 7.562245903656455e-05
1041 2.287912298400004 7.569949212129885e-05
1042 2.290110100800004 7.577691798942031e-05
1043 2.292307903200004 7.5854633536494e-05
1044 2.294505705600004 7.593580955169326e-05
1045 2.296703508000004 7.602318431267028e-05
1046 2.298901310400004 7.611600448450344e-05
1047 2.301099112800004 7.621351456341936e-05
1048 2.303296915200004 7.631495633815861e-05
1049 2.305494717600004 7.641956843783871e-05
1050 2.307692520000004 7.652658596095325e-05
1051 2.309890322400004 7.663524018717885e-05
1052 2.312088124800004 7.674475837150918e-05
1053 2.314285927200004 7.685436362193926e-05
1054 2.316483729600004 7.696327485884392e-05
1055 2.318681532000004 7.707070685977872e-05
1056 2.320879334400004 7.7175870385374e-05
1057 2.323077136800004 7.727797239075463e-05
1058 2.325274939200004 7.737621632031494e-05
1059 2.327472741600004 7.746980248696583e-05
1060 2.329670544000004 7.755792853616399e-05
1061 2.331868346400004 7.76397899957796e-05
1062 2.334066148800004 7.771458090453257e-05
1063 2.336263951200004 7.778149454293329e-05
1064 2.338461753600004 7.784430140539638e-05
1065 2.340659556000004 7.790724789774004e-05
1066 2.342857358400004 7.797024139854829e-05
1067 2.345055160800004 7.803318969055588e-05
1068 2.347252963200004 7.809600090569902e-05
1069 2.349450765600004 7.815858348178091e-05
1070 2.351648568000004 7.822084612828454e-05
1071 2.353846370400004 7.828269780650189e-05
1072 2.356044172800004 7.834404771269402e-05
1073 2.358241975200004 7.840480527605067e-05
1074 2.360439777600004 7.846488018347205e-05
1075 2.362637580000004 7.852418236345166e-05
1076 2.364835382400004 7.858262205302012e-05
1077 2.367033184800004 7.864010980851468e-05
1078 2.369230987200004 7.869655658250394e-05
1079 2.371428789600004 7.875187376617328e-05
1080 2.373626592000004 7.880597324527394e-05
1081 2.375824394400004 7.885876753937193e-05
1082 2.378022196800004 7.891016982340079e-05
1083 2.380219999200004 7.896009407669917e-05
1084 2.382417801600004 7.900766150938229e-05
1085 2.384615604000004 7.905214488455891e-05
1086 2.386813406400004 7.909368703545382e-05
1087 2.389011208800004 7.913243129867554e-05
1088 2.391209011200004 7.916852073494641e-05
1089 2.393406813600004 7.920209746430191e-05
1090 2.395604616000004 7.923330206007849e-05
1091 2.397802418400004 7.926227303787423e-05
1092 2.400000220800004 7.928914642300457e-05
1093 2.402198023200004 7.931405540412357e-05
1094 2.404395825600004 7.933713006881587e-05
1095 2.406593628000004 7.935849723020354e-05
1096 2.408791430400004 7.937828032182655e-05
1097 2.410989232800004 7.939659939903492e-05
1098 2.413187035200004 7.941357121245804e-05
1099 2.415384837600004 7.94293093433903e-05
1100 2.417582640000004 7.944392467026129e-05
1101 2.419780442400004 7.945752511682948e-05
1102 2.421978244800004 7.947021675492115e-05
1103 2.424176047200004 7.948210416969706e-05
1104 2.426373849600004 7.949059303283824e-05
1105 2.428571652000004 7.949309600786171e-05
1106 2.430769454400004 7.948981167565907e-05
1107 2.432967256800004 7.948100561188257e-05
1108 2.435165059200004 7.946695867578881e-05
1109 2.437362861600004 7.944792189542718e-05
1110 2.439560664000004 7.942407788793089e-05
1111 2.441758466400004 7.939550881877391e-05
1112 2.443956268800004 7.936217097447608e-05
1113 2.446154071200004 7.932387606635612e-05
1114 2.448351873600004 7.928027942124023e-05
1115 2.450549676000004 7.923087522790976e-05
1116 2.452747478400004 7.917499903565696e-05
1117 2.454945280800004 7.911183766462635e-05
1118 2.457143083200004 7.904044670972275e-05
1119 2.459340885600004 7.895977573790436e-05
1120 2.461538688000004 7.886870129598963e-05
1121 2.463736490400004 7.87660677150299e-05
1122 2.465934292800004 7.865073569991416e-05
1123 2.468132095200004 7.852163853059829e-05
1124 2.470329897600004 7.837489678358988e-05
1125 2.472527700000004 7.820839172148432e-05
1126 2.474725502400004 7.802379282792786e-05
1127 2.476923304800004 7.782276948881878e-05
1128 2.479121107200004 7.760698585649429e-05
1129 2.481318909600004 7.737809626766191e-05
1130 2.483516712000004 7.713774121782529e-05
1131 2.485714514400004 7.688754389221115e-05
1132 2.487912316800004 7.662910726553937e-05
1133 2.490110119200004 7.636401175099603e-05
1134 2.492307921600004 7.609381341569185e-05
1135 2.494505724000004 7.58200427368611e-05
1136 2.496703526400004 7.554420390261721e-05
1137 2.498901328800004 7.526777464658407e-05
1138 2.501099131200004 7.499220660074434e-05
1139 2.503296933600004 7.471892617001884e-05
1140 2.505494736000004 7.444933590573055e-05
1141 2.507692538400004 7.418481637806311e-05
1142 2.509890340800004 7.392672853729761e-05
1143 2.512088143200004 7.367641655850837e-05
1144 2.514285945600004 7.342449535231053e-05
1145 2.516483748000004 7.316130249704926e-05
1146 2.518681550400004 7.288775841894234e-05
1147 2.520879352800004 7.26047856613522e-05
1148 2.523077155200004 7.231330685348325e-05
1149 2.525274957600004 7.20142428348001e-05
1150 2.527472760000004 7.170851093581731e-05
1151 2.529670562400004 7.139702341566595e-05
1152 2.531868364800004 7.108068605661847e-05
1153 2.534066167200004 7.076039691556185e-05
1154 2.536263969600004 7.04370452321997e-05
1155 2.538461772000004 7.011151049362043e-05
1156 2.540659574400004 6.978466165468336e-05
1157 2.542857376800004 6.945735651356582e-05
1158 2.545055179200004 6.913044124166914e-05
1159 2.547252981600004 6.88047500669901e-05
1160 2.549450784000004 6.848110510997137e-05
1161 2.551648586400004 6.816031637077341e-05
1162 2.553846388800004 6.784318186685614e-05
1163 2.556044191200004 6.753048791971422e-05
1164 2.558241993600004 6.721766066133238e-05
1165 2.560439796000004 6.69000008054049e-05
1166 2.562637598400004 6.657809150105166e-05
1167 2.564835400800004 6.625250657573243e-05
1168 2.567033203200004 6.592380982257824e-05
1169 2.569231005600004 6.55925543763473e-05
1170 2.571428808000004 6.525928217726019e-05
1171 2.573626610400004 6.492452352183372e-05
1172 2.575824412800004 6.458879669971125e-05
1173 2.578022215200004 6.425260771537232e-05
1174 2.580220017600004 6.391645009353596e-05
1175 2.582417820000004 6.35808047669847e-05
1176 2.584615622400004 6.324614004551626e-05
1177 2.586813424800004 6.291291166467459e-05
1178 2.589011227200004 6.258156291293078e-05
1179 2.591209029600004 6.225252483597652e-05
1180 2.593406832000004 6.192621651684122e-05
1181 2.595604634400004 6.160304543058098e-05
1182 2.597802436800004 6.128340787236634e-05
1183 2.600000239200004 6.096768945788593e-05
1184 2.602198041600004 6.065325723227383e-05
1185 2.604395844000004 6.033751623802085e-05
1186 2.606593646400004 6.002089680825839e-05
1187 2.608791448800004 5.970382310803233e-05
1188 2.610989251200004 5.938671311193054e-05
1189 2.613187053600004 5.906997859692978e-05
1190 2.615384856000004 5.87540251503083e-05
1191 2.617582658400004 5.843925219247254e-05
1192 2.619780460800004 5.812605301454568e-05
1193 2.621978263200004 5.781481483057058e-05
1194 2.624176065600004 5.750591884418581e-05
1195 2.626373868000004 5.719974032963036e-05
1196 2.628571670400004 5.689664872694283e-05
1197 2.630769472800004 5.659700775121688e-05
1198 2.632967275200004 5.630117551578217e-05
1199 2.635165077600004 5.600950466918487e-05
1200 2.637362880000004 5.572234254583967e-05
1201 2.639560682400004 5.544003133022974e-05
1202 2.641758484800004 5.516290823453913e-05
1203 2.643956287200004 5.489130568959779e-05
1204 2.646154089600004 5.462308548048476e-05
1205 2.648351892000004 5.435606405158015e-05
1206 2.650549694400004 5.409049847146457e-05
1207 2.652747496800004 5.382664063338348e-05
1208 2.654945299200004 5.356473727927246e-05
1209 2.657143101600004 5.330503004260221e-05
1210 2.659340904000004 5.304775550970126e-05
1211 2.661538706400004 5.279314529922199e-05
1212 2.663736508800004 5.254142615941586e-05
1213 2.665934311200004 5.229282008289211e-05
1214 2.668132113600004 5.20475444385397e-05
1215 2.670329916000004 5.180581212030896e-05
1216 2.672527718400004 5.156783171255469e-05
1217 2.674725520800004 5.133380767166463e-05
1218 2.676923323200004 5.110394052370846e-05
1219 2.679121125600004 5.087842707786417e-05
1220 2.681318928000004 5.065746065540135e-05
1221 2.683516730400004 5.04412313340237e-05
1222 2.685714532800004 5.022992620739298e-05
1223 2.687912335200004 5.002372965969454e-05
1224 2.690110137600005 4.98203784990134e-05
1225 2.692307940000005 4.961772980116847e-05
1226 2.694505742400005 4.941614305395471e-05
1227 2.696703544800005 4.921597324442405e-05
1228 2.698901347200005 4.901757097571794e-05
1229 2.701099149600005 4.882128259891654e-05
1230 2.703296952000005 4.862745035979917e-05
1231 2.705494754400005 4.843641256041609e-05
1232 2.707692556800005 4.824850373539444e-05
1233 2.709890359200005 4.806405484289954e-05
1234 2.712088161600005 4.788339347019631e-05
1235 2.714285964000005 4.770684405375177e-05
1236 2.716483766400005 4.75347281138331e-05
1237 2.718681568800005 4.736736450357119e-05
1238 2.720879371200005 4.720506967244677e-05
1239 2.723077173600005 4.70481579441814e-05
1240 2.725274976000005 4.689694180900893e-05
1241 2.727472778400005 4.675173223030724e-05
1242 2.729670580800005 4.661283896557823e-05
1243 2.731868383200005 4.648057090175781e-05
1244 2.734066185600005 4.635000306621309e-05
1245 2.736263988000005 4.621669851869647e-05
1246 2.738461790400005 4.608169166925585e-05
1247 2.740659592800005 4.594600864049385e-05
1248 2.742857395200005 4.581066716044207e-05
1249 2.745055197600005 4.567667659546245e-05
1250 2.747253000000005 4.554503812225805e-05
1251 2.749450802400005 4.54167450381391e-05
1252 2.751648604800005 4.529278320875074e-05
1253 2.753846407200005 4.517413165256045e-05
1254 2.756044209600005 4.506176326150238e-05
1255 2.758242012000005 4.49566456572932e-05
1256 2.760439814400005 4.485974218307117e-05
1257 2.762637616800005 4.47720130301654e-05
1258 2.764835419200005 4.469441649996127e-05
1259 2.767033221600005 4.462791040102039e-05
1260 2.769231024000005 4.457345358181713e-05
