"plane-over-valves-velocities-rfile"
"Time Step" "plane-over-valves-velocities etc.."
("Time Step" "plane-over-valves-velocities" "flow-time")
30 0.2375912339701478 0.0627741176470588
60 0.3257592892083651 0.1255482352941176
90 0.3141793562633279 0.1883223529411768
120 0.3020665322404941 0.251096470588236
150 0.3250716088035595 0.3138705882352952
180 0.2884684151816385 0.3766447058823544
210 0.3602619569515668 0.4394188235294136
240 0.2781839992392213 0.5021929411764727
270 0.2943794918590102 0.5649670588235303
300 0.2958590857243236 0.6277411764705878
330 0.2801463778744734 0.6905152941176453
360 0.2576309885220319 0.7532894117647029
390 0.2707115501202049 0.8160635294117604
420 0.3187171648165153 0.878837647058818
450 0.3002469844557533 0.9416117647058755
480 0.3084738028601956 1.004385882352933
510 0.2795296334316728 1.067159999999991
540 0.2329939555297001 1.129934117647048
570 0.3065982010622523 1.192708235294106
600 0.291201877545655 1.255482352941163
630 0.2786188406764551 1.318256470588221
660 0.3040428686518348 1.381030588235278
690 0.2829006241938483 1.443804705882336
720 0.2668310369332996 1.506578823529393
750 0.3145094345355298 1.569352941176451
780 0.2806239140936067 1.632127058823508
810 0.2800533754749128 1.694901176470566
840 0.2818398083830398 1.757675294117623
870 0.2406091209963748 1.820449411764681
900 0.3595031766998001 1.883223529411739
930 0.3029608140375737 1.945997647058796
960 0.2851392608581463 2.008771764705854
990 0.303237223932952 2.071545882352911
1020 0.2840633849543013 2.134319999999969
