"ventricle-turb-kin-energy-average"
"Time Step" "ventricle-turb-kin-energy-average etc.."
("Time Step" "ventricle-turb-kin-energy-average" "flow-time")
20 0.013494131055700959 0.041849411764705885
40 0.010567768368748455 0.08369882352941177
60 0.0094939438481432 0.12554823529411765
80 0.010185108075663012 0.16739764705882354
100 0.010715173850419979 0.20924705882352942
120 0.0105499557638581 0.2510964705882353
140 0.010333965732481416 0.29294588235294117
160 0.010628047177238151 0.3347952941176471
180 0.0113262794587198 0.37664470588235294
200 0.011655473048479326 0.41849411764705885
220 0.011983909313295361 0.4603435294117647
240 0.011975810095273 0.5021929411764706
260 0.010495145197019648 0.5440423529411765
280 0.009444724347168056 0.5858917647058823
300 0.0094147757947585 0.6277411764705882
320 0.009829614791272737 0.6695905882352942
340 0.009346438398127628 0.71144
360 0.0078754109855333 0.7532894117647059
380 0.00656405953547738 0.7951388235294118
400 0.006513176550100069 0.8369882352941177
420 0.0080540605697809 0.8788376470588235
440 0.010817475766189362 0.9206870588235294
460 0.01197045364744935 0.9625364705882353
480 0.0113775063965566 1.0043858823529412
500 0.011515627863138273 1.0462352941176472
520 0.012193791258609782 1.088084705882353
540 0.0128441242152892 1.1299341176470588
560 0.012405830571971994 1.1717835294117647
580 0.011337628649267042 1.2136329411764706
600 0.0102791988080793 1.2554823529411765
620 0.010270278803722369 1.2973317647058824
640 0.011008185765796406 1.3391811764705883
660 0.0120021395748701 1.3810305882352942
680 0.012369360658276766 1.42288
700 0.011328470589386474 1.4647294117647058
720 0.0092732562830217 1.5065788235294117
740 0.007971474772957033 1.5484282352941177
760 0.008873003893567884 1.5902776470588236
780 0.0112093185406802 1.6321270588235295
800 0.011770900747502347 1.6739764705882354
820 0.011322091157777355 1.7158258823529413
840 0.0109678174449887 1.757675294117647
860 0.012356056765693011 1.799524705882353
880 0.012469533549661543 1.8413741176470588
900 0.0111020704777446 1.8832235294117647
920 0.01078957762213856 1.9250729411764707
940 0.010358886330608288 1.9669223529411766
960 0.0098525857335137 2.0087717647058825
980 0.010631267679080228 2.0506211764705884
1000 0.011996715744249402 2.0924705882352943
1020 0.0136373519199123 2.13432
