"energy-loss"
"Time Step" "energy-loss etc.."
("Time Step" "energy-loss" "flow-time")
20 5.620286782652844e-06 0.041849411764705885
40 6.346072026320111e-06 0.08369882352941177
60 1.056498571466362e-05 0.12554823529411765
80 1.79142243762645e-05 0.16739764705882354
100 2.041211163990765e-05 0.20924705882352942
120 1.856601647142325e-05 0.2510964705882353
140 2.1237002289015555e-05 0.29294588235294117
160 2.090558643164506e-05 0.3347952941176471
180 1.81390467883239e-05 0.37664470588235294
200 2.1741132051302145e-05 0.41849411764705885
220 2.0660718112022827e-05 0.4603435294117647
240 1.463138133117836e-05 0.5021929411764706
260 1.4244887566957415e-05 0.5440423529411765
280 1.4889675261848617e-05 0.5858917647058823
300 1.505823438047427e-05 0.6277411764705882
320 1.6024717136718716e-05 0.6695905882352942
340 1.4677390677868025e-05 0.71144
360 1.141212835303953e-05 0.7532894117647059
380 1.0479304907705081e-05 0.7951388235294118
400 1.4409686699358159e-05 0.8369882352941177
420 2.073991125394615e-05 0.8788376470588235
440 2.1367231990397488e-05 0.9206870588235294
460 2.1658162018679196e-05 0.9625364705882353
480 2.290281044573795e-05 1.0043858823529412
500 2.2597907021303555e-05 1.0462352941176472
520 2.2601685833639943e-05 1.088084705882353
540 2.242808787711125e-05 1.1299341176470588
560 1.9064139016011284e-05 1.1717835294117647
580 1.569399509267211e-05 1.2136329411764706
600 1.373166659805956e-05 1.2554823529411765
620 1.3272666748228461e-05 1.2973317647058824
640 1.359745928156423e-05 1.3391811764705883
660 1.365765468024121e-05 1.3810305882352942
680 1.172770936846144e-05 1.42288
700 1.0183924497071332e-05 1.4647294117647058
720 1.091965094590092e-05 1.5065788235294117
740 1.5843395707526924e-05 1.5484282352941177
760 1.9336650962177113e-05 1.5902776470588236
780 2.027761603985204e-05 1.6321270588235295
800 2.1587918770117415e-05 1.6739764705882354
820 2.2230994999156305e-05 1.7158258823529413
840 2.219414359803227e-05 1.757675294117647
860 2.257754973488693e-05 1.799524705882353
880 2.254087514821939e-05 1.8413741176470588
900 2.080750143797103e-05 1.8832235294117647
920 1.5443362437495788e-05 1.9250729411764707
940 1.2823229695898043e-05 1.9669223529411766
960 1.36657477542978e-05 2.0087717647058825
980 1.3330321718506993e-05 2.0506211764705884
1000 1.3335647123224122e-05 2.0924705882352943
1020 1.439076552107444e-05 2.13432
