"ventricle-kin-energy-average-rfile"
"Time Step" "ventricle-kin-energy-average etc.."
("Time Step" "ventricle-kin-energy-average" "flow-time")
20 35.36288661615644 0.041849411764705885
40 49.41344514096895 0.08369882352941177
60 70.69242000994917 0.12554823529411765
80 97.85407698103234 0.16739764705882354
100 101.2922627287934 0.20924705882352942
120 85.24852703770735 0.2510964705882353
140 88.38457111963591 0.29294588235294117
160 83.63834428476162 0.3347952941176471
180 70.70878728236576 0.37664470588235294
200 76.22877719766501 0.41849411764705885
220 68.25163997281781 0.4603435294117647
240 47.43279946142891 0.5021929411764706
260 47.766821030409936 0.5440423529411765
280 52.50002291729851 0.5858917647058823
300 55.64228013621692 0.6277411764705882
320 60.549974216045435 0.6695905882352942
340 59.95797555983397 0.71144
360 54.69871773252646 0.7532894117647059
380 55.05908106147404 0.7951388235294118
400 79.48726543463098 0.8369882352941177
420 113.4093900513359 0.8788376470588235
440 105.09973697821862 0.9206870588235294
460 94.29763185760282 0.9625364705882353
480 93.33770083966796 1.0043858823529412
500 89.96957548611043 1.0462352941176472
520 78.71776215911441 1.088084705882353
540 63.79506589129397 1.1299341176470588
560 60.066215939631874 1.1717835294117647
580 60.25756094715142 1.2136329411764706
600 61.82393635395577 1.2554823529411765
620 66.33621992089859 1.2973317647058824
640 70.05916132408902 1.3391811764705883
660 70.63537650732945 1.3810305882352942
680 66.19694914246055 1.42288
700 58.416279472796234 1.4647294117647058
720 56.37646494711657 1.5065788235294117
740 79.12840871200933 1.5484282352941177
760 96.99313858893959 1.5902776470588236
780 98.40099565050429 1.6321270588235295
800 86.66393687370221 1.6739764705882354
820 83.56175378211904 1.7158258823529413
840 87.76778531269187 1.757675294117647
860 75.47620666424514 1.799524705882353
880 69.9998058038438 1.8413741176470588
900 72.47276077586973 1.8832235294117647
920 62.196071287283665 1.9250729411764707
940 59.61133591932722 1.9669223529411766
960 67.86490200396835 2.0087717647058825
980 73.21610622618334 2.0506211764705884
1000 74.93055125352504 2.0924705882352943
1020 72.96321699905903 2.13432
