"plane-over-valves-velocities-rfile"
"Time Step" "plane-over-valves-velocities etc.."
("Time Step" "plane-over-valves-velocities" "flow-time")
30 0.3868134130467539 0.07504489285714287
60 0.4356696811505955 0.1500897857142857
90 0.3855293052949494 0.2251346785714284
120 0.3637497073961248 0.3001795714285715
150 0.3065074126179965 0.375224464285715
180 0.2925412024794163 0.4502693571428584
210 0.3289585543759379 0.5253142500000019
240 0.3036281682099378 0.6003591428571453
270 0.2529375052406865 0.6754040357142888
300 0.2981358654944099 0.7504489285714322
330 0.3938352556973877 0.8254938214285756
360 0.3896630109471197 0.9005387142857191
390 0.3640834944956784 0.9755836071428625
420 0.3616978664971261 1.050628500000006
450 0.25780418418537 1.125673392857149
480 0.3337351328415148 1.200718285714293
510 0.3299378528946681 1.275763178571436
540 0.3054608592720436 1.35080807142858
570 0.3150240709365671 1.425852964285723
600 0.3870711463623706 1.500897857142867
630 0.4139253710610299 1.57594275000001
660 0.3695955546619155 1.650987642857153
690 0.3709701794251622 1.726032535714297
720 0.251389163910698 1.80107742857144
750 0.343833136931306 1.876122321428584
780 0.3438457035327263 1.951167214285727
810 0.3324799261645041 2.026212107142868
840 0.2657373586001732 2.101257000000005
