"ventricle-kin-energy-average-rfile"
"Time Step" "ventricle-kin-energy-average etc.."
("Time Step" "ventricle-kin-energy-average" "flow-time")
20 85.90307134375921 0.05002992857142857
40 143.90769357262025 0.10005985714285714
60 159.0644870041197 0.15008978571428572
80 132.86780820368992 0.2001197142857143
100 98.19350161084269 0.25014964285714286
120 74.53267749665962 0.30017957142857143
140 75.16040261000217 0.3502095
160 67.87944864826534 0.4002394285714286
180 51.87621363917282 0.45026935714285715
200 56.96272551248307 0.5002992857142857
220 61.052815162203686 0.5503292142857142
240 57.30131721955002 0.6003591428571429
260 52.708228380929754 0.6503890714285714
280 52.92293583049752 0.700419
300 66.63314720428453 0.7504489285714285
320 107.39808269628071 0.8004788571428572
340 124.56679812891764 0.8505087857142857
360 109.315428290925 0.9005387142857143
380 91.5480530553276 0.9505686428571428
400 74.82187053301404 1.0005985714285714
420 60.01357452356073 1.0506285
440 47.565725642304734 1.1006584285714285
460 48.51970208258402 1.1506883571428572
480 61.14141693784271 1.2007182857142857
500 70.19659983386883 1.2507482142857143
520 76.0617261612627 1.3007781428571428
540 78.37578783900084 1.3508080714285715
560 75.8210090287492 1.400838
580 82.29715060283681 1.4508679285714285
600 100.6901028104713 1.500897857142857
620 122.66191830074797 1.5509277857142858
640 117.01416034252308 1.6009577142857143
660 90.71352920786332 1.6509876428571428
680 90.19424617748737 1.7010175714285714
700 85.1019374253742 1.7510474999999999
720 70.60490653050314 1.8010774285714286
740 67.27326564573977 1.8511073571428571
760 72.72007794238495 1.9011372857142856
780 80.59960919682418 1.9511672142857142
800 78.91925790619402 2.001197142857143
820 71.31347195722944 2.0512270714285714
840 59.49561386566398 2.101257