"energy-loss-rfile"
"Time Step" "energy-loss etc.."
("Time Step" "energy-loss" "flow-time")
20 1.7888634284750433e-05 0.05002992857142857
40 4.18922802936221e-05 0.10005985714285714
60 5.235425895654281e-05 0.15008978571428572
80 4.945133832327406e-05 0.2001197142857143
100 3.707241548856877e-05 0.25014964285714286
120 2.700771557009497e-05 0.30017957142857143
140 4.2212603876982885e-05 0.3502095
160 4.034200393005072e-05 0.4002394285714286
180 1.97369681903028e-05 0.45026935714285715
200 1.8972864979003202e-05 0.5002992857142857
220 2.1190934105598825e-05 0.5503292142857142
240 2.039138457483993e-05 0.6003591428571429
260 2.0413969103145563e-05 0.6503890714285714
280 1.8253938350038638e-05 0.700419
300 1.738487308317118e-05 0.7504489285714285
320 2.884235771964364e-05 0.8004788571428572
340 3.9049510031424645e-05 0.8505087857142857
360 4.113185913924293e-05 0.9005387142857143
380 3.289763974796691e-05 0.9505686428571428
400 2.533095911846894e-05 1.0005985714285714
420 2.155104392159218e-05 1.0506285
440 1.826669571026932e-05 1.1006584285714285
460 1.9515175681426877e-05 1.1506883571428572
480 2.412205011458005e-05 1.2007182857142857
500 2.526516281763273e-05 1.2507482142857143
520 2.799596534327143e-05 1.3007781428571428
540 3.019045905886907e-05 1.3508080714285715
560 2.2085633184153092e-05 1.400838
580 2.0837267521979582e-05 1.4508679285714285
600 3.061020611134397e-05 1.500897857142857
620 4.322837435369279e-05 1.5509277857142858
640 4.249500076453511e-05 1.6009577142857143
660 3.043318544312871e-05 1.6509876428571428
680 2.761749053035362e-05 1.7010175714285714
700 2.9962346405154726e-05 1.7510474999999999
720 3.286250941772202e-05 1.8010774285714286
740 3.035027558722235e-05 1.8511073571428571
760 2.782713940436927e-05 1.9011372857142856
780 2.672278291639311e-05 1.9511672142857142
800 2.4898767102688483e-05 2.001197142857143
820 2.338374641844176e-05 2.0512270714285714
840 2.263925198852325e-05 2.101257