"ventricle-turb-kin-energy-average-rfile"
"Time Step" "ventricle-turb-kin-energy-average etc.."
("Time Step" "ventricle-turb-kin-energy-average" "flow-time")
20 0.019662530016974593 0.05002992857142857
40 0.013922485197503156 0.10005985714285714
60 0.0130835197010587 0.15008978571428572
80 0.016870390782018324 0.2001197142857143
100 0.01922775803667852 0.25014964285714286
120 0.0189665584922846 0.30017957142857143
140 0.01918603113062948 0.3502095
160 0.018940233619802797 0.4002394285714286
180 0.0178972569401256 0.45026935714285715
200 0.016362960364923865 0.5002992857142857
220 0.014968728346318573 0.5503292142857142
240 0.0144496993181094 0.6003591428571429
260 0.015760844391685333 0.6503890714285714
280 0.014043697410356855 0.700419
300 0.0092091618427817 0.7504489285714285
320 0.006027408661002282 0.8004788571428572
340 0.006382486540094464 0.8505087857142857
360 0.0097485185406803 0.9005387142857143
380 0.013088218748252623 0.9505686428571428
400 0.014482259336563576 1.0005985714285714
420 0.0142255159211472 1.0506285
440 0.014770204303012884 1.1006584285714285
460 0.015052154474428057 1.1506883571428572
480 0.0149082069641132 1.2007182857142857
500 0.0151334950203735 1.2507482142857143
520 0.016113219093464554 1.3007781428571428
540 0.0166118354062932 1.3508080714285715
560 0.013404167976660152 1.400838
580 0.009523137890831989 1.4508679285714285
600 0.0071197966042357 1.500897857142857
620 0.008148987263102248 1.5509277857142858
640 0.010126937523328605 1.6009577142857143
660 0.0114710389353451 1.6509876428571428
680 0.011093155386959215 1.7010175714285714
700 0.013389777820343503 1.7510474999999999
720 0.0171643293901979 1.8010774285714286
740 0.015329699020238095 1.8511073571428571
760 0.013996670569967609 1.9011372857142856
780 0.0146730883710674 1.9511672142857142
800 0.014651945329242378 2.001197142857143
820 0.01498246222181786 2.0512270714285714
840 0.0161451955244855 2.101257