"ventricle-kin-energy-average-rfile"
"Time Step" "ventricle-kin-energy-average etc.."
("Time Step" "ventricle-kin-energy-average" "flow-time")
30 11.32928428432581 0.06678356249999999
60 13.01718691006118 0.1335671250000001
90 19.88589849053983 0.2003506875000003
120 8.163200528801038 0.2671342500000005
150 6.382075733287873 0.3339178125000006
180 7.027089445981254 0.4007013750000008
210 6.205558973069096 0.467484937500001
240 12.38433826961898 0.5342685000000011
270 17.80633426308588 0.6010520625000013
300 11.04055322978931 0.6678356250000015
330 1.057018444983797 0.7346191875000017
360 3.472522367173027 0.8014027500000018
390 22.59831236230433 0.868186312500002
420 11.85813383125767 0.9349698750000022
450 6.175631669897864 1.001753437500002
480 5.551927358553987 1.068536999999999
510 5.894876898345434 1.135320562499996
540 6.652753243689308 1.202104124999993
570 15.80589391073185 1.26888768749999
600 15.96851134598963 1.335671249999987
630 10.48576511037839 1.402454812499983
660 1.098253446385878 1.46923837499998
690 4.743345306784684 1.536021937499977
720 23.36082882649895 1.602805499999974
750 8.971027819572353 1.669589062499971
780 5.906891757088597 1.736372624999968
810 7.204320433381764 1.803156187499964
840 4.505101507240507 1.869939749999961
870 8.789769960052851 1.936723312499958
900 17.25245043277174 2.003506874999955
930 14.91873592017512 2.070290437499952
960 3.841988900073268 2.137073999999949
