"ventricle-turb-kin-energy-average-rfile"
"Time Step" "ventricle-turb-kin-energy-average etc.."
("Time Step" "ventricle-turb-kin-energy-average" "flow-time")
30 0.006079871872009722 0.06678356249999999
60 0.003859907441770893 0.1335671250000001
90 0.003218936405386287 0.2003506875000003
120 0.002550276276130151 0.2671342500000005
150 0.002141520650548168 0.3339178125000006
180 0.001849334089901344 0.4007013750000008
210 0.001618069057202393 0.467484937500001
240 0.001494636112300191 0.5342685000000011
270 0.001269225038106988 0.6010520625000013
300 0.001004104301158782 0.6678356250000015
330 0.0008715101990455226 0.7346191875000017
360 0.0006985228431743319 0.8014027500000018
390 0.001031204749199725 0.868186312500002
420 0.001140428507190078 0.9349698750000022
450 0.001011147773281799 1.001753437500002
480 0.0009827145735050856 1.068536999999999
510 0.0009986253934923398 1.135320562499996
540 0.000956293531536664 1.202104124999993
570 0.0009003205170763627 1.26888768749999
600 0.0007971179373720122 1.335671249999987
630 0.0006308197694417601 1.402454812499983
660 0.0005555261587607196 1.46923837499998
690 0.0005342195103955265 1.536021937499977
720 0.001082209668710826 1.602805499999974
750 0.0008748481042402098 1.669589062499971
780 0.0008080569344102993 1.736372624999968
810 0.0008356481043623961 1.803156187499964
840 0.0008678194546954155 1.869939749999961
870 0.0008663298413852705 1.936723312499958
900 0.000828611494744075 2.003506874999955
930 0.0006747495541933531 2.070290437499952
960 0.0005196361033022761 2.137073999999949
