"energy-loss-integral-rfile"
"Time Step" "energy-loss-integral etc.."
("Time Step" "energy-loss-integral" "flow-time")
30 2.272045815900844e-06 0.06678356249999999
60 1.849505417964224e-06 0.1335671250000001
90 2.888238254730155e-06 0.2003506875000003
120 2.067223597955735e-06 0.2671342500000005
150 1.221310504162336e-06 0.3339178125000006
180 1.08076706616263e-06 0.4007013750000008
210 3.02218323709228e-06 0.467484937500001
240 3.174256342458754e-06 0.5342685000000011
270 3.460808313960089e-06 0.6010520625000013
300 1.671227439231733e-06 0.6678356250000015
330 4.229961727905481e-07 0.7346191875000017
360 4.968751839637188e-07 0.8014027500000018
390 3.526969646218156e-06 0.868186312500002
420 2.587359190853057e-06 0.9349698750000022
450 1.821850946437394e-06 1.001753437500002
480 1.08010132836129e-06 1.068536999999999
510 9.300918320372721e-07 1.135320562499996
540 2.438455389949215e-06 1.202104124999993
570 3.844743847490412e-06 1.26888768749999
600 2.747415631739474e-06 1.335671249999987
630 1.464297566878872e-06 1.402454812499983
660 3.03650579560734e-07 1.46923837499998
690 6.592467266691248e-07 1.536021937499977
720 3.642179655855834e-06 1.602805499999974
750 2.28514737362714e-06 1.669589062499971
780 1.611156295815783e-06 1.736372624999968
810 1.285283186204729e-06 1.803156187499964
840 1.249022864929085e-06 1.869939749999961
870 2.890062153652678e-06 1.936723312499958
900 3.665485143788813e-06 2.003506874999955
930 2.387759240621224e-06 2.070290437499952
960 2.449334479478704e-06 2.137073999999949
