"velocity-plane-over-valves-rfile"
"Time Step" "velocity-plane-over-valves etc.."
("Time Step" "velocity-plane-over-valves" "flow-time")
20 0.0182033321119971 0.043956048
40 0.0356247403345518 0.087912096
60 0.0847159862768312 0.131868144
80 0.1060870263194836 0.175824192
100 0.0797028736666019 0.219780240
120 0.0660739314718781 0.263736288
140 0.0708676065400502 0.307692336
160 0.0697346152766940 0.351648384
180 0.0509439437073067 0.395604432
200 0.0678391651108724 0.439560480
220 0.0788710616375654 0.483516528
240 0.1613351817981093 0.527472576
260 0.1585299777299997 0.571428624
280 0.1607935216989319 0.615384672
300 0.1376464678641473 0.659340720
320 0.1224511344680443 0.703296768
340 0.0478679799296622 0.747252816
360 0.0372597337250640 0.791208864
380 0.0551799013333145 0.835164912
400 0.1141251472740806 0.879120960
420 0.1293439190770683 0.923077008
440 0.0926793040827058 0.967033056
460 0.0803935593322114 1.010989104
480 0.0786533538740635 1.054945152
500 0.0702476229152406 1.098901200
520 0.0539025035042586 1.142857248
540 0.0701584388806619 1.186813296
560 0.0727423285555386 1.230769344
580 0.1482136100863192 1.274725392
600 0.1760032853934204 1.318681440
620 0.1858004235457371 1.362637488
640 0.1707856960721702 1.406593536
660 0.1227656646948655 1.450549584
680 0.0538456172417177 1.494505632
700 0.0403718753757250 1.538461680
720 0.0394872613763071 1.582417728
740 0.0920043638787723 1.626373776
760 0.1173845343309997 1.670329824
780 0.1158979984770987 1.714285872
800 0.0805095233915277 1.758241920
820 0.0848286620768630 1.802197968
840 0.0927951764110849 1.846154016
860 0.0629509352243077 1.890110064
880 0.0774734605317759 1.934066112
900 0.0683960844049677 1.978022160
920 0.1361268429514914 2.021978208
940 0.1688797208711572 2.065934256
960 0.1698241339660151 2.109890304
980 0.1187586198764186 2.153846352
1000 0.0959319793422562 2.197802400
1020 0.0612251099756715 2.241758448
1040 0.0488496837602880 2.285714496
1060 0.0417613827537681 2.329670544
1080 0.0376682617313119 2.373626592
1100 0.0352591092305164 2.417582640
1120 0.0340260199998375 2.461538688
1140 0.0333946263314356 2.505494736
1160 0.0337165458229112 2.549450784
1180 0.0348677625670934 2.593406832
1200 0.0361589800152516 2.637362880
1220 0.0376028280205044 2.681318928
1240 0.0387359617715589 2.725274976
1260 0.0393604230832657 2.769231024