"energy-loss"
"Time Step" "flow-time etc.."
("Time Step" "flow-time" "report-energy-loss")
1 0.0021978024 0.0001204097174024955
2 0.0043956048 7.184000891916326e-06
3 0.0065934072 9.714753023726806e-07
4 0.008791209600000001 1.944982436474612e-07
5 0.010989012 9.442605560876833e-08
6 0.0131868144 8.477910683817074e-08
7 0.0153846168 8.809921072854854e-08
8 0.0175824192 9.412560476925391e-08
9 0.0197802216 9.980923968593726e-08
10 0.021978024 1.035869915859457e-07
11 0.0241758264 1.058929592495549e-07
12 0.0263736288 1.083546369326375e-07
13 0.0285714312 1.11022797524933e-07
14 0.0307692336 1.129799322213907e-07
15 0.03296703600000001 1.132944789204781e-07
16 0.0351648384 1.116290471451209e-07
17 0.0373626408 1.08188663262988e-07
18 0.0395604432 1.036479350466024e-07
19 0.04175824559999999 9.893557592786583e-08
20 0.04395604799999999 9.490468202500623e-08
21 0.04615385039999999 9.153682071857371e-08
22 0.04835165279999998 9.05541106980785e-08
23 0.05054945519999998 9.842218414648473e-08
24 0.05274725759999998 1.199126951689949e-07
25 0.05494505999999998 1.444589540357842e-07
26 0.05714286239999997 1.591794025599047e-07
27 0.05934066479999997 1.653071092870878e-07
28 0.06153846719999997 1.738362867638871e-07
29 0.06373626959999996 1.882748686467045e-07
30 0.06593407199999997 2.102333694162895e-07
31 0.06813187439999997 2.327014082738659e-07
32 0.07032967679999998 2.474576100450297e-07
33 0.07252747919999998 2.549747283735271e-07
34 0.07472528159999998 2.625659925758171e-07
35 0.07692308399999999 2.731731585064439e-07
36 0.07912088639999999 2.904420308257253e-07
37 0.0813186888 3.113441117910611e-07
38 0.0835164912 3.261389604247817e-07
39 0.0857142936 3.339155636362389e-07
40 0.08791209600000001 3.396991568661534e-07
41 0.09010989840000001 3.47455949982327e-07
42 0.09230770080000002 3.99084058319278e-07
43 0.09450550320000002 5.968778128104972e-07
44 0.09670330560000003 8.341828891739336e-07
45 0.09890110800000003 1.014184885130651e-06
46 0.1010989104 1.14475803704565e-06
47 0.1032967128 1.27259266992872e-06
48 0.1054945152 1.405318511498513e-06
49 0.1076923176 1.544045839991516e-06
50 0.10989012 1.660195211649006e-06
51 0.1120879224000001 1.740968858476753e-06
52 0.1142857248000001 1.788845957742044e-06
53 0.1164835272000001 1.814538609557192e-06
54 0.1186813296000001 1.828241588325717e-06
55 0.1208791320000001 1.838916825684175e-06
56 0.1230769344000001 1.848104698081982e-06
57 0.1252747368000001 1.849735684946699e-06
58 0.1274725392000001 1.833686436149536e-06
59 0.1296703416000001 1.806973457000383e-06
60 0.1318681440000001 1.781338311936527e-06
61 0.1340659464000001 1.756543136566159e-06
62 0.1362637488000001 1.718081578220364e-06
63 0.1384615512000001 1.740109507089434e-06
64 0.1406593536000001 1.848433260220188e-06
65 0.1428571560000001 1.953049393493398e-06
66 0.1450549584000001 2.031378905383075e-06
67 0.1472527608000001 2.11431688388473e-06
68 0.1494505632000001 2.204008439055071e-06
69 0.1516483656000001 2.304755901088266e-06
70 0.1538461680000001 2.404810424887775e-06
71 0.1560439704000001 2.490832426487233e-06
72 0.1582417728000001 2.567274939287889e-06
73 0.1604395752000001 2.639668480404377e-06
74 0.1626373776000001 2.703988513490334e-06
75 0.1648351800000001 2.759491991947753e-06
76 0.1670329824000001 2.814199795006022e-06
77 0.1692307848000001 2.878748212361334e-06
78 0.1714285872000001 2.972916354880625e-06
79 0.1736263896000002 3.06986722529044e-06
80 0.1758241920000002 3.16191128704153e-06
81 0.1780219944000002 3.262861246416963e-06
82 0.1802197968000002 3.246641109091581e-06
83 0.1824175992000002 3.078342731378634e-06
84 0.1846154016000002 2.938764754781699e-06
85 0.1868132040000002 2.891423599389711e-06
86 0.1890110064000002 2.893142849924835e-06
87 0.1912088088000002 2.904923575849636e-06
88 0.1934066112000002 2.898325962842279e-06
89 0.1956044136000002 2.881153932303703e-06
90 0.1978022160000002 2.87821901706603e-06
91 0.2000000184000002 2.89733542012061e-06
92 0.2021978208000002 2.945162950470917e-06
93 0.2043956232000002 3.005198310077277e-06
94 0.2065934256000002 3.043178063093314e-06
95 0.2087912280000002 3.062015230673747e-06
96 0.2109890304000002 3.088330574617887e-06
97 0.2131868328000002 3.135340727740635e-06
98 0.2153846352000002 3.222409643573257e-06
99 0.2175824376000002 3.343179366695386e-06
100 0.2197802400000002 3.463844799689927e-06
101 0.2219780424000002 3.566658870478456e-06
102 0.2241758448000002 3.556394456076206e-06
103 0.2263736472000002 3.394013821835216e-06
104 0.2285714496000003 3.219112864675356e-06
105 0.2307692520000003 3.12982290116976e-06
106 0.2329670544000003 3.094315892643919e-06
107 0.2351648568000003 3.05929081835979e-06
108 0.2373626592000003 2.99405181166243e-06
109 0.2395604616000003 2.913297712603185e-06
110 0.2417582640000003 2.850207519538485e-06
111 0.2439560664000003 2.802453025664075e-06
112 0.2461538688000003 2.774799034902523e-06
113 0.2483516712000003 2.764077975332146e-06
114 0.2505494736000003 2.739577054579179e-06
115 0.2527472760000003 2.698246155083761e-06
116 0.2549450784000003 2.652706105713367e-06
117 0.2571428808000003 2.616030031016201e-06
118 0.2593406832000003 2.593878900642197e-06
119 0.2615384856000003 2.590159354346662e-06
120 0.2637362880000003 2.587536811215576e-06
121 0.2659340904000003 2.577404117936565e-06
122 0.2681318928000003 2.536758522316809e-06
123 0.2703296952000003 2.462782634983063e-06
124 0.2725274976000003 2.381641976062424e-06
125 0.2747253000000003 2.321331044239402e-06
126 0.2769231024000003 2.278179027097733e-06
127 0.2791209048000003 2.248335748396321e-06
128 0.2813187072000004 2.210158570169404e-06
129 0.2835165096000004 2.16297066819741e-06
130 0.2857143120000004 2.114926757556662e-06
131 0.2879121144000004 2.06586714481224e-06
132 0.2901099168000004 2.022595475525881e-06
133 0.2923077192000004 1.988912828642144e-06
134 0.2945055216000004 1.965390782582159e-06
135 0.2967033240000004 1.939224243837716e-06
136 0.2989011264000004 1.906287201592756e-06
137 0.3010989288000004 1.868930346477339e-06
138 0.3032967312000004 1.828279675328443e-06
139 0.3054945336000004 1.792857377718475e-06
140 0.3076923360000004 1.765983551879082e-06
141 0.3098901384000004 1.746865453523142e-06
142 0.3120879408000004 1.723837489036863e-06
143 0.3142857432000004 1.693398437588157e-06
144 0.3164835456000004 1.660592747476174e-06
145 0.3186813480000004 1.625242807247256e-06
146 0.3208791504000004 1.592420302892803e-06
147 0.3230769528000004 1.565857252522437e-06
148 0.3252747552000004 1.544962827320451e-06
149 0.3274725576000004 1.52212237804115e-06
150 0.3296703600000004 1.493783028578968e-06
151 0.3318681624000004 1.463227813131636e-06
152 0.3340659648000004 1.43249896934043e-06
153 0.3362637672000005 1.404154276334654e-06
154 0.3384615696000005 1.380186276712169e-06
155 0.3406593720000005 1.360802835684898e-06
156 0.3428571744000005 1.339126040625721e-06
157 0.3450549768000005 1.313106741395727e-06
158 0.3472527792000005 1.286926820619925e-06
159 0.3494505816000005 1.260572055014452e-06
160 0.3516483840000005 1.235881674374892e-06
161 0.3538461864000005 1.21435675263592e-06
162 0.3560439888000005 1.196089783492382e-06
163 0.3582417912000005 1.178043255461187e-06
164 0.3604395936000005 1.155090960708017e-06
165 0.3626373960000005 1.132326485994287e-06
166 0.3648351984000005 1.111626946776946e-06
167 0.3670330008000005 1.092187779819008e-06
168 0.3692308032000005 1.076774385357021e-06
169 0.3714286056000005 1.062187320697121e-06
170 0.3736264080000005 1.043371004288416e-06
171 0.3758242104000005 1.024113121171367e-06
172 0.3780220128000005 1.006031758289317e-06
173 0.3802198152000005 9.892060536836067e-07
174 0.3824176176000005 9.752543831105855e-07
175 0.3846154200000005 9.626853939349047e-07
176 0.3868132224000005 9.482387921738525e-07
177 0.3890110248000005 9.314491856069817e-07
178 0.3912088272000006 9.156845847020666e-07
179 0.3934066296000006 9.014161158021662e-07
180 0.3956044320000006 8.888089874809783e-07
181 0.3978022344000006 8.781084687326836e-07
182 0.4000000368000006 8.658352073244193e-07
183 0.4021978392000006 8.507389901733378e-07
184 0.4043956416000006 8.36979288525983e-07
185 0.4065934440000006 8.242838741554384e-07
186 0.4087912464000006 8.121155596015422e-07
187 0.4109890488000006 8.012950582752809e-07
188 0.4131868512000006 7.906733398986306e-07
189 0.4153846536000006 7.786788028796476e-07
190 0.4175824560000006 7.672097815748709e-07
191 0.4197802584000006 7.562129406364911e-07
192 0.4219780608000006 7.456403498915168e-07
193 0.4241758632000006 7.364426173551561e-07
194 0.4263736656000006 7.278586682910548e-07
195 0.4285714680000006 7.182683883531351e-07
196 0.4307692704000006 7.07743507893466e-07
197 0.4329670728000006 6.980545385757456e-07
198 0.4351648752000006 6.892197975093256e-07
199 0.4373626776000006 6.814149989844381e-07
200 0.4395604800000006 6.744113870128073e-07
201 0.4417582824000006 6.666903898667816e-07
202 0.4439560848000006 6.573115476024593e-07
203 0.4461538872000007 6.507864464939815e-07
204 0.4483516896000007 6.502167402785091e-07
205 0.4505494920000007 6.467620140976461e-07
206 0.4527472944000007 6.400676499650776e-07
207 0.4549450968000007 6.332391026413317e-07
208 0.4571428992000007 6.268376261206779e-07
209 0.4593407016000007 6.21679510965848e-07
210 0.4615385040000007 6.164934370300904e-07
211 0.4637363064000007 6.105057087645437e-07
212 0.4659341088000007 6.044712335268592e-07
213 0.4681319112000007 5.988183108509631e-07
214 0.4703297136000007 5.926482431023289e-07
215 0.4725275160000007 5.854686543064823e-07
216 0.4747253184000007 5.788568471935681e-07
217 0.4769231208000007 5.742004077989966e-07
218 0.4791209232000007 5.730789441757968e-07
219 0.4813187256000007 5.762495964411928e-07
220 0.4835165280000007 5.805013095956638e-07
221 0.4857143304000007 5.828142535382132e-07
222 0.4879121328000007 5.768269583874214e-07
223 0.4901099352000007 5.591085717526573e-07
224 0.4923077376000007 5.425652568783294e-07
225 0.4945055400000007 5.338153382807857e-07
226 0.4967033424000007 5.283787336052474e-07
227 0.4989011448000008 5.247197416953206e-07
228 0.5010989472000007 5.188478992421395e-07
229 0.5032967496000007 5.109213210173e-07
230 0.5054945520000007 5.029122834073024e-07
231 0.5076923544000007 4.965153918565705e-07
232 0.5098901568000007 4.91773919709495e-07
233 0.5120879592000007 4.884263783847895e-07
234 0.5142857616000007 4.855956856011214e-07
235 0.5164835640000007 4.812939436279262e-07
236 0.5186813664000007 4.755694561082215e-07
237 0.5208791688000007 4.693275911107354e-07
238 0.5230769712000007 4.64244514833835e-07
239 0.5252747736000007 4.607922363080717e-07
240 0.5274725760000007 4.59016151457974e-07
241 0.5296703784000008 4.573320637954335e-07
242 0.5318681808000008 4.567536109283283e-07
243 0.5340659832000008 4.590250721372302e-07
244 0.5362637856000008 4.612638383740305e-07
245 0.5384615880000008 4.627982094025065e-07
246 0.5406593904000008 4.643765557001431e-07
247 0.5428571928000008 4.659269563729337e-07
248 0.5450549952000008 4.658703578149145e-07
249 0.5472527976000008 4.634749694761892e-07
250 0.5494506000000008 4.591966169196133e-07
251 0.5516484024000008 4.548516644508543e-07
252 0.5538462048000008 4.521985133823803e-07
253 0.5560440072000008 4.506590055348044e-07
254 0.5582418096000008 4.482268623688894e-07
255 0.5604396120000008 4.437187203223901e-07
256 0.5626374144000008 4.372952729633924e-07
257 0.5648352168000008 4.303660986060875e-07
258 0.5670330192000008 4.245658929296179e-07
259 0.5692308216000008 4.205953635348771e-07
260 0.5714286240000008 4.178370318782994e-07
261 0.5736264264000008 4.145496130967764e-07
262 0.5758242288000008 4.27150681832196e-07
263 0.5780220312000008 4.799877939106983e-07
264 0.5802198336000008 5.329025915223521e-07
265 0.5824176360000008 5.757491887389435e-07
266 0.5846154384000009 6.066619781365602e-07
267 0.5868132408000009 6.224355913801673e-07
268 0.5890110432000009 6.304908313452286e-07
269 0.5912088456000009 6.382500214324101e-07
270 0.5934066480000009 6.42389852660856e-07
271 0.5956044504000009 6.346895705294804e-07
272 0.5978022528000009 6.229609439016394e-07
273 0.6000000552000009 6.456770722515714e-07
274 0.6021978576000009 6.878525115568928e-07
275 0.6043956600000009 7.127335334288614e-07
276 0.6065934624000009 7.47455888327477e-07
277 0.6087912648000009 8.040581870433263e-07
278 0.6109890672000009 8.917278139410792e-07
279 0.6131868696000009 1.017090914070134e-06
280 0.6153846720000009 1.195734067111876e-06
281 0.6175824744000009 1.435066271521912e-06
282 0.6197802768000009 1.704972310334359e-06
283 0.6219780792000009 2.025056611508875e-06
284 0.6241758816000009 2.422056163466345e-06
285 0.6263736840000009 2.872535396888673e-06
286 0.6285714864000009 3.297001299226061e-06
287 0.6307692888000009 3.593353923254491e-06
288 0.6329670912000009 3.74367474192908e-06
289 0.6351648936000009 3.797957463619205e-06
290 0.637362696000001 3.823094953412975e-06
291 0.639560498400001 3.903087018377317e-06
292 0.641758300800001 4.07560943824192e-06
293 0.643956103200001 4.335012168475116e-06
294 0.646153905600001 4.609053084342286e-06
295 0.648351708000001 4.783484154514589e-06
296 0.650549510400001 4.712031832822895e-06
297 0.652747312800001 4.46806323305956e-06
298 0.654945115200001 4.050925714757307e-06
299 0.657142917600001 3.718385748353618e-06
300 0.659340720000001 3.531831210485664e-06
301 0.661538522400001 3.480119781615392e-06
302 0.663736324800001 3.567420440281993e-06
303 0.665934127200001 3.858509749791901e-06
304 0.668131929600001 4.354669480621275e-06
305 0.670329732000001 4.936624980073821e-06
306 0.672527534400001 5.389312906667814e-06
307 0.674725336800001 5.579253762877167e-06
308 0.676923139200001 5.607350003964376e-06
309 0.679120941600001 5.581295432496263e-06
310 0.681318744000001 5.586184664770785e-06
311 0.683516546400001 5.728656194260469e-06
312 0.685714348800001 6.115406693073934e-06
313 0.687912151200001 6.627972586956669e-06
314 0.690109953600001 6.923806060450979e-06
315 0.6923077560000011 6.898082850620294e-06
316 0.6945055584000011 6.621777552491242e-06
317 0.6967033608000011 6.219742502941466e-06
318 0.6989011632000011 5.952378203582031e-06
319 0.7010989656000011 5.915872081078286e-06
320 0.7032967680000011 6.134360272108898e-06
321 0.7054945704000011 6.357493147721556e-06
322 0.7076923728000011 6.46900015100691e-06
323 0.7098901752000011 6.481423649661865e-06
324 0.7120879776000011 6.455153017683853e-06
325 0.7142857800000011 6.400649444122108e-06
326 0.7164835824000011 6.423396154066938e-06
327 0.7186813848000011 6.645139499341466e-06
328 0.7208791872000011 7.126682132147642e-06
329 0.7230769896000011 7.70220594415212e-06
330 0.7252747920000011 7.98656098411124e-06
331 0.7274725944000011 7.8772829168187e-06
332 0.7296703968000011 7.493642147767834e-06
333 0.7318681992000011 6.998706541256484e-06
334 0.7340660016000011 6.878669591011422e-06
335 0.7362638040000011 7.208549803505647e-06
336 0.7384616064000011 7.65103495683645e-06
337 0.7406594088000011 7.891624226805716e-06
338 0.7428572112000011 7.6687819299638e-06
339 0.7450550136000011 7.086308658516409e-06
340 0.7472528160000012 6.526398988343091e-06
341 0.7494506184000012 6.351645553531876e-06
342 0.7516484208000012 6.626314354064348e-06
343 0.7538462232000012 7.135095501017172e-06
344 0.7560440256000012 7.569357019677186e-06
345 0.7582418280000012 7.612529209080172e-06
346 0.7604396304000012 7.31687981885847e-06
347 0.7626374328000012 6.826123781180955e-06
348 0.7648352352000012 6.509996640764576e-06
349 0.7670330376000012 6.521511482068128e-06
350 0.7692308400000012 6.90330110767504e-06
351 0.7714286424000012 7.333152486144902e-06
352 0.7736264448000012 7.336533177622516e-06
353 0.7758242472000012 6.895318572691471e-06
354 0.7780220496000012 6.34486231484036e-06
355 0.7802198520000012 6.025843815642162e-06
356 0.7824176544000012 6.021835371600443e-06
357 0.7846154568000012 6.259412541748367e-06
358 0.7868132592000012 6.436623345678389e-06
359 0.7890110616000012 6.416741117289885e-06
360 0.7912088640000012 6.069292393870073e-06
361 0.7934066664000012 5.396233717562662e-06
362 0.7956044688000012 4.891350160086711e-06
363 0.7978022712000012 4.882293737003067e-06
364 0.8000000736000012 5.345799422638261e-06
365 0.8021978760000013 5.564309992552984e-06
366 0.8043956784000013 5.394190204849201e-06
367 0.8065934808000013 4.946596737810069e-06
368 0.8087912832000013 4.565589918232673e-06
369 0.8109890856000013 4.341385318184474e-06
370 0.8131868880000013 4.415588722093419e-06
371 0.8153846904000013 4.731508760590527e-06
372 0.8175824928000013 4.880261828663704e-06
373 0.8197802952000013 4.687140206980973e-06
374 0.8219780976000013 4.247147703129643e-06
375 0.8241759000000013 3.825957831866032e-06
376 0.8263737024000013 3.5970937289701e-06
377 0.8285715048000013 3.625900762755446e-06
378 0.8307693072000013 3.804026742941631e-06
379 0.8329671096000013 3.835948650036512e-06
380 0.8351649120000013 3.601341856262782e-06
381 0.8373627144000013 3.162107547283769e-06
382 0.8395605168000013 2.874353451332235e-06
383 0.8417583192000013 2.827836459341624e-06
384 0.8439561216000013 3.045873798548192e-06
385 0.8461539240000013 3.228010956869699e-06
386 0.8483517264000013 3.251796061925166e-06
387 0.8505495288000013 3.068380044320982e-06
388 0.8527473312000013 2.757168882280513e-06
389 0.8549451336000014 2.561895928527879e-06
390 0.8571429360000014 2.518418066589585e-06
391 0.8593407384000014 2.621354034203392e-06
392 0.8615385408000014 2.696880974497056e-06
393 0.8637363432000014 2.594209995392123e-06
394 0.8659341456000014 2.302710643127297e-06
395 0.8681319480000014 2.019463283348865e-06
396 0.8703297504000014 1.867645047411321e-06
397 0.8725275528000014 1.853334497368518e-06
398 0.8747253552000014 1.8705773665627e-06
399 0.8769231576000014 1.771791157931893e-06
400 0.8791209600000014 1.563144042429983e-06
401 0.8813187624000014 1.343248347660878e-06
402 0.8835165648000014 1.22396723229675e-06
403 0.8857143672000014 1.255916195085355e-06
404 0.8879121696000014 1.463757999570686e-06
405 0.8901099720000014 1.571305189507422e-06
406 0.8923077744000014 1.500736796477642e-06
407 0.8945055768000014 1.339511201425503e-06
408 0.8967033792000014 1.227308636600275e-06
409 0.8989011816000014 1.183477070832756e-06
410 0.9010989840000014 1.216097584982776e-06
411 0.9032967864000014 1.205692118084693e-06
412 0.9054945888000014 1.09802209973024e-06
413 0.9076923912000014 9.245810979624365e-07
414 0.9098901936000015 7.796393451334619e-07
415 0.9120879960000015 6.714703975721934e-07
416 0.9142857984000015 5.91770200160509e-07
417 0.9164836008000015 5.273132252387166e-07
418 0.9186814032000015 4.593502845715104e-07
419 0.9208792056000015 4.385639282370823e-07
420 0.9230770080000015 4.61629294926985e-07
421 0.9252748104000015 3.68937468728066e-07
422 0.9274726128000015 3.585351905375573e-07
423 0.9296704152000015 3.036221164188961e-07
424 0.9318682176000015 2.729113181457196e-07
425 0.9340660200000015 2.5151304597807e-07
426 0.9362638224000015 2.476949693190566e-07
427 0.9384616248000015 2.565197744335278e-07
428 0.9406594272000015 2.739920585755957e-07
429 0.9428572296000015 2.867069648452384e-07
430 0.9450550320000015 2.833100117366838e-07
431 0.9472528344000015 2.68906881717213e-07
432 0.9494506368000015 2.567857875269236e-07
433 0.9516484392000015 2.518566126147096e-07
434 0.9538462416000015 2.544693941745946e-07
435 0.9560440440000015 2.596817451624338e-07
436 0.9582418464000015 2.590920905079257e-07
437 0.9604396488000015 2.503539042537912e-07
438 0.9626374512000015 2.365654397150708e-07
439 0.9648352536000016 2.235813467523335e-07
440 0.9670330560000016 2.133857504258358e-07
441 0.9692308584000016 2.071760828663144e-07
442 0.9714286608000016 2.040072297197509e-07
443 0.9736264632000016 2.037917934802958e-07
444 0.9758242656000016 2.114811323771627e-07
445 0.9780220680000016 2.313470187280251e-07
446 0.9802198704000016 2.588474995513086e-07
447 0.9824176728000016 2.794832319335771e-07
448 0.9846154752000016 2.904730329548308e-07
449 0.9868132776000016 2.968958973796242e-07
450 0.9890110800000016 3.069929286036425e-07
451 0.9912088824000016 3.213175558193919e-07
452 0.9934066848000016 3.406218773564836e-07
453 0.9956044872000016 3.614782804659619e-07
454 0.9978022896000016 3.780272621904338e-07
455 1.000000092000002 3.885723352725369e-07
456 1.002197894400002 3.953424980533326e-07
457 1.004395696800002 4.021943695875044e-07
458 1.006593499200002 4.114189276826833e-07
459 1.008791301600002 4.261412046614294e-07
460 1.010989104000002 4.453221103861021e-07
461 1.013186906400002 4.627591617683968e-07
462 1.015384708800002 4.760865931421116e-07
463 1.017582511200002 5.208900247962616e-07
464 1.019780313600002 7.058365075848149e-07
465 1.021978116000002 9.988781728630888e-07
466 1.024175918400002 1.187362129685457e-06
467 1.026373720800002 1.294066501723954e-06
468 1.028571523200002 1.403892973285437e-06
469 1.030769325600002 1.530184479722922e-06
470 1.032967128000002 1.674620036808504e-06
471 1.035164930400002 1.814974851699817e-06
472 1.037362732800002 1.915098329122175e-06
473 1.039560535200002 1.95583064239341e-06
474 1.041758337600002 1.964408999757764e-06
475 1.043956140000002 1.964822633360265e-06
476 1.046153942400002 1.966063237016989e-06
477 1.048351744800002 1.971486103456238e-06
478 1.050549547200002 1.982302163060944e-06
479 1.052747349600002 1.981411029535597e-06
480 1.054945152000002 1.964324052707994e-06
481 1.057142954400002 1.948777236783899e-06
482 1.059340756800002 1.932611370192076e-06
483 1.061538559200002 1.881532934124313e-06
484 1.063736361600002 1.902582675875759e-06
485 1.065934164000002 2.025778902377968e-06
486 1.068131966400002 2.129017708351416e-06
487 1.070329768800002 2.199440786688543e-06
488 1.072527571200002 2.281114410082222e-06
489 1.074725373600002 2.370613742250207e-06
490 1.076923176000002 2.473492300417492e-06
491 1.079120978400002 2.585400451475309e-06
492 1.081318780800002 2.681019421569974e-06
493 1.083516583200002 2.760631708202671e-06
494 1.085714385600002 2.844776252774266e-06
495 1.087912188000002 2.920879673605694e-06
496 1.090109990400002 2.979736703860628e-06
497 1.092307792800002 3.031267215727625e-06
498 1.094505595200002 3.089016107173084e-06
499 1.096703397600002 3.164578149976373e-06
500 1.098901200000002 3.288393740462303e-06
501 1.101099002400002 3.431129235104058e-06
502 1.103296804800002 3.569523977375367e-06
503 1.105494607200002 3.520391890772316e-06
504 1.107692409600002 3.316435173812199e-06
505 1.109890212000002 3.181716619256433e-06
506 1.112088014400002 3.144153025145759e-06
507 1.114285816800002 3.166393889151696e-06
508 1.116483619200002 3.178531876672677e-06
509 1.118681421600002 3.166509590436393e-06
510 1.120879224000002 3.148136546099086e-06
511 1.123077026400002 3.154015509198121e-06
512 1.125274828800002 3.185784148450882e-06
513 1.127472631200002 3.249606081889863e-06
514 1.129670433600002 3.315980368612168e-06
515 1.131868236000002 3.3580778916061e-06
516 1.134066038400002 3.376482223335771e-06
517 1.136263840800002 3.402258406768981e-06
518 1.138461643200002 3.44841009295275e-06
519 1.140659445600002 3.551442155051517e-06
520 1.142857248000002 3.699783878844889e-06
521 1.145055050400002 3.835596602776004e-06
522 1.147252852800002 3.933589273563249e-06
523 1.149450655200002 3.920616168494875e-06
524 1.151648457600002 3.759899058282607e-06
525 1.153846260000002 3.583977218030621e-06
526 1.156044062400002 3.502684134880909e-06
527 1.158241864800002 3.480387875645133e-06
528 1.160439667200002 3.455113379313545e-06
529 1.162637469600002 3.398064741912631e-06
530 1.164835272000002 3.319134637366388e-06
531 1.167033074400002 3.256047665906799e-06
532 1.169230876800002 3.213897373903962e-06
533 1.171428679200002 3.198687906279779e-06
534 1.173626481600002 3.189776763141538e-06
535 1.175824284000002 3.161958876572665e-06
536 1.178022086400002 3.116149757497222e-06
537 1.180219888800002 3.071562383329276e-06
538 1.182417691200002 3.038540975489025e-06
539 1.184615493600002 3.024457382102528e-06
540 1.186813296000002 3.026568036584324e-06
541 1.189011098400002 3.0274703282709e-06
542 1.191208900800002 3.016707952507947e-06
543 1.193406703200002 2.971643936994794e-06
544 1.195604505600002 2.898259802277688e-06
545 1.197802308000002 2.82097520663489e-06
546 1.200000110400002 2.76171212046514e-06
547 1.202197912800002 2.718455998191321e-06
548 1.204395715200002 2.690182507078777e-06
549 1.206593517600002 2.653738842329613e-06
550 1.208791320000002 2.607666592476474e-06
551 1.210989122400002 2.559655391002373e-06
552 1.213186924800002 2.509355752498936e-06
553 1.215384727200002 2.464169454406737e-06
554 1.217582529600002 2.428449503038149e-06
555 1.219780332000002 2.400271104162357e-06
556 1.221978134400002 2.370851771029259e-06
557 1.224175936800002 2.339691745850816e-06
558 1.226373739200002 2.302154715580468e-06
559 1.228571541600002 2.260645162388132e-06
560 1.230769344000002 2.218150529223637e-06
561 1.232967146400002 2.180566928638519e-06
562 1.235164948800002 2.15178653428613e-06
563 1.237362751200002 2.130185495870592e-06
564 1.239560553600002 2.099773862510335e-06
565 1.241758356000002 2.061715294284576e-06
566 1.243956158400002 2.022702682382093e-06
567 1.246153960800002 1.986266468622196e-06
568 1.248351763200002 1.951294620489399e-06
569 1.250549565600002 1.92021459259605e-06
570 1.252747368000002 1.89792307492407e-06
571 1.254945170400002 1.870388085446401e-06
572 1.257142972800002 1.835913658393757e-06
573 1.259340775200002 1.801904719084186e-06
574 1.261538577600002 1.7689110090833e-06
575 1.263736380000002 1.737065037613788e-06
576 1.265934182400002 1.707583446300972e-06
577 1.268131984800002 1.683457892807839e-06
578 1.270329787200002 1.656632272799492e-06
579 1.272527589600002 1.627429309959839e-06
580 1.274725392000002 1.597471670212456e-06
581 1.276923194400002 1.568966324171522e-06
582 1.279120996800002 1.541349538864793e-06
583 1.281318799200002 1.513990575556736e-06
584 1.283516601600002 1.490244204297037e-06
585 1.285714404000002 1.469425351472741e-06
586 1.287912206400002 1.444946117397401e-06
587 1.290110008800002 1.418244647441926e-06
588 1.292307811200002 1.394350729254945e-06
589 1.294505613600002 1.372546909866227e-06
590 1.296703416000002 1.350117101488434e-06
591 1.298901218400002 1.330577505419331e-06
592 1.301099020800002 1.311887671817439e-06
593 1.303296823200002 1.290911780340715e-06
594 1.305494625600002 1.268520319064527e-06
595 1.307692428000002 1.248845366275019e-06
596 1.309890230400002 1.230537510017145e-06
597 1.312088032800002 1.211834192991135e-06
598 1.314285835200002 1.195383455849301e-06
599 1.316483637600002 1.17978281598878e-06
600 1.318681440000002 1.162049661277734e-06
601 1.320879242400002 1.142948130341176e-06
602 1.323077044800002 1.126479051147098e-06
603 1.325274847200002 1.111558369144988e-06
604 1.327472649600002 1.096399561546207e-06
605 1.329670452000002 1.081844425822964e-06
606 1.331868254400002 1.06702759740046e-06
607 1.334066056800002 1.05200182031119e-06
608 1.336263859200002 1.036157591786138e-06
609 1.338461661600002 1.02202123548922e-06
610 1.340659464000002 1.009579007377442e-06
611 1.342857266400002 9.978070440342393e-07
612 1.345055068800002 9.857015964423077e-07
613 1.347252871200002 9.735150836054628e-07
614 1.349450673600002 9.6055015515323e-07
615 1.351648476000002 9.466006112477806e-07
616 1.353846278400002 9.336724291774655e-07
617 1.356044080800002 9.230580393540132e-07
618 1.358241883200002 9.130725626182707e-07
619 1.360439685600002 9.026130319608999e-07
620 1.362637488000002 8.922498584289329e-07
621 1.364835290400002 8.812000158661547e-07
622 1.367033092800002 8.695604297466819e-07
623 1.369230895200002 8.587676371190772e-07
624 1.371428697600002 8.534986620916544e-07
625 1.373626500000002 8.54136132465836e-07
626 1.375824302400002 8.511837988742811e-07
627 1.378022104800002 8.433732898886776e-07
628 1.380219907200002 8.337701956959345e-07
629 1.382417709600002 8.251105481758045e-07
630 1.384615512000002 8.176527033162574e-07
631 1.386813314400002 8.120719641478139e-07
632 1.389011116800002 8.056611344899342e-07
633 1.391208919200002 7.977493330705667e-07
634 1.393406721600002 7.895379375285648e-07
635 1.395604524000002 7.818167265733159e-07
636 1.397802326400002 7.733857104836809e-07
637 1.400000128800002 7.649034856040778e-07
638 1.402197931200002 7.572291187946964e-07
639 1.404395733600002 7.516131935313752e-07
640 1.406593536000002 7.500244188749761e-07
641 1.408791338400002 7.529714881809469e-07
642 1.410989140800002 7.575067595361543e-07
643 1.413186943200002 7.512775364793503e-07
644 1.415384745600002 7.290052985541015e-07
645 1.417582548000002 7.098589691615572e-07
646 1.419780350400002 7.006094036317841e-07
647 1.421978152800002 6.952936425321031e-07
648 1.424175955200002 6.914844698454805e-07
649 1.426373757600002 6.838932507733831e-07
650 1.428571560000002 6.746238938542933e-07
651 1.430769362400002 6.665001537688648e-07
652 1.432967164800002 6.60432650904817e-07
653 1.435164967200002 6.557368159658727e-07
654 1.437362769600002 6.527476659266335e-07
655 1.439560572000002 6.479036912597997e-07
656 1.441758374400002 6.409896245810604e-07
657 1.443956176800002 6.337037190150846e-07
658 1.446153979200002 6.273057095644725e-07
659 1.448351781600002 6.226859747386933e-07
660 1.450549584000002 6.198144914242292e-07
661 1.452747386400002 6.171448989219253e-07
662 1.454945188800002 6.12481911060861e-07
663 1.457142991200002 6.089414317044054e-07
664 1.459340793600002 6.099259967761514e-07
665 1.461538596000002 6.120711454521998e-07
666 1.463736398400002 6.139972180968625e-07
667 1.465934200800002 6.156896576587754e-07
668 1.468132003200002 6.147651015844525e-07
669 1.470329805600002 6.104359554520759e-07
670 1.472527608000002 6.046399105440536e-07
671 1.474725410400002 5.994333651954172e-07
672 1.476923212800002 5.959848766065703e-07
673 1.479121015200002 5.938047150898638e-07
674 1.481318817600003 5.908759336276817e-07
675 1.483516620000003 5.852090246341704e-07
676 1.485714422400003 5.775384610502619e-07
677 1.487912224800003 5.692554310186861e-07
678 1.490110027200003 5.620764554654761e-07
679 1.492307829600003 5.56774045896951e-07
680 1.494505632000003 5.529300491703803e-07
681 1.496703434400003 5.489449129444047e-07
682 1.498901236800003 5.432959358966227e-07
683 1.501099039200003 5.54353653543992e-07
684 1.503296841600003 6.089593255537056e-07
685 1.505494644000003 6.611807586642509e-07
686 1.507692446400003 7.022286306509317e-07
687 1.509890248800003 7.309251865669599e-07
688 1.512088051200003 7.450787967255081e-07
689 1.514285853600003 7.517226903974809e-07
690 1.516483656000003 7.535598319699412e-07
691 1.518681458400003 7.516056981263895e-07
692 1.520879260800003 7.407202050706827e-07
693 1.523077063200003 7.55427613148899e-07
694 1.525274865600003 7.960840868881269e-07
695 1.527472668000003 8.183851005962337e-07
696 1.529670470400003 8.182614921762519e-07
697 1.531868272800003 8.426435916091715e-07
698 1.534066075200003 9.01737851119437e-07
699 1.536263877600003 1.004958660060273e-06
700 1.538461680000003 1.158720116305343e-06
701 1.540659482400003 1.36966861270313e-06
702 1.542857284800003 1.610021357076286e-06
703 1.545055087200003 1.853872275212393e-06
704 1.547252889600003 2.116251172897703e-06
705 1.549450692000003 2.440219704317487e-06
706 1.551648494400003 2.816114002577578e-06
707 1.553846296800003 3.241979688862407e-06
708 1.556044099200003 3.658426504973404e-06
709 1.558241901600003 3.988254093349137e-06
710 1.560439704000003 4.16163146110119e-06
711 1.562637506400003 4.15195612896001e-06
712 1.564835308800003 4.073831819503271e-06
713 1.567033111200003 4.078911977950477e-06
714 1.569230913600003 4.21325627337383e-06
715 1.571428716000003 4.448985760820014e-06
716 1.573626518400003 4.711138696156172e-06
717 1.575824320800003 4.900754153612891e-06
718 1.578022123200003 4.863831364299317e-06
719 1.580219925600003 4.553470980912287e-06
720 1.582417728000003 4.012974679020782e-06
721 1.584615530400003 3.589545269971156e-06
722 1.586813332800003 3.324084519228804e-06
723 1.589011135200003 3.393884683252622e-06
724 1.591208937600003 4.052182441281144e-06
725 1.593406740000003 4.884121189571623e-06
726 1.595604542400003 5.161923367181305e-06
727 1.597802344800003 4.983356479401034e-06
728 1.600000147200003 4.978023964893496e-06
729 1.602197949600003 5.163073127559509e-06
730 1.604395752000003 5.615966158564592e-06
731 1.606593554400003 6.25472890681435e-06
732 1.608791356800003 6.792140110980312e-06
733 1.610989159200003 6.952429194208389e-06
734 1.613186961600003 6.737148376712851e-06
735 1.615384764000003 6.320018247180479e-06
736 1.617582566400003 6.093677363464108e-06
737 1.619780368800003 6.114568843594668e-06
738 1.621978171200003 6.411548332343002e-06
739 1.624175973600003 6.816296528442619e-06
740 1.626373776000003 6.980716863253326e-06
741 1.628571578400003 6.721124135582074e-06
742 1.630769380800003 6.193911652346937e-06
743 1.632967183200003 5.760887747147185e-06
744 1.635164985600003 5.981961141422184e-06
745 1.637362788000003 6.851448283123359e-06
746 1.639560590400003 7.359140011412346e-06
747 1.641758392800003 7.369709016678292e-06
748 1.643956195200003 7.016150058777436e-06
749 1.646153997600003 6.704453708878873e-06
750 1.648351800000003 6.609900797358454e-06
751 1.650549602400003 6.888459285086439e-06
752 1.652747404800003 7.535567702571031e-06
753 1.654945207200003 8.07211566648988e-06
754 1.657143009600003 7.883966100573466e-06
755 1.659340812000003 7.233494670153594e-06
756 1.661538614400003 6.846777378852103e-06
757 1.663736416800003 6.886572085949539e-06
758 1.665934219200003 7.293469663861613e-06
759 1.668132021600003 7.754591088094261e-06
760 1.670329824000003 7.673058826788507e-06
761 1.672527626400003 7.095417597989125e-06
762 1.674725428800003 6.47279971469391e-06
763 1.676923231200003 6.242261418682441e-06
764 1.679121033600003 6.575147630672037e-06
765 1.681318836000003 7.197194649801526e-06
766 1.683516638400003 7.642501040081826e-06
767 1.685714440800003 7.512678565029114e-06
768 1.687912243200003 6.969692358792451e-06
769 1.690110045600003 6.554451613303012e-06
770 1.692307848000003 6.399689429625175e-06
771 1.694505650400003 6.577291994360711e-06
772 1.696703452800003 7.031065953309703e-06
773 1.698901255200003 7.366947101850721e-06
774 1.701099057600003 7.311253927707195e-06
775 1.703296860000003 6.909813581971656e-06
776 1.705494662400003 6.313559113675102e-06
777 1.707692464800003 5.883536001761782e-06
778 1.709890267200003 5.776231295257682e-06
779 1.712088069600003 5.953610654921684e-06
780 1.714285872000003 6.198210351666325e-06
781 1.716483674400003 6.161728450049532e-06
782 1.718681476800003 5.708980292457327e-06
783 1.720879279200003 5.119204584430631e-06
784 1.723077081600003 4.832550316070345e-06
785 1.725274884000003 4.949670668839184e-06
786 1.727472686400003 5.324290136121884e-06
787 1.729670488800003 5.494794591176147e-06
788 1.731868291200003 5.277755505305611e-06
789 1.734066093600003 4.83588279764748e-06
790 1.736263896000003 4.48223425912655e-06
791 1.738461698400003 4.352542020571969e-06
792 1.740659500800003 4.499811042752587e-06
793 1.742857303200003 4.737578643688683e-06
794 1.745055105600003 4.761621088543923e-06
795 1.747252908000003 4.484679767330724e-06
796 1.749450710400003 4.016668572002172e-06
797 1.751648512800003 3.661023922913605e-06
798 1.753846315200003 3.552379861701765e-06
799 1.756044117600003 3.674590111128379e-06
800 1.758241920000003 3.761533503379991e-06
801 1.760439722400003 3.716557087127065e-06
802 1.762637524800003 3.421705260885052e-06
803 1.764835327200003 2.997629689219459e-06
804 1.767033129600003 2.823857654906502e-06
805 1.769230932000003 2.934696229980188e-06
806 1.771428734400003 3.186571119298059e-06
807 1.773626536800003 3.301840436495614e-06
808 1.775824339200003 3.131920323577805e-06
809 1.778022141600003 2.799455679189217e-06
810 1.780219944000003 2.545959624328486e-06
811 1.782417746400003 2.460452272914131e-06
812 1.784615548800003 2.573826271020654e-06
813 1.786813351200003 2.672494862021372e-06
814 1.789011153600003 2.593036188108407e-06
815 1.791208956000003 2.341052728250073e-06
816 1.793406758400003 2.066609201305241e-06
817 1.795604560800003 1.884453140401241e-06
818 1.797802363200003 1.817058077074503e-06
819 1.800000165600003 1.82634744080049e-06
820 1.802197968000003 1.780875661883152e-06
821 1.804395770400003 1.623534338212309e-06
822 1.806593572800003 1.402343400525376e-06
823 1.808791375200003 1.248186979840893e-06
824 1.810989177600003 1.257802232874382e-06
825 1.813186980000003 1.468360556593619e-06
826 1.815384782400003 1.582396251976255e-06
827 1.817582584800003 1.514991088932054e-06
828 1.819780387200003 1.357058797080365e-06
829 1.821978189600003 1.237107326778578e-06
830 1.824175992000003 1.181688218590971e-06
831 1.826373794400003 1.198397174733565e-06
832 1.828571596800003 1.198998236081964e-06
833 1.830769399200003 1.118121308608222e-06
834 1.832967201600003 9.731017891449054e-07
835 1.835165004000003 8.192079738956677e-07
836 1.837362806400003 6.995226058435156e-07
837 1.839560608800003 6.034230723121488e-07
838 1.841758411200003 5.195794361962095e-07
839 1.843956213600003 4.578501269409311e-07
840 1.846154016000003 4.720163451731386e-07
841 1.848351818400003 3.974325402417404e-07
842 1.850549620800003 3.702848861475669e-07
843 1.852747423200003 3.969825252164329e-07
844 1.854945225600003 3.073832188645509e-07
845 1.857143028000003 2.636694679679509e-07
846 1.859340830400003 2.727870338411647e-07
847 1.861538632800003 3.223207099041821e-07
848 1.863736435200003 3.271763905931776e-07
849 1.865934237600003 3.047006660966595e-07
850 1.868132040000003 2.860628741791548e-07
851 1.870329842400003 2.850166522874417e-07
852 1.872527644800003 2.989360369714704e-07
853 1.874725447200003 3.127841393193161e-07
854 1.876923249600003 3.107266326128987e-07
855 1.879121052000003 2.977085041425212e-07
856 1.881318854400003 2.837210315230347e-07
857 1.883516656800003 2.740395576377396e-07
858 1.885714459200003 2.69652695989295e-07
859 1.887912261600003 2.697371488638754e-07
860 1.890110064000003 2.689787069733422e-07
861 1.892307866400003 2.624019891002847e-07
862 1.894505668800003 2.504874364168382e-07
863 1.896703471200003 2.363769321921862e-07
864 1.898901273600003 2.283451070164173e-07
865 1.901099076000003 2.407211664032968e-07
866 1.903296878400003 2.791709719336268e-07
867 1.905494680800003 3.009637183738059e-07
868 1.907692483200003 3.07019870851144e-07
869 1.909890285600003 3.123944153083215e-07
870 1.912088088000003 3.251211949302578e-07
871 1.914285890400003 3.463127607579513e-07
872 1.916483692800003 3.726508896082243e-07
873 1.918681495200003 3.931576996247797e-07
874 1.920879297600003 4.045727720668417e-07
875 1.923077100000003 4.099957898354727e-07
876 1.925274902400003 4.16826988675044e-07
877 1.927472704800003 4.270098684645224e-07
878 1.929670507200003 4.437875580013104e-07
879 1.931868309600003 4.66396893613453e-07
880 1.934066112000003 4.854097166574632e-07
881 1.936263914400003 4.976714136603315e-07
882 1.938461716800003 5.045581702983882e-07
883 1.940659519200003 5.067664410670461e-07
884 1.942857321600003 5.637280407463789e-07
885 1.945055124000003 7.806588419062413e-07
886 1.947252926400003 1.055751695862213e-06
887 1.949450728800003 1.244253686081624e-06
888 1.951648531200003 1.364472314847088e-06
889 1.953846333600003 1.474710712589251e-06
890 1.956044136000003 1.590271419363341e-06
891 1.958241938400003 1.715113522750128e-06
892 1.960439740800003 1.853058475797095e-06
893 1.962637543200003 1.972964224603731e-06
894 1.964835345600003 2.050127408107168e-06
895 1.967033148000003 2.074622170833358e-06
896 1.969230950400003 2.060064686082992e-06
897 1.971428752800003 2.044301061797237e-06
898 1.973626555200003 2.035743130551171e-06
899 1.975824357600003 2.041343699597498e-06
900 1.978022160000003 2.045980588350374e-06
901 1.980219962400003 2.027796531922012e-06
902 1.982417764800003 2.011615038449281e-06
903 1.984615567200003 2.000895171512923e-06
904 1.986813369600003 1.945857618366338e-06
905 1.989011172000003 1.969984170455377e-06
906 1.991208974400003 2.089412643799376e-06
907 1.993406776800003 2.18498111222097e-06
908 1.995604579200003 2.253162747048584e-06
909 1.997802381600003 2.337680630988732e-06
910 2.000000184000003 2.429786742817633e-06
911 2.002197986400003 2.536696161091388e-06
912 2.004395788800003 2.647301919408572e-06
913 2.006593591200003 2.738346982986425e-06
914 2.008791393600003 2.81869834023528e-06
915 2.010989196000003 2.899863833678212e-06
916 2.013186998400003 2.967647156729237e-06
917 2.015384800800003 3.019511843671381e-06
918 2.017582603200003 3.065708436964487e-06
919 2.019780405600003 3.121056431941082e-06
920 2.021978208000003 3.196280047297836e-06
921 2.024176010400003 3.32231853332416e-06
922 2.026373812800003 3.474955882689865e-06
923 2.028571615200003 3.60414266342199e-06
924 2.030769417600003 3.529606058178462e-06
925 2.032967220000003 3.319571184009472e-06
926 2.035165022400003 3.200646719554993e-06
927 2.037362824800003 3.165303252085836e-06
928 2.039560627200003 3.185769991519811e-06
929 2.041758429600003 3.194600427820544e-06
930 2.043956232000003 3.182317464685669e-06
931 2.046154034400003 3.166110130511971e-06
932 2.048351836800003 3.164978475687477e-06
933 2.050549639200003 3.186579168847757e-06
934 2.052747441600003 3.242536393788801e-06
935 2.054945244000003 3.313690833468623e-06
936 2.057143046400003 3.368990068090308e-06
937 2.059340848800003 3.399513334260074e-06
938 2.061538651200003 3.416903020452614e-06
939 2.063736453600003 3.451620522159533e-06
940 2.065934256000003 3.522617712973169e-06
941 2.068132058400003 3.646506867346259e-06
942 2.070329860800003 3.810324153342308e-06
943 2.072527663200003 3.95318021328517e-06
944 2.074725465600003 3.931781520432321e-06
945 2.076923268000003 3.750883381574143e-06
946 2.079121070400003 3.575350841587207e-06
947 2.081318872800003 3.495275366125291e-06
948 2.083516675200003 3.479992071359038e-06
949 2.085714477600003 3.455225230461565e-06
950 2.087912280000003 3.398444163576347e-06
951 2.090110082400003 3.319345089677142e-06
952 2.092307884800003 3.257680005838813e-06
953 2.094505687200003 3.218810719949501e-06
954 2.096703489600003 3.209603844820977e-06
955 2.098901292000003 3.205172499549646e-06
956 2.101099094400003 3.183491128749742e-06
957 2.103296896800003 3.139826353521673e-06
958 2.105494699200003 3.093762861221636e-06
959 2.107692501600003 3.061258327331119e-06
960 2.109890304000003 3.047956892200819e-06
961 2.112088106400003 3.054452612063376e-06
962 2.114285908800003 3.06444244906964e-06
963 2.116483711200003 3.055838512910362e-06
964 2.118681513600003 3.007763506463469e-06
965 2.120879316000003 2.933302676160831e-06
966 2.123077118400003 2.860266425024404e-06
967 2.125274920800003 2.807545147545979e-06
968 2.127472723200003 2.774316980279839e-06
969 2.129670525600003 2.747768369709734e-06
970 2.131868328000003 2.7107224085792e-06
971 2.134066130400003 2.660066949527373e-06
972 2.136263932800003 2.609341636445684e-06
973 2.138461735200003 2.565691781339367e-06
974 2.140659537600003 2.528157761496943e-06
975 2.142857340000003 2.50365962484289e-06
976 2.145055142400004 2.478110544533471e-06
977 2.147252944800004 2.447125927870683e-06
978 2.149450747200004 2.407373667391475e-06
979 2.151648549600004 2.366626992954264e-06
980 2.153846352000004 2.328715371561896e-06
981 2.156044154400004 2.293979171663937e-06
982 2.158241956800004 2.268054312046338e-06
983 2.160439759200004 2.248144776642673e-06
984 2.162637561600004 2.222718118925195e-06
985 2.164835364000004 2.186599237161157e-06
986 2.167033166400004 2.149839787069685e-06
987 2.169230968800004 2.113633277872479e-06
988 2.171428771200004 2.079484027477631e-06
989 2.173626573600004 2.052446703789161e-06
990 2.175824376000004 2.030110985315716e-06
991 2.178022178400004 2.000462873108412e-06
992 2.180219980800004 1.966844804085225e-06
993 2.182417783200004 1.935403847932669e-06
994 2.184615585600004 1.903475482288289e-06
995 2.186813388000004 1.871691890588139e-06
996 2.189011190400004 1.842675857716016e-06
997 2.191208992800004 1.820226512326672e-06
998 2.193406795200004 1.795067538548106e-06
999 2.195604597600004 1.764569548386994e-06
1000 2.197802400000004 1.734740708454703e-06
1001 2.200000202400004 1.707196089171482e-06
1002 2.202198004800004 1.679098924301133e-06
1003 2.204395807200004 1.65242923646746e-06
1004 2.206593609600004 1.630829920019091e-06
1005 2.208791412000004 1.607628176668562e-06
1006 2.210989214400004 1.581853275540411e-06
1007 2.213187016800004 1.556232465644884e-06
1008 2.215384819200004 1.532396645880395e-06
1009 2.217582621600004 1.509392404190331e-06
1010 2.219780424000004 1.487203259529034e-06
1011 2.221978226400004 1.467721491781104e-06
1012 2.224176028800004 1.446153873574143e-06
1013 2.226373831200004 1.42325756766317e-06
1014 2.228571633600004 1.401387078943602e-06
1015 2.230769436000004 1.381887907314488e-06
1016 2.232967238400004 1.362751042097369e-06
1017 2.235165040800004 1.34391346981184e-06
1018 2.237362843200004 1.3266540432791e-06
1019 2.239560645600004 1.309554357154817e-06
1020 2.241758448000004 1.290256731605504e-06
1021 2.243956250400004 1.27036502814241e-06
1022 2.246154052800004 1.253545635386596e-06
1023 2.248351855200004 1.237863556387705e-06
1024 2.250549657600004 1.221691056236167e-06
1025 2.252747460000004 1.206235231547576e-06
1026 2.254945262400004 1.190685949966465e-06
1027 2.257143064800004 1.173956177486548e-06
1028 2.259340867200004 1.157598210628624e-06
1029 2.261538669600004 1.143748741626051e-06
1030 2.263736472000004 1.130764335029164e-06
1031 2.265934274400004 1.11699044148398e-06
1032 2.268132076800004 1.103470055347955e-06
1033 2.270329879200004 1.089594928759304e-06
1034 2.272527681600004 1.074447908306445e-06
1035 2.274725484000004 1.059684991116761e-06
1036 2.276923286400004 1.047405075853092e-06
1037 2.279121088800004 1.035781102649957e-06
1038 2.281318891200004 1.023837061262395e-06
1039 2.283516693600004 1.012074170084476e-06
1040 2.285714496000004 9.999825044323064e-07
1041 2.287912298400004 9.866236916892225e-07
1042 2.290110100800004 9.734979898334629e-07
1043 2.292307903200004 9.622601978291045e-07
1044 2.294505705600004 9.525217427663313e-07
1045 2.296703508000004 9.455830489575267e-07
1046 2.298901310400004 9.413477920605662e-07
1047 2.301099112800004 9.378774259560807e-07
1048 2.303296915200004 9.322866356737766e-07
1049 2.305494717600004 9.239879193981841e-07
1050 2.307692520000004 9.136415893723337e-07
1051 2.309890322400004 9.028976456404648e-07
1052 2.312088124800004 8.932379354587141e-07
1053 2.314285927200004 8.838716939280059e-07
1054 2.316483729600004 8.751696318598233e-07
1055 2.318681532000004 8.657451804544515e-07
1056 2.320879334400004 8.564992134291851e-07
1057 2.323077136800004 8.490521465956887e-07
1058 2.325274939200004 8.430273310029364e-07
1059 2.327472741600004 8.362977462448031e-07
1060 2.329670544000004 8.269970581624152e-07
1061 2.331868346400004 8.17965003003102e-07
1062 2.334066148800004 8.134492682217327e-07
1063 2.336263951200004 8.15492560108312e-07
1064 2.338461753600004 8.15752511276019e-07
1065 2.340659556000004 7.97120707084467e-07
1066 2.342857358400004 7.753888360416936e-07
1067 2.345055160800004 7.617919048825e-07
1068 2.347252963200004 7.534157225140886e-07
1069 2.349450765600004 7.486386327793714e-07
1070 2.351648568000004 7.419470795378012e-07
1071 2.353846370400004 7.317661673153854e-07
1072 2.356044172800004 7.218513438786107e-07
1073 2.358241975200004 7.136605191095902e-07
1074 2.360439777600004 7.073722797227242e-07
1075 2.362637580000004 7.030339633936609e-07
1076 2.364835382400004 6.983906129246287e-07
1077 2.367033184800004 6.909447166358564e-07
1078 2.369230987200004 6.823441344344604e-07
1079 2.371428789600004 6.744260970652916e-07
1080 2.373626592000004 6.682432269035694e-07
1081 2.375824394400004 6.641624585978423e-07
1082 2.378022196800004 6.610345240717344e-07
1083 2.380219999200004 6.565772160813368e-07
1084 2.382417801600004 6.525364028573852e-07
1085 2.384615604000004 6.519555097234844e-07
1086 2.386813406400004 6.52106563675251e-07
1087 2.389011208800004 6.521854625550516e-07
1088 2.391209011200004 6.530206062864303e-07
1089 2.393406813600004 6.53236022292092e-07
1090 2.395604616000004 6.498956415991174e-07
1091 2.397802418400004 6.436756711376466e-07
1092 2.400000220800004 6.364535705509862e-07
1093 2.402198023200004 6.306854772069994e-07
1094 2.404395825600004 6.264652396893424e-07
1095 2.406593628000004 6.231661906563061e-07
1096 2.408791430400004 6.188889627875137e-07
1097 2.410989232800004 6.114286722553675e-07
1098 2.413187035200004 6.025836912883805e-07
1099 2.415384837600004 5.938457195002432e-07
1100 2.417582640000004 5.867094692855636e-07
1101 2.419780442400004 5.812855187078067e-07
1102 2.421978244800004 5.771986916474722e-07
1103 2.424176047200004 5.726263469412035e-07
1104 2.426373849600004 5.844393023603169e-07
1105 2.428571652000004 6.360862904686946e-07
1106 2.430769454400004 6.87814752863004e-07
1107 2.432967256800004 7.274518298641652e-07
1108 2.435165059200004 7.574780594091783e-07
1109 2.437362861600004 7.763108861680349e-07
1110 2.439560664000004 7.826000214143581e-07
1111 2.441758466400004 7.793499249134126e-07
1112 2.443956268800004 7.733565933281546e-07
1113 2.446154071200004 7.846911086972377e-07
1114 2.448351873600004 8.156842381492363e-07
1115 2.450549676000004 8.287997826968919e-07
1116 2.452747478400004 8.15550635847799e-07
1117 2.454945280800004 8.255194691064391e-07
1118 2.457143083200004 8.633901573519429e-07
1119 2.459340885600004 9.411390871181327e-07
1120 2.461538688000004 1.062843145290091e-06
1121 2.463736490400004 1.216798870323383e-06
1122 2.465934292800004 1.39531748757068e-06
1123 2.468132095200004 1.598823464308449e-06
1124 2.470329897600004 1.812213130458985e-06
1125 2.472527700000004 2.056130316276631e-06
1126 2.474725502400004 2.422226675321114e-06
1127 2.476923304800004 2.899987244045521e-06
1128 2.479121107200004 3.402048202935368e-06
1129 2.481318909600004 3.780836020054821e-06
1130 2.483516712000004 3.976637611323572e-06
1131 2.485714514400004 3.976097717274738e-06
1132 2.487912316800004 3.912686332182005e-06
1133 2.490110119200004 4.009982586134168e-06
1134 2.492307921600004 4.294049559159399e-06
1135 2.494505724000004 4.678404224243151e-06
1136 2.496703526400004 4.988503233839817e-06
1137 2.498901328800004 5.029754128194167e-06
1138 2.501099131200004 4.78078510523616e-06
1139 2.503296933600004 4.320844112502555e-06
1140 2.505494736000004 3.936794186424047e-06
1141 2.507692538400004 3.868387807343192e-06
1142 2.509890340800004 4.108878509772587e-06
1143 2.512088143200004 4.116242958182971e-06
1144 2.514285945600004 3.906619611931096e-06
1145 2.516483748000004 3.805486287021508e-06
1146 2.518681550400004 4.196625667610594e-06
1147 2.520879352800004 5.123775137155732e-06
1148 2.523077155200004 5.736477314817532e-06
1149 2.525274957600004 5.855492356656577e-06
1150 2.527472760000004 5.601575472470242e-06
1151 2.529670562400004 5.488959650979855e-06
1152 2.531868364800004 5.619965438264799e-06
1153 2.534066167200004 6.036681211402545e-06
1154 2.536263969600004 6.684015558182378e-06
1155 2.538461772000004 7.092477846644687e-06
1156 2.540659574400004 7.074562033444784e-06
1157 2.542857376800004 6.692925744726925e-06
1158 2.545055179200004 6.232758296688478e-06
1159 2.547252981600004 6.090120410955582e-06
1160 2.549450784000004 6.285796813110565e-06
1161 2.551648586400004 6.700237887716049e-06
1162 2.553846388800004 6.931445202725337e-06
1163 2.556044191200004 6.630728693773188e-06
1164 2.558241993600004 6.067755603365544e-06
1165 2.560439796000004 5.800812007253535e-06
1166 2.562637598400004 6.135345846952047e-06
1167 2.564835400800004 7.06128734228955e-06
1168 2.567033203200004 7.697892964236375e-06
1169 2.569231005600004 7.706297385895855e-06
1170 2.571428808000004 7.208736079122613e-06
1171 2.573626610400004 6.781974055533697e-06
1172 2.575824412800004 6.888183503209248e-06
1173 2.578022215200004 7.615189407463749e-06
1174 2.580220017600004 8.111953141621904e-06
1175 2.582417820000004 7.933486192176776e-06
1176 2.584615622400004 7.315708819276343e-06
1177 2.586813424800004 6.884239533878358e-06
1178 2.589011227200004 6.815318318872367e-06
1179 2.591209029600004 7.138229171467714e-06
1180 2.593406832000004 7.519024471586892e-06
1181 2.595604634400004 7.612823387927776e-06
1182 2.597802436800004 7.271853223093523e-06
1183 2.600000239200004 6.699507289273407e-06
1184 2.602198041600004 6.312028792329461e-06
1185 2.604395844000004 6.379502403615036e-06
1186 2.606593646400004 7.000274513160427e-06
1187 2.608791448800004 7.594385348369831e-06
1188 2.610989251200004 7.82288259854201e-06
1189 2.613187053600004 7.48564346829286e-06
1190 2.615384856000004 6.833458403639267e-06
1191 2.617582658400004 6.479241548034067e-06
1192 2.619780460800004 6.544329730290575e-06
1193 2.621978263200004 6.957137764702667e-06
1194 2.624176065600004 7.368339722445323e-06
1195 2.626373868000004 7.190727313318387e-06
1196 2.628571670400004 6.523807630788176e-06
1197 2.630769472800004 6.003468716001553e-06
1198 2.632967275200004 5.72896176581922e-06
1199 2.635165077600004 5.803228201124869e-06
1200 2.637362880000004 6.188299320827365e-06
1201 2.639560682400004 6.331039514466781e-06
1202 2.641758484800004 6.037843376105782e-06
1203 2.643956287200004 5.413187184750343e-06
1204 2.646154089600004 4.899026206317522e-06
1205 2.648351892000004 4.880920585083109e-06
1206 2.650549694400004 5.356610861280014e-06
1207 2.652747496800004 5.499588202788528e-06
1208 2.654945299200004 5.264218934397185e-06
1209 2.657143101600004 4.886686237448197e-06
1210 2.659340904000004 4.602335365375396e-06
1211 2.661538706400004 4.521357720989614e-06
1212 2.663736508800004 4.659032644539062e-06
1213 2.665934311200004 4.867114645572619e-06
1214 2.668132113600004 4.872125131166982e-06
1215 2.670329916000004 4.591692854690447e-06
1216 2.672527718400004 4.136801978733118e-06
1217 2.674725520800004 3.807503071734678e-06
1218 2.676923323200004 3.699933194256138e-06
1219 2.679121125600004 3.848566019562889e-06
1220 2.681318928000004 3.971382752408081e-06
1221 2.683516730400004 3.935788384643111e-06
1222 2.685714532800004 3.637190439845585e-06
1223 2.687912335200004 3.154322512651143e-06
1224 2.690110137600005 2.849854669818288e-06
1225 2.692307940000005 2.848080063332305e-06
1226 2.694505742400005 3.151011210663238e-06
1227 2.696703544800005 3.306787731145693e-06
1228 2.698901347200005 3.205253757860351e-06
1229 2.701099149600005 2.911670795753447e-06
1230 2.703296952000005 2.660333796759463e-06
1231 2.705494754400005 2.552712056645884e-06
1232 2.707692556800005 2.617285412675704e-06
1233 2.709890359200005 2.720307919796441e-06
1234 2.712088161600005 2.690000255988695e-06
1235 2.714285964000005 2.490528843995341e-06
1236 2.716483766400005 2.222274299453589e-06
1237 2.718681568800005 2.021392895414877e-06
1238 2.720879371200005 1.932140887939345e-06
1239 2.723077173600005 1.94223068098959e-06
1240 2.725274976000005 1.924275965682749e-06
1241 2.727472778400005 1.818666454591397e-06
1242 2.729670580800005 1.620013981994146e-06
1243 2.731868383200005 1.384480028905486e-06
1244 2.734066185600005 1.257853069327768e-06
1245 2.736263988000005 1.286461692409086e-06
1246 2.738461790400005 1.49769717781927e-06
1247 2.740659592800005 1.603666703298591e-06
1248 2.742857395200005 1.526565644997172e-06
1249 2.745055197600005 1.363984628532633e-06
1250 2.747253000000005 1.251394900028124e-06
1251 2.749450802400005 1.208505061468417e-06
1252 2.751648604800005 1.23501520812982e-06
1253 2.753846407200005 1.236142573876781e-06
1254 2.756044209600005 1.13924034081197e-06
1255 2.758242012000005 9.632844937027414e-07
1256 2.760439814400005 8.127685918257404e-07
1257 2.762637616800005 6.963852744897258e-07
1258 2.764835419200005 5.983291942373541e-07
1259 2.767033221600005 5.049822418022309e-07
1260 2.769231024000005 4.957942390124041e-07
