"report-ven-ave-vel-inlet-rfile"
"Time Step" "report-ven-ave-vel-inlet etc.."
("Time Step" "report-ven-ave-vel-inlet" "flow-time")
1 0.1854270657299951 0.0021978024
2 0.06480564048195452 0.0043956048
3 0.03752188978751662 0.0065934072
4 0.03430901152394079 0.008791209600000001
5 0.04970623375723398 0.010989012
6 0.05654368476471603 0.0131868144
7 0.06308652607935068 0.0153846168
8 0.06893139847930943 0.0175824192
9 0.07414454823746039 0.0197802216
10 0.07857364506959427 0.021978024
11 0.08232659569454222 0.0241758264
12 0.08571470235957707 0.0263736288
13 0.08879105222061615 0.0285714312
14 0.09141344437229189 0.0307692336
15 0.09331242927587642 0.03296703600000001
16 0.09428997507324968 0.0351648384
17 0.09430915983204378 0.0373626408
18 0.09353152085005977 0.0395604432
19 0.0923210495194532 0.04175824559999999
20 0.09117194895048347 0.04395604799999999
21 0.0900391568023918 0.04615385039999999
22 0.09033036150678729 0.04835165279999998
23 0.09461658907370854 0.05054945519999998
24 0.1026373966174605 0.05274725759999998
25 0.1116239336320646 0.05494505999999998
26 0.1180339106458999 0.05714286239999997
27 0.1219074011709742 0.05934066479999997
28 0.1257747168123662 0.06153846719999997
29 0.1313173835232547 0.06373626959999996
30 0.138876237165546 0.06593407199999997
31 0.1466443159903551 0.06813187439999997
32 0.1527609997840122 0.07032967679999998
33 0.1571641115448784 0.07252747919999998
34 0.161216870206831 0.07472528159999998
35 0.1661156833008132 0.07692308399999999
36 0.1726468376469448 0.07912088639999999
37 0.1798206330074686 0.0813186888
38 0.1858693188439677 0.0835164912
39 0.1904382255472436 0.0857142936
40 0.1941208703378557 0.08791209600000001
41 0.1982881486259394 0.09010989840000001
42 0.2122389970770745 0.09230770080000002
43 0.2447279171198769 0.09450550320000002
44 0.2797853767859099 0.09670330560000003
45 0.3090299592147113 0.09890110800000003
46 0.3327969586831784 0.1010989104
47 0.354270298727829 0.1032967128
48 0.3755134819472628 0.1054945152
49 0.397162835099343 0.1076923176
50 0.4159398556799761 0.10989012
51 0.4315750170374656 0.1120879224000001
52 0.4426527305230029 0.1142857248000001
53 0.4499508902265777 0.1164835272000001
54 0.4550199910889051 0.1186813296000001
55 0.459139481894916 0.1208791320000001
56 0.4623851800544792 0.1230769344000001
57 0.4631584828779085 0.1252747368000001
58 0.4588934746374903 0.1274725392000001
59 0.4487724486183771 0.1296703416000001
60 0.43690058021656 0.1318681440000001
61 0.423835735010662 0.1340659464000001
62 0.4247695733014465 0.1362637488000001
63 0.4470190170077124 0.1384615512000001
64 0.475026918983213 0.1406593536000001
65 0.4965571023380975 0.1428571560000001
66 0.5107551647077159 0.1450549584000001
67 0.5212060858023883 0.1472527608000001
68 0.5320205820130582 0.1494505632000001
69 0.544313976759184 0.1516483656000001
70 0.5549098937874462 0.1538461680000001
71 0.5614651063753204 0.1560439704000001
72 0.5611646964234203 0.1582417728000001
73 0.5552486623487981 0.1604395752000001
74 0.5481698986902587 0.1626373776000001
75 0.5408661731998534 0.1648351800000001
76 0.5330648355406828 0.1670329824000001
77 0.5199608921016411 0.1692307848000001
78 0.5001232548360582 0.1714285872000001
79 0.4764079750129229 0.1736263896000002
80 0.4514907541419355 0.1758241920000002
81 0.4242509784097545 0.1780219944000002
82 0.4055832466442827 0.1802197968000002
83 0.4054332444537227 0.1824175992000002
84 0.4152852574573902 0.1846154016000002
85 0.4186410938782155 0.1868132040000002
86 0.4148479564791354 0.1890110064000002
87 0.4079872210890718 0.1912088088000002
88 0.4029240753133289 0.1934066112000002
89 0.3999584035836126 0.1956044136000002
90 0.3970038200771661 0.1978022160000002
91 0.3899451754102704 0.2000000184000002
92 0.3773106335673813 0.2021978208000002
93 0.3608115674367615 0.2043956232000002
94 0.3454292404109742 0.2065934256000002
95 0.3312105894933496 0.2087912280000002
96 0.3167792659936807 0.2109890304000002
97 0.2997013928899634 0.2131868328000002
98 0.2779554919524743 0.2153846352000002
99 0.2524504474782889 0.2175824376000002
100 0.2266056161074914 0.2197802400000002
101 0.2029010245521215 0.2219780424000002
102 0.1860985086349016 0.2241758448000002
103 0.1799038448160252 0.2263736472000002
104 0.1799429322048088 0.2285714496000003
105 0.1763485706407499 0.2307692520000003
106 0.1684267683234348 0.2329670544000003
107 0.1599305960701643 0.2351648568000003
108 0.1546620992898805 0.2373626592000003
109 0.152295864444396 0.2395604616000003
110 0.1498271236983448 0.2417582640000003
111 0.1460172422090551 0.2439560664000003
112 0.139415414975199 0.2461538688000003
113 0.1309524028952738 0.2483516712000003
114 0.1240663580973228 0.2505494736000003
115 0.1190566870280045 0.2527472760000003
116 0.1156243782924387 0.2549450784000003
117 0.1117135419998413 0.2571428808000003
118 0.1064475320545556 0.2593406832000003
119 0.1000729039321035 0.2615384856000003
120 0.09379558896993846 0.2637362880000003
121 0.0885470148463582 0.2659340904000003
122 0.08518327411932919 0.2681318928000003
123 0.08410235304070407 0.2703296952000003
124 0.0848159581281758 0.2725274976000003
125 0.08499839168528507 0.2747253000000003
126 0.08355045006826792 0.2769231024000003
127 0.08071677353280519 0.2791209048000003
128 0.07854013752265832 0.2813187072000004
129 0.07748119398752029 0.2835165096000004
130 0.07788073648139582 0.2857143120000004
131 0.07942122961647213 0.2879121144000004
132 0.07993065990150661 0.2901099168000004
133 0.07883332679245349 0.2923077192000004
134 0.07617104002510536 0.2945055216000004
135 0.07378333806320013 0.2967033240000004
136 0.07244996527148392 0.2989011264000004
137 0.0729060764329884 0.3010989288000004
138 0.07468717220974772 0.3032967312000004
139 0.07523504284701267 0.3054945336000004
140 0.07410905390637898 0.3076923360000004
141 0.07155675884593883 0.3098901384000004
142 0.06981904977113386 0.3120879408000004
143 0.0694478963362571 0.3142857432000004
144 0.07070998510277049 0.3164835456000004
145 0.0729174845059444 0.3186813480000004
146 0.07418284526782852 0.3208791504000004
147 0.07380128779601115 0.3230769528000004
148 0.07219578163921546 0.3252747552000004
149 0.07100140221177939 0.3274725576000004
150 0.07080573584486699 0.3296703600000004
151 0.07209146625393145 0.3318681624000004
152 0.07441222235421319 0.3340659648000004
153 0.07572152086686271 0.3362637672000005
154 0.07543848084636166 0.3384615696000005
155 0.0737882494409116 0.3406593720000005
156 0.07251830543826074 0.3428571744000005
157 0.07248852404185138 0.3450549768000005
158 0.07380285705682782 0.3472527792000005
159 0.07596083677248225 0.3494505816000005
160 0.07728033374651684 0.3516483840000005
161 0.07714220036133487 0.3538461864000005
162 0.07583759449559255 0.3560439888000005
163 0.07465901197760744 0.3582417912000005
164 0.07520524180602516 0.3604395936000005
165 0.07736784398472982 0.3626373960000005
166 0.07974234769161402 0.3648351984000005
167 0.08030536186201169 0.3670330008000005
168 0.07901794069305923 0.3692308032000005
169 0.07755912744695112 0.3714286056000005
170 0.07787061055286733 0.3736264080000005
171 0.0799207181218944 0.3758242104000005
172 0.08215525040366842 0.3780220128000005
173 0.08311064470633478 0.3802198152000005
174 0.08253842828471229 0.3824176176000005
175 0.0815300759603452 0.3846154200000005
176 0.0812988957796798 0.3868132224000005
177 0.08263086141921269 0.3890110248000005
178 0.08502617742803478 0.3912088272000006
179 0.08656904058800921 0.3934066296000006
180 0.08672662891115801 0.3956044320000006
181 0.0858979387478806 0.3978022344000006
182 0.08574827502592523 0.4000000368000006
183 0.0874558794534518 0.4021978392000006
184 0.09101003183906095 0.4043956416000006
185 0.09425196493610845 0.4065934440000006
186 0.09599815030404742 0.4087912464000006
187 0.09619277036371389 0.4109890488000006
188 0.09628447867406639 0.4131868512000006
189 0.09759714450866974 0.4153846536000006
190 0.1001886693634055 0.4175824560000006
191 0.1025995937075234 0.4197802584000006
192 0.1040093474159951 0.4219780608000006
193 0.1041210557571859 0.4241758632000006
194 0.1040054609946727 0.4263736656000006
195 0.1044887177504316 0.4285714680000006
196 0.1059794629492042 0.4307692704000006
197 0.1079369504092698 0.4329670728000006
198 0.1092482193643734 0.4351648752000006
199 0.1093358121313633 0.4373626776000006
200 0.1084873857057427 0.4395604800000006
201 0.1078479115643321 0.4417582824000006
202 0.1097697658915541 0.4439560848000006
203 0.1162735365707168 0.4461538872000007
204 0.1251223951892368 0.4483516896000007
205 0.1310238686433184 0.4505494920000007
206 0.1337045861177891 0.4527472944000007
207 0.135014323118634 0.4549450968000007
208 0.1371745103698467 0.4571428992000007
209 0.140409421096199 0.4593407016000007
210 0.1430230372989329 0.4615385040000007
211 0.1440903137726662 0.4637363064000007
212 0.1427793291857298 0.4659341088000007
213 0.1395820494863185 0.4681319112000007
214 0.1362321484915948 0.4703297136000007
215 0.1334323714190377 0.4725275160000007
216 0.1311178249497813 0.4747253184000007
217 0.1277244156399142 0.4769231208000007
218 0.1221174774515152 0.4791209232000007
219 0.114631535558151 0.4813187256000007
220 0.1067443960581273 0.4835165280000007
221 0.09947443669752445 0.4857143304000007
222 0.09466111974901466 0.4879121328000007
223 0.09401066575315582 0.4901099352000007
224 0.0960641381752259 0.4923077376000007
225 0.09693706922938386 0.4945055400000007
226 0.09620253292397678 0.4967033424000007
227 0.09418004458519434 0.4989011448000008
228 0.09269914204073811 0.5010989472000007
229 0.09248062931787956 0.5032967496000007
230 0.09335655731269947 0.5054945520000007
231 0.09414338467053977 0.5076923544000007
232 0.0938718294217641 0.5098901568000007
233 0.09233223985129711 0.5120879592000007
234 0.09020656464506084 0.5142857616000007
235 0.08865056270503967 0.5164835640000007
236 0.08804664538301474 0.5186813664000007
237 0.0881984363301167 0.5208791688000007
238 0.08800296871806931 0.5230769712000007
239 0.08687108114684904 0.5252747736000007
240 0.08489940884760218 0.5274725760000007
241 0.08280487223999199 0.5296703784000008
242 0.08091366076154698 0.5318681808000008
243 0.07921603335727925 0.5340659832000008
244 0.07726412271224951 0.5362637856000008
245 0.07505018949613484 0.5384615880000008
246 0.07273154796785519 0.5406593904000008
247 0.07048140315911922 0.5428571928000008
248 0.06857679513095774 0.5450549952000008
249 0.067180482396136 0.5472527976000008
250 0.06613978204336478 0.5494506000000008
251 0.0652267550047296 0.5516484024000008
252 0.06395797702221206 0.5538462048000008
253 0.06238877243181409 0.5560440072000008
254 0.06096092136368361 0.5582418096000008
255 0.05993587609276901 0.5604396120000008
256 0.05939406579347305 0.5626374144000008
257 0.05915883945300507 0.5648352168000008
258 0.05879382358946066 0.5670330192000008
259 0.05803712443436697 0.5692308216000008
260 0.05707235778006734 0.5714286240000008
261 0.05626421055380054 0.5736264264000008
262 0.05543092428757254 0.5758242288000008
263 0.05399569278543449 0.5780220312000008
264 0.05180340150976467 0.5802198336000008
265 0.04928414882445628 0.5824176360000008
266 0.04662847436419099 0.5846154384000009
267 0.0420835983027909 0.5868132408000009
268 0.03468121406943833 0.5890110432000009
269 0.02690552959636843 0.5912088456000009
270 0.02219376500543696 0.5934066480000009
271 0.02316771734229148 0.5956044504000009
272 0.02190595855513415 0.5978022528000009
273 0.01768828489314626 0.6000000552000009
274 0.01231332281672251 0.6021978576000009
275 0.01316809339044485 0.6043956600000009
276 0.01272559671939598 0.6065934624000009
277 0.01209652874280452 0.6087912648000009
278 0.01138699011850515 0.6109890672000009
279 0.01088676050779597 0.6131868696000009
280 0.01046301208406964 0.6153846720000009
281 0.0101886704451098 0.6175824744000009
282 0.009973033628404444 0.6197802768000009
283 0.009827291787472164 0.6219780792000009
284 0.009999586002802001 0.6241758816000009
285 0.0105231847699455 0.6263736840000009
286 0.01157887342330467 0.6285714864000009
287 0.01247269829905618 0.6307692888000009
288 0.01282096527213835 0.6329670912000009
289 0.0127476396399172 0.6351648936000009
290 0.0125280792199942 0.637362696000001
291 0.01194634950803427 0.639560498400001
292 0.01213084286066583 0.641758300800001
293 0.01224074592515512 0.643956103200001
294 0.01263435496510949 0.646153905600001
295 0.01344675594550311 0.648351708000001
296 0.01427784082596739 0.650549510400001
297 0.0138186762202708 0.652747312800001
298 0.01337803601438272 0.654945115200001
299 0.0120880938163535 0.657142917600001
300 0.01126997113778502 0.659340720000001
301 0.01138915933854478 0.661538522400001
302 0.0113866902563109 0.663736324800001
303 0.01132371261052888 0.665934127200001
304 0.01166867167245852 0.668131929600001
305 0.01264167169579385 0.670329732000001
306 0.01404930760224279 0.672527534400001
307 0.01509128886502548 0.674725336800001
308 0.01504803745676301 0.676923139200001
309 0.01464780111505921 0.679120941600001
310 0.01425026371040441 0.681318744000001
311 0.01400187849133771 0.683516546400001
312 0.01436516737312611 0.685714348800001
313 0.01508774676729729 0.687912151200001
314 0.0161263749142105 0.690109953600001
315 0.01681954805210921 0.6923077560000011
316 0.01636331604650842 0.6945055584000011
317 0.01550670796943072 0.6967033608000011
318 0.01437789571071323 0.6989011632000011
319 0.01372072264639231 0.7010989656000011
320 0.01395179426150061 0.7032967680000011
321 0.0146049582451211 0.7054945704000011
322 0.01540719801199831 0.7076923728000011
323 0.01515338096731018 0.7098901752000011
324 0.01496897722536661 0.7120879776000011
325 0.01448773807263929 0.7142857800000011
326 0.01387803783216345 0.7164835824000011
327 0.01386831419862478 0.7186813848000011
328 0.01435066425221 0.7208791872000011
329 0.0151023583329492 0.7230769896000011
330 0.01670589005541515 0.7252747920000011
331 0.01686142650561337 0.7274725944000011
332 0.01632262676160994 0.7296703968000011
333 0.01532371032411711 0.7318681992000011
334 0.01315036950711631 0.7340660016000011
335 0.01383242113466502 0.7362638040000011
336 0.0145552331320412 0.7384616064000011
337 0.01590878926596033 0.7406594088000011
338 0.01661039981342366 0.7428572112000011
339 0.0157716296415719 0.7450550136000011
340 0.014150819238508 0.7472528160000012
341 0.01258979207136442 0.7494506184000012
342 0.01303044576704585 0.7516484208000012
343 0.01355480096069674 0.7538462232000012
344 0.01489432399615098 0.7560440256000012
345 0.01631364129980682 0.7582418280000012
346 0.01578740966956726 0.7604396304000012
347 0.01500429662760352 0.7626374328000012
348 0.01349067938605412 0.7648352352000012
349 0.01277785340537287 0.7670330376000012
350 0.01319446348421266 0.7692308400000012
351 0.01407060878713821 0.7714286424000012
352 0.01614217470230041 0.7736264448000012
353 0.01535151789276302 0.7758242472000012
354 0.01458109516336841 0.7780220496000012
355 0.01265427265054476 0.7802198520000012
356 0.01256829089652898 0.7824176544000012
357 0.01291508017713104 0.7846154568000012
358 0.01390309005606741 0.7868132592000012
359 0.01486231259029018 0.7890110616000012
360 0.01529205172895519 0.7912088640000012
361 0.01439863430180412 0.7934066664000012
362 0.01236169769850183 0.7956044688000012
363 0.01094142239191528 0.7978022712000012
364 0.01151456708692134 0.8000000736000012
365 0.01371921330823151 0.8021978760000013
366 0.01428761827380171 0.8043956784000013
367 0.01380173948253117 0.8065934808000013
368 0.01249976679868521 0.8087912832000013
369 0.01118735758686028 0.8109890856000013
370 0.01098587204142748 0.8131868880000013
371 0.01179906810932029 0.8153846904000013
372 0.01315970292237768 0.8175824928000013
373 0.01414819760570151 0.8197802952000013
374 0.01351622856184998 0.8219780976000013
375 0.01232335589235626 0.8241759000000013
376 0.01085700654491132 0.8263737024000013
377 0.01082866379812027 0.8285715048000013
378 0.01137666810924045 0.8307693072000013
379 0.01270699962114117 0.8329671096000013
380 0.01309400554533162 0.8351649120000013
381 0.01290184335987528 0.8373627144000013
382 0.01131977454668859 0.8395605168000013
383 0.01010784057714255 0.8417583192000013
384 0.01028815638514478 0.8439561216000013
385 0.01132695274064759 0.8461539240000013
386 0.01288401930027668 0.8483517264000013
387 0.01283894836265798 0.8505495288000013
388 0.01235838200123449 0.8527473312000013
389 0.01088537806412803 0.8549451336000014
390 0.01040367845031357 0.8571429360000014
391 0.01055555331913049 0.8593407384000014
392 0.0114289823180098 0.8615385408000014
393 0.01260194599639108 0.8637363432000014
394 0.01232585768074984 0.8659341456000014
395 0.01164747163723025 0.8681319480000014
396 0.0102561191242582 0.8703297504000014
397 0.01017561147269327 0.8725275528000014
398 0.01067881784988794 0.8747253552000014
399 0.01188207803601916 0.8769231576000014
400 0.01179446247107682 0.8791209600000014
401 0.01166466335057888 0.8813187624000014
402 0.009970611406892524 0.8835165648000014
403 0.008949537035824179 0.8857143672000014
404 0.009126071616106526 0.8879121696000014
405 0.01111249726669952 0.8901099720000014
406 0.01160004378550596 0.8923077744000014
407 0.01150297255390182 0.8945055768000014
408 0.01022214908421877 0.8967033792000014
409 0.009839805726904224 0.8989011816000014
410 0.009907836676902424 0.9010989840000014
411 0.0110226970630583 0.9032967864000014
412 0.01170182912245875 0.9054945888000014
413 0.01191096408827293 0.9076923912000014
414 0.01142446440932 0.9098901936000015
415 0.01061477307225191 0.9120879960000015
416 0.01054103974368142 0.9142857984000015
417 0.01052026892071527 0.9164836008000015
418 0.01078361272264707 0.9186814032000015
419 0.01042916009583022 0.9208792056000015
420 0.009312719590404415 0.9230770080000015
421 0.01104066056731637 0.9252748104000015
422 0.01941603582458522 0.9274726128000015
423 0.02881596063361402 0.9296704152000015
424 0.03623688725369868 0.9318682176000015
425 0.03886742170881776 0.9340660200000015
426 0.04529490015791406 0.9362638224000015
427 0.05338260351290824 0.9384616248000015
428 0.06272471980846928 0.9406594272000015
429 0.07145389271385358 0.9428572296000015
430 0.07705198424794218 0.9450550320000015
431 0.07919080848219862 0.9472528344000015
432 0.08055568521265993 0.9494506368000015
433 0.08294828569862539 0.9516484392000015
434 0.08681891851011793 0.9538462416000015
435 0.09144361161286341 0.9560440440000015
436 0.09475128475861605 0.9582418464000015
437 0.0955319892084364 0.9604396488000015
438 0.09392017013053326 0.9626374512000015
439 0.09167859956652392 0.9648352536000016
440 0.09014690134713503 0.9670330560000016
441 0.08985689428192709 0.9692308584000016
442 0.09041834330911362 0.9714286608000016
443 0.09197841513210073 0.9736264632000016
444 0.09549378091988529 0.9758242656000016
445 0.1016157836039479 0.9780220680000016
446 0.1096586787635849 0.9802198704000016
447 0.1173016274283016 0.9824176728000016
448 0.1231701820680493 0.9846154752000016
449 0.1275620021360956 0.9868132776000016
450 0.1320860154246144 0.9890110800000016
451 0.1375531771367293 0.9912088824000016
452 0.1442617974603326 0.9934066848000016
453 0.1514935818206928 0.9956044872000016
454 0.1581077245818802 0.9978022896000016
455 0.1635427974145686 1.000000092000002
456 0.1678580715458191 1.002197894400002
457 0.1720870984110085 1.004395696800002
458 0.1769458990910972 1.006593499200002
459 0.1827787624183133 1.008791301600002
460 0.1895668192862066 1.010989104000002
461 0.1961284386712211 1.013186906400002
462 0.2021224926310075 1.015384708800002
463 0.2139926557849951 1.017582511200002
464 0.2429740462432985 1.019780313600002
465 0.2806024380899193 1.021978116000002
466 0.3109500807453573 1.024175918400002
467 0.3337909839877565 1.026373720800002
468 0.3535585027220997 1.028571523200002
469 0.3736873020483519 1.030769325600002
470 0.3954263274152537 1.032967128000002
471 0.4162565510924375 1.035164930400002
472 0.4340256145375245 1.037362732800002
473 0.4454858908807035 1.039560535200002
474 0.451100612952873 1.041758337600002
475 0.4539093497393684 1.043956140000002
476 0.4560281395124096 1.046153942400002
477 0.4589668088267809 1.048351744800002
478 0.4613952495099993 1.050549547200002
479 0.4613116249822381 1.052747349600002
480 0.4550612481739048 1.054945152000002
481 0.4413755080406427 1.057142954400002
482 0.4237649623623796 1.059340756800002
483 0.4230585781297317 1.061538559200002
484 0.4466135108158187 1.063736361600002
485 0.4760782622971372 1.065934164000002
486 0.4981474807104735 1.068131966400002
487 0.5110798518870734 1.070329768800002
488 0.5203064313483924 1.072527571200002
489 0.5301473500548719 1.074725373600002
490 0.5424973472675229 1.076923176000002
491 0.5543001289781042 1.079120978400002
492 0.562873080262872 1.081318780800002
493 0.5642748211784124 1.083516583200002
494 0.5578836386345795 1.085714385600002
495 0.5485842259207866 1.087912188000002
496 0.5391539775742575 1.090109990400002
497 0.530092807943828 1.092307792800002
498 0.5200851909854813 1.094505595200002
499 0.5045401773321646 1.096703397600002
500 0.4816234479961465 1.098901200000002
501 0.4526070937342304 1.101099002400002
502 0.4211251299758538 1.103296804800002
503 0.4028689942685139 1.105494607200002
504 0.406153197303659 1.107692409600002
505 0.4171208046615705 1.109890212000002
506 0.4192227197986952 1.112088014400002
507 0.412909214415664 1.114285816800002
508 0.4059538685760351 1.116483619200002
509 0.4021281124870731 1.118681421600002
510 0.400963222837886 1.120879224000002
511 0.3979848028280107 1.123077026400002
512 0.39002284388154 1.125274828800002
513 0.3764555922975283 1.127472631200002
514 0.3598183716447905 1.129670433600002
515 0.3443037068912637 1.131868236000002
516 0.3304511063779801 1.134066038400002
517 0.3168941833192455 1.136263840800002
518 0.3011866362385186 1.138461643200002
519 0.2792121308659392 1.140659445600002
520 0.2528275910300334 1.142857248000002
521 0.2264661657384765 1.145055050400002
522 0.2031867583333701 1.147252852800002
523 0.1869873674421305 1.149450655200002
524 0.1810207346452427 1.151648457600002
525 0.1815759384117648 1.153846260000002
526 0.1780016194806097 1.156044062400002
527 0.1698275286827937 1.158241864800002
528 0.161126633699029 1.160439667200002
529 0.155567266353232 1.162637469600002
530 0.1530023275492201 1.164835272000002
531 0.1511162364835605 1.167033074400002
532 0.1468746059384476 1.169230876800002
533 0.1398833980817452 1.171428679200002
534 0.1317612392022836 1.173626481600002
535 0.1253907140647859 1.175824284000002
536 0.1211172379397478 1.178022086400002
537 0.1181247192528554 1.180219888800002
538 0.1142360866283552 1.182417691200002
539 0.1086284239925466 1.184615493600002
540 0.1018366443850245 1.186813296000002
541 0.09527593470006102 1.189011098400002
542 0.09003878713579405 1.191208900800002
543 0.08686804243636935 1.193406703200002
544 0.08574828409360113 1.195604505600002
545 0.08653039252924953 1.197802308000002
546 0.08669685861257241 1.200000110400002
547 0.0850992358408607 1.202197912800002
548 0.08202549065984244 1.204395715200002
549 0.07951276084260463 1.206593517600002
550 0.0781197587200515 1.208791320000002
551 0.0781772822856919 1.210989122400002
552 0.07950222468217689 1.213186924800002
553 0.07994182997752218 1.215384727200002
554 0.07884964766392294 1.217582529600002
555 0.07626923323950917 1.219780332000002
556 0.07368727514712795 1.221978134400002
557 0.07148525728488112 1.224175936800002
558 0.07085624976642281 1.226373739200002
559 0.07167655847305854 1.228571541600002
560 0.07347689107978336 1.230769344000002
561 0.07377023058975565 1.232967146400002
562 0.07212666330341745 1.235164948800002
563 0.06916803388426598 1.237362751200002
564 0.06776905065372658 1.239560553600002
565 0.06834204683402698 1.241758356000002
566 0.07076880708415029 1.243956158400002
567 0.07312222548578637 1.246153960800002
568 0.07463139314770681 1.248351763200002
569 0.07373232384656619 1.250549565600002
570 0.07086665609414192 1.252747368000002
571 0.06887073577545422 1.254945170400002
572 0.06865531539082743 1.257142972800002
573 0.07060672802948884 1.259340775200002
574 0.07382590832882711 1.261538577600002
575 0.07575170509396978 1.263736380000002
576 0.07562066264484663 1.265934182400002
577 0.0733727267621558 1.268131984800002
578 0.07127883811411065 1.270329787200002
579 0.07041164240320352 1.272527589600002
580 0.07163389376739283 1.274725392000002
581 0.07465413612429865 1.276923194400002
582 0.07710532944701427 1.279120996800002
583 0.0781527426970445 1.281318799200002
584 0.07697834632095742 1.283516601600002
585 0.07429733244946628 1.285714404000002
586 0.07299490514730597 1.287912206400002
587 0.07387483809091026 1.290110008800002
588 0.07681796046703693 1.292307811200002
589 0.07979737998061545 1.294505613600002
590 0.08085963717080925 1.296703416000002
591 0.07957999038352039 1.298901218400002
592 0.07725046154965287 1.301099020800002
593 0.07618884599056933 1.303296823200002
594 0.07738274596828723 1.305494625600002
595 0.0804992992451946 1.307692428000002
596 0.08321704833019558 1.309890230400002
597 0.08442251943434968 1.312088032800002
598 0.0835356492554858 1.314285835200002
599 0.08143635224496155 1.316483637600002
600 0.08060098532368008 1.318681440000002
601 0.08176800621728086 1.320879242400002
602 0.08482141136583099 1.323077044800002
603 0.08790146060590058 1.325274847200002
604 0.09005880785043013 1.327472649600002
605 0.09090100866842982 1.329670452000002
606 0.09090449146240362 1.331868254400002
607 0.09117138830157191 1.334066056800002
608 0.09249489544225577 1.336263859200002
609 0.09523991949204084 1.338461661600002
610 0.0989272429196847 1.340659464000002
611 0.1018334080246272 1.342857266400002
612 0.1030023987377025 1.345055068800002
613 0.1025403042237796 1.347252871200002
614 0.1015475306924356 1.349450673600002
615 0.1018412720417411 1.351648476000002
616 0.1039374926023066 1.353846278400002
617 0.1069577692078526 1.356044080800002
618 0.1089658884356504 1.358241883200002
619 0.1092061229377387 1.360439685600002
620 0.1079149872855158 1.362637488000002
621 0.1068585950413254 1.364835290400002
622 0.1066114487736645 1.367033092800002
623 0.1092033194736554 1.369230895200002
624 0.1160527768478291 1.371428697600002
625 0.1249346793531888 1.373626500000002
626 0.1313821149844811 1.375824302400002
627 0.1346010011315307 1.378022104800002
628 0.1354332418114245 1.380219907200002
629 0.1368870608360541 1.382417709600002
630 0.139351791319476 1.384615512000002
631 0.1423696363680107 1.386813314400002
632 0.1439188054548747 1.389011116800002
633 0.1433520572430212 1.391208919200002
634 0.1405806395350382 1.393406721600002
635 0.1366761177306616 1.395604524000002
636 0.1330542521949883 1.397802326400002
637 0.1300203444835472 1.400000128800002
638 0.1267441086182851 1.402197931200002
639 0.1223603020367826 1.404395733600002
640 0.115869909866263 1.406593536000002
641 0.1074919581571366 1.408791338400002
642 0.09848201779441333 1.410989140800002
643 0.09206368036419166 1.413186943200002
644 0.09143481995143735 1.415384745600002
645 0.09503448112702571 1.417582548000002
646 0.09633337261341901 1.419780350400002
647 0.09487178567321682 1.421978152800002
648 0.09215964649513331 1.424175955200002
649 0.09098467922431801 1.426373757600002
650 0.09161268819588829 1.428571560000002
651 0.09301759381418584 1.430769362400002
652 0.0934392669477989 1.432967164800002
653 0.09217912956684972 1.435164967200002
654 0.08962395260826767 1.437362769600002
655 0.08761227891423141 1.439560572000002
656 0.08675016408489089 1.441758374400002
657 0.08697523934317833 1.443956176800002
658 0.0871342795253869 1.446153979200002
659 0.08626022521238366 1.448351781600002
660 0.08422413646430632 1.450549584000002
661 0.08176307845859979 1.452747386400002
662 0.07977709093446141 1.454945188800002
663 0.07835852256936403 1.457142991200002
664 0.07656220950655061 1.459340793600002
665 0.07409644527970193 1.461538596000002
666 0.07094514220059656 1.463736398400002
667 0.06760173859963566 1.465934200800002
668 0.0648170571997258 1.468132003200002
669 0.06296957191076186 1.470329805600002
670 0.06193516339315238 1.472527608000002
671 0.06094239696222275 1.474725410400002
672 0.05934447197277596 1.476923212800002
673 0.05711076912237547 1.479121015200002
674 0.05489364860869141 1.481318817600003
675 0.05323835390028872 1.483516620000003
676 0.05239863127093035 1.485714422400003
677 0.05212529506571812 1.487912224800003
678 0.05181052270769414 1.490110027200003
679 0.05091791590228074 1.492307829600003
680 0.04948875345226035 1.494505632000003
681 0.04800546560487363 1.496703434400003
682 0.04702573945431036 1.498901236800003
683 0.04625670674926043 1.501099039200003
684 0.04432671449019317 1.503296841600003
685 0.04118146713916092 1.505494644000003
686 0.03734501648213411 1.507692446400003
687 0.03287541096260878 1.509890248800003
688 0.02707092875647541 1.512088051200003
689 0.02120434964365581 1.514285853600003
690 0.01674164042301745 1.516483656000003
691 0.01609065948860491 1.518681458400003
692 0.01679577175459512 1.520879260800003
693 0.01354202434062901 1.523077063200003
694 0.01082005142844777 1.525274865600003
695 0.0117363197515904 1.527472668000003
696 0.01175617238778127 1.529670470400003
697 0.01103679605119419 1.531868272800003
698 0.0104039820298923 1.534066075200003
699 0.01002229150317557 1.536263877600003
700 0.009752713667620623 1.538461680000003
701 0.009653936985364877 1.540659482400003
702 0.01008520759156399 1.542857284800003
703 0.01009990205212845 1.545055087200003
704 0.01017634650595991 1.547252889600003
705 0.01028020723655563 1.549450692000003
706 0.01064739332938495 1.551648494400003
707 0.01121559960576964 1.553846296800003
708 0.01216270959354092 1.556044099200003
709 0.01277238542265653 1.558241901600003
710 0.01366786444696072 1.560439704000003
711 0.01338997909974258 1.562637506400003
712 0.01289731907863597 1.564835308800003
713 0.01218765764781206 1.567033111200003
714 0.01189481731073335 1.569230913600003
715 0.01194564933161553 1.571428716000003
716 0.01222405738175135 1.573626518400003
717 0.01315538219830329 1.575824320800003
718 0.0138326333463225 1.578022123200003
719 0.01361564441587814 1.580219925600003
720 0.01337660774877674 1.582417728000003
721 0.0118719813329673 1.584615530400003
722 0.01063299016851193 1.586813332800003
723 0.009298084100952266 1.589011135200003
724 0.009041989806733805 1.591208937600003
725 0.01021878746960592 1.593406740000003
726 0.013803635387474 1.595604542400003
727 0.01335636562909025 1.597802344800003
728 0.01224917329403943 1.600000147200003
729 0.01179784277568374 1.602197949600003
730 0.0119087636262678 1.604395752000003
731 0.01299144187229131 1.606593554400003
732 0.01457469961344611 1.608791356800003
733 0.01595407297926827 1.610989159200003
734 0.0156427688856165 1.613186961600003
735 0.01474985200263179 1.615384764000003
736 0.01336304749326916 1.617582566400003
737 0.01288714481958801 1.619780368800003
738 0.01321156449474547 1.621978171200003
739 0.01408250632731388 1.624175973600003
740 0.0153779132065156 1.626373776000003
741 0.01565633353295853 1.628571578400003
742 0.01492377918593735 1.630769380800003
743 0.01348940720309401 1.632967183200003
744 0.01207804663062975 1.635164985600003
745 0.01279591032054708 1.637362788000003
746 0.01561366119098899 1.639560590400003
747 0.01631203184910748 1.641758392800003
748 0.01589146685265602 1.643956195200003
749 0.01467600949817195 1.646153997600003
750 0.01350981496705023 1.648351800000003
751 0.01339376121907848 1.650549602400003
752 0.01438903514341676 1.652747404800003
753 0.01597697221039529 1.654945207200003
754 0.01753559955482618 1.657143009600003
755 0.01638359393691414 1.659340812000003
756 0.01444436411109179 1.661538614400003
757 0.01381062189920656 1.663736416800003
758 0.01434985129027921 1.665934219200003
759 0.0154525344952595 1.668132021600003
760 0.01709843365967063 1.670329824000003
761 0.01626944475782632 1.672527626400003
762 0.01506202852024193 1.674725428800003
763 0.01316536086818609 1.676923231200003
764 0.01310694540481364 1.679121033600003
765 0.01400957945800562 1.681318836000003
766 0.01592668690345548 1.683516638400003
767 0.01687392746185813 1.685714440800003
768 0.01595436151934515 1.687912243200003
769 0.01431309596247891 1.690110045600003
770 0.01304005886724463 1.692307848000003
771 0.01299551672110653 1.694505650400003
772 0.01387710353920433 1.696703452800003
773 0.01551797823291979 1.698901255200003
774 0.01659170034988407 1.701099057600003
775 0.01583030315952115 1.703296860000003
776 0.01496111178630878 1.705494662400003
777 0.01344594849452454 1.707692464800003
778 0.01250506329582241 1.709890267200003
779 0.01292338074597794 1.712088069600003
780 0.0136416815092348 1.714285872000003
781 0.01548485344776187 1.716483674400003
782 0.01487037795644817 1.718681476800003
783 0.01407256124909861 1.720879279200003
784 0.01191649386879591 1.723077081600003
785 0.01180026401257807 1.725274884000003
786 0.0122834304222343 1.727472686400003
787 0.01437518650497968 1.729670488800003
788 0.01454468395623059 1.731868291200003
789 0.01406741701716856 1.734066093600003
790 0.01233532601509087 1.736263896000003
791 0.01154292963973506 1.738461698400003
792 0.011841604906072 1.740659500800003
793 0.01257215965612542 1.742857303200003
794 0.01387751578221334 1.745055105600003
795 0.01408698632528368 1.747252908000003
796 0.01351347864599896 1.749450710400003
797 0.01208250598605458 1.751648512800003
798 0.01079984463864873 1.753846315200003
799 0.01130172976985064 1.756044117600003
800 0.01231783101564954 1.758241920000003
801 0.01343408553590754 1.760439722400003
802 0.01372231599632732 1.762637524800003
803 0.01285361506265136 1.764835327200003
804 0.01065466711060127 1.767033129600003
805 0.01044466704146724 1.769230932000003
806 0.01115252679395855 1.771428734400003
807 0.01260225431193405 1.773626536800003
808 0.01304007266937891 1.775824339200003
809 0.01269341994655654 1.778022141600003
810 0.0112088005896524 1.780219944000003
811 0.01024504343264122 1.782417746400003
812 0.01052972017017078 1.784615548800003
813 0.01148481062763747 1.786813351200003
814 0.0125612948100881 1.789011153600003
815 0.0123914953438327 1.791208956000003
816 0.01186846374993386 1.793406758400003
817 0.0107208834741829 1.795604560800003
818 0.01022060939345113 1.797802363200003
819 0.01044098353290337 1.800000165600003
820 0.01145224570877146 1.802197968000003
821 0.01205296760165236 1.804395770400003
822 0.01189692089476432 1.806593572800003
823 0.01068942373211662 1.808791375200003
824 0.00893365382745382 1.810989177600003
825 0.009084493529461729 1.813186980000003
826 0.01096424831366422 1.815384782400003
827 0.01173544643755627 1.817582584800003
828 0.01157962235942019 1.819780387200003
829 0.01051305070765064 1.821978189600003
830 0.009849676720621621 1.824175992000003
831 0.009961222135932035 1.826373794400003
832 0.01070275679506332 1.828571596800003
833 0.0117280543818953 1.830769399200003
834 0.01177484549460058 1.832967201600003
835 0.01176820924582919 1.835165004000003
836 0.01088722065026029 1.837362806400003
837 0.01026881389892244 1.839560608800003
838 0.00953451226696931 1.841758411200003
839 0.007335112420363935 1.843956213600003
840 0.007914828156420264 1.846154016000003
841 0.007567534958213578 1.848351818400003
842 0.01169749067454498 1.850549620800003
843 0.02622264227513805 1.852747423200003
844 0.02908400368110883 1.854945225600003
845 0.02723204389813725 1.857143028000003
846 0.03598731051975551 1.859340830400003
847 0.0513319992994325 1.861538632800003
848 0.06109679991887305 1.863736435200003
849 0.06505176405499494 1.865934237600003
850 0.06627709359726192 1.868132040000003
851 0.07026474251139818 1.870329842400003
852 0.0769827840488112 1.872527644800003
853 0.08416609354635662 1.874725447200003
854 0.08860034034199039 1.876923249600003
855 0.08992704207461968 1.879121052000003
856 0.0895976438130594 1.881318854400003
857 0.08988591471190109 1.883516656800003
858 0.0913352934940503 1.885714459200003
859 0.09388113121444486 1.887912261600003
860 0.09601666752477847 1.890110064000003
861 0.09618533154563719 1.892307866400003
862 0.09374860717283637 1.894505668800003
863 0.08912380908404634 1.896703471200003
864 0.08791539356438019 1.898901273600003
865 0.09348721678235691 1.901099076000003
866 0.1040163400275326 1.903296878400003
867 0.111891818013549 1.905494680800003
868 0.1168407435234146 1.907692483200003
869 0.1203016099635729 1.909890285600003
870 0.1251327036606351 1.912088088000003
871 0.1318854361427108 1.914285890400003
872 0.1398601992847948 1.916483692800003
873 0.1470959646183341 1.918681495200003
874 0.1527771757280283 1.920879297600003
875 0.1568543089179378 1.923077100000003
876 0.1609044222395561 1.925274902400003
877 0.1657685154198278 1.927472704800003
878 0.1718666534774179 1.929670507200003
879 0.1791548282308891 1.931868309600003
880 0.1859463733462648 1.934066112000003
881 0.191770849666327 1.936263914400003
882 0.1961100544825975 1.938461716800003
883 0.1991525443916128 1.940659519200003
884 0.2126822770741435 1.942857321600003
885 0.2446293953566359 1.945055124000003
886 0.2808253816161776 1.947252926400003
887 0.3108234213514667 1.949450728800003
888 0.334398043489921 1.951648531200003
889 0.354365091072763 1.953846333600003
890 0.3736037906127287 1.956044136000003
891 0.3935913886755837 1.958241938400003
892 0.4137011737265344 1.960439740800003
893 0.432500250136484 1.962637543200003
894 0.4480074371747529 1.964835345600003
895 0.4562683670035827 1.967033148000003
896 0.4573983161107775 1.969230950400003
897 0.4567535684213248 1.971428752800003
898 0.4574398809097096 1.973626555200003
899 0.4595567957812532 1.975824357600003
900 0.4600946711107514 1.978022160000003
901 0.4560143765353644 1.980219962400003
902 0.4436718899308272 1.982417764800003
903 0.4241696519981916 1.984615567200003
904 0.4237479053379437 1.986813369600003
905 0.4473272702483525 1.989011172000003
906 0.4761568756817415 1.991208974400003
907 0.4965414235433321 1.993406776800003
908 0.5087239642080948 1.995604579200003
909 0.5188348958971156 1.997802381600003
910 0.52999904057048 2.000000184000003
911 0.5432418008936992 2.002197986400003
912 0.5551504998349663 2.004395788800003
913 0.563695043052136 2.006593591200003
914 0.563653570118436 2.008791393600003
915 0.5562329637870871 2.010989196000003
916 0.5465678203422911 2.013186998400003
917 0.5377629309291775 2.015384800800003
918 0.530278218130613 2.017582603200003
919 0.5209833096242519 2.019780405600003
920 0.5060268282975044 2.021978208000003
921 0.4822772219852398 2.024176010400003
922 0.4517362456040707 2.026373812800003
923 0.4199097772457259 2.028571615200003
924 0.4037510176774359 2.030769417600003
925 0.4080373806210947 2.032967220000003
926 0.4177286972716442 2.035165022400003
927 0.4189542551561546 2.037362824800003
928 0.4121324874180418 2.039560627200003
929 0.4055666483746662 2.041758429600003
930 0.4009218649040395 2.043956232000003
931 0.3992035362048221 2.046154034400003
932 0.3967418669847398 2.048351836800003
933 0.390219685458168 2.050549639200003
934 0.3777921747805494 2.052747441600003
935 0.3610533125342555 2.054945244000003
936 0.3438938117139584 2.057143046400003
937 0.3281338411616441 2.059340848800003
938 0.3139755668839426 2.061538651200003
939 0.2988836349215445 2.063736453600003
940 0.2801010732688038 2.065934256000003
941 0.2560861122647662 2.068132058400003
942 0.2283799508183167 2.070329860800003
943 0.2024176705248746 2.072527663200003
944 0.1856852443949386 2.074725465600003
945 0.1803315401866113 2.076923268000003
946 0.1813797643295826 2.079121070400003
947 0.1777900811042862 2.081318872800003
948 0.1690497982540149 2.083516675200003
949 0.1601329975426626 2.085714477600003
950 0.154656677272879 2.087912280000003
951 0.1525641265783971 2.090110082400003
952 0.1510819399691188 2.092307884800003
953 0.1468047711407323 2.094505687200003
954 0.1392188211224431 2.096703489600003
955 0.1305722050818341 2.098901292000003
956 0.123796501720605 2.101099094400003
957 0.1194017531717047 2.103296896800003
958 0.1166877902455892 2.105494699200003
959 0.113134858922152 2.107692501600003
960 0.1076553928269871 2.109890304000003
961 0.1005548966779656 2.112088106400003
962 0.09335830192311984 2.114285908800003
963 0.08786074779265245 2.116483711200003
964 0.08483655154518074 2.118681513600003
965 0.08412494593698344 2.120879316000003
966 0.08526569190124358 2.123077118400003
967 0.08504599156436043 2.125274920800003
968 0.0827789226535104 2.127472723200003
969 0.07940439253072239 2.129670525600003
970 0.07739114814961759 2.131868328000003
971 0.07726848597916176 2.134066130400003
972 0.07897723893797975 2.136263932800003
973 0.08018029273072229 2.138461735200003
974 0.07952355179268668 2.140659537600003
975 0.07695379413463799 2.142857340000003
976 0.07381943387072358 2.145055142400004
977 0.07198479942876185 2.147252944800004
978 0.07190914468198346 2.149450747200004
979 0.0733982608813713 2.151648549600004
980 0.07466376039715016 2.153846352000004
981 0.07477745654865051 2.156044154400004
982 0.0729261367232969 2.158241956800004
983 0.06951315261516008 2.160439759200004
984 0.06723228209526325 2.162637561600004
985 0.0672322498771688 2.164835364000004
986 0.06944947147958033 2.167033166400004
987 0.07223445580687371 2.169230968800004
988 0.07345500199474603 2.171428771200004
989 0.07274962074006165 2.173626573600004
990 0.07025824709162028 2.175824376000004
991 0.06863512670971106 2.178022178400004
992 0.06843740213127679 2.180219980800004
993 0.07011435802712937 2.182417783200004
994 0.07308898303143606 2.184615585600004
995 0.07475906522771165 2.186813388000004
996 0.07442946098632383 2.189011190400004
997 0.072246480955449 2.191208992800004
998 0.0701982108625364 2.193406795200004
999 0.06991000117585867 2.195604597600004
1000 0.07167653225009191 2.197802400000004
1001 0.07490402678259872 2.200000202400004
1002 0.07676596131918674 2.202198004800004
1003 0.07640422097507617 2.204395807200004
1004 0.07403609127500933 2.206593609600004
1005 0.07224421620100456 2.208791412000004
1006 0.07163426407755204 2.210989214400004
1007 0.07312271620415869 2.213187016800004
1008 0.07670763489124482 2.215384819200004
1009 0.07928658944861934 2.217582621600004
1010 0.07974356092450989 2.219780424000004
1011 0.07787605645141593 2.221978226400004
1012 0.07603076858397931 2.224176028800004
1013 0.07551673073705166 2.226373831200004
1014 0.07710514467553532 2.228571633600004
1015 0.08029710576243777 2.230769436000004
1016 0.08263240811977138 2.232967238400004
1017 0.08324717883821231 2.235165040800004
1018 0.08208231647755093 2.237362843200004
1019 0.08005326218218882 2.239560645600004
1020 0.07927966463557559 2.241758448000004
1021 0.08072587264391505 2.243956250400004
1022 0.08405819818210851 2.246154052800004
1023 0.08683893748025945 2.248351855200004
1024 0.08839570105810879 2.250549657600004
1025 0.08852518565276715 2.252747460000004
1026 0.08815500004878749 2.254945262400004
1027 0.08892860799189076 2.257143064800004
1028 0.0914891764817109 2.259340867200004
1029 0.09537906321898899 2.261538669600004
1030 0.09893892302284198 2.263736472000004
1031 0.1009623876407615 2.265934274400004
1032 0.1009402438795606 2.268132076800004
1033 0.09976238813586925 2.270329879200004
1034 0.09983567157882008 2.272527681600004
1035 0.101673647960333 2.274725484000004
1036 0.1048442577272505 2.276923286400004
1037 0.1071219454416031 2.279121088800004
1038 0.1078865320607405 2.281318891200004
1039 0.1071550592501634 2.283516693600004
1040 0.1060255077355756 2.285714496000004
1041 0.1057513725519998 2.287912298400004
1042 0.1070121987814423 2.290110100800004
1043 0.1093258145713567 2.292307903200004
1044 0.1127125195739454 2.294505705600004
1045 0.1175893348563383 2.296703508000004
1046 0.1236879201336646 2.298901310400004
1047 0.130142070054392 2.301099112800004
1048 0.135435596543627 2.303296915200004
1049 0.1386863739182405 2.305494717600004
1050 0.1400253832094958 2.307692520000004
1051 0.1399259307862568 2.309890322400004
1052 0.1399708001712854 2.312088124800004
1053 0.1405962286894857 2.314285927200004
1054 0.1415692070036148 2.316483729600004
1055 0.141562891191324 2.318681532000004
1056 0.1396570847606045 2.320879334400004
1057 0.1355615406149758 2.323077136800004
1058 0.1299187808933762 2.325274939200004
1059 0.124053276740457 2.327472741600004
1060 0.1190473850930327 2.329670544000004
1061 0.1146873139565498 2.331868346400004
1062 0.1088338216682131 2.334066148800004
1063 0.1007939656236798 2.336263951200004
1064 0.09317722669535282 2.338461753600004
1065 0.09078193914927962 2.340659556000004
1066 0.09329252283488064 2.342857358400004
1067 0.09580215650414957 2.345055160800004
1068 0.09556458510672766 2.347252963200004
1069 0.0929289150545663 2.349450765600004
1070 0.09103931989276487 2.351648568000004
1071 0.09094671271468666 2.353846370400004
1072 0.09229938834900132 2.356044172800004
1073 0.09304246065877438 2.358241975200004
1074 0.0923037983886678 2.360439777600004
1075 0.09004815848316179 2.362637580000004
1076 0.08770246410188315 2.364835382400004
1077 0.08637224935244035 2.367033184800004
1078 0.08627749871080195 2.369230987200004
1079 0.08652490391770773 2.371428789600004
1080 0.08606074504296288 2.373626592000004
1081 0.08427555414397073 2.375824394400004
1082 0.08154369455792106 2.378022196800004
1083 0.07892792592731081 2.380219999200004
1084 0.07697013701582141 2.382417801600004
1085 0.07548038564407135 2.384615604000004
1086 0.07354818530491253 2.386813406400004
1087 0.07083458809348976 2.389011208800004
1088 0.06744047335332709 2.391209011200004
1089 0.06400130928389405 2.393406813600004
1090 0.06138364166830577 2.395604616000004
1091 0.05977556302241557 2.397802418400004
1092 0.05881105318009403 2.400000220800004
1093 0.05764206082129814 2.402198023200004
1094 0.0558788373553909 2.404395825600004
1095 0.05359966745638099 2.406593628000004
1096 0.05138286564295796 2.408791430400004
1097 0.0499711016980901 2.410989232800004
1098 0.04941249308543937 2.413187035200004
1099 0.04926468039259032 2.415384837600004
1100 0.04876049504157758 2.417582640000004
1101 0.04765493639854336 2.419780442400004
1102 0.04611700384866001 2.421978244800004
1103 0.04471058702441869 2.424176047200004
1104 0.04325610732209576 2.426373849600004
1105 0.04127158491614543 2.428571652000004
1106 0.03778452167992682 2.430769454400004
1107 0.03244624320347738 2.432967256800004
1108 0.0259613420523431 2.435165059200004
1109 0.01975036945643298 2.437362861600004
1110 0.01540517127906297 2.439560664000004
1111 0.01279268823652327 2.441758466400004
1112 0.01320338621789057 2.443956268800004
1113 0.01045518874481895 2.446154071200004
1114 0.01047202471593936 2.448351873600004
1115 0.01130985632153474 2.450549676000004
1116 0.01137768897126319 2.452747478400004
1117 0.0106935954579674 2.454945280800004
1118 0.01014361994765277 2.457143083200004
1119 0.009790313719791473 2.459340885600004
1120 0.009557977791813093 2.461538688000004
1121 0.009684612174853965 2.463736490400004
1122 0.009810102702736396 2.465934292800004
1123 0.01001671642808248 2.468132095200004
1124 0.01012105061577694 2.470329897600004
1125 0.009965767769173885 2.472527700000004
1126 0.009943524807714738 2.474725502400004
1127 0.01055853361695475 2.476923304800004
1128 0.011498622659595 2.479121107200004
1129 0.01359809101193926 2.481318909600004
1130 0.01376988607527213 2.483516712000004
1131 0.01360679821832608 2.485714514400004
1132 0.01305719361021253 2.487912316800004
1133 0.01212948918625449 2.490110119200004
1134 0.01213879293751337 2.492307921600004
1135 0.01245875752175563 2.494505724000004
1136 0.01326583945236135 2.496703526400004
1137 0.01481963506185142 2.498901328800004
1138 0.01426582126453233 2.501099131200004
1139 0.01368373798346138 2.503296933600004
1140 0.01202008393741059 2.505494736000004
1141 0.01046386580394922 2.507692538400004
1142 0.01096931503181239 2.509890340800004
1143 0.01308523118463424 2.512088143200004
1144 0.01267791579149061 2.514285945600004
1145 0.01150104077554339 2.516483748000004
1146 0.009691419982517876 2.518681550400004
1147 0.01031591455436304 2.520879352800004
1148 0.01316920154061086 2.523077155200004
1149 0.01465601171833369 2.525274957600004
1150 0.01435828207415967 2.527472760000004
1151 0.01306025093331319 2.529670562400004
1152 0.01230986350287895 2.531868364800004
1153 0.01234556836206599 2.534066167200004
1154 0.01340075441770078 2.536263969600004
1155 0.01495454426729833 2.538461772000004
1156 0.0159064991222954 2.540659574400004
1157 0.01534459283723404 2.542857376800004
1158 0.01422027089671129 2.545055179200004
1159 0.01265438817605719 2.547252981600004
1160 0.01296107103613108 2.549450784000004
1161 0.01347431873695036 2.551648586400004
1162 0.01473216771012262 2.553846388800004
1163 0.01604460896534541 2.556044191200004
1164 0.01471754340006832 2.558241993600004
1165 0.01281175015761283 2.560439796000004
1166 0.01166745084105967 2.562637598400004
1167 0.01285698393466851 2.564835400800004
1168 0.01591031238234966 2.567033203200004
1169 0.0171016128826716 2.569231005600004
1170 0.01634354623853361 2.571428808000004
1171 0.01486032468132425 2.573626610400004
1172 0.0137754183290132 2.575824412800004
1173 0.01454080319187318 2.578022215200004
1174 0.0165539652613994 2.580220017600004
1175 0.01801301029514506 2.582417820000004
1176 0.01664576165415523 2.584615622400004
1177 0.01504143894626164 2.586813424800004
1178 0.01397100083497009 2.589011227200004
1179 0.01462307866586739 2.591209029600004
1180 0.01559995188249329 2.593406832000004
1181 0.01668390980168482 2.595604634400004
1182 0.01701424886034794 2.597802436800004
1183 0.01598729400771646 2.600000239200004
1184 0.01411697366056743 2.602198041600004
1185 0.01335542646891889 2.604395844000004
1186 0.01414818119807548 2.606593646400004
1187 0.01564868243391372 2.608791448800004
1188 0.01766212905284837 2.610989251200004
1189 0.01771807188391595 2.613187053600004
1190 0.0164378412598522 2.615384856000004
1191 0.01441134263743461 2.617582658400004
1192 0.01395149512806781 2.619780460800004
1193 0.01446202188226804 2.621978263200004
1194 0.0154795837740719 2.624176065600004
1195 0.01706595497889913 2.626373868000004
1196 0.01616329335389055 2.628571670400004
1197 0.01425530591500943 2.630769472800004
1198 0.01291940712100731 2.632967275200004
1199 0.01286361574350546 2.635165077600004
1200 0.01376657265672872 2.637362880000004
1201 0.01548075866123662 2.639560682400004
1202 0.0159390190411652 2.641758484800004
1203 0.01517430907650249 2.643956287200004
1204 0.01345154192777912 2.646154089600004
1205 0.01191849027392634 2.648351892000004
1206 0.01259878430244513 2.650549694400004
1207 0.01455063376626571 2.652747496800004
1208 0.01476013489920599 2.654945299200004
1209 0.01435355109189951 2.657143101600004
1210 0.01294604409062552 2.659340904000004
1211 0.01223197481424881 2.661538706400004
1212 0.01248224038826167 2.663736508800004
1213 0.01311433541132473 2.665934311200004
1214 0.01428330778357983 2.668132113600004
1215 0.01436334029043918 2.670329916000004
1216 0.01375963559147605 2.672527718400004
1217 0.01228134724220863 2.674725520800004
1218 0.01143459128372064 2.676923323200004
1219 0.01173226824122079 2.679121125600004
1220 0.01286551708646808 2.681318928000004
1221 0.01397403012166133 2.683516730400004
1222 0.01418309119446313 2.685714532800004
1223 0.01336859344894909 2.687912335200004
1224 0.01143646192690963 2.690110137600005
1225 0.01024279497295816 2.692307940000005
1226 0.01077797125609698 2.694505742400005
1227 0.01265628971575101 2.696703544800005
1228 0.01315357906479407 2.698901347200005
1229 0.01291235675381852 2.701099149600005
1230 0.01171425600881622 2.703296952000005
1231 0.01055663286051954 2.705494754400005
1232 0.010783256637144 2.707692556800005
1233 0.01163653347318453 2.709890359200005
1234 0.01247173989541698 2.712088161600005
1235 0.01252923450846054 2.714285964000005
1236 0.01216646525833984 2.716483766400005
1237 0.01104103077099477 2.718681568800005
1238 0.01036048839048122 2.720879371200005
1239 0.01058389130592099 2.723077173600005
1240 0.01133421680788459 2.725274976000005
1241 0.01219170594380776 2.727472778400005
1242 0.01212153270052216 2.729670580800005
1243 0.01192969412953638 2.731868383200005
1244 0.01015815347796298 2.734066185600005
1245 0.009113559457916096 2.736263988000005
1246 0.009357434054424683 2.738461790400005
1247 0.01117163913188088 2.740659592800005
1248 0.01179731153554947 2.742857395200005
1249 0.01161844836161549 2.745055197600005
1250 0.0103581379372667 2.747253000000005
1251 0.009890589061348175 2.749450802400005
1252 0.01005786674391514 2.751648604800005
1253 0.01088519778265019 2.753846407200005
1254 0.01177432792309106 2.756044209600005
1255 0.01188685685580803 2.758242012000005
1256 0.01123563777795638 2.760439814400005
1257 0.009903677711113298 2.762637616800005
1258 0.008031370130270776 2.764835419200005
1259 0.004668214769176989 2.767033221600005
1260 0.01271864395185363 2.769231024000005
