"avrg-wss"
"Time Step" "flow-time etc.."
("Time Step" "report-avrg-wss" "flow-time")
20 0.1642088036141618 0.04395604799999999
40 0.3607808817516651 0.08791209600000001
60 0.546778659294151 0.1318681440000001
80 0.8221299625386822 0.1758241920000002
100 1.045127850947387 0.2197802400000002
120 0.7907919927206378 0.2637362880000003
140 0.5495375299207459 0.3076923360000004
160 0.4191488034828916 0.3516483840000005
180 0.3548872727717669 0.3956044320000006
200 0.3106919966222124 0.4395604800000006
220 0.3196810496694686 0.4835165280000007
240 0.2680543280630542 0.5274725760000007
260 0.2674493851833933 0.5714286240000008
280 0.6418312535979853 0.6153846720000009
300 0.8240357693474724 0.659340720000001
320 1.257515844617248 0.7032967680000011
340 1.195925353463861 0.7472528160000012
360 1.224334613264598 0.7912088640000012
380 0.8596313674946895 0.8351649120000013
400 0.4459738785334995 0.8791209600000014
420 0.5131236837813555 0.9230770080000015
440 0.2242431826188807 0.9670330560000016
460 0.4115755308208094 1.010989104000002
480 0.6099058624508198 1.054945152000002
500 0.7663825157570495 1.098901200000002
520 0.9896066656635052 1.142857248000002
540 0.8045214058016846 1.186813296000002
560 0.5806804230515756 1.230769344000002
580 0.4621718861382926 1.274725392000002
600 0.3897694337654753 1.318681440000002
620 0.334860842583598 1.362637488000002
640 0.3152697395550635 1.406593536000002
660 0.2837999143756964 1.450549584000002
680 0.2857848061959546 1.494505632000003
700 0.5609186556005573 1.538461680000003
720 0.8839023235368727 1.582417728000003
740 1.403186206327521 1.626373776000003
760 1.462992823838489 1.670329824000003
780 1.28107045097189 1.714285872000003
800 0.9147969860559 1.758241920000003
820 0.5348557132501565 1.802197968000003
840 0.4364492728637491 1.846154016000003
860 0.2968638067863272 1.890110064000003
880 0.4364097053366391 1.934066112000003
900 0.6552130145307689 1.978022160000003
920 0.7310225716589042 2.021978208000003
940 0.8863908887729398 2.065934256000003
960 0.7804093993650011 2.109890304000003
980 0.5897146322938748 2.153846352000004
1000 0.4754052869036554 2.197802400000004
1020 0.4036526681954726 2.241758448000004
1040 0.3490783949990342 2.285714496000004
1060 0.3231928069356817 2.329670544000004
1080 0.2863953332672565 2.373626592000004
1100 0.2902898675087344 2.417582640000004
1120 0.5077324348839929 2.461538688000004
1140 0.8886674959996165 2.505494736000004
1160 1.282311086395217 2.549450784000004
1180 1.471338606240554 2.593406832000004
1200 1.280904887390041 2.637362880000004
1220 0.965124807549511 2.681318928000004
1240 0.5769977774901153 2.725274976000005
1260 0.3936458993418693 2.769231024000005