"ventricle-volume-average-tke-rfile"
"Time Step" "ventricle-volume-average-tke"
("Time Step" "ventricle-volume-average-tke" "flow-time")
20 0.00155825184000 0.0439560480
40 0.00124330080000 0.0879120960
60 0.00092938072000 0.1318681440
80 0.00106781016000 0.1758241920
100 0.00125130104000 0.2197802400
120 0.00148055960000 0.2637362880
140 0.00166703008000 0.3076923360
160 0.00168147472000 0.3516483840
180 0.00168583936000 0.3956044320
200 0.00156207344000 0.4395604800
220 0.00132008944000 0.4835165280
240 0.00139834120000 0.5274725760
260 0.00117163176000 0.5714286240
280 0.00091405024000 0.6153846720
300 0.00080632664000 0.6593407200
320 0.00072215608000 0.7032967680
340 0.00059923736000 0.7472528160
360 0.00051409080000 0.7912088640
380 0.00055805472000 0.8351649120
400 0.00078385120000 0.8791209600
420 0.00092892768000 0.9230770080
440 0.00111793952000 0.9670330560
460 0.00140010592000 1.0109891040
480 0.00146463808000 1.0549451520
500 0.00143701680000 1.0989012000
520 0.00129369944000 1.1428572480
540 0.00133018576000 1.1868132960
560 0.00121567040000 1.2307693440
580 0.00099165472000 1.2747253920
600 0.00088603344000 1.3186814400
620 0.00078015584000 1.3626374880
640 0.00064981768000 1.4065935360
660 0.00054712040000 1.4505495840
680 0.00046571424000 1.4945056320
700 0.00037338360000 1.5384616800
720 0.00063441056000 1.5824177280
740 0.00125953632000 1.6263737760
760 0.00176255880000 1.6703298240
780 0.00174258768000 1.7142858720
800 0.00179796280000 1.7582419200
820 0.00180793024000 1.8021979680
840 0.00182575904000 1.8461540160
860 0.00172161808000 1.8901100640
880 0.00143735832000 1.9340661120
900 0.00114970832000 1.9780221600
920 0.00091324312000 2.0219782080
940 0.00069708208000 2.0659342560
960 0.00051106760000 2.1098903040
980 0.00043346056000 2.1538463520
1000 0.00044212864000 2.1978024000
1020 0.00066699896000 2.2417584480
1040 0.00124077624000 2.2857144960
1060 0.00174395280000 2.3296705440
1080 0.00183799928000 2.3736265920
1100 0.00176921320000 2.4175826400
1120 0.00161887888000 2.4615386880
1140 0.00132674360000 2.5054947360
1160 0.00109632368000 2.5494507840
1180 0.00089171800000 2.5934068320
1200 0.00069221760000 2.6373628800
1220 0.00055844864000 2.6813189280
1240 0.00051332264000 2.7252749760
1260 0.00059155400000 2.7692310240